

================================================================
== Vivado HLS Report for 'blake2s'
================================================================
* Date:           Sat Jul 27 13:52:52 2024

* Version:        2020.1 (Build 2897737 on Wed May 27 20:21:37 MDT 2020)
* Project:        accelerating_blake2s
* Solution:       solution1
* Product family: zynquplus
* Target device:  xqzu5ev-ffrb900-1-i


================================================================
== Performance Estimates
================================================================
+ Timing: 
    * Summary: 
    +--------+----------+----------+------------+
    |  Clock |  Target  | Estimated| Uncertainty|
    +--------+----------+----------+------------+
    |ap_clk  | 10.00 ns | 4.826 ns |   1.25 ns  |
    +--------+----------+----------+------------+

+ Latency: 
    * Summary: 
    +---------+---------+-----------+-----------+------+------+---------+
    |  Latency (cycles) |   Latency (absolute)  |   Interval  | Pipeline|
    |   min   |   max   |    min    |    max    |  min |  max |   Type  |
    +---------+---------+-----------+-----------+------+------+---------+
    |     1469|     1469| 14.690 us | 14.690 us |  1469|  1469|   none  |
    +---------+---------+-----------+-----------+------+------+---------+

    + Detail: 
        * Instance: 
        +---------------------+----------+---------+---------+-----------+-----------+------+------+---------+
        |                     |          |  Latency (cycles) |   Latency (absolute)  |   Interval  | Pipeline|
        |       Instance      |  Module  |   min   |   max   |    min    |    max    |  min |  max |   Type  |
        +---------------------+----------+---------+---------+-----------+-----------+------+------+---------+
        |grp_compress_fu_200  |compress  |     1416|     1416| 14.160 us | 14.160 us |  1416|  1416|   none  |
        +---------------------+----------+---------+---------+-----------+-----------+------+------+---------+

        * Loop: 
        +----------+---------+---------+----------+-----------+-----------+------+----------+
        |          |  Latency (cycles) | Iteration|  Initiation Interval  | Trip |          |
        | Loop Name|   min   |   max   |  Latency |  achieved |   target  | Count| Pipelined|
        +----------+---------+---------+----------+-----------+-----------+------+----------+
        |- Loop 1  |       16|       16|         2|          -|          -|     8|    no    |
        |- Loop 2  |       16|       16|         1|          -|          -|    16|    no    |
        |- Loop 3  |       16|       16|         2|          -|          -|     8|    no    |
        +----------+---------+---------+----------+-----------+-----------+------+----------+



================================================================
== Utilization Estimates
================================================================
* Summary: 
+-----------------+---------+-------+--------+--------+-----+
|       Name      | BRAM_18K| DSP48E|   FF   |   LUT  | URAM|
+-----------------+---------+-------+--------+--------+-----+
|DSP              |        -|      -|       -|       -|    -|
|Expression       |        -|      -|       0|    5570|    -|
|FIFO             |        -|      -|       -|       -|    -|
|Instance         |        2|      -|     528|    1220|    0|
|Memory           |        0|      -|     160|      16|    0|
|Multiplexer      |        -|      -|       -|     209|    -|
|Register         |        -|      -|      38|       -|    -|
+-----------------+---------+-------+--------+--------+-----+
|Total            |        2|      0|     726|    7015|    0|
+-----------------+---------+-------+--------+--------+-----+
|Available        |      288|   1248|  234240|  117120|   64|
+-----------------+---------+-------+--------+--------+-----+
|Utilization (%)  |    ~0   |      0|   ~0   |       5|    0|
+-----------------+---------+-------+--------+--------+-----+

+ Detail: 
    * Instance: 
    +---------------------+----------+---------+-------+-----+------+-----+
    |       Instance      |  Module  | BRAM_18K| DSP48E|  FF |  LUT | URAM|
    +---------------------+----------+---------+-------+-----+------+-----+
    |grp_compress_fu_200  |compress  |        2|      0|  528|  1220|    0|
    +---------------------+----------+---------+-------+-----+------+-----+
    |Total                |          |        2|      0|  528|  1220|    0|
    +---------------------+----------+---------+-------+-----+------+-----+

    * DSP48E: 
    N/A

    * Memory: 
    +--------+---------------+---------+----+----+-----+------+-----+------+-------------+
    | Memory |     Module    | BRAM_18K| FF | LUT| URAM| Words| Bits| Banks| W*Bits*Banks|
    +--------+---------------+---------+----+----+-----+------+-----+------+-------------+
    |h_V_U   |blake2s_h_V    |        0|  64|   4|    0|     8|   32|     1|          256|
    |m_V_U   |blake2s_m_V    |        0|  64|   8|    0|    16|   32|     1|          512|
    |IV_V_U  |compress_IV_V  |        0|  32|   4|    0|     8|   32|     1|          256|
    +--------+---------------+---------+----+----+-----+------+-----+------+-------------+
    |Total   |               |        0| 160|  16|    0|    32|   96|     3|         1024|
    +--------+---------------+---------+----+----+-----+------+-----+------+-------------+

    * FIFO: 
    N/A

    * Expression: 
    +--------------------------+----------+-------+---+------+------------+------------+
    |       Variable Name      | Operation| DSP48E| FF|  LUT | Bitwidth P0| Bitwidth P1|
    +--------------------------+----------+-------+---+------+------------+------------+
    |i_3_fu_270_p2             |     +    |      0|  0|    15|           5|           1|
    |i_4_fu_406_p2             |     +    |      0|  0|    12|           4|           1|
    |i_fu_246_p2               |     +    |      0|  0|    12|           4|           1|
    |sub_ln665_1_fu_334_p2     |     -    |      0|  0|    17|          10|          10|
    |sub_ln665_2_fu_363_p2     |     -    |      0|  0|    17|           9|          10|
    |sub_ln665_fu_322_p2       |     -    |      0|  0|    17|          10|          10|
    |p_Result_s_fu_389_p2      |    and   |      0|  0|   512|         512|         512|
    |icmp_ln46_fu_240_p2       |   icmp   |      0|  0|    11|           4|           5|
    |icmp_ln52_fu_264_p2       |   icmp   |      0|  0|    11|           5|           6|
    |icmp_ln58_fu_400_p2       |   icmp   |      0|  0|    11|           4|           5|
    |icmp_ln665_fu_299_p2      |   icmp   |      0|  0|    13|           9|           9|
    |lshr_ln665_1_fu_383_p2    |   lshr   |      0|  0|  2171|           2|         512|
    |lshr_ln665_fu_377_p2      |   lshr   |      0|  0|  2171|         512|         512|
    |or_ln53_fu_293_p2         |    or    |      0|  0|     9|           5|           9|
    |select_ln665_1_fu_348_p3  |  select  |      0|  0|   511|           1|         512|
    |select_ln665_2_fu_355_p3  |  select  |      0|  0|     9|           1|          10|
    |select_ln665_fu_340_p3    |  select  |      0|  0|     9|           1|          10|
    |xor_ln665_fu_328_p2       |    xor   |      0|  0|    10|          10|           9|
    |xor_ln719_fu_257_p2       |    xor   |      0|  0|    32|          32|          25|
    +--------------------------+----------+-------+---+------+------------+------------+
    |Total                     |          |      0|  0|  5570|        1140|        2169|
    +--------------------------+----------+-------+---+------+------------+------------+

    * Multiplexer: 
    +---------------+----+-----------+-----+-----------+
    |      Name     | LUT| Input Size| Bits| Total Bits|
    +---------------+----+-----------+-----+-----------+
    |IV_V_address0  |  15|          3|    3|          9|
    |ap_NS_fsm      |  44|          9|    1|          9|
    |h_V_address0   |  33|          6|    3|         18|
    |h_V_ce0        |  15|          3|    1|          3|
    |h_V_d0         |  21|          4|   32|        128|
    |h_V_we0        |  15|          3|    1|          3|
    |i2_0_reg_178   |   9|          2|    5|         10|
    |i3_0_reg_189   |   9|          2|    4|          8|
    |i_0_reg_167    |   9|          2|    4|          8|
    |m_V_address0   |  15|          3|    4|         12|
    |m_V_ce0        |  15|          3|    1|          3|
    |m_V_ce1        |   9|          2|    1|          2|
    +---------------+----+-----------+-----+-----------+
    |Total          | 209|         42|   60|        213|
    +---------------+----+-----------+-----+-----------+

    * Register: 
    +----------------------------------+---+----+-----+-----------+
    |               Name               | FF| LUT| Bits| Const Bits|
    +----------------------------------+---+----+-----+-----------+
    |ap_CS_fsm                         |  8|   0|    8|          0|
    |grp_compress_fu_200_ap_start_reg  |  1|   0|    1|          0|
    |i2_0_reg_178                      |  5|   0|    5|          0|
    |i3_0_reg_189                      |  4|   0|    4|          0|
    |i_0_reg_167                       |  4|   0|    4|          0|
    |i_4_reg_457                       |  4|   0|    4|          0|
    |i_reg_420                         |  4|   0|    4|          0|
    |zext_ln47_reg_425                 |  4|   0|   64|         60|
    |zext_ln59_reg_462                 |  4|   0|   64|         60|
    +----------------------------------+---+----+-----+-----------+
    |Total                             | 38|   0|  158|        120|
    +----------------------------------+---+----+-----+-----------+



================================================================
== Interface
================================================================
* Summary: 
+-----------------+-----+-----+------------+--------------+--------------+
|    RTL Ports    | Dir | Bits|  Protocol  | Source Object|    C Type    |
+-----------------+-----+-----+------------+--------------+--------------+
|ap_clk           |  in |    1| ap_ctrl_hs |    blake2s   | return value |
|ap_rst           |  in |    1| ap_ctrl_hs |    blake2s   | return value |
|ap_start         |  in |    1| ap_ctrl_hs |    blake2s   | return value |
|ap_done          | out |    1| ap_ctrl_hs |    blake2s   | return value |
|ap_idle          | out |    1| ap_ctrl_hs |    blake2s   | return value |
|ap_ready         | out |    1| ap_ctrl_hs |    blake2s   | return value |
|data_V           |  in |  512|   ap_none  |    data_V    |    pointer   |
|hash_V_address0  | out |    3|  ap_memory |    hash_V    |     array    |
|hash_V_ce0       | out |    1|  ap_memory |    hash_V    |     array    |
|hash_V_we0       | out |    1|  ap_memory |    hash_V    |     array    |
|hash_V_d0        | out |   32|  ap_memory |    hash_V    |     array    |
+-----------------+-----+-----+------------+--------------+--------------+

