

================================================================
== Vivado HLS Report for 'sha256d'
================================================================
* Date:           Sat Jul 27 17:30:10 2024

* Version:        2020.1 (Build 2897737 on Wed May 27 20:21:37 MDT 2020)
* Project:        sha256d
* Solution:       solution1
* Product family: zynquplus
* Target device:  xqzu5ev-ffrb900-1-i


================================================================
== Performance Estimates
================================================================
+ Timing: 
    * Summary: 
    +--------+----------+----------+------------+
    |  Clock |  Target  | Estimated| Uncertainty|
    +--------+----------+----------+------------+
    |ap_clk  | 10.00 ns | 4.796 ns |   1.25 ns  |
    +--------+----------+----------+------------+

+ Latency: 
    * Summary: 
    +---------+---------+-----------+-----------+------+------+---------+
    |  Latency (cycles) |   Latency (absolute)  |   Interval  | Pipeline|
    |   min   |   max   |    min    |    max    |  min |  max |   Type  |
    +---------+---------+-----------+-----------+------+------+---------+
    |     1559|     1559| 15.590 us | 15.590 us |  1559|  1559|   none  |
    +---------+---------+-----------+-----------+------+------+---------+

    + Detail: 
        * Instance: 
        N/A

        * Loop: 
        +-------------+---------+---------+----------+-----------+-----------+------+----------+
        |             |  Latency (cycles) | Iteration|  Initiation Interval  | Trip |          |
        |  Loop Name  |   min   |   max   |  Latency |  achieved |   target  | Count| Pipelined|
        +-------------+---------+---------+----------+-----------+-----------+------+----------+
        |- Loop 1     |      160|      160|         2|          -|          -|    80|    no    |
        |- Loop 2     |       47|       47|         1|          -|          -|    47|    no    |
        |- Loop 3     |        8|        8|         1|          -|          -|     8|    no    |
        |- Loop 4     |      128|      128|         2|          -|          -|    64|    no    |
        |- Loop 5     |      128|      128|         2|          -|          -|    64|    no    |
        |- Loop 6     |      630|      630|       315|          -|          -|     2|    no    |
        | + Loop 6.1  |       32|       32|         2|          -|          -|    16|    no    |
        | + Loop 6.2  |      144|      144|         3|          -|          -|    48|    no    |
        | + Loop 6.3  |      128|      128|         2|          -|          -|    64|    no    |
        |- Loop 7     |       16|       16|         2|          -|          -|     8|    no    |
        |- Loop 8     |       64|       64|         2|          -|          -|    32|    no    |
        |- Loop 9     |       30|       30|         1|          -|          -|    30|    no    |
        |- Loop 10    |        8|        8|         1|          -|          -|     8|    no    |
        |- Loop 11    |       32|       32|         2|          -|          -|    16|    no    |
        |- Loop 12    |      144|      144|         3|          -|          -|    48|    no    |
        |- Loop 13    |      128|      128|         2|          -|          -|    64|    no    |
        |- Loop 14    |       16|       16|         2|          -|          -|     8|    no    |
        +-------------+---------+---------+----------+-----------+-----------+------+----------+



================================================================
== Utilization Estimates
================================================================
* Summary: 
+-----------------+---------+-------+--------+--------+-----+
|       Name      | BRAM_18K| DSP48E|   FF   |   LUT  | URAM|
+-----------------+---------+-------+--------+--------+-----+
|DSP              |        -|      -|       -|       -|    -|
|Expression       |        -|      -|       0|    3078|    -|
|FIFO             |        -|      -|       -|       -|    -|
|Instance         |        -|      -|       -|       -|    -|
|Memory           |        9|      -|      80|      12|    0|
|Multiplexer      |        -|      -|       -|    1033|    -|
|Register         |        -|      -|    1385|       -|    -|
+-----------------+---------+-------+--------+--------+-----+
|Total            |        9|      0|    1465|    4123|    0|
+-----------------+---------+-------+--------+--------+-----+
|Available        |      288|   1248|  234240|  117120|   64|
+-----------------+---------+-------+--------+--------+-----+
|Utilization (%)  |        3|      0|   ~0   |       3|    0|
+-----------------+---------+-------+--------+--------+-----+

+ Detail: 
    * Instance: 
    N/A

    * DSP48E: 
    N/A

    * Memory: 
    +-----------+-----------------+---------+----+----+-----+------+-----+------+-------------+
    |   Memory  |      Module     | BRAM_18K| FF | LUT| URAM| Words| Bits| Banks| W*Bits*Banks|
    +-----------+-----------------+---------+----+----+-----+------+-----+------+-------------+
    |K_V_U      |sha256d_K_V      |        1|   0|   0|    0|    64|   32|     1|         2048|
    |data1_V_U  |sha256d_data1_V  |        1|   0|   0|    0|   128|    8|     1|         1024|
    |data_V_U   |sha256d_data1_V  |        1|   0|   0|    0|   128|    8|     1|         1024|
    |data2_V_U  |sha256d_data2_V  |        0|  16|   8|    0|    64|    8|     1|          512|
    |hash1_V_U  |sha256d_hash1_V  |        0|  64|   4|    0|     8|   32|     1|          256|
    |m_V_U      |sha256d_m_V      |        2|   0|   0|    0|    64|   32|     1|         2048|
    |m_V_1_U    |sha256d_m_V      |        2|   0|   0|    0|    64|   32|     1|         2048|
    |state_V_U  |sha256d_state_V  |        2|   0|   0|    0|     8|   32|     1|          256|
    +-----------+-----------------+---------+----+----+-----+------+-----+------+-------------+
    |Total      |                 |        9|  80|  12|    0|   528|  184|     8|         9216|
    +-----------+-----------------+---------+----+----+-----+------+-----+------+-------------+

    * FIFO: 
    N/A

    * Expression: 
    +--------------------------+----------+-------+---+-----+------------+------------+
    |       Variable Name      | Operation| DSP48E| FF| LUT | Bitwidth P0| Bitwidth P1|
    +--------------------------+----------+-------+---+-----+------------+------------+
    |a_V_1_fu_1752_p2          |     +    |      0|  0|   32|          32|          32|
    |a_V_2_fu_2447_p2          |     +    |      0|  0|   32|          32|          32|
    |add_ln209_10_fu_2151_p2   |     +    |      0|  0|   32|          32|          32|
    |add_ln209_11_fu_2156_p2   |     +    |      0|  0|   39|          32|          32|
    |add_ln209_13_fu_2309_p2   |     +    |      0|  0|   32|          32|          32|
    |add_ln209_14_fu_2315_p2   |     +    |      0|  0|   32|          32|          32|
    |add_ln209_15_fu_2321_p2   |     +    |      0|  0|   32|          32|          32|
    |add_ln209_18_fu_2441_p2   |     +    |      0|  0|   32|          32|          32|
    |add_ln209_1_fu_1439_p2    |     +    |      0|  0|   39|          32|          32|
    |add_ln209_3_fu_1651_p2    |     +    |      0|  0|   32|          32|          32|
    |add_ln209_4_fu_1578_p2    |     +    |      0|  0|   32|          32|          32|
    |add_ln209_5_fu_1584_p2    |     +    |      0|  0|   32|          32|          32|
    |add_ln209_8_fu_1746_p2    |     +    |      0|  0|   32|          32|          32|
    |add_ln209_fu_1434_p2      |     +    |      0|  0|   32|          32|          32|
    |add_ln700_10_fu_1646_p2   |     +    |      0|  0|   39|          32|          32|
    |add_ln700_12_fu_1922_p2   |     +    |      0|  0|   15|           5|           1|
    |add_ln700_15_fu_2193_p2   |     +    |      0|  0|   39|          32|          31|
    |add_ln700_16_fu_2200_p2   |     +    |      0|  0|   39|          32|          32|
    |add_ln700_17_fu_2453_p2   |     +    |      0|  0|   39|          32|          30|
    |add_ln700_18_fu_2460_p2   |     +    |      0|  0|   39|          32|          32|
    |add_ln700_19_fu_2467_p2   |     +    |      0|  0|   39|          32|          31|
    |add_ln700_20_fu_2474_p2   |     +    |      0|  0|   39|          32|          32|
    |add_ln700_21_fu_2481_p2   |     +    |      0|  0|   39|          32|          29|
    |add_ln700_22_fu_2488_p2   |     +    |      0|  0|   39|          32|          31|
    |add_ln700_3_fu_1614_p2    |     +    |      0|  0|   39|          32|          32|
    |add_ln700_4_fu_1620_p2    |     +    |      0|  0|   39|          32|          32|
    |add_ln700_5_fu_1626_p2    |     +    |      0|  0|   39|          32|          32|
    |add_ln700_6_fu_1757_p2    |     +    |      0|  0|   39|          32|          32|
    |add_ln700_7_fu_1631_p2    |     +    |      0|  0|   39|          32|          32|
    |add_ln700_8_fu_1636_p2    |     +    |      0|  0|   39|          32|          32|
    |add_ln700_9_fu_1641_p2    |     +    |      0|  0|   39|          32|          32|
    |add_ln700_fu_1197_p2      |     +    |      0|  0|   15|           5|           1|
    |e_V_1_fu_1740_p2          |     +    |      0|  0|   39|          32|          32|
    |e_V_2_fu_2435_p2          |     +    |      0|  0|   39|          32|          32|
    |i_1_fu_1080_p2            |     +    |      0|  0|   15|           8|           1|
    |i_2_fu_1092_p2            |     +    |      0|  0|   12|           4|           1|
    |i_3_fu_1146_p2            |     +    |      0|  0|   15|           7|           1|
    |i_4_fu_1163_p2            |     +    |      0|  0|   15|           7|           1|
    |i_5_fu_1769_p2            |     +    |      0|  0|   12|           4|           1|
    |i_6_fu_1786_p2            |     +    |      0|  0|   15|           6|           1|
    |i_7_fu_1856_p2            |     +    |      0|  0|   15|           6|           1|
    |i_8_fu_1868_p2            |     +    |      0|  0|   12|           4|           1|
    |i_9_fu_2501_p2            |     +    |      0|  0|   12|           4|           1|
    |i_V_1_fu_1464_p2          |     +    |      0|  0|   15|           7|           1|
    |i_V_2_fu_2169_p2          |     +    |      0|  0|   15|           1|           7|
    |i_V_3_fu_2181_p2          |     +    |      0|  0|   15|           7|           1|
    |i_V_fu_1452_p2            |     +    |      0|  0|   15|           1|           7|
    |i_fu_1058_p2              |     +    |      0|  0|   15|           7|           1|
    |j_V_1_fu_1943_p2          |     +    |      0|  0|   15|           3|           7|
    |j_V_fu_1226_p2            |     +    |      0|  0|   15|           3|           7|
    |m_V_1_d1                  |     +    |      0|  0|   32|          32|          32|
    |m_V_d1                    |     +    |      0|  0|   32|          32|          32|
    |ret_V_11_fu_1284_p2       |     +    |      0|  0|   15|           6|           6|
    |ret_V_28_fu_1969_p2       |     +    |      0|  0|   15|           3|           6|
    |ret_V_2_fu_1252_p2        |     +    |      0|  0|   15|           3|           6|
    |ret_V_32_fu_1980_p2       |     +    |      0|  0|   15|           4|           6|
    |ret_V_33_fu_1991_p2       |     +    |      0|  0|   15|           5|           6|
    |ret_V_37_fu_2001_p2       |     +    |      0|  0|   15|           6|           6|
    |ret_V_6_fu_1263_p2        |     +    |      0|  0|   15|           4|           6|
    |ret_V_7_fu_1274_p2        |     +    |      0|  0|   15|           5|           6|
    |t1_V_1_fu_2327_p2         |     +    |      0|  0|   32|          32|          32|
    |t1_V_fu_1657_p2           |     +    |      0|  0|   32|          32|          32|
    |t_fu_1185_p2              |     +    |      0|  0|    9|           2|           1|
    |sub_ln120_fu_1824_p2      |     -    |      0|  0|   15|           5|           5|
    |ret_V_59_fu_1548_p2       |    and   |      0|  0|   32|          32|          32|
    |ret_V_60_fu_1560_p2       |    and   |      0|  0|   32|          32|          32|
    |ret_V_64_fu_1596_p2       |    and   |      0|  0|   32|          32|          32|
    |ret_V_65_fu_1602_p2       |    and   |      0|  0|   32|          32|          32|
    |ret_V_73_fu_2285_p2       |    and   |      0|  0|   32|          32|          32|
    |ret_V_74_fu_2297_p2       |    and   |      0|  0|   32|          32|          32|
    |ret_V_78_fu_2417_p2       |    and   |      0|  0|   32|          32|          32|
    |ret_V_79_fu_2423_p2       |    and   |      0|  0|   32|          32|          32|
    |icmp_ln113_fu_1763_p2     |   icmp   |      0|  0|   11|           4|           5|
    |icmp_ln119_fu_1780_p2     |   icmp   |      0|  0|   11|           6|           7|
    |icmp_ln124_fu_1845_p2     |   icmp   |      0|  0|   11|           6|           2|
    |icmp_ln129_fu_1862_p2     |   icmp   |      0|  0|   11|           4|           5|
    |icmp_ln148_fu_1959_p2     |   icmp   |      0|  0|   11|           7|           8|
    |icmp_ln182_fu_2495_p2     |   icmp   |      0|  0|   11|           4|           5|
    |icmp_ln49_fu_1052_p2      |   icmp   |      0|  0|   11|           7|           7|
    |icmp_ln54_fu_1069_p2      |   icmp   |      0|  0|   13|           8|           9|
    |icmp_ln59_fu_1086_p2      |   icmp   |      0|  0|   11|           4|           5|
    |icmp_ln64_fu_1140_p2      |   icmp   |      0|  0|   11|           7|           8|
    |icmp_ln67_fu_1157_p2      |   icmp   |      0|  0|   11|           7|           8|
    |icmp_ln72_fu_1179_p2      |   icmp   |      0|  0|    9|           2|           3|
    |icmp_ln77_fu_1242_p2      |   icmp   |      0|  0|   11|           7|           8|
    |icmp_ln887_1_fu_1458_p2   |   icmp   |      0|  0|   11|           7|           8|
    |icmp_ln887_2_fu_1916_p2   |   icmp   |      0|  0|   11|           5|           6|
    |icmp_ln887_3_fu_2175_p2   |   icmp   |      0|  0|   11|           7|           8|
    |icmp_ln887_fu_1191_p2     |   icmp   |      0|  0|   11|           5|           6|
    |lshr_ln1503_1_fu_1834_p2  |   lshr   |      0|  0|  101|          32|          32|
    |lshr_ln1503_2_fu_1905_p2  |   lshr   |      0|  0|   22|          10|           9|
    |lshr_ln1503_fu_1129_p2    |   lshr   |      0|  0|   22|          10|          10|
    |ret_V_26_fu_1932_p2       |    or    |      0|  0|    6|           6|           2|
    |ret_V_fu_1207_p2          |    or    |      0|  0|    6|           6|           2|
    |grp_fu_1045_p2            |    xor   |      0|  0|    8|           7|           8|
    |r_V_31_fu_1554_p2         |    xor   |      0|  0|   32|          32|           2|
    |r_V_34_fu_2291_p2         |    xor   |      0|  0|   32|          32|           2|
    |ret_V_10_fu_1428_p2       |    xor   |      0|  0|   32|          32|          32|
    |ret_V_15_fu_1542_p2       |    xor   |      0|  0|   32|          32|          32|
    |ret_V_18_fu_1566_p2       |    xor   |      0|  0|   32|          32|          32|
    |ret_V_22_fu_1734_p2       |    xor   |      0|  0|   32|          32|          32|
    |ret_V_25_fu_1608_p2       |    xor   |      0|  0|   32|          32|          32|
    |ret_V_31_fu_2075_p2       |    xor   |      0|  0|   32|          32|          32|
    |ret_V_36_fu_2145_p2       |    xor   |      0|  0|   32|          32|          32|
    |ret_V_41_fu_2279_p2       |    xor   |      0|  0|   32|          32|          32|
    |ret_V_44_fu_2303_p2       |    xor   |      0|  0|   32|          32|          32|
    |ret_V_48_fu_2405_p2       |    xor   |      0|  0|   32|          32|          32|
    |ret_V_51_fu_2429_p2       |    xor   |      0|  0|   32|          32|          32|
    |ret_V_5_fu_1358_p2        |    xor   |      0|  0|   32|          32|          32|
    |xor_ln130_fu_1874_p2      |    xor   |      0|  0|    4|           4|           2|
    |xor_ln1357_11_fu_2069_p2  |    xor   |      0|  0|   32|          32|          32|
    |xor_ln1357_13_fu_2139_p2  |    xor   |      0|  0|   32|          32|          32|
    |xor_ln1357_15_fu_2273_p2  |    xor   |      0|  0|   32|          32|          32|
    |xor_ln1357_18_fu_2399_p2  |    xor   |      0|  0|   32|          32|          32|
    |xor_ln1357_20_fu_2411_p2  |    xor   |      0|  0|   32|          32|          32|
    |xor_ln1357_2_fu_1422_p2   |    xor   |      0|  0|   32|          32|          32|
    |xor_ln1357_4_fu_1536_p2   |    xor   |      0|  0|   32|          32|          32|
    |xor_ln1357_7_fu_1728_p2   |    xor   |      0|  0|   32|          32|          32|
    |xor_ln1357_9_fu_1590_p2   |    xor   |      0|  0|   32|          32|          32|
    |xor_ln1357_fu_1352_p2     |    xor   |      0|  0|   32|          32|          32|
    |xor_ln60_fu_1098_p2       |    xor   |      0|  0|    4|           4|           2|
    +--------------------------+----------+-------+---+-----+------------+------------+
    |Total                     |          |      0|  0| 3078|        2484|        2379|
    +--------------------------+----------+-------+---+-----+------------+------------+

    * Multiplexer: 
    +--------------------+-----+-----------+-----+-----------+
    |        Name        | LUT | Input Size| Bits| Total Bits|
    +--------------------+-----+-----------+-----+-----------+
    |K_V_address0        |   15|          3|    6|         18|
    |ap_NS_fsm           |  201|         46|    1|         46|
    |data1_V_address0    |   38|          7|    7|         49|
    |data1_V_d0          |   27|          5|    8|         40|
    |data2_V_address0    |   33|          6|    6|         36|
    |data2_V_d0          |   27|          5|    8|         40|
    |data_V_address0     |   21|          4|    7|         28|
    |grp_fu_1045_p0      |   15|          3|    7|         21|
    |hash1_V_address0    |   15|          3|    3|          9|
    |i13_0_reg_841       |    9|          2|    4|          8|
    |i15_0_reg_852       |    9|          2|    6|         12|
    |i16_0_reg_864       |    9|          2|    6|         12|
    |i17_0_reg_875       |    9|          2|    4|          8|
    |i2_0_reg_653        |    9|          2|    8|         16|
    |i32_0_reg_1034      |    9|          2|    4|          8|
    |i3_0_reg_664        |    9|          2|    4|          8|
    |i8_0_reg_675        |    9|          2|    7|         14|
    |i9_0_reg_686        |    9|          2|    7|         14|
    |i_0_reg_642         |    9|          2|    7|         14|
    |lhs_V_20_reg_756    |    9|          2|   32|         64|
    |lhs_V_21_reg_983    |    9|          2|   32|         64|
    |lhs_V_22_reg_932    |    9|          2|   32|         64|
    |lhs_V_reg_799       |    9|          2|   32|         64|
    |m_V_1_address0      |   27|          5|    6|         30|
    |m_V_1_address1      |   21|          4|    6|         24|
    |m_V_address0        |   27|          5|    6|         30|
    |m_V_address1        |   21|          4|    6|         24|
    |p_01375_0_reg_721   |    9|          2|    5|         10|
    |p_01375_1_reg_733   |    9|          2|    7|         14|
    |p_01375_2_reg_745   |    9|          2|    7|         14|
    |p_01859_0_reg_788   |    9|          2|   32|         64|
    |p_01894_0_reg_831   |    9|          2|   32|         64|
    |p_02147_0_reg_886   |    9|          2|    7|         14|
    |p_02996_0_reg_897   |    9|          2|    5|         10|
    |p_02996_1_reg_909   |    9|          2|    7|         14|
    |p_02996_2_reg_921   |    9|          2|    7|         14|
    |p_03482_0_reg_970   |    9|          2|   32|         64|
    |p_03517_0_reg_1021  |    9|          2|   32|         64|
    |p_0689_0_reg_710    |    9|          2|    7|         14|
    |rhs_V_30_reg_820    |    9|          2|   32|         64|
    |rhs_V_31_reg_766    |    9|          2|   32|         64|
    |rhs_V_32_reg_777    |    9|          2|   32|         64|
    |rhs_V_34_reg_995    |    9|          2|   32|         64|
    |rhs_V_35_reg_1008   |    9|          2|   32|         64|
    |rhs_V_36_reg_944    |    9|          2|   32|         64|
    |rhs_V_37_reg_957    |    9|          2|   32|         64|
    |rhs_V_reg_809       |    9|          2|   32|         64|
    |state_V_address0    |   59|         14|    3|         42|
    |state_V_address1    |   59|         14|    3|         42|
    |state_V_d0          |   56|         13|   32|        416|
    |state_V_d1          |   56|         13|   32|        416|
    |t_0_reg_698         |    9|          2|    2|          4|
    +--------------------+-----+-----------+-----+-----------+
    |Total               | 1033|        224|  770|       2557|
    +--------------------+-----+-----------+-----+-----------+

    * Register: 
    +------------------------+----+----+-----+-----------+
    |          Name          | FF | LUT| Bits| Const Bits|
    +------------------------+----+----+-----+-----------+
    |a_V_reg_2699            |  32|   0|   32|          0|
    |add_ln209_5_reg_2765    |  32|   0|   32|          0|
    |add_ln700_10_reg_2795   |  32|   0|   32|          0|
    |add_ln700_12_reg_2860   |   5|   0|    5|          0|
    |add_ln700_5_reg_2775    |  32|   0|   32|          0|
    |add_ln700_7_reg_2780    |  32|   0|   32|          0|
    |add_ln700_8_reg_2785    |  32|   0|   32|          0|
    |add_ln700_9_reg_2790    |  32|   0|   32|          0|
    |add_ln700_reg_2636      |   5|   0|    5|          0|
    |ap_CS_fsm               |  45|   0|   45|          0|
    |b_V_reg_2705            |  32|   0|   32|          0|
    |c_V_reg_2711            |  32|   0|   32|          0|
    |d_V_reg_2717            |  32|   0|   32|          0|
    |e_V_reg_2723            |  32|   0|   32|          0|
    |f_V_reg_2729            |  32|   0|   32|          0|
    |g_V_reg_2735            |  32|   0|   32|          0|
    |h_V_reg_2741            |  32|   0|   32|          0|
    |i13_0_reg_841           |   4|   0|    4|          0|
    |i15_0_reg_852           |   6|   0|    6|          0|
    |i16_0_reg_864           |   6|   0|    6|          0|
    |i17_0_reg_875           |   4|   0|    4|          0|
    |i2_0_reg_653            |   8|   0|    8|          0|
    |i32_0_reg_1034          |   4|   0|    4|          0|
    |i3_0_reg_664            |   4|   0|    4|          0|
    |i8_0_reg_675            |   7|   0|    7|          0|
    |i9_0_reg_686            |   7|   0|    7|          0|
    |i_0_reg_642             |   7|   0|    7|          0|
    |i_3_reg_2597            |   7|   0|    7|          0|
    |i_4_reg_2615            |   7|   0|    7|          0|
    |i_5_reg_2813            |   4|   0|    4|          0|
    |i_6_reg_2831            |   6|   0|    6|          0|
    |i_9_reg_2954            |   4|   0|    4|          0|
    |i_V_1_reg_2750          |   7|   0|    7|          0|
    |i_V_3_reg_2926          |   7|   0|    7|          0|
    |i_reg_2563              |   7|   0|    7|          0|
    |j_V_1_reg_2870          |   7|   0|    7|          0|
    |j_V_reg_2646            |   7|   0|    7|          0|
    |lhs_V_20_reg_756        |  32|   0|   32|          0|
    |lhs_V_21_reg_983        |  32|   0|   32|          0|
    |lhs_V_22_reg_932        |  32|   0|   32|          0|
    |lhs_V_reg_799           |  32|   0|   32|          0|
    |m_V_1_load_1_reg_2903   |  32|   0|   32|          0|
    |m_V_1_load_reg_2894     |  32|   0|   32|          0|
    |m_V_load_1_reg_2679     |  32|   0|   32|          0|
    |m_V_load_reg_2670       |  32|   0|   32|          0|
    |p_01375_0_reg_721       |   5|   0|    5|          0|
    |p_01375_1_reg_733       |   7|   0|    7|          0|
    |p_01375_2_reg_745       |   7|   0|    7|          0|
    |p_01859_0_reg_788       |  32|   0|   32|          0|
    |p_01894_0_reg_831       |  32|   0|   32|          0|
    |p_02147_0_reg_886       |   7|   0|    7|          0|
    |p_02996_0_reg_897       |   5|   0|    5|          0|
    |p_02996_1_reg_909       |   7|   0|    7|          0|
    |p_02996_2_reg_921       |   7|   0|    7|          0|
    |p_03482_0_reg_970       |  32|   0|   32|          0|
    |p_03517_0_reg_1021      |  32|   0|   32|          0|
    |p_0689_0_reg_710        |   7|   0|    7|          0|
    |ret_V_25_reg_2770       |  32|   0|   32|          0|
    |rhs_V_30_reg_820        |  32|   0|   32|          0|
    |rhs_V_31_reg_766        |  32|   0|   32|          0|
    |rhs_V_32_reg_777        |  32|   0|   32|          0|
    |rhs_V_34_reg_995        |  32|   0|   32|          0|
    |rhs_V_35_reg_1008       |  32|   0|   32|          0|
    |rhs_V_36_reg_944        |  32|   0|   32|          0|
    |rhs_V_37_reg_957        |  32|   0|   32|          0|
    |rhs_V_reg_809           |  32|   0|   32|          0|
    |t_0_reg_698             |   2|   0|    2|          0|
    |t_reg_2628              |   2|   0|    2|          0|
    |trunc_ln215_1_reg_2654  |   6|   0|    6|          0|
    |trunc_ln215_3_reg_2878  |   6|   0|    6|          0|
    |zext_ln114_reg_2818     |   4|   0|   64|         60|
    |zext_ln183_reg_2959     |   4|   0|   64|         60|
    |zext_ln50_reg_2568      |   7|   0|   64|         57|
    |zext_ln65_reg_2602      |   7|   0|   64|         57|
    +------------------------+----+----+-----+-----------+
    |Total                   |1385|   0| 1619|        234|
    +------------------------+----+----+-----+-----------+



================================================================
== Interface
================================================================
* Summary: 
+-------------------+-----+-----+------------+--------------+--------------+
|     RTL Ports     | Dir | Bits|  Protocol  | Source Object|    C Type    |
+-------------------+-----+-----+------------+--------------+--------------+
|ap_clk             |  in |    1| ap_ctrl_hs |    sha256d   | return value |
|ap_rst             |  in |    1| ap_ctrl_hs |    sha256d   | return value |
|ap_start           |  in |    1| ap_ctrl_hs |    sha256d   | return value |
|ap_done            | out |    1| ap_ctrl_hs |    sha256d   | return value |
|ap_idle            | out |    1| ap_ctrl_hs |    sha256d   | return value |
|ap_ready           | out |    1| ap_ctrl_hs |    sha256d   | return value |
|input_V_address0   | out |    7|  ap_memory |    input_V   |     array    |
|input_V_ce0        | out |    1|  ap_memory |    input_V   |     array    |
|input_V_q0         |  in |    8|  ap_memory |    input_V   |     array    |
|output_V_address0  | out |    3|  ap_memory |   output_V   |     array    |
|output_V_ce0       | out |    1|  ap_memory |   output_V   |     array    |
|output_V_we0       | out |    1|  ap_memory |   output_V   |     array    |
|output_V_d0        | out |   32|  ap_memory |   output_V   |     array    |
+-------------------+-----+-----+------------+--------------+--------------+

