

================================================================
== Vivado HLS Report for 'sha256_update_1'
================================================================
* Date:           Sat Jul 27 10:56:54 2024

* Version:        2020.1 (Build 2897737 on Wed May 27 20:21:37 MDT 2020)
* Project:        sha256d
* Solution:       solution1
* Product family: zynquplus
* Target device:  xqzu5ev-ffrb900-1-i


================================================================
== Performance Estimates
================================================================
+ Timing: 
    * Summary: 
    +--------+----------+----------+------------+
    |  Clock |  Target  | Estimated| Uncertainty|
    +--------+----------+----------+------------+
    |ap_clk  | 10.00 ns | 4.796 ns |   1.25 ns  |
    +--------+----------+----------+------------+

+ Latency: 
    * Summary: 
    +---------+---------+----------+----------+-----+-----+---------+
    |  Latency (cycles) |  Latency (absolute) |  Interval | Pipeline|
    |   min   |   max   |    min   |    max   | min | max |   Type  |
    +---------+---------+----------+----------+-----+-----+---------+
    |      906|      906| 9.060 us | 9.060 us |  906|  906|   none  |
    +---------+---------+----------+----------+-----+-----+---------+

    + Detail: 
        * Instance: 
        +-----------------------------+------------------+---------+---------+----------+----------+-----+-----+---------+
        |                             |                  |  Latency (cycles) |  Latency (absolute) |  Interval | Pipeline|
        |           Instance          |      Module      |   min   |   max   |    min   |    max   | min | max |   Type  |
        +-----------------------------+------------------+---------+---------+----------+----------+-----+-----+---------+
        |grp_sha256_transform_fu_186  |sha256_transform  |      314|      314| 3.140 us | 3.140 us |  314|  314|   none  |
        +-----------------------------+------------------+---------+---------+----------+----------+-----+-----+---------+

        * Loop: 
        +----------+---------+---------+----------+-----------+-----------+------+----------+
        |          |  Latency (cycles) | Iteration|  Initiation Interval  | Trip |          |
        | Loop Name|   min   |   max   |  Latency |  achieved |   target  | Count| Pipelined|
        +----------+---------+---------+----------+-----------+-----------+------+----------+
        |- Loop 1  |      128|      128|         2|          -|          -|    64|    no    |
        |- Loop 2  |       64|       64|         1|          -|          -|    64|    no    |
        |- Loop 3  |       32|       32|         2|          -|          -|    16|    no    |
        |- Loop 4  |       39|       39|         1|          -|          -|    39|    no    |
        |- Loop 5  |        8|        8|         1|          -|          -|     8|    no    |
        +----------+---------+---------+----------+-----------+-----------+------+----------+



================================================================
== Utilization Estimates
================================================================
* Summary: 
+-----------------+---------+-------+--------+--------+-----+
|       Name      | BRAM_18K| DSP48E|   FF   |   LUT  | URAM|
+-----------------+---------+-------+--------+--------+-----+
|DSP              |        -|      -|       -|       -|    -|
|Expression       |        -|      -|       0|     132|    -|
|FIFO             |        -|      -|       -|       -|    -|
|Instance         |        3|      -|     866|    1677|    0|
|Memory           |        0|      -|      16|       8|    0|
|Multiplexer      |        -|      -|       -|     223|    -|
|Register         |        -|      -|      59|       -|    -|
+-----------------+---------+-------+--------+--------+-----+
|Total            |        3|      0|     941|    2040|    0|
+-----------------+---------+-------+--------+--------+-----+
|Available        |      288|   1248|  234240|  117120|   64|
+-----------------+---------+-------+--------+--------+-----+
|Utilization (%)  |        1|      0|   ~0   |       1|    0|
+-----------------+---------+-------+--------+--------+-----+

+ Detail: 
    * Instance: 
    +-----------------------------+------------------+---------+-------+-----+------+-----+
    |           Instance          |      Module      | BRAM_18K| DSP48E|  FF |  LUT | URAM|
    +-----------------------------+------------------+---------+-------+-----+------+-----+
    |grp_sha256_transform_fu_186  |sha256_transform  |        3|      0|  866|  1677|    0|
    +-----------------------------+------------------+---------+-------+-----+------+-----+
    |Total                        |                  |        3|      0|  866|  1677|    0|
    +-----------------------------+------------------+---------+-------+-----+------+-----+

    * DSP48E: 
    N/A

    * Memory: 
    +-----------+----------------------+---------+----+----+-----+------+-----+------+-------------+
    |   Memory  |        Module        | BRAM_18K| FF | LUT| URAM| Words| Bits| Banks| W*Bits*Banks|
    +-----------+----------------------+---------+----+----+-----+------+-----+------+-------------+
    |block_V_U  |sha256_update_blodEe  |        0|  16|   8|    0|    64|    8|     1|          512|
    +-----------+----------------------+---------+----+----+-----+------+-----+------+-------------+
    |Total      |                      |        0|  16|   8|    0|    64|    8|     1|          512|
    +-----------+----------------------+---------+----+----+-----+------+-----+------+-------------+

    * FIFO: 
    N/A

    * Expression: 
    +----------------------+----------+-------+---+----+------------+------------+
    |     Variable Name    | Operation| DSP48E| FF| LUT| Bitwidth P0| Bitwidth P1|
    +----------------------+----------+-------+---+----+------------+------------+
    |i_2_fu_218_p2         |     +    |      0|  0|  15|           7|           1|
    |i_3_fu_235_p2         |     +    |      0|  0|  15|           5|           1|
    |i_4_fu_270_p2         |     +    |      0|  0|  15|           6|           1|
    |i_5_fu_282_p2         |     +    |      0|  0|  12|           4|           1|
    |i_fu_201_p2           |     +    |      0|  0|  15|           7|           1|
    |icmp_ln105_fu_259_p2  |   icmp   |      0|  0|  11|           6|           5|
    |icmp_ln109_fu_276_p2  |   icmp   |      0|  0|  11|           4|           5|
    |icmp_ln90_fu_195_p2   |   icmp   |      0|  0|  11|           7|           8|
    |icmp_ln96_fu_212_p2   |   icmp   |      0|  0|  11|           7|           8|
    |icmp_ln99_fu_229_p2   |   icmp   |      0|  0|  11|           5|           6|
    |xor_ln110_fu_288_p2   |    xor   |      0|  0|   5|           4|           5|
    +----------------------+----------+-------+---+----+------------+------------+
    |Total                 |          |      0|  0| 132|          62|          42|
    +----------------------+----------+-------+---+----+------------+------------+

    * Multiplexer: 
    +------------------+----+-----------+-----+-----------+
    |       Name       | LUT| Input Size| Bits| Total Bits|
    +------------------+----+-----------+-----+-----------+
    |ap_NS_fsm         |  50|         11|    1|         11|
    |block_V_address0  |  41|          8|    6|         48|
    |block_V_ce0       |  15|          3|    1|          3|
    |block_V_d0        |  21|          4|    8|         32|
    |data_V_address0   |  15|          3|    5|         15|
    |i1_0_reg_141      |   9|          2|    7|         14|
    |i2_0_reg_152      |   9|          2|    5|         10|
    |i3_0_reg_164      |   9|          2|    6|         12|
    |i4_0_reg_175      |   9|          2|    4|          8|
    |i_0_reg_130       |   9|          2|    7|         14|
    |state_V_ce0       |   9|          2|    1|          2|
    |state_V_ce1       |   9|          2|    1|          2|
    |state_V_we0       |   9|          2|    1|          2|
    |state_V_we1       |   9|          2|    1|          2|
    +------------------+----+-----------+-----+-----------+
    |Total             | 223|         47|   54|        175|
    +------------------+----+-----------+-----+-----------+

    * Register: 
    +------------------------------------------+----+----+-----+-----------+
    |                   Name                   | FF | LUT| Bits| Const Bits|
    +------------------------------------------+----+----+-----+-----------+
    |ap_CS_fsm                                 |  10|   0|   10|          0|
    |grp_sha256_transform_fu_186_ap_start_reg  |   1|   0|    1|          0|
    |i1_0_reg_141                              |   7|   0|    7|          0|
    |i2_0_reg_152                              |   5|   0|    5|          0|
    |i3_0_reg_164                              |   6|   0|    6|          0|
    |i4_0_reg_175                              |   4|   0|    4|          0|
    |i_0_reg_130                               |   7|   0|    7|          0|
    |i_3_reg_332                               |   5|   0|    5|          0|
    |i_reg_306                                 |   7|   0|    7|          0|
    |zext_ln91_reg_311                         |   7|   0|   64|         57|
    +------------------------------------------+----+----+-----+-----------+
    |Total                                     |  59|   0|  116|         57|
    +------------------------------------------+----+----+-----+-----------+



================================================================
== Interface
================================================================
* Summary: 
+------------------+-----+-----+------------+-----------------+--------------+
|     RTL Ports    | Dir | Bits|  Protocol  |  Source Object  |    C Type    |
+------------------+-----+-----+------------+-----------------+--------------+
|ap_clk            |  in |    1| ap_ctrl_hs | sha256_update.1 | return value |
|ap_rst            |  in |    1| ap_ctrl_hs | sha256_update.1 | return value |
|ap_start          |  in |    1| ap_ctrl_hs | sha256_update.1 | return value |
|ap_done           | out |    1| ap_ctrl_hs | sha256_update.1 | return value |
|ap_idle           | out |    1| ap_ctrl_hs | sha256_update.1 | return value |
|ap_ready          | out |    1| ap_ctrl_hs | sha256_update.1 | return value |
|state_V_address0  | out |    3|  ap_memory |     state_V     |     array    |
|state_V_ce0       | out |    1|  ap_memory |     state_V     |     array    |
|state_V_we0       | out |    1|  ap_memory |     state_V     |     array    |
|state_V_d0        | out |   32|  ap_memory |     state_V     |     array    |
|state_V_q0        |  in |   32|  ap_memory |     state_V     |     array    |
|state_V_address1  | out |    3|  ap_memory |     state_V     |     array    |
|state_V_ce1       | out |    1|  ap_memory |     state_V     |     array    |
|state_V_we1       | out |    1|  ap_memory |     state_V     |     array    |
|state_V_d1        | out |   32|  ap_memory |     state_V     |     array    |
|state_V_q1        |  in |   32|  ap_memory |     state_V     |     array    |
|data_V_address0   | out |    5|  ap_memory |      data_V     |     array    |
|data_V_ce0        | out |    1|  ap_memory |      data_V     |     array    |
|data_V_q0         |  in |    8|  ap_memory |      data_V     |     array    |
+------------------+-----+-----+------------+-----------------+--------------+

