Copyright 1986-2021 Xilinx, Inc. All Rights Reserved.
---------------------------------------------------------------------------------------------------
| Tool Version      : Vivado v.2021.2 (win64) Build 3367213 Tue Oct 19 02:48:09 MDT 2021
| Date              : Wed Jul 31 21:22:59 2024
| Host              : LAPTOP-5IM3UC4N running 64-bit major release  (build 9200)
| Command           : report_clock_utilization -file design_4_wrapper_clock_utilization_routed.rpt
| Design            : design_4_wrapper
| Device            : xck26-sfvc784
| Speed File        : -2LV  PRODUCTION 1.29 08-03-2020
| Temperature Grade : C
| Design State      : Routed
---------------------------------------------------------------------------------------------------

Clock Utilization Report

Table of Contents
-----------------
1. Clock Primitive Utilization
2. Global Clock Resources
3. Global Clock Source Details
4. Clock Regions : Clock Primitives
5. Clock Regions : Load Primitives
6. Clock Regions : Global Clock Summary
7. Clock Regions : Routing Resource Utilization
8. Device Cell Placement Summary for Global Clock g0
9. Device Cell Placement Summary for Global Clock g1
10. Device Cell Placement Summary for Global Clock g2
11. Device Cell Placement Summary for Global Clock g3
12. Device Cell Placement Summary for Global Clock g4
13. Device Cell Placement Summary for Global Clock g5
14. Device Cell Placement Summary for Global Clock g6
15. Device Cell Placement Summary for Global Clock g7
16. Device Cell Placement Summary for Global Clock g8
17. Clock Region Cell Placement per Global Clock: Region X0Y0
18. Clock Region Cell Placement per Global Clock: Region X1Y0
19. Clock Region Cell Placement per Global Clock: Region X2Y0
20. Clock Region Cell Placement per Global Clock: Region X0Y1
21. Clock Region Cell Placement per Global Clock: Region X1Y1
22. Clock Region Cell Placement per Global Clock: Region X2Y1
23. Clock Region Cell Placement per Global Clock: Region X0Y2
24. Clock Region Cell Placement per Global Clock: Region X1Y2
25. Clock Region Cell Placement per Global Clock: Region X2Y2

1. Clock Primitive Utilization
------------------------------

+------------+------+-----------+-----+--------------+--------+
| Type       | Used | Available | LOC | Clock Region | Pblock |
+------------+------+-----------+-----+--------------+--------+
| BUFGCE     |    8 |       112 |   0 |            0 |      0 |
| BUFGCE_DIV |    0 |        16 |   0 |            0 |      0 |
| BUFGCTRL   |    0 |        32 |   0 |            0 |      0 |
| BUFG_GT    |    0 |        96 |   0 |            0 |      0 |
| MMCM       |    0 |         4 |   0 |            0 |      0 |
| PLL        |    0 |         8 |   0 |            0 |      0 |
+------------+------+-----------+-----+--------------+--------+


2. Global Clock Resources
-------------------------

+-----------+-----------+-----------------+------------+---------------+--------------+------+-------------------+-------------------+-------------+-----------------+--------------+----------+--------------------------------------------------------------------------------------------------------------------------------------------------------------------------------------------------+-------------------------------------------------------------------------------------------------------------------------------------------------------------------------------------------------------------+
| Global Id | Source Id | Driver Type/Pin | Constraint | Site          | Clock Region | Root | Clock Delay Group | Load Clock Region | Clock Loads | Non-Clock Loads | Clock Period | Clock    | Driver Pin                                                                                                                                                                                       | Net                                                                                                                                                                                                         |
+-----------+-----------+-----------------+------------+---------------+--------------+------+-------------------+-------------------+-------------+-----------------+--------------+----------+--------------------------------------------------------------------------------------------------------------------------------------------------------------------------------------------------+-------------------------------------------------------------------------------------------------------------------------------------------------------------------------------------------------------------+
| g0        | src0      | BUFG_PS/O       | None       | BUFG_PS_X0Y80 | X0Y3         | X1Y1 |                   |                 9 |       28014 |               0 |       20.000 | clk_pl_1 | design_4_i/zynq_ultra_ps_e_1/inst/buffer_pl_clk_1.PL_CLK_1_BUFG/O                                                                                                                                | design_4_i/zynq_ultra_ps_e_1/inst/pl_clk1                                                                                                                                                                   |
| g1        | src1      | BUFGCE/O        | None       | BUFGCE_X0Y44  | X1Y1         | X1Y1 | n/a               |                 6 |           0 |            1162 |          n/a | n/a      | design_4_i/axi_dma_0/U0/I_PRMRY_DATAMOVER/GEN_S2MM_FULL.I_S2MM_FULL_WRAPPER/GEN_ENABLE_INDET_BTT_SF.I_INDET_BTT/ENABLE_AXIS_SKID.I_INDET_BTT_SKID_BUF/sig_s_ready_dup_reg_bufg_place/O           | design_4_i/axi_dma_0/U0/I_PRMRY_DATAMOVER/GEN_S2MM_FULL.I_S2MM_FULL_WRAPPER/GEN_ENABLE_INDET_BTT_SF.I_INDET_BTT/ENABLE_AXIS_SKID.I_INDET_BTT_SKID_BUF/sig_s_ready_dup                                       |
| g2        | src2      | BUFGCE/O        | None       | BUFGCE_X0Y26  | X1Y1         | X1Y1 | n/a               |                 6 |           0 |            3366 |          n/a | n/a      | design_4_i/axi_dma_0/U0/I_PRMRY_DATAMOVER/GEN_S2MM_FULL.I_S2MM_FULL_WRAPPER/I_RESET/sig_cmd_stat_rst_user_reg_n_cdc_from_reg_bufg_place/O                                                        | design_4_i/axi_dma_0/U0/I_PRMRY_DATAMOVER/GEN_S2MM_FULL.I_S2MM_FULL_WRAPPER/I_RESET/sig_cmd_stat_rst_user_reg_n_cdc_from                                                                                    |
| g3        | src3      | BUFGCE/O        | None       | BUFGCE_X0Y28  | X1Y1         | X1Y1 | n/a               |                 5 |           0 |            1153 |          n/a | n/a      | design_4_i/axi_dma_0/U0/I_PRMRY_DATAMOVER/GEN_S2MM_FULL.I_S2MM_FULL_WRAPPER/I_S2MM_MMAP_SKID_BUF/sig_data_reg_out[1023]_i_1__1_bufg_place/O                                                      | design_4_i/axi_dma_0/U0/I_PRMRY_DATAMOVER/GEN_S2MM_FULL.I_S2MM_FULL_WRAPPER/I_S2MM_MMAP_SKID_BUF/sig_data_reg_out[1023]_i_1__1_n_0                                                                          |
| g4        | src4      | BUFGCE/O        | None       | BUFGCE_X0Y24  | X1Y1         | X1Y1 | n/a               |                 5 |           0 |            1153 |          n/a | n/a      | design_4_i/axi_dma_0/U0/I_PRMRY_DATAMOVER/GEN_S2MM_FULL.I_S2MM_FULL_WRAPPER/I_S2MM_MMAP_SKID_BUF/sig_s_ready_dup_reg_bufg_place/O                                                                | design_4_i/axi_dma_0/U0/I_PRMRY_DATAMOVER/GEN_S2MM_FULL.I_S2MM_FULL_WRAPPER/I_S2MM_MMAP_SKID_BUF/sig_s_ready_dup                                                                                            |
| g5        | src5      | BUFGCE/O        | None       | BUFGCE_X0Y27  | X1Y1         | X1Y1 | n/a               |                 6 |           0 |            1162 |          n/a | n/a      | design_4_i/axi_dma_0/U0/I_PRMRY_DATAMOVER/GEN_S2MM_FULL.I_S2MM_FULL_WRAPPER/I_WR_DATA_CNTL/sig_data_reg_out[1031]_i_1_bufg_place/O                                                               | design_4_i/axi_dma_0/U0/I_PRMRY_DATAMOVER/GEN_S2MM_FULL.I_S2MM_FULL_WRAPPER/I_WR_DATA_CNTL/sig_m_valid_dup_reg[0]                                                                                           |
| g6        | src6      | BUFGCE/O        | None       | BUFGCE_X0Y25  | X1Y1         | X1Y1 | n/a               |                 2 |           0 |            1027 |          n/a | n/a      | design_4_i/axi_interconnect_0/s02_couplers/auto_us/inst/gen_upsizer.gen_full_upsizer.axi_upsizer_inst/USE_READ.gen_non_fifo_r_upsizer.mi_register_slice_inst/r.r_pipe/s_ready_i_reg_bufg_place/O | design_4_i/axi_interconnect_0/s02_couplers/auto_us/inst/gen_upsizer.gen_full_upsizer.axi_upsizer_inst/USE_READ.gen_non_fifo_r_upsizer.mi_register_slice_inst/r.r_pipe/s_ready_i_reg_0                       |
| g7        | src7      | BUFGCE/O        | None       | BUFGCE_X0Y30  | X1Y1         | X1Y1 | n/a               |                 2 |           0 |            1027 |          n/a | n/a      | design_4_i/axi_interconnect_0/s02_couplers/auto_us/inst/gen_upsizer.gen_full_upsizer.axi_upsizer_inst/USE_READ.read_addr_inst/GEN_CMD_QUEUE.cmd_queue/m_payload_i[1026]_i_1_bufg_place/O         | design_4_i/axi_interconnect_0/s02_couplers/auto_us/inst/gen_upsizer.gen_full_upsizer.axi_upsizer_inst/USE_READ.read_addr_inst/GEN_CMD_QUEUE.cmd_queue/USE_FF_OUT.USE_RTL_OUTPUT_PIPELINE.M_VALID_Q_reg_0[0] |
| g8        | src8      | BUFGCE/O        | None       | BUFGCE_X0Y62  | X1Y2         | X1Y2 | n/a               |                 8 |           0 |            2305 |          n/a | n/a      | design_4_i/rst_ps8_1_149M/U0/ACTIVE_LOW_PR_OUT_DFF[0].FDRE_PER_N_bufg_place/O                                                                                                                    | design_4_i/rst_ps8_1_149M/U0/peripheral_aresetn[0]                                                                                                                                                          |
+-----------+-----------+-----------------+------------+---------------+--------------+------+-------------------+-------------------+-------------+-----------------+--------------+----------+--------------------------------------------------------------------------------------------------------------------------------------------------------------------------------------------------+-------------------------------------------------------------------------------------------------------------------------------------------------------------------------------------------------------------+
* Clock Loads column represents the clock pin loads (pin count)
** Non-Clock Loads column represents the non-clock pin loads (pin count)


3. Global Clock Source Details
------------------------------

+-----------+-----------+-----------------+------------+---------------+--------------+-------------+-----------------+---------------------+--------------+---------------------------------------------------------------------------------------------------------------------------------------------------------------------------------------+------------------------------------------------------------------------------------------------------------------------------------------------------------------------------------------------------------------------+
| Source Id | Global Id | Driver Type/Pin | Constraint | Site          | Clock Region | Clock Loads | Non-Clock Loads | Source Clock Period | Source Clock | Driver Pin                                                                                                                                                                            | Net                                                                                                                                                                                                                    |
+-----------+-----------+-----------------+------------+---------------+--------------+-------------+-----------------+---------------------+--------------+---------------------------------------------------------------------------------------------------------------------------------------------------------------------------------------+------------------------------------------------------------------------------------------------------------------------------------------------------------------------------------------------------------------------+
| src0      | g0        | PS8/PLCLK[1]    | None       | PS8_X0Y0      | X0Y1         |           1 |               0 |              20.000 | clk_pl_1     | design_4_i/zynq_ultra_ps_e_1/inst/PS8_i/PLCLK[1]                                                                                                                                      | design_4_i/zynq_ultra_ps_e_1/inst/pl_clk_unbuffered[1]                                                                                                                                                                 |
| src1      | g1        | FDRE/Q          | None       | SLICE_X29Y39  | X1Y0         |           1 |               0 |                     |              | design_4_i/axi_dma_0/U0/I_PRMRY_DATAMOVER/GEN_S2MM_FULL.I_S2MM_FULL_WRAPPER/GEN_ENABLE_INDET_BTT_SF.I_INDET_BTT/ENABLE_AXIS_SKID.I_INDET_BTT_SKID_BUF/sig_s_ready_dup_reg/Q           | design_4_i/axi_dma_0/U0/I_PRMRY_DATAMOVER/GEN_S2MM_FULL.I_S2MM_FULL_WRAPPER/GEN_ENABLE_INDET_BTT_SF.I_INDET_BTT/ENABLE_AXIS_SKID.I_INDET_BTT_SKID_BUF/sig_s_ready_dup_bufg_place                                       |
| src2      | g2        | FDRE/Q          | None       | SLICE_X11Y68  | X0Y1         |           1 |               0 |                     |              | design_4_i/axi_dma_0/U0/I_PRMRY_DATAMOVER/GEN_S2MM_FULL.I_S2MM_FULL_WRAPPER/I_RESET/sig_cmd_stat_rst_user_reg_n_cdc_from_reg/Q                                                        | design_4_i/axi_dma_0/U0/I_PRMRY_DATAMOVER/GEN_S2MM_FULL.I_S2MM_FULL_WRAPPER/I_RESET/sig_cmd_stat_rst_user_reg_n_cdc_from_bufg_place                                                                                    |
| src3      | g3        | LUT2/O          | None       | SLICE_X14Y46  | X0Y0         |           1 |               0 |                     |              | design_4_i/axi_dma_0/U0/I_PRMRY_DATAMOVER/GEN_S2MM_FULL.I_S2MM_FULL_WRAPPER/I_S2MM_MMAP_SKID_BUF/sig_data_reg_out[1023]_i_1__1/O                                                      | design_4_i/axi_dma_0/U0/I_PRMRY_DATAMOVER/GEN_S2MM_FULL.I_S2MM_FULL_WRAPPER/I_S2MM_MMAP_SKID_BUF/sig_data_reg_out[1023]_i_1__1_n_0_bufg_place                                                                          |
| src4      | g4        | FDRE/Q          | None       | SLICE_X14Y46  | X0Y0         |           1 |               0 |                     |              | design_4_i/axi_dma_0/U0/I_PRMRY_DATAMOVER/GEN_S2MM_FULL.I_S2MM_FULL_WRAPPER/I_S2MM_MMAP_SKID_BUF/sig_s_ready_dup_reg/Q                                                                | design_4_i/axi_dma_0/U0/I_PRMRY_DATAMOVER/GEN_S2MM_FULL.I_S2MM_FULL_WRAPPER/I_S2MM_MMAP_SKID_BUF/sig_s_ready_dup_bufg_place                                                                                            |
| src5      | g5        | LUT2/O          | None       | SLICE_X17Y41  | X0Y0         |           1 |               0 |                     |              | design_4_i/axi_dma_0/U0/I_PRMRY_DATAMOVER/GEN_S2MM_FULL.I_S2MM_FULL_WRAPPER/I_WR_DATA_CNTL/sig_data_reg_out[1031]_i_1/O                                                               | design_4_i/axi_dma_0/U0/I_PRMRY_DATAMOVER/GEN_S2MM_FULL.I_S2MM_FULL_WRAPPER/I_WR_DATA_CNTL/sig_m_valid_dup_reg[0]_bufg_place                                                                                           |
| src6      | g6        | FDRE/Q          | None       | SLICE_X9Y37   | X0Y0         |           1 |               0 |                     |              | design_4_i/axi_interconnect_0/s02_couplers/auto_us/inst/gen_upsizer.gen_full_upsizer.axi_upsizer_inst/USE_READ.gen_non_fifo_r_upsizer.mi_register_slice_inst/r.r_pipe/s_ready_i_reg/Q | design_4_i/axi_interconnect_0/s02_couplers/auto_us/inst/gen_upsizer.gen_full_upsizer.axi_upsizer_inst/USE_READ.gen_non_fifo_r_upsizer.mi_register_slice_inst/r.r_pipe/s_ready_i_reg_0_bufg_place                       |
| src7      | g7        | LUT6/O          | None       | SLICE_X9Y37   | X0Y0         |           1 |               2 |                     |              | design_4_i/axi_interconnect_0/s02_couplers/auto_us/inst/gen_upsizer.gen_full_upsizer.axi_upsizer_inst/USE_READ.read_addr_inst/GEN_CMD_QUEUE.cmd_queue/m_payload_i[1026]_i_1/O         | design_4_i/axi_interconnect_0/s02_couplers/auto_us/inst/gen_upsizer.gen_full_upsizer.axi_upsizer_inst/USE_READ.read_addr_inst/GEN_CMD_QUEUE.cmd_queue/USE_FF_OUT.USE_RTL_OUTPUT_PIPELINE.M_VALID_Q_reg_0[0]_bufg_place |
| src8      | g8        | FDRE/Q          | None       | SLICE_X12Y138 | X0Y2         |           1 |               0 |                     |              | design_4_i/rst_ps8_1_149M/U0/ACTIVE_LOW_PR_OUT_DFF[0].FDRE_PER_N/Q                                                                                                                    | design_4_i/rst_ps8_1_149M/U0/peripheral_aresetn[0]_bufg_place                                                                                                                                                          |
+-----------+-----------+-----------------+------------+---------------+--------------+-------------+-----------------+---------------------+--------------+---------------------------------------------------------------------------------------------------------------------------------------------------------------------------------------+------------------------------------------------------------------------------------------------------------------------------------------------------------------------------------------------------------------------+
* Clock Loads column represents the clock pin loads (pin count)
** Non-Clock Loads column represents the non-clock pin loads (pin count)


4. Clock Regions : Clock Primitives
-----------------------------------

+-------------------+---------------+---------------+---------------+---------------+---------------+---------------+---------------+
|                   |  Global Clock |     BUFGCE    |   BUFGCE_DIV  |    BUFGCTRL   |    BUFG_GT    |      MMCM     |      PLL      |
+-------------------+-------+-------+-------+-------+-------+-------+-------+-------+-------+-------+-------+-------+-------+-------+
| Clock Region Name | Used  | Avail | Used  | Avail | Used  | Avail | Used  | Avail | Used  | Avail | Used  | Avail | Used  | Avail |
+-------------------+-------+-------+-------+-------+-------+-------+-------+-------+-------+-------+-------+-------+-------+-------+
| X0Y0              |     9 |    24 |     0 |     4 |     0 |     0 |     0 |     0 |     0 |     0 |     0 |     0 |     0 |     0 |
| X1Y0              |     9 |    24 |     0 |    24 |     0 |     4 |     0 |     8 |     0 |     0 |     0 |     1 |     0 |     2 |
| X2Y0              |     7 |    24 |     0 |     0 |     0 |     0 |     0 |     0 |     0 |    24 |     0 |     0 |     0 |     0 |
| X0Y1              |     7 |    24 |     0 |     4 |     0 |     0 |     0 |     0 |     0 |     0 |     0 |     0 |     0 |     0 |
| X1Y1              |     7 |    24 |     7 |    24 |     0 |     4 |     0 |     8 |     0 |     0 |     0 |     1 |     0 |     2 |
| X2Y1              |     5 |    24 |     0 |     0 |     0 |     0 |     0 |     0 |     0 |    24 |     0 |     0 |     0 |     0 |
| X0Y2              |     2 |    24 |     0 |     4 |     0 |     0 |     0 |     0 |     0 |     0 |     0 |     0 |     0 |     0 |
| X1Y2              |     2 |    24 |     1 |    24 |     0 |     4 |     0 |     8 |     0 |     0 |     0 |     1 |     0 |     2 |
| X2Y2              |     2 |    24 |     0 |     0 |     0 |     0 |     0 |     0 |     0 |    24 |     0 |     0 |     0 |     0 |
| X0Y3              |     0 |    24 |     0 |     4 |     0 |     0 |     0 |     0 |     0 |     0 |     0 |     0 |     0 |     0 |
| X1Y3              |     0 |    24 |     0 |    24 |     0 |     4 |     0 |     8 |     0 |     0 |     0 |     1 |     0 |     2 |
| X2Y3              |     0 |    24 |     0 |     0 |     0 |     0 |     0 |     0 |     0 |    24 |     0 |     0 |     0 |     0 |
+-------------------+-------+-------+-------+-------+-------+-------+-------+-------+-------+-------+-------+-------+-------+-------+
* Global Clock column represents track count; while other columns represents cell counts


5. Clock Regions : Load Primitives
----------------------------------

+-------------------+------------------+------------------+------------------+------------------+------------------+------------------+------------------+------------------+
|                   |   Global Clock   |        FF        |      LUTRAM      |  Block RAM (18K) |       URAM       |        DSP       |        GT        |      HARD IP     |
+-------------------+--------+---------+--------+---------+--------+---------+--------+---------+--------+---------+--------+---------+--------+---------+--------+---------+
| Clock Region Name | Used   | Avail   | Used   | Avail   | Used   | Avail   | Used   | Avail   | Used   | Avail   | Used   | Avail   | Used   | Avail   | Used   | Avail   |
+-------------------+--------+---------+--------+---------+--------+---------+--------+---------+--------+---------+--------+---------+--------+---------+--------+---------+
| X0Y0              |      9 |      24 |   6110 |   22080 |    333 |    6240 |      0 |       0 |      0 |       0 |      0 |     144 |      0 |       0 |      0 |       0 |
| X1Y0              |      9 |      24 |   5183 |   17280 |    183 |    5280 |     24 |      24 |      0 |       0 |      0 |     144 |      0 |       0 |      0 |       0 |
| X2Y0              |      7 |      24 |   2092 |   19200 |      0 |    2880 |     28 |      48 |      0 |      16 |      0 |      24 |      0 |       4 |      0 |       1 |
| X0Y1              |      7 |      24 |   2724 |   22080 |     32 |    6240 |      0 |       0 |      0 |       0 |      0 |     144 |      0 |       0 |      0 |       0 |
| X1Y1              |      7 |      24 |   3585 |   17280 |      0 |    5280 |     13 |      24 |      0 |       0 |      0 |     144 |      0 |       0 |      0 |       0 |
| X2Y1              |      5 |      24 |   2683 |   19200 |      0 |    2880 |      4 |      48 |      0 |      16 |      0 |      24 |      0 |       4 |      0 |       1 |
| X0Y2              |      2 |      24 |   1524 |   22080 |    104 |    6240 |      0 |       0 |      0 |       0 |      0 |     144 |      0 |       0 |      0 |       0 |
| X1Y2              |      2 |      24 |    281 |   17280 |      0 |    5280 |      0 |      24 |      0 |       0 |      0 |     144 |      0 |       0 |      0 |       0 |
| X2Y2              |      2 |      24 |   3105 |   19200 |      0 |    2880 |      0 |      48 |      0 |      16 |      0 |      24 |      0 |       4 |      0 |       0 |
| X0Y3              |      0 |      24 |      0 |   22080 |      0 |    6240 |      0 |       0 |      0 |       0 |      0 |     144 |      0 |       0 |      0 |       0 |
| X1Y3              |      0 |      24 |      0 |   17280 |      0 |    5280 |      0 |      24 |      0 |       0 |      0 |     144 |      0 |       0 |      0 |       0 |
| X2Y3              |      0 |      24 |      0 |   19200 |      0 |    2880 |      0 |      48 |      0 |      16 |      0 |      24 |      0 |       4 |      0 |       0 |
+-------------------+--------+---------+--------+---------+--------+---------+--------+---------+--------+---------+--------+---------+--------+---------+--------+---------+
* Global Clock column represents track count; while other columns represents cell counts


6. Clock Regions : Global Clock Summary
---------------------------------------

All Modules
+----+----+----+----+
|    | X0 | X1 | X2 |
+----+----+----+----+
| Y3 |  0 |  0 |  0 |
| Y2 |  2 |  2 |  2 |
| Y1 |  7 |  9 |  5 |
| Y0 |  9 |  9 |  7 |
+----+----+----+----+


7. Clock Regions : Routing Resource Utilization
-----------------------------------------------

All Modules
+-------------------+----------------------+----------------------+----------------------+----------------------+
|                   |        HROUTES       |        HDISTRS       |        VROUTES       |        VDISTRS       |
+-------------------+------+-------+-------+------+-------+-------+------+-------+-------+------+-------+-------+
| Clock Region Name | Used | Avail | Util% | Used | Avail | Util% | Used | Avail | Util% | Used | Avail | Util% |
+-------------------+------+-------+-------+------+-------+-------+------+-------+-------+------+-------+-------+
| X0Y0              |    0 |    24 |  0.00 |    9 |    24 | 37.50 |    0 |    24 |  0.00 |    0 |    24 |  0.00 |
| X1Y0              |    0 |    24 |  0.00 |    9 |    24 | 37.50 |    0 |    24 |  0.00 |    9 |    24 | 37.50 |
| X2Y0              |    0 |    24 |  0.00 |    7 |    24 | 29.17 |    0 |    24 |  0.00 |    0 |    24 |  0.00 |
| X0Y1              |    0 |    24 |  0.00 |    7 |    24 | 29.17 |    0 |    24 |  0.00 |    0 |    24 |  0.00 |
| X1Y1              |    0 |    24 |  0.00 |    7 |    24 | 29.17 |    1 |    24 |  4.17 |    9 |    24 | 37.50 |
| X2Y1              |    0 |    24 |  0.00 |    5 |    24 | 20.83 |    0 |    24 |  0.00 |    0 |    24 |  0.00 |
| X0Y2              |    0 |    24 |  0.00 |    2 |    24 |  8.33 |    0 |    24 |  0.00 |    0 |    24 |  0.00 |
| X1Y2              |    0 |    24 |  0.00 |    2 |    24 |  8.33 |    1 |    24 |  4.17 |    1 |    24 |  4.17 |
| X2Y2              |    0 |    24 |  0.00 |    2 |    24 |  8.33 |    0 |    24 |  0.00 |    0 |    24 |  0.00 |
| X0Y3              |    2 |    24 |  8.33 |    0 |    24 |  0.00 |    0 |    24 |  0.00 |    0 |    24 |  0.00 |
| X1Y3              |    2 |    24 |  8.33 |    0 |    24 |  0.00 |    1 |    24 |  4.17 |    0 |    24 |  0.00 |
| X2Y3              |    0 |    24 |  0.00 |    0 |    24 |  0.00 |    0 |    24 |  0.00 |    0 |    24 |  0.00 |
+-------------------+------+-------+-------+------+-------+-------+------+-------+-------+------+-------+-------+


8. Device Cell Placement Summary for Global Clock g0
----------------------------------------------------

+-----------+-----------------+-------------------+----------+-------------+----------------+----------+-------------+----------+----------------+----------+-------------------------------------------+
| Global Id | Driver Type/Pin | Driver Region (D) | Clock    | Period (ns) | Waveform (ns)  | Root (R) | Slice Loads | IO Loads | Clocking Loads | GT Loads | Net                                       |
+-----------+-----------------+-------------------+----------+-------------+----------------+----------+-------------+----------+----------------+----------+-------------------------------------------+
| g0        | BUFG_PS/O       | X0Y3              | clk_pl_1 |      20.000 | {0.000 10.000} | X1Y1     |       27976 |        0 |              0 |        0 | design_4_i/zynq_ultra_ps_e_1/inst/pl_clk1 |
+-----------+-----------------+-------------------+----------+-------------+----------------+----------+-------------+----------+----------------+----------+-------------------------------------------+
* Slice Loads column represents load cell count of all cell types other than IO, GT and clock resources
** IO Loads column represents load cell count of IO types
*** Clocking Loads column represents load cell count that are clock resources (global clock buffer, MMCM, PLL, etc)
**** GT Loads column represents load cell count of GT types


+----+--------+----------+-------+-----------------------+
|    | X0     | X1       | X2    | HORIZONTAL PROG DELAY |
+----+--------+----------+-------+-----------------------+
| Y3 |  (D) 0 |        0 |     0 |                     - |
| Y2 |   1628 |      281 |  3105 |                     1 |
| Y1 |   2757 | (R) 3592 |  2685 |                     1 |
| Y0 |   6443 |     5378 |  2107 |                     0 |
+----+--------+----------+-------+-----------------------+


9. Device Cell Placement Summary for Global Clock g1
----------------------------------------------------

+-----------+-----------------+-------------------+-------+-------------+---------------+----------+-------------+----------+----------------+----------+-----------------------------------------------------------------------------------------------------------------------------------------------------------------------+
| Global Id | Driver Type/Pin | Driver Region (D) | Clock | Period (ns) | Waveform (ns) | Root (R) | Slice Loads | IO Loads | Clocking Loads | GT Loads | Net                                                                                                                                                                   |
+-----------+-----------------+-------------------+-------+-------------+---------------+----------+-------------+----------+----------------+----------+-----------------------------------------------------------------------------------------------------------------------------------------------------------------------+
| g1        | BUFGCE/O        | X1Y1              |       |             |               | X1Y1     |        1162 |        0 |              0 |        0 | design_4_i/axi_dma_0/U0/I_PRMRY_DATAMOVER/GEN_S2MM_FULL.I_S2MM_FULL_WRAPPER/GEN_ENABLE_INDET_BTT_SF.I_INDET_BTT/ENABLE_AXIS_SKID.I_INDET_BTT_SKID_BUF/sig_s_ready_dup |
+-----------+-----------------+-------------------+-------+-------------+---------------+----------+-------------+----------+----------------+----------+-----------------------------------------------------------------------------------------------------------------------------------------------------------------------+
* Slice Loads column represents load cell count of all cell types other than IO, GT and clock resources
** IO Loads column represents load cell count of IO types
*** Clocking Loads column represents load cell count that are clock resources (global clock buffer, MMCM, PLL, etc)
**** GT Loads column represents load cell count of GT types


+----+------+------------+------+-----------------------+
|    | X0   | X1         | X2   | HORIZONTAL PROG DELAY |
+----+------+------------+------+-----------------------+
| Y3 |    0 |          0 |    0 |                     - |
| Y2 |    0 |          0 |    0 |                     - |
| Y1 |  197 | (R) (D) 54 |   25 |                     0 |
| Y0 |  144 |        449 |  293 |                     0 |
+----+------+------------+------+-----------------------+


10. Device Cell Placement Summary for Global Clock g2
-----------------------------------------------------

+-----------+-----------------+-------------------+-------+-------------+---------------+----------+-------------+----------+----------------+----------+--------------------------------------------------------------------------------------------------------------------------+
| Global Id | Driver Type/Pin | Driver Region (D) | Clock | Period (ns) | Waveform (ns) | Root (R) | Slice Loads | IO Loads | Clocking Loads | GT Loads | Net                                                                                                                      |
+-----------+-----------------+-------------------+-------+-------------+---------------+----------+-------------+----------+----------------+----------+--------------------------------------------------------------------------------------------------------------------------+
| g2        | BUFGCE/O        | X1Y1              |       |             |               | X1Y1     |        3366 |        0 |              0 |        0 | design_4_i/axi_dma_0/U0/I_PRMRY_DATAMOVER/GEN_S2MM_FULL.I_S2MM_FULL_WRAPPER/I_RESET/sig_cmd_stat_rst_user_reg_n_cdc_from |
+-----------+-----------------+-------------------+-------+-------------+---------------+----------+-------------+----------+----------------+----------+--------------------------------------------------------------------------------------------------------------------------+
* Slice Loads column represents load cell count of all cell types other than IO, GT and clock resources
** IO Loads column represents load cell count of IO types
*** Clocking Loads column represents load cell count that are clock resources (global clock buffer, MMCM, PLL, etc)
**** GT Loads column represents load cell count of GT types


+----+------+-------------+------+-----------------------+
|    | X0   | X1          | X2   | HORIZONTAL PROG DELAY |
+----+------+-------------+------+-----------------------+
| Y3 |    0 |           0 |    0 |                     - |
| Y2 |    0 |           0 |    0 |                     - |
| Y1 |  394 | (R) (D) 108 |  163 |                     0 |
| Y0 |  441 |        1440 |  820 |                     0 |
+----+------+-------------+------+-----------------------+


11. Device Cell Placement Summary for Global Clock g3
-----------------------------------------------------

+-----------+-----------------+-------------------+-------+-------------+---------------+----------+-------------+----------+----------------+----------+------------------------------------------------------------------------------------------------------------------------------------+
| Global Id | Driver Type/Pin | Driver Region (D) | Clock | Period (ns) | Waveform (ns) | Root (R) | Slice Loads | IO Loads | Clocking Loads | GT Loads | Net                                                                                                                                |
+-----------+-----------------+-------------------+-------+-------------+---------------+----------+-------------+----------+----------------+----------+------------------------------------------------------------------------------------------------------------------------------------+
| g3        | BUFGCE/O        | X1Y1              |       |             |               | X1Y1     |        1153 |        0 |              0 |        0 | design_4_i/axi_dma_0/U0/I_PRMRY_DATAMOVER/GEN_S2MM_FULL.I_S2MM_FULL_WRAPPER/I_S2MM_MMAP_SKID_BUF/sig_data_reg_out[1023]_i_1__1_n_0 |
+-----------+-----------------+-------------------+-------+-------------+---------------+----------+-------------+----------+----------------+----------+------------------------------------------------------------------------------------------------------------------------------------+
* Slice Loads column represents load cell count of all cell types other than IO, GT and clock resources
** IO Loads column represents load cell count of IO types
*** Clocking Loads column represents load cell count that are clock resources (global clock buffer, MMCM, PLL, etc)
**** GT Loads column represents load cell count of GT types


+----+------+------------+------+-----------------------+
|    | X0   | X1         | X2   | HORIZONTAL PROG DELAY |
+----+------+------------+------+-----------------------+
| Y3 |    0 |          0 |    0 |                     - |
| Y2 |    0 |          0 |    0 |                     - |
| Y1 |  190 | (R) (D) 25 |    0 |                     0 |
| Y0 |  162 |        560 |  216 |                     0 |
+----+------+------------+------+-----------------------+


12. Device Cell Placement Summary for Global Clock g4
-----------------------------------------------------

+-----------+-----------------+-------------------+-------+-------------+---------------+----------+-------------+----------+----------------+----------+------------------------------------------------------------------------------------------------------------------+
| Global Id | Driver Type/Pin | Driver Region (D) | Clock | Period (ns) | Waveform (ns) | Root (R) | Slice Loads | IO Loads | Clocking Loads | GT Loads | Net                                                                                                              |
+-----------+-----------------+-------------------+-------+-------------+---------------+----------+-------------+----------+----------------+----------+------------------------------------------------------------------------------------------------------------------+
| g4        | BUFGCE/O        | X1Y1              |       |             |               | X1Y1     |        1153 |        0 |              0 |        0 | design_4_i/axi_dma_0/U0/I_PRMRY_DATAMOVER/GEN_S2MM_FULL.I_S2MM_FULL_WRAPPER/I_S2MM_MMAP_SKID_BUF/sig_s_ready_dup |
+-----------+-----------------+-------------------+-------+-------------+---------------+----------+-------------+----------+----------------+----------+------------------------------------------------------------------------------------------------------------------+
* Slice Loads column represents load cell count of all cell types other than IO, GT and clock resources
** IO Loads column represents load cell count of IO types
*** Clocking Loads column represents load cell count that are clock resources (global clock buffer, MMCM, PLL, etc)
**** GT Loads column represents load cell count of GT types


+----+------+------------+------+-----------------------+
|    | X0   | X1         | X2   | HORIZONTAL PROG DELAY |
+----+------+------------+------+-----------------------+
| Y3 |    0 |          0 |    0 |                     - |
| Y2 |    0 |          0 |    0 |                     - |
| Y1 |  190 | (R) (D) 25 |    0 |                     0 |
| Y0 |  162 |        560 |  216 |                     0 |
+----+------+------------+------+-----------------------+


13. Device Cell Placement Summary for Global Clock g5
-----------------------------------------------------

+-----------+-----------------+-------------------+-------+-------------+---------------+----------+-------------+----------+----------------+----------+-------------------------------------------------------------------------------------------------------------------+
| Global Id | Driver Type/Pin | Driver Region (D) | Clock | Period (ns) | Waveform (ns) | Root (R) | Slice Loads | IO Loads | Clocking Loads | GT Loads | Net                                                                                                               |
+-----------+-----------------+-------------------+-------+-------------+---------------+----------+-------------+----------+----------------+----------+-------------------------------------------------------------------------------------------------------------------+
| g5        | BUFGCE/O        | X1Y1              |       |             |               | X1Y1     |        1162 |        0 |              0 |        0 | design_4_i/axi_dma_0/U0/I_PRMRY_DATAMOVER/GEN_S2MM_FULL.I_S2MM_FULL_WRAPPER/I_WR_DATA_CNTL/sig_m_valid_dup_reg[0] |
+-----------+-----------------+-------------------+-------+-------------+---------------+----------+-------------+----------+----------------+----------+-------------------------------------------------------------------------------------------------------------------+
* Slice Loads column represents load cell count of all cell types other than IO, GT and clock resources
** IO Loads column represents load cell count of IO types
*** Clocking Loads column represents load cell count that are clock resources (global clock buffer, MMCM, PLL, etc)
**** GT Loads column represents load cell count of GT types


+----+------+------------+------+-----------------------+
|    | X0   | X1         | X2   | HORIZONTAL PROG DELAY |
+----+------+------------+------+-----------------------+
| Y3 |    0 |          0 |    0 |                     - |
| Y2 |    0 |          0 |    0 |                     - |
| Y1 |  197 | (R) (D) 54 |   25 |                     0 |
| Y0 |  144 |        449 |  293 |                     0 |
+----+------+------------+------+-----------------------+


14. Device Cell Placement Summary for Global Clock g6
-----------------------------------------------------

+-----------+-----------------+-------------------+-------+-------------+---------------+----------+-------------+----------+----------------+----------+---------------------------------------------------------------------------------------------------------------------------------------------------------------------------------------+
| Global Id | Driver Type/Pin | Driver Region (D) | Clock | Period (ns) | Waveform (ns) | Root (R) | Slice Loads | IO Loads | Clocking Loads | GT Loads | Net                                                                                                                                                                                   |
+-----------+-----------------+-------------------+-------+-------------+---------------+----------+-------------+----------+----------------+----------+---------------------------------------------------------------------------------------------------------------------------------------------------------------------------------------+
| g6        | BUFGCE/O        | X1Y1              |       |             |               | X1Y1     |        1027 |        0 |              0 |        0 | design_4_i/axi_interconnect_0/s02_couplers/auto_us/inst/gen_upsizer.gen_full_upsizer.axi_upsizer_inst/USE_READ.gen_non_fifo_r_upsizer.mi_register_slice_inst/r.r_pipe/s_ready_i_reg_0 |
+-----------+-----------------+-------------------+-------+-------------+---------------+----------+-------------+----------+----------------+----------+---------------------------------------------------------------------------------------------------------------------------------------------------------------------------------------+
* Slice Loads column represents load cell count of all cell types other than IO, GT and clock resources
** IO Loads column represents load cell count of IO types
*** Clocking Loads column represents load cell count that are clock resources (global clock buffer, MMCM, PLL, etc)
**** GT Loads column represents load cell count of GT types


+----+------+-----------+----+-----------------------+
|    | X0   | X1        | X2 | HORIZONTAL PROG DELAY |
+----+------+-----------+----+-----------------------+
| Y3 |    0 |         0 |  0 |                     - |
| Y2 |    0 |         0 |  0 |                     - |
| Y1 |    0 | (R) (D) 0 |  0 |                     - |
| Y0 |  729 |       298 |  0 |                     0 |
+----+------+-----------+----+-----------------------+


15. Device Cell Placement Summary for Global Clock g7
-----------------------------------------------------

+-----------+-----------------+-------------------+-------+-------------+---------------+----------+-------------+----------+----------------+----------+-------------------------------------------------------------------------------------------------------------------------------------------------------------------------------------------------------------+
| Global Id | Driver Type/Pin | Driver Region (D) | Clock | Period (ns) | Waveform (ns) | Root (R) | Slice Loads | IO Loads | Clocking Loads | GT Loads | Net                                                                                                                                                                                                         |
+-----------+-----------------+-------------------+-------+-------------+---------------+----------+-------------+----------+----------------+----------+-------------------------------------------------------------------------------------------------------------------------------------------------------------------------------------------------------------+
| g7        | BUFGCE/O        | X1Y1              |       |             |               | X1Y1     |        1027 |        0 |              0 |        0 | design_4_i/axi_interconnect_0/s02_couplers/auto_us/inst/gen_upsizer.gen_full_upsizer.axi_upsizer_inst/USE_READ.read_addr_inst/GEN_CMD_QUEUE.cmd_queue/USE_FF_OUT.USE_RTL_OUTPUT_PIPELINE.M_VALID_Q_reg_0[0] |
+-----------+-----------------+-------------------+-------+-------------+---------------+----------+-------------+----------+----------------+----------+-------------------------------------------------------------------------------------------------------------------------------------------------------------------------------------------------------------+
* Slice Loads column represents load cell count of all cell types other than IO, GT and clock resources
** IO Loads column represents load cell count of IO types
*** Clocking Loads column represents load cell count that are clock resources (global clock buffer, MMCM, PLL, etc)
**** GT Loads column represents load cell count of GT types


+----+------+-----------+----+-----------------------+
|    | X0   | X1        | X2 | HORIZONTAL PROG DELAY |
+----+------+-----------+----+-----------------------+
| Y3 |    0 |         0 |  0 |                     - |
| Y2 |    0 |         0 |  0 |                     - |
| Y1 |    0 | (R) (D) 0 |  0 |                     - |
| Y0 |  729 |       298 |  0 |                     0 |
+----+------+-----------+----+-----------------------+


16. Device Cell Placement Summary for Global Clock g8
-----------------------------------------------------

+-----------+-----------------+-------------------+-------+-------------+---------------+----------+-------------+----------+----------------+----------+----------------------------------------------------+
| Global Id | Driver Type/Pin | Driver Region (D) | Clock | Period (ns) | Waveform (ns) | Root (R) | Slice Loads | IO Loads | Clocking Loads | GT Loads | Net                                                |
+-----------+-----------------+-------------------+-------+-------------+---------------+----------+-------------+----------+----------------+----------+----------------------------------------------------+
| g8        | BUFGCE/O        | X1Y2              |       |             |               | X1Y2     |        2305 |        0 |              0 |        0 | design_4_i/rst_ps8_1_149M/U0/peripheral_aresetn[0] |
+-----------+-----------------+-------------------+-------+-------------+---------------+----------+-------------+----------+----------------+----------+----------------------------------------------------+
* Slice Loads column represents load cell count of all cell types other than IO, GT and clock resources
** IO Loads column represents load cell count of IO types
*** Clocking Loads column represents load cell count that are clock resources (global clock buffer, MMCM, PLL, etc)
**** GT Loads column represents load cell count of GT types


+----+------+-----------+------+-----------------------+
|    | X0   | X1        | X2   | HORIZONTAL PROG DELAY |
+----+------+-----------+------+-----------------------+
| Y3 |    0 |         0 |    0 |                     - |
| Y2 |  458 | (R) (D) 0 |   16 |                     0 |
| Y1 |  262 |        13 |  158 |                     0 |
| Y0 |  447 |       790 |  161 |                     0 |
+----+------+-----------+------+-----------------------+


17. Clock Region Cell Placement per Global Clock: Region X0Y0
-------------------------------------------------------------

+-----------+-------+-----------------+------------+-------------+-----------------+------+-------------+------+------+-----+----+------+-----+---------+-------------------------------------------------------------------------------------------------------------------------------------------------------------------------------------------------------------+
| Global Id | Track | Driver Type/Pin | Constraint | Clock Loads | Non-Clock Loads | FF   | Memory LUTs | RAMB | URAM | DSP | GT | MMCM | PLL | Hard IP | Net                                                                                                                                                                                                         |
+-----------+-------+-----------------+------------+-------------+-----------------+------+-------------+------+------+-----+----+------+-----+---------+-------------------------------------------------------------------------------------------------------------------------------------------------------------------------------------------------------------+
| g0        | 8     | BUFG_PS/O       | None       |        6443 |               0 | 6110 |         333 |    0 |    0 |   0 |  0 |    0 |   0 |       0 | design_4_i/zynq_ultra_ps_e_1/inst/pl_clk1                                                                                                                                                                   |
| g1        | 20    | BUFGCE/O        | None       |           0 |             144 |  144 |           0 |    0 |    0 |   0 |  0 |    0 |   0 |       0 | design_4_i/axi_dma_0/U0/I_PRMRY_DATAMOVER/GEN_S2MM_FULL.I_S2MM_FULL_WRAPPER/GEN_ENABLE_INDET_BTT_SF.I_INDET_BTT/ENABLE_AXIS_SKID.I_INDET_BTT_SKID_BUF/sig_s_ready_dup                                       |
| g2        | 2     | BUFGCE/O        | None       |           0 |             441 |  441 |           0 |    0 |    0 |   0 |  0 |    0 |   0 |       0 | design_4_i/axi_dma_0/U0/I_PRMRY_DATAMOVER/GEN_S2MM_FULL.I_S2MM_FULL_WRAPPER/I_RESET/sig_cmd_stat_rst_user_reg_n_cdc_from                                                                                    |
| g3        | 4     | BUFGCE/O        | None       |           0 |             162 |  162 |           0 |    0 |    0 |   0 |  0 |    0 |   0 |       0 | design_4_i/axi_dma_0/U0/I_PRMRY_DATAMOVER/GEN_S2MM_FULL.I_S2MM_FULL_WRAPPER/I_S2MM_MMAP_SKID_BUF/sig_data_reg_out[1023]_i_1__1_n_0                                                                          |
| g4        | 0     | BUFGCE/O        | None       |           0 |             162 |  162 |           0 |    0 |    0 |   0 |  0 |    0 |   0 |       0 | design_4_i/axi_dma_0/U0/I_PRMRY_DATAMOVER/GEN_S2MM_FULL.I_S2MM_FULL_WRAPPER/I_S2MM_MMAP_SKID_BUF/sig_s_ready_dup                                                                                            |
| g5        | 3     | BUFGCE/O        | None       |           0 |             144 |  144 |           0 |    0 |    0 |   0 |  0 |    0 |   0 |       0 | design_4_i/axi_dma_0/U0/I_PRMRY_DATAMOVER/GEN_S2MM_FULL.I_S2MM_FULL_WRAPPER/I_WR_DATA_CNTL/sig_m_valid_dup_reg[0]                                                                                           |
| g6        | 1     | BUFGCE/O        | None       |           0 |             729 |  729 |           0 |    0 |    0 |   0 |  0 |    0 |   0 |       0 | design_4_i/axi_interconnect_0/s02_couplers/auto_us/inst/gen_upsizer.gen_full_upsizer.axi_upsizer_inst/USE_READ.gen_non_fifo_r_upsizer.mi_register_slice_inst/r.r_pipe/s_ready_i_reg_0                       |
| g7        | 6     | BUFGCE/O        | None       |           0 |             729 |  729 |           0 |    0 |    0 |   0 |  0 |    0 |   0 |       0 | design_4_i/axi_interconnect_0/s02_couplers/auto_us/inst/gen_upsizer.gen_full_upsizer.axi_upsizer_inst/USE_READ.read_addr_inst/GEN_CMD_QUEUE.cmd_queue/USE_FF_OUT.USE_RTL_OUTPUT_PIPELINE.M_VALID_Q_reg_0[0] |
| g8        | 14    | BUFGCE/O        | None       |           0 |             447 |  447 |           0 |    0 |    0 |   0 |  0 |    0 |   0 |       0 | design_4_i/rst_ps8_1_149M/U0/peripheral_aresetn[0]                                                                                                                                                          |
+-----------+-------+-----------------+------------+-------------+-----------------+------+-------------+------+------+-----+----+------+-----+---------+-------------------------------------------------------------------------------------------------------------------------------------------------------------------------------------------------------------+
* Clock Loads column represents the clock pin loads (pin count)
** Non-Clock Loads column represents the non-clock pin loads (pin count)
*** Columns FF, LUTRAM, RAMB through 'Hard IP' represents load cell counts


18. Clock Region Cell Placement per Global Clock: Region X1Y0
-------------------------------------------------------------

+-----------+-------+-----------------+------------+-------------+-----------------+------+-------------+------+------+-----+----+------+-----+---------+-------------------------------------------------------------------------------------------------------------------------------------------------------------------------------------------------------------+
| Global Id | Track | Driver Type/Pin | Constraint | Clock Loads | Non-Clock Loads | FF   | Memory LUTs | RAMB | URAM | DSP | GT | MMCM | PLL | Hard IP | Net                                                                                                                                                                                                         |
+-----------+-------+-----------------+------------+-------------+-----------------+------+-------------+------+------+-----+----+------+-----+---------+-------------------------------------------------------------------------------------------------------------------------------------------------------------------------------------------------------------+
| g0        | 8     | BUFG_PS/O       | None       |        5378 |               0 | 5183 |         183 |   12 |    0 |   0 |  0 |    0 |   0 |       0 | design_4_i/zynq_ultra_ps_e_1/inst/pl_clk1                                                                                                                                                                   |
| g1        | 20    | BUFGCE/O        | None       |           0 |             449 |  449 |           0 |    0 |    0 |   0 |  0 |    0 |   0 |       0 | design_4_i/axi_dma_0/U0/I_PRMRY_DATAMOVER/GEN_S2MM_FULL.I_S2MM_FULL_WRAPPER/GEN_ENABLE_INDET_BTT_SF.I_INDET_BTT/ENABLE_AXIS_SKID.I_INDET_BTT_SKID_BUF/sig_s_ready_dup                                       |
| g2        | 2     | BUFGCE/O        | None       |           0 |            1440 | 1440 |           0 |    0 |    0 |   0 |  0 |    0 |   0 |       0 | design_4_i/axi_dma_0/U0/I_PRMRY_DATAMOVER/GEN_S2MM_FULL.I_S2MM_FULL_WRAPPER/I_RESET/sig_cmd_stat_rst_user_reg_n_cdc_from                                                                                    |
| g3        | 4     | BUFGCE/O        | None       |           0 |             560 |  560 |           0 |    0 |    0 |   0 |  0 |    0 |   0 |       0 | design_4_i/axi_dma_0/U0/I_PRMRY_DATAMOVER/GEN_S2MM_FULL.I_S2MM_FULL_WRAPPER/I_S2MM_MMAP_SKID_BUF/sig_data_reg_out[1023]_i_1__1_n_0                                                                          |
| g4        | 0     | BUFGCE/O        | None       |           0 |             560 |  560 |           0 |    0 |    0 |   0 |  0 |    0 |   0 |       0 | design_4_i/axi_dma_0/U0/I_PRMRY_DATAMOVER/GEN_S2MM_FULL.I_S2MM_FULL_WRAPPER/I_S2MM_MMAP_SKID_BUF/sig_s_ready_dup                                                                                            |
| g5        | 3     | BUFGCE/O        | None       |           0 |             449 |  449 |           0 |    0 |    0 |   0 |  0 |    0 |   0 |       0 | design_4_i/axi_dma_0/U0/I_PRMRY_DATAMOVER/GEN_S2MM_FULL.I_S2MM_FULL_WRAPPER/I_WR_DATA_CNTL/sig_m_valid_dup_reg[0]                                                                                           |
| g6        | 1     | BUFGCE/O        | None       |           0 |             298 |  298 |           0 |    0 |    0 |   0 |  0 |    0 |   0 |       0 | design_4_i/axi_interconnect_0/s02_couplers/auto_us/inst/gen_upsizer.gen_full_upsizer.axi_upsizer_inst/USE_READ.gen_non_fifo_r_upsizer.mi_register_slice_inst/r.r_pipe/s_ready_i_reg_0                       |
| g7        | 6     | BUFGCE/O        | None       |           0 |             298 |  298 |           0 |    0 |    0 |   0 |  0 |    0 |   0 |       0 | design_4_i/axi_interconnect_0/s02_couplers/auto_us/inst/gen_upsizer.gen_full_upsizer.axi_upsizer_inst/USE_READ.read_addr_inst/GEN_CMD_QUEUE.cmd_queue/USE_FF_OUT.USE_RTL_OUTPUT_PIPELINE.M_VALID_Q_reg_0[0] |
| g8        | 14    | BUFGCE/O        | None       |           0 |             790 |  790 |           0 |    0 |    0 |   0 |  0 |    0 |   0 |       0 | design_4_i/rst_ps8_1_149M/U0/peripheral_aresetn[0]                                                                                                                                                          |
+-----------+-------+-----------------+------------+-------------+-----------------+------+-------------+------+------+-----+----+------+-----+---------+-------------------------------------------------------------------------------------------------------------------------------------------------------------------------------------------------------------+
* Clock Loads column represents the clock pin loads (pin count)
** Non-Clock Loads column represents the non-clock pin loads (pin count)
*** Columns FF, LUTRAM, RAMB through 'Hard IP' represents load cell counts


19. Clock Region Cell Placement per Global Clock: Region X2Y0
-------------------------------------------------------------

+-----------+-------+-----------------+------------+-------------+-----------------+------+-------------+------+------+-----+----+------+-----+---------+-----------------------------------------------------------------------------------------------------------------------------------------------------------------------+
| Global Id | Track | Driver Type/Pin | Constraint | Clock Loads | Non-Clock Loads | FF   | Memory LUTs | RAMB | URAM | DSP | GT | MMCM | PLL | Hard IP | Net                                                                                                                                                                   |
+-----------+-------+-----------------+------------+-------------+-----------------+------+-------------+------+------+-----+----+------+-----+---------+-----------------------------------------------------------------------------------------------------------------------------------------------------------------------+
| g0        | 8     | BUFG_PS/O       | None       |        2107 |               0 | 2092 |           0 |   15 |    0 |   0 |  0 |    0 |   0 |       0 | design_4_i/zynq_ultra_ps_e_1/inst/pl_clk1                                                                                                                             |
| g1        | 20    | BUFGCE/O        | None       |           0 |             293 |  293 |           0 |    0 |    0 |   0 |  0 |    0 |   0 |       0 | design_4_i/axi_dma_0/U0/I_PRMRY_DATAMOVER/GEN_S2MM_FULL.I_S2MM_FULL_WRAPPER/GEN_ENABLE_INDET_BTT_SF.I_INDET_BTT/ENABLE_AXIS_SKID.I_INDET_BTT_SKID_BUF/sig_s_ready_dup |
| g2        | 2     | BUFGCE/O        | None       |           0 |             820 |  820 |           0 |    0 |    0 |   0 |  0 |    0 |   0 |       0 | design_4_i/axi_dma_0/U0/I_PRMRY_DATAMOVER/GEN_S2MM_FULL.I_S2MM_FULL_WRAPPER/I_RESET/sig_cmd_stat_rst_user_reg_n_cdc_from                                              |
| g3        | 4     | BUFGCE/O        | None       |           0 |             216 |  216 |           0 |    0 |    0 |   0 |  0 |    0 |   0 |       0 | design_4_i/axi_dma_0/U0/I_PRMRY_DATAMOVER/GEN_S2MM_FULL.I_S2MM_FULL_WRAPPER/I_S2MM_MMAP_SKID_BUF/sig_data_reg_out[1023]_i_1__1_n_0                                    |
| g4        | 0     | BUFGCE/O        | None       |           0 |             216 |  216 |           0 |    0 |    0 |   0 |  0 |    0 |   0 |       0 | design_4_i/axi_dma_0/U0/I_PRMRY_DATAMOVER/GEN_S2MM_FULL.I_S2MM_FULL_WRAPPER/I_S2MM_MMAP_SKID_BUF/sig_s_ready_dup                                                      |
| g5        | 3     | BUFGCE/O        | None       |           0 |             293 |  293 |           0 |    0 |    0 |   0 |  0 |    0 |   0 |       0 | design_4_i/axi_dma_0/U0/I_PRMRY_DATAMOVER/GEN_S2MM_FULL.I_S2MM_FULL_WRAPPER/I_WR_DATA_CNTL/sig_m_valid_dup_reg[0]                                                     |
| g8        | 14    | BUFGCE/O        | None       |           0 |             161 |  161 |           0 |    0 |    0 |   0 |  0 |    0 |   0 |       0 | design_4_i/rst_ps8_1_149M/U0/peripheral_aresetn[0]                                                                                                                    |
+-----------+-------+-----------------+------------+-------------+-----------------+------+-------------+------+------+-----+----+------+-----+---------+-----------------------------------------------------------------------------------------------------------------------------------------------------------------------+
* Clock Loads column represents the clock pin loads (pin count)
** Non-Clock Loads column represents the non-clock pin loads (pin count)
*** Columns FF, LUTRAM, RAMB through 'Hard IP' represents load cell counts


20. Clock Region Cell Placement per Global Clock: Region X0Y1
-------------------------------------------------------------

+-----------+-------+-----------------+------------+-------------+-----------------+------+-------------+------+------+-----+----+------+-----+---------+-----------------------------------------------------------------------------------------------------------------------------------------------------------------------+
| Global Id | Track | Driver Type/Pin | Constraint | Clock Loads | Non-Clock Loads | FF   | Memory LUTs | RAMB | URAM | DSP | GT | MMCM | PLL | Hard IP | Net                                                                                                                                                                   |
+-----------+-------+-----------------+------------+-------------+-----------------+------+-------------+------+------+-----+----+------+-----+---------+-----------------------------------------------------------------------------------------------------------------------------------------------------------------------+
| g0        | 8     | BUFG_PS/O       | None       |        2757 |               0 | 2724 |          32 |    0 |    0 |   0 |  0 |    0 |   0 |       0 | design_4_i/zynq_ultra_ps_e_1/inst/pl_clk1                                                                                                                             |
| g1        | 20    | BUFGCE/O        | None       |           0 |             197 |  197 |           0 |    0 |    0 |   0 |  0 |    0 |   0 |       0 | design_4_i/axi_dma_0/U0/I_PRMRY_DATAMOVER/GEN_S2MM_FULL.I_S2MM_FULL_WRAPPER/GEN_ENABLE_INDET_BTT_SF.I_INDET_BTT/ENABLE_AXIS_SKID.I_INDET_BTT_SKID_BUF/sig_s_ready_dup |
| g2        | 2     | BUFGCE/O        | None       |           0 |             394 |  394 |           0 |    0 |    0 |   0 |  0 |    0 |   0 |       0 | design_4_i/axi_dma_0/U0/I_PRMRY_DATAMOVER/GEN_S2MM_FULL.I_S2MM_FULL_WRAPPER/I_RESET/sig_cmd_stat_rst_user_reg_n_cdc_from                                              |
| g3        | 4     | BUFGCE/O        | None       |           0 |             190 |  190 |           0 |    0 |    0 |   0 |  0 |    0 |   0 |       0 | design_4_i/axi_dma_0/U0/I_PRMRY_DATAMOVER/GEN_S2MM_FULL.I_S2MM_FULL_WRAPPER/I_S2MM_MMAP_SKID_BUF/sig_data_reg_out[1023]_i_1__1_n_0                                    |
| g4        | 0     | BUFGCE/O        | None       |           0 |             190 |  190 |           0 |    0 |    0 |   0 |  0 |    0 |   0 |       0 | design_4_i/axi_dma_0/U0/I_PRMRY_DATAMOVER/GEN_S2MM_FULL.I_S2MM_FULL_WRAPPER/I_S2MM_MMAP_SKID_BUF/sig_s_ready_dup                                                      |
| g5        | 3     | BUFGCE/O        | None       |           0 |             197 |  197 |           0 |    0 |    0 |   0 |  0 |    0 |   0 |       0 | design_4_i/axi_dma_0/U0/I_PRMRY_DATAMOVER/GEN_S2MM_FULL.I_S2MM_FULL_WRAPPER/I_WR_DATA_CNTL/sig_m_valid_dup_reg[0]                                                     |
| g8        | 14    | BUFGCE/O        | None       |           0 |             262 |  262 |           0 |    0 |    0 |   0 |  0 |    0 |   0 |       0 | design_4_i/rst_ps8_1_149M/U0/peripheral_aresetn[0]                                                                                                                    |
+-----------+-------+-----------------+------------+-------------+-----------------+------+-------------+------+------+-----+----+------+-----+---------+-----------------------------------------------------------------------------------------------------------------------------------------------------------------------+
* Clock Loads column represents the clock pin loads (pin count)
** Non-Clock Loads column represents the non-clock pin loads (pin count)
*** Columns FF, LUTRAM, RAMB through 'Hard IP' represents load cell counts


21. Clock Region Cell Placement per Global Clock: Region X1Y1
-------------------------------------------------------------

+-----------+-------+-----------------+------------+-------------+-----------------+------+-------------+------+------+-----+----+------+-----+---------+-------------------------------------------------------------------------------------------------------------------------------------------------------------------------------------------------------------+
| Global Id | Track | Driver Type/Pin | Constraint | Clock Loads | Non-Clock Loads | FF   | Memory LUTs | RAMB | URAM | DSP | GT | MMCM | PLL | Hard IP | Net                                                                                                                                                                                                         |
+-----------+-------+-----------------+------------+-------------+-----------------+------+-------------+------+------+-----+----+------+-----+---------+-------------------------------------------------------------------------------------------------------------------------------------------------------------------------------------------------------------+
| g0        | 8     | BUFG_PS/O       | None       |        3592 |               0 | 3585 |           0 |    7 |    0 |   0 |  0 |    0 |   0 |       0 | design_4_i/zynq_ultra_ps_e_1/inst/pl_clk1                                                                                                                                                                   |
| g1        | 20    | BUFGCE/O        | None       |           0 |              54 |   54 |           0 |    0 |    0 |   0 |  0 |    0 |   0 |       0 | design_4_i/axi_dma_0/U0/I_PRMRY_DATAMOVER/GEN_S2MM_FULL.I_S2MM_FULL_WRAPPER/GEN_ENABLE_INDET_BTT_SF.I_INDET_BTT/ENABLE_AXIS_SKID.I_INDET_BTT_SKID_BUF/sig_s_ready_dup                                       |
| g2        | 2     | BUFGCE/O        | None       |           0 |             108 |  108 |           0 |    0 |    0 |   0 |  0 |    0 |   0 |       0 | design_4_i/axi_dma_0/U0/I_PRMRY_DATAMOVER/GEN_S2MM_FULL.I_S2MM_FULL_WRAPPER/I_RESET/sig_cmd_stat_rst_user_reg_n_cdc_from                                                                                    |
| g3        | 4     | BUFGCE/O        | None       |           0 |              25 |   25 |           0 |    0 |    0 |   0 |  0 |    0 |   0 |       0 | design_4_i/axi_dma_0/U0/I_PRMRY_DATAMOVER/GEN_S2MM_FULL.I_S2MM_FULL_WRAPPER/I_S2MM_MMAP_SKID_BUF/sig_data_reg_out[1023]_i_1__1_n_0                                                                          |
| g4        | 0     | BUFGCE/O        | None       |           0 |              25 |   25 |           0 |    0 |    0 |   0 |  0 |    0 |   0 |       0 | design_4_i/axi_dma_0/U0/I_PRMRY_DATAMOVER/GEN_S2MM_FULL.I_S2MM_FULL_WRAPPER/I_S2MM_MMAP_SKID_BUF/sig_s_ready_dup                                                                                            |
| g5        | 3     | BUFGCE/O        | None       |           0 |              54 |   54 |           0 |    0 |    0 |   0 |  0 |    0 |   0 |       0 | design_4_i/axi_dma_0/U0/I_PRMRY_DATAMOVER/GEN_S2MM_FULL.I_S2MM_FULL_WRAPPER/I_WR_DATA_CNTL/sig_m_valid_dup_reg[0]                                                                                           |
| g6+       | 1     | BUFGCE/O        | None       |           0 |               0 |    0 |           0 |    0 |    0 |   0 |  0 |    0 |   0 |       0 | design_4_i/axi_interconnect_0/s02_couplers/auto_us/inst/gen_upsizer.gen_full_upsizer.axi_upsizer_inst/USE_READ.gen_non_fifo_r_upsizer.mi_register_slice_inst/r.r_pipe/s_ready_i_reg_0                       |
| g7+       | 6     | BUFGCE/O        | None       |           0 |               0 |    0 |           0 |    0 |    0 |   0 |  0 |    0 |   0 |       0 | design_4_i/axi_interconnect_0/s02_couplers/auto_us/inst/gen_upsizer.gen_full_upsizer.axi_upsizer_inst/USE_READ.read_addr_inst/GEN_CMD_QUEUE.cmd_queue/USE_FF_OUT.USE_RTL_OUTPUT_PIPELINE.M_VALID_Q_reg_0[0] |
| g8        | 14    | BUFGCE/O        | None       |           0 |              13 |   13 |           0 |    0 |    0 |   0 |  0 |    0 |   0 |       0 | design_4_i/rst_ps8_1_149M/U0/peripheral_aresetn[0]                                                                                                                                                          |
+-----------+-------+-----------------+------------+-------------+-----------------+------+-------------+------+------+-----+----+------+-----+---------+-------------------------------------------------------------------------------------------------------------------------------------------------------------------------------------------------------------+
* Clock Loads column represents the clock pin loads (pin count)
** Non-Clock Loads column represents the non-clock pin loads (pin count)
*** Columns FF, LUTRAM, RAMB through 'Hard IP' represents load cell counts
**** In Global Id column, sympbol '+' indicates that global clock was used only to route through the clock region.


22. Clock Region Cell Placement per Global Clock: Region X2Y1
-------------------------------------------------------------

+-----------+-------+-----------------+------------+-------------+-----------------+------+-------------+------+------+-----+----+------+-----+---------+-----------------------------------------------------------------------------------------------------------------------------------------------------------------------+
| Global Id | Track | Driver Type/Pin | Constraint | Clock Loads | Non-Clock Loads | FF   | Memory LUTs | RAMB | URAM | DSP | GT | MMCM | PLL | Hard IP | Net                                                                                                                                                                   |
+-----------+-------+-----------------+------------+-------------+-----------------+------+-------------+------+------+-----+----+------+-----+---------+-----------------------------------------------------------------------------------------------------------------------------------------------------------------------+
| g0        | 8     | BUFG_PS/O       | None       |        2685 |               0 | 2683 |           0 |    2 |    0 |   0 |  0 |    0 |   0 |       0 | design_4_i/zynq_ultra_ps_e_1/inst/pl_clk1                                                                                                                             |
| g1        | 20    | BUFGCE/O        | None       |           0 |              25 |   25 |           0 |    0 |    0 |   0 |  0 |    0 |   0 |       0 | design_4_i/axi_dma_0/U0/I_PRMRY_DATAMOVER/GEN_S2MM_FULL.I_S2MM_FULL_WRAPPER/GEN_ENABLE_INDET_BTT_SF.I_INDET_BTT/ENABLE_AXIS_SKID.I_INDET_BTT_SKID_BUF/sig_s_ready_dup |
| g2        | 2     | BUFGCE/O        | None       |           0 |             163 |  163 |           0 |    0 |    0 |   0 |  0 |    0 |   0 |       0 | design_4_i/axi_dma_0/U0/I_PRMRY_DATAMOVER/GEN_S2MM_FULL.I_S2MM_FULL_WRAPPER/I_RESET/sig_cmd_stat_rst_user_reg_n_cdc_from                                              |
| g5        | 3     | BUFGCE/O        | None       |           0 |              25 |   25 |           0 |    0 |    0 |   0 |  0 |    0 |   0 |       0 | design_4_i/axi_dma_0/U0/I_PRMRY_DATAMOVER/GEN_S2MM_FULL.I_S2MM_FULL_WRAPPER/I_WR_DATA_CNTL/sig_m_valid_dup_reg[0]                                                     |
| g8        | 14    | BUFGCE/O        | None       |           0 |             158 |  158 |           0 |    0 |    0 |   0 |  0 |    0 |   0 |       0 | design_4_i/rst_ps8_1_149M/U0/peripheral_aresetn[0]                                                                                                                    |
+-----------+-------+-----------------+------------+-------------+-----------------+------+-------------+------+------+-----+----+------+-----+---------+-----------------------------------------------------------------------------------------------------------------------------------------------------------------------+
* Clock Loads column represents the clock pin loads (pin count)
** Non-Clock Loads column represents the non-clock pin loads (pin count)
*** Columns FF, LUTRAM, RAMB through 'Hard IP' represents load cell counts


23. Clock Region Cell Placement per Global Clock: Region X0Y2
-------------------------------------------------------------

+-----------+-------+-----------------+------------+-------------+-----------------+------+-------------+------+------+-----+----+------+-----+---------+----------------------------------------------------+
| Global Id | Track | Driver Type/Pin | Constraint | Clock Loads | Non-Clock Loads | FF   | Memory LUTs | RAMB | URAM | DSP | GT | MMCM | PLL | Hard IP | Net                                                |
+-----------+-------+-----------------+------------+-------------+-----------------+------+-------------+------+------+-----+----+------+-----+---------+----------------------------------------------------+
| g0        | 8     | BUFG_PS/O       | None       |        1628 |               0 | 1524 |         104 |    0 |    0 |   0 |  0 |    0 |   0 |       0 | design_4_i/zynq_ultra_ps_e_1/inst/pl_clk1          |
| g8        | 14    | BUFGCE/O        | None       |           0 |             458 |  458 |           0 |    0 |    0 |   0 |  0 |    0 |   0 |       0 | design_4_i/rst_ps8_1_149M/U0/peripheral_aresetn[0] |
+-----------+-------+-----------------+------------+-------------+-----------------+------+-------------+------+------+-----+----+------+-----+---------+----------------------------------------------------+
* Clock Loads column represents the clock pin loads (pin count)
** Non-Clock Loads column represents the non-clock pin loads (pin count)
*** Columns FF, LUTRAM, RAMB through 'Hard IP' represents load cell counts


24. Clock Region Cell Placement per Global Clock: Region X1Y2
-------------------------------------------------------------

+-----------+-------+-----------------+------------+-------------+-----------------+-----+-------------+------+------+-----+----+------+-----+---------+----------------------------------------------------+
| Global Id | Track | Driver Type/Pin | Constraint | Clock Loads | Non-Clock Loads | FF  | Memory LUTs | RAMB | URAM | DSP | GT | MMCM | PLL | Hard IP | Net                                                |
+-----------+-------+-----------------+------------+-------------+-----------------+-----+-------------+------+------+-----+----+------+-----+---------+----------------------------------------------------+
| g0        | 8     | BUFG_PS/O       | None       |         281 |               0 | 281 |           0 |    0 |    0 |   0 |  0 |    0 |   0 |       0 | design_4_i/zynq_ultra_ps_e_1/inst/pl_clk1          |
| g8+       | 14    | BUFGCE/O        | None       |           0 |               0 |   0 |           0 |    0 |    0 |   0 |  0 |    0 |   0 |       0 | design_4_i/rst_ps8_1_149M/U0/peripheral_aresetn[0] |
+-----------+-------+-----------------+------------+-------------+-----------------+-----+-------------+------+------+-----+----+------+-----+---------+----------------------------------------------------+
* Clock Loads column represents the clock pin loads (pin count)
** Non-Clock Loads column represents the non-clock pin loads (pin count)
*** Columns FF, LUTRAM, RAMB through 'Hard IP' represents load cell counts
**** In Global Id column, sympbol '+' indicates that global clock was used only to route through the clock region.


25. Clock Region Cell Placement per Global Clock: Region X2Y2
-------------------------------------------------------------

+-----------+-------+-----------------+------------+-------------+-----------------+------+-------------+------+------+-----+----+------+-----+---------+----------------------------------------------------+
| Global Id | Track | Driver Type/Pin | Constraint | Clock Loads | Non-Clock Loads | FF   | Memory LUTs | RAMB | URAM | DSP | GT | MMCM | PLL | Hard IP | Net                                                |
+-----------+-------+-----------------+------------+-------------+-----------------+------+-------------+------+------+-----+----+------+-----+---------+----------------------------------------------------+
| g0        | 8     | BUFG_PS/O       | None       |        3105 |               0 | 3105 |           0 |    0 |    0 |   0 |  0 |    0 |   0 |       0 | design_4_i/zynq_ultra_ps_e_1/inst/pl_clk1          |
| g8        | 14    | BUFGCE/O        | None       |           0 |              16 |   16 |           0 |    0 |    0 |   0 |  0 |    0 |   0 |       0 | design_4_i/rst_ps8_1_149M/U0/peripheral_aresetn[0] |
+-----------+-------+-----------------+------------+-------------+-----------------+------+-------------+------+------+-----+----+------+-----+---------+----------------------------------------------------+
* Clock Loads column represents the clock pin loads (pin count)
** Non-Clock Loads column represents the non-clock pin loads (pin count)
*** Columns FF, LUTRAM, RAMB through 'Hard IP' represents load cell counts


