

================================================================
== Vivado HLS Report for 'sha256d'
================================================================
* Date:           Sat Jul 27 19:42:15 2024

* Version:        2020.1 (Build 2897737 on Wed May 27 20:21:37 MDT 2020)
* Project:        sha256d
* Solution:       solution4
* Product family: zynquplus
* Target device:  xqzu5ev-ffrb900-1-i


================================================================
== Performance Estimates
================================================================
+ Timing: 
    * Summary: 
    +--------+----------+----------+------------+
    |  Clock |  Target  | Estimated| Uncertainty|
    +--------+----------+----------+------------+
    |ap_clk  | 10.00 ns | 8.595 ns |   1.25 ns  |
    +--------+----------+----------+------------+

+ Latency: 
    * Summary: 
    +---------+---------+----------+----------+-----+-----+---------+
    |  Latency (cycles) |  Latency (absolute) |  Interval | Pipeline|
    |   min   |   max   |    min   |    max   | min | max |   Type  |
    +---------+---------+----------+----------+-----+-----+---------+
    |      271|      271| 2.710 us | 2.710 us |  271|  271|   none  |
    +---------+---------+----------+----------+-----+-----+---------+

    + Detail: 
        * Instance: 
        N/A

        * Loop: 
        +-------------+---------+---------+----------+-----------+-----------+------+----------+
        |             |  Latency (cycles) | Iteration|  Initiation Interval  | Trip |          |
        |  Loop Name  |   min   |   max   |  Latency |  achieved |   target  | Count| Pipelined|
        +-------------+---------+---------+----------+-----------+-----------+------+----------+
        |- Transfrom  |      198|      198|        99|          -|          -|     2|    no    |
        | + Updates   |       65|       65|         2|          1|          1|    64|    yes   |
        |- Updates_2  |       65|       65|         2|          1|          1|    64|    yes   |
        +-------------+---------+---------+----------+-----------+-----------+------+----------+



================================================================
== Utilization Estimates
================================================================
* Summary: 
+-----------------+---------+-------+--------+--------+-----+
|       Name      | BRAM_18K| DSP48E|   FF   |   LUT  | URAM|
+-----------------+---------+-------+--------+--------+-----+
|DSP              |        -|      -|       -|       -|    -|
|Expression       |        -|      -|       0|   22865|    -|
|FIFO             |        -|      -|       -|       -|    -|
|Instance         |        -|      -|       0|     273|    -|
|Memory           |        3|      -|       0|       0|    0|
|Multiplexer      |        -|      -|       -|    1137|    -|
|Register         |        -|      -|    6514|       -|    -|
+-----------------+---------+-------+--------+--------+-----+
|Total            |        3|      0|    6514|   24275|    0|
+-----------------+---------+-------+--------+--------+-----+
|Available        |      288|   1248|  234240|  117120|   64|
+-----------------+---------+-------+--------+--------+-----+
|Utilization (%)  |        1|      0|       2|      20|    0|
+-----------------+---------+-------+--------+--------+-----+

+ Detail: 
    * Instance: 
    +-------------------------+----------------------+---------+-------+---+-----+-----+
    |         Instance        |        Module        | BRAM_18K| DSP48E| FF| LUT | URAM|
    +-------------------------+----------------------+---------+-------+---+-----+-----+
    |sha256d_mux_646_3bkb_U1  |sha256d_mux_646_3bkb  |        0|      0|  0|  273|    0|
    +-------------------------+----------------------+---------+-------+---+-----+-----+
    |Total                    |                      |        0|      0|  0|  273|    0|
    +-------------------------+----------------------+---------+-------+---+-----+-----+

    * DSP48E: 
    N/A

    * Memory: 
    +-------+-------------+---------+---+----+-----+------+-----+------+-------------+
    | Memory|    Module   | BRAM_18K| FF| LUT| URAM| Words| Bits| Banks| W*Bits*Banks|
    +-------+-------------+---------+---+----+-----+------+-----+------+-------------+
    |K_V_U  |sha256d_K_V  |        1|  0|   0|    0|    64|   32|     1|         2048|
    |m_V_U  |sha256d_m_V  |        2|  0|   0|    0|    64|   32|     1|         2048|
    +-------+-------------+---------+---+----+-----+------+-----+------+-------------+
    |Total  |             |        3|  0|   0|    0|   128|   64|     2|         4096|
    +-------+-------------+---------+---+----+-----+------+-----+------+-------------+

    * FIFO: 
    N/A

    * Expression: 
    +-----------------------------+----------+-------+---+-----+------------+------------+
    |        Variable Name        | Operation| DSP48E| FF| LUT | Bitwidth P0| Bitwidth P1|
    +-----------------------------+----------+-------+---+-----+------------+------------+
    |a_V_1_fu_17233_p2            |     +    |      0|  0|   32|          32|          32|
    |a_V_2_fu_10629_p2            |     +    |      0|  0|   32|          32|          32|
    |add_ln209_100_fu_16466_p2    |     +    |      0|  0|   39|          32|          32|
    |add_ln209_102_fu_16547_p2    |     +    |      0|  0|   32|          32|          32|
    |add_ln209_103_fu_16551_p2    |     +    |      0|  0|   39|          32|          32|
    |add_ln209_105_fu_16632_p2    |     +    |      0|  0|   32|          32|          32|
    |add_ln209_106_fu_16636_p2    |     +    |      0|  0|   39|          32|          32|
    |add_ln209_108_fu_16717_p2    |     +    |      0|  0|   32|          32|          32|
    |add_ln209_109_fu_16722_p2    |     +    |      0|  0|   39|          32|          32|
    |add_ln209_10_fu_11455_p2     |     +    |      0|  0|   32|          32|          32|
    |add_ln209_111_fu_16803_p2    |     +    |      0|  0|   32|          32|          32|
    |add_ln209_112_fu_16122_p2    |     +    |      0|  0|   39|          32|          32|
    |add_ln209_114_fu_16884_p2    |     +    |      0|  0|   32|          32|          32|
    |add_ln209_115_fu_16198_p2    |     +    |      0|  0|   39|          32|          32|
    |add_ln209_117_fu_1969_p2     |     +    |      0|  0|   31|          24|          24|
    |add_ln209_118_fu_1979_p2     |     +    |      0|  0|   39|          32|          32|
    |add_ln209_119_fu_2129_p2     |     +    |      0|  0|   31|          24|          24|
    |add_ln209_120_fu_2139_p2     |     +    |      0|  0|   39|          32|          32|
    |add_ln209_121_fu_2311_p2     |     +    |      0|  0|   32|          32|          32|
    |add_ln209_122_fu_2317_p2     |     +    |      0|  0|   16|           9|           9|
    |add_ln209_123_fu_2327_p2     |     +    |      0|  0|   32|          32|          32|
    |add_ln209_124_fu_2499_p2     |     +    |      0|  0|   32|          32|          32|
    |add_ln209_125_fu_2505_p2     |     +    |      0|  0|   16|           9|           9|
    |add_ln209_126_fu_2515_p2     |     +    |      0|  0|   32|          32|          32|
    |add_ln209_127_fu_2687_p2     |     +    |      0|  0|   32|          32|          32|
    |add_ln209_128_fu_2693_p2     |     +    |      0|  0|   16|           9|           9|
    |add_ln209_129_fu_2703_p2     |     +    |      0|  0|   32|          32|          32|
    |add_ln209_130_fu_2875_p2     |     +    |      0|  0|   32|          32|          32|
    |add_ln209_131_fu_2881_p2     |     +    |      0|  0|   16|           9|           9|
    |add_ln209_132_fu_2891_p2     |     +    |      0|  0|   32|          32|          32|
    |add_ln209_133_fu_3063_p2     |     +    |      0|  0|   32|          32|          32|
    |add_ln209_134_fu_3069_p2     |     +    |      0|  0|   16|           9|           9|
    |add_ln209_135_fu_3079_p2     |     +    |      0|  0|   32|          32|          32|
    |add_ln209_136_fu_3251_p2     |     +    |      0|  0|   39|          32|          32|
    |add_ln209_137_fu_3257_p2     |     +    |      0|  0|   32|          32|          32|
    |add_ln209_138_fu_3263_p2     |     +    |      0|  0|   32|          32|          32|
    |add_ln209_139_fu_3435_p2     |     +    |      0|  0|   39|          32|          32|
    |add_ln209_140_fu_4919_p2     |     +    |      0|  0|   32|          32|          32|
    |add_ln209_141_fu_4923_p2     |     +    |      0|  0|   32|          32|          32|
    |add_ln209_142_fu_3607_p2     |     +    |      0|  0|   39|          32|          32|
    |add_ln209_143_fu_4928_p2     |     +    |      0|  0|   32|          32|          32|
    |add_ln209_144_fu_4932_p2     |     +    |      0|  0|   32|          32|          32|
    |add_ln209_145_fu_3709_p2     |     +    |      0|  0|   39|          32|          32|
    |add_ln209_146_fu_5007_p2     |     +    |      0|  0|   32|          32|          32|
    |add_ln209_147_fu_5012_p2     |     +    |      0|  0|   32|          32|          32|
    |add_ln209_148_fu_3811_p2     |     +    |      0|  0|   39|          32|          32|
    |add_ln209_149_fu_5087_p2     |     +    |      0|  0|   32|          32|          32|
    |add_ln209_150_fu_5092_p2     |     +    |      0|  0|   32|          32|          32|
    |add_ln209_151_fu_3913_p2     |     +    |      0|  0|   39|          32|          32|
    |add_ln209_152_fu_5167_p2     |     +    |      0|  0|   32|          32|          32|
    |add_ln209_153_fu_5172_p2     |     +    |      0|  0|   32|          32|          32|
    |add_ln209_154_fu_4015_p2     |     +    |      0|  0|   39|          32|          32|
    |add_ln209_155_fu_5247_p2     |     +    |      0|  0|   32|          32|          32|
    |add_ln209_156_fu_5252_p2     |     +    |      0|  0|   32|          32|          32|
    |add_ln209_157_fu_4117_p2     |     +    |      0|  0|   39|          32|          32|
    |add_ln209_158_fu_5327_p2     |     +    |      0|  0|   32|          32|          32|
    |add_ln209_159_fu_5332_p2     |     +    |      0|  0|   32|          32|          32|
    |add_ln209_160_fu_5472_p2     |     +    |      0|  0|   39|          32|          32|
    |add_ln209_161_fu_5478_p2     |     +    |      0|  0|   32|          32|          32|
    |add_ln209_162_fu_5483_p2     |     +    |      0|  0|   32|          32|          32|
    |add_ln209_163_fu_5624_p2     |     +    |      0|  0|   39|          32|          32|
    |add_ln209_164_fu_5630_p2     |     +    |      0|  0|   32|          32|          32|
    |add_ln209_165_fu_5635_p2     |     +    |      0|  0|   32|          32|          32|
    |add_ln209_166_fu_5776_p2     |     +    |      0|  0|   39|          32|          32|
    |add_ln209_167_fu_5782_p2     |     +    |      0|  0|   32|          32|          32|
    |add_ln209_168_fu_5787_p2     |     +    |      0|  0|   32|          32|          32|
    |add_ln209_169_fu_5928_p2     |     +    |      0|  0|   39|          32|          32|
    |add_ln209_170_fu_5934_p2     |     +    |      0|  0|   32|          32|          32|
    |add_ln209_171_fu_5939_p2     |     +    |      0|  0|   32|          32|          32|
    |add_ln209_172_fu_6080_p2     |     +    |      0|  0|   39|          32|          32|
    |add_ln209_173_fu_6086_p2     |     +    |      0|  0|   32|          32|          32|
    |add_ln209_174_fu_6091_p2     |     +    |      0|  0|   32|          32|          32|
    |add_ln209_175_fu_6606_p2     |     +    |      0|  0|   39|          32|          32|
    |add_ln209_176_fu_6681_p2     |     +    |      0|  0|   32|          32|          32|
    |add_ln209_177_fu_6685_p2     |     +    |      0|  0|   32|          32|          32|
    |add_ln209_178_fu_6676_p2     |     +    |      0|  0|   39|          32|          32|
    |add_ln209_179_fu_6690_p2     |     +    |      0|  0|   32|          32|          32|
    |add_ln209_180_fu_6694_p2     |     +    |      0|  0|   32|          32|          32|
    |add_ln209_181_fu_6834_p2     |     +    |      0|  0|   39|          32|          32|
    |add_ln209_182_fu_6839_p2     |     +    |      0|  0|   32|          32|          32|
    |add_ln209_183_fu_6844_p2     |     +    |      0|  0|   32|          32|          32|
    |add_ln209_184_fu_6307_p2     |     +    |      0|  0|   39|          32|          32|
    |add_ln209_185_fu_6920_p2     |     +    |      0|  0|   32|          32|          32|
    |add_ln209_186_fu_6925_p2     |     +    |      0|  0|   32|          32|          32|
    |add_ln209_187_fu_6383_p2     |     +    |      0|  0|   39|          32|          32|
    |add_ln209_188_fu_7000_p2     |     +    |      0|  0|   32|          32|          32|
    |add_ln209_189_fu_7005_p2     |     +    |      0|  0|   32|          32|          32|
    |add_ln209_190_fu_6459_p2     |     +    |      0|  0|   39|          32|          32|
    |add_ln209_191_fu_7080_p2     |     +    |      0|  0|   32|          32|          32|
    |add_ln209_192_fu_7085_p2     |     +    |      0|  0|   32|          32|          32|
    |add_ln209_193_fu_6535_p2     |     +    |      0|  0|   39|          32|          32|
    |add_ln209_194_fu_7160_p2     |     +    |      0|  0|   32|          32|          32|
    |add_ln209_195_fu_7165_p2     |     +    |      0|  0|   32|          32|          32|
    |add_ln209_196_fu_7305_p2     |     +    |      0|  0|   39|          32|          32|
    |add_ln209_197_fu_7311_p2     |     +    |      0|  0|   32|          32|          32|
    |add_ln209_198_fu_7316_p2     |     +    |      0|  0|   32|          32|          32|
    |add_ln209_199_fu_7457_p2     |     +    |      0|  0|   39|          32|          32|
    |add_ln209_19_fu_12981_p2     |     +    |      0|  0|   32|          32|          32|
    |add_ln209_200_fu_7463_p2     |     +    |      0|  0|   32|          32|          32|
    |add_ln209_201_fu_7468_p2     |     +    |      0|  0|   32|          32|          32|
    |add_ln209_202_fu_7609_p2     |     +    |      0|  0|   39|          32|          32|
    |add_ln209_203_fu_7615_p2     |     +    |      0|  0|   32|          32|          32|
    |add_ln209_204_fu_7620_p2     |     +    |      0|  0|   32|          32|          32|
    |add_ln209_205_fu_7761_p2     |     +    |      0|  0|   39|          32|          32|
    |add_ln209_206_fu_7767_p2     |     +    |      0|  0|   32|          32|          32|
    |add_ln209_207_fu_7772_p2     |     +    |      0|  0|   32|          32|          32|
    |add_ln209_208_fu_7913_p2     |     +    |      0|  0|   39|          32|          32|
    |add_ln209_209_fu_7919_p2     |     +    |      0|  0|   32|          32|          32|
    |add_ln209_210_fu_7924_p2     |     +    |      0|  0|   32|          32|          32|
    |add_ln209_211_fu_8509_p2     |     +    |      0|  0|   39|          32|          32|
    |add_ln209_212_fu_8514_p2     |     +    |      0|  0|   32|          32|          32|
    |add_ln209_213_fu_8518_p2     |     +    |      0|  0|   32|          32|          32|
    |add_ln209_214_fu_8589_p2     |     +    |      0|  0|   39|          32|          32|
    |add_ln209_215_fu_8594_p2     |     +    |      0|  0|   32|          32|          32|
    |add_ln209_216_fu_8598_p2     |     +    |      0|  0|   32|          32|          32|
    |add_ln209_217_fu_8739_p2     |     +    |      0|  0|   39|          32|          32|
    |add_ln209_218_fu_8744_p2     |     +    |      0|  0|   32|          32|          32|
    |add_ln209_219_fu_8749_p2     |     +    |      0|  0|   32|          32|          32|
    |add_ln209_21_fu_12990_p2     |     +    |      0|  0|   32|          32|          32|
    |add_ln209_220_fu_8140_p2     |     +    |      0|  0|   39|          32|          32|
    |add_ln209_221_fu_8825_p2     |     +    |      0|  0|   32|          32|          32|
    |add_ln209_222_fu_8830_p2     |     +    |      0|  0|   32|          32|          32|
    |add_ln209_223_fu_8216_p2     |     +    |      0|  0|   39|          32|          32|
    |add_ln209_224_fu_8905_p2     |     +    |      0|  0|   32|          32|          32|
    |add_ln209_225_fu_8910_p2     |     +    |      0|  0|   32|          32|          32|
    |add_ln209_226_fu_8292_p2     |     +    |      0|  0|   39|          32|          32|
    |add_ln209_227_fu_8985_p2     |     +    |      0|  0|   32|          32|          32|
    |add_ln209_228_fu_8990_p2     |     +    |      0|  0|   32|          32|          32|
    |add_ln209_229_fu_8368_p2     |     +    |      0|  0|   39|          32|          32|
    |add_ln209_22_fu_12136_p2     |     +    |      0|  0|   39|          32|          32|
    |add_ln209_230_fu_9205_p2     |     +    |      0|  0|   32|          32|          32|
    |add_ln209_231_fu_9209_p2     |     +    |      0|  0|   32|          32|          32|
    |add_ln209_232_fu_9349_p2     |     +    |      0|  0|   39|          32|          32|
    |add_ln209_233_fu_9354_p2     |     +    |      0|  0|   32|          32|          32|
    |add_ln209_234_fu_9358_p2     |     +    |      0|  0|   32|          32|          32|
    |add_ln209_235_fu_9429_p2     |     +    |      0|  0|   39|          32|          32|
    |add_ln209_236_fu_9434_p2     |     +    |      0|  0|   32|          32|          32|
    |add_ln209_237_fu_9438_p2     |     +    |      0|  0|   32|          32|          32|
    |add_ln209_238_fu_9579_p2     |     +    |      0|  0|   39|          32|          32|
    |add_ln209_239_fu_9584_p2     |     +    |      0|  0|   32|          32|          32|
    |add_ln209_240_fu_9589_p2     |     +    |      0|  0|   32|          32|          32|
    |add_ln209_241_fu_9730_p2     |     +    |      0|  0|   39|          32|          32|
    |add_ln209_242_fu_9735_p2     |     +    |      0|  0|   32|          32|          32|
    |add_ln209_243_fu_9740_p2     |     +    |      0|  0|   32|          32|          32|
    |add_ln209_244_fu_9881_p2     |     +    |      0|  0|   39|          32|          32|
    |add_ln209_245_fu_9886_p2     |     +    |      0|  0|   32|          32|          32|
    |add_ln209_246_fu_9891_p2     |     +    |      0|  0|   32|          32|          32|
    |add_ln209_247_fu_10032_p2    |     +    |      0|  0|   39|          32|          32|
    |add_ln209_248_fu_10037_p2    |     +    |      0|  0|   32|          32|          32|
    |add_ln209_249_fu_10042_p2    |     +    |      0|  0|   32|          32|          32|
    |add_ln209_24_fu_13069_p2     |     +    |      0|  0|   32|          32|          32|
    |add_ln209_250_fu_10183_p2    |     +    |      0|  0|   39|          32|          32|
    |add_ln209_251_fu_10188_p2    |     +    |      0|  0|   32|          32|          32|
    |add_ln209_252_fu_10193_p2    |     +    |      0|  0|   32|          32|          32|
    |add_ln209_253_fu_10269_p2    |     +    |      0|  0|   39|          32|          32|
    |add_ln209_254_fu_10275_p2    |     +    |      0|  0|   32|          32|          32|
    |add_ln209_255_fu_10279_p2    |     +    |      0|  0|   32|          32|          32|
    |add_ln209_256_fu_10355_p2    |     +    |      0|  0|   39|          32|          32|
    |add_ln209_257_fu_10361_p2    |     +    |      0|  0|   32|          32|          32|
    |add_ln209_258_fu_10365_p2    |     +    |      0|  0|   32|          32|          32|
    |add_ln209_259_fu_17096_p2    |     +    |      0|  0|   32|          32|          32|
    |add_ln209_25_fu_13073_p2     |     +    |      0|  0|   39|          32|          32|
    |add_ln209_260_fu_17102_p2    |     +    |      0|  0|   32|          32|          32|
    |add_ln209_261_fu_17107_p2    |     +    |      0|  0|   32|          32|          32|
    |add_ln209_264_fu_17227_p2    |     +    |      0|  0|   32|          32|          32|
    |add_ln209_266_fu_10491_p2    |     +    |      0|  0|   32|          32|          32|
    |add_ln209_267_fu_10497_p2    |     +    |      0|  0|   32|          32|          32|
    |add_ln209_268_fu_10503_p2    |     +    |      0|  0|   32|          32|          32|
    |add_ln209_271_fu_10623_p2    |     +    |      0|  0|   32|          32|          32|
    |add_ln209_27_fu_13154_p2     |     +    |      0|  0|   32|          32|          32|
    |add_ln209_28_fu_13158_p2     |     +    |      0|  0|   39|          32|          32|
    |add_ln209_2_fu_10911_p2      |     +    |      0|  0|   32|          32|          32|
    |add_ln209_30_fu_13239_p2     |     +    |      0|  0|   32|          32|          32|
    |add_ln209_31_fu_13243_p2     |     +    |      0|  0|   39|          32|          32|
    |add_ln209_33_fu_13324_p2     |     +    |      0|  0|   32|          32|          32|
    |add_ln209_34_fu_13328_p2     |     +    |      0|  0|   39|          32|          32|
    |add_ln209_36_fu_13409_p2     |     +    |      0|  0|   32|          32|          32|
    |add_ln209_37_fu_13413_p2     |     +    |      0|  0|   39|          32|          32|
    |add_ln209_39_fu_14064_p2     |     +    |      0|  0|   32|          32|          32|
    |add_ln209_40_fu_13494_p2     |     +    |      0|  0|   39|          32|          32|
    |add_ln209_42_fu_14073_p2     |     +    |      0|  0|   32|          32|          32|
    |add_ln209_43_fu_13569_p2     |     +    |      0|  0|   39|          32|          32|
    |add_ln209_45_fu_14152_p2     |     +    |      0|  0|   32|          32|          32|
    |add_ln209_46_fu_14156_p2     |     +    |      0|  0|   39|          32|          32|
    |add_ln209_48_fu_14237_p2     |     +    |      0|  0|   32|          32|          32|
    |add_ln209_49_fu_14241_p2     |     +    |      0|  0|   39|          32|          32|
    |add_ln209_4_fu_11018_p2      |     +    |      0|  0|   32|          32|          32|
    |add_ln209_51_fu_14322_p2     |     +    |      0|  0|   32|          32|          32|
    |add_ln209_52_fu_14326_p2     |     +    |      0|  0|   39|          32|          32|
    |add_ln209_54_fu_14407_p2     |     +    |      0|  0|   32|          32|          32|
    |add_ln209_55_fu_14411_p2     |     +    |      0|  0|   39|          32|          32|
    |add_ln209_57_fu_14492_p2     |     +    |      0|  0|   32|          32|          32|
    |add_ln209_58_fu_14496_p2     |     +    |      0|  0|   39|          32|          32|
    |add_ln209_60_fu_14577_p2     |     +    |      0|  0|   32|          32|          32|
    |add_ln209_61_fu_14582_p2     |     +    |      0|  0|   39|          32|          32|
    |add_ln209_63_fu_15303_p2     |     +    |      0|  0|   32|          32|          32|
    |add_ln209_64_fu_14663_p2     |     +    |      0|  0|   39|          32|          32|
    |add_ln209_66_fu_15312_p2     |     +    |      0|  0|   32|          32|          32|
    |add_ln209_67_fu_14738_p2     |     +    |      0|  0|   39|          32|          32|
    |add_ln209_69_fu_15391_p2     |     +    |      0|  0|   32|          32|          32|
    |add_ln209_6_fu_11195_p2      |     +    |      0|  0|   32|          32|          32|
    |add_ln209_70_fu_15395_p2     |     +    |      0|  0|   39|          32|          32|
    |add_ln209_72_fu_15476_p2     |     +    |      0|  0|   32|          32|          32|
    |add_ln209_73_fu_15480_p2     |     +    |      0|  0|   39|          32|          32|
    |add_ln209_75_fu_15561_p2     |     +    |      0|  0|   32|          32|          32|
    |add_ln209_76_fu_15565_p2     |     +    |      0|  0|   39|          32|          32|
    |add_ln209_78_fu_15646_p2     |     +    |      0|  0|   32|          32|          32|
    |add_ln209_79_fu_15650_p2     |     +    |      0|  0|   39|          32|          32|
    |add_ln209_81_fu_15731_p2     |     +    |      0|  0|   32|          32|          32|
    |add_ln209_82_fu_15735_p2     |     +    |      0|  0|   39|          32|          32|
    |add_ln209_84_fu_15816_p2     |     +    |      0|  0|   32|          32|          32|
    |add_ln209_85_fu_15821_p2     |     +    |      0|  0|   39|          32|          32|
    |add_ln209_87_fu_16204_p2     |     +    |      0|  0|   32|          32|          32|
    |add_ln209_88_fu_15902_p2     |     +    |      0|  0|   39|          32|          32|
    |add_ln209_8_fu_11373_p2      |     +    |      0|  0|   32|          32|          32|
    |add_ln209_90_fu_16213_p2     |     +    |      0|  0|   32|          32|          32|
    |add_ln209_91_fu_15977_p2     |     +    |      0|  0|   39|          32|          32|
    |add_ln209_93_fu_16292_p2     |     +    |      0|  0|   32|          32|          32|
    |add_ln209_94_fu_16296_p2     |     +    |      0|  0|   39|          32|          32|
    |add_ln209_96_fu_16377_p2     |     +    |      0|  0|   32|          32|          32|
    |add_ln209_97_fu_16381_p2     |     +    |      0|  0|   39|          32|          32|
    |add_ln209_99_fu_16462_p2     |     +    |      0|  0|   32|          32|          32|
    |add_ln209_fu_4505_p2         |     +    |      0|  0|   32|          32|          32|
    |add_ln72_1_fu_10753_p2       |     +    |      0|  0|   15|           8|           8|
    |add_ln72_2_fu_10759_p2       |     +    |      0|  0|   15|           8|           8|
    |add_ln72_3_fu_10765_p2       |     +    |      0|  0|   15|           8|           8|
    |add_ln72_4_fu_10771_p2       |     +    |      0|  0|   15|           8|           8|
    |add_ln72_5_fu_10777_p2       |     +    |      0|  0|   15|           8|           8|
    |add_ln72_6_fu_10783_p2       |     +    |      0|  0|   15|           8|           8|
    |add_ln72_7_fu_10789_p2       |     +    |      0|  0|   15|           8|           8|
    |add_ln72_fu_10747_p2         |     +    |      0|  0|   15|           8|           8|
    |e_V_1_fu_17221_p2            |     +    |      0|  0|   39|          32|          32|
    |e_V_2_fu_10617_p2            |     +    |      0|  0|   39|          32|          32|
    |i_V_1_fu_10377_p2            |     +    |      0|  0|   15|           7|           1|
    |i_V_fu_16901_p2              |     +    |      0|  0|   15|           7|           1|
    |m_16_V_fu_4231_p2            |     +    |      0|  0|   39|          32|          32|
    |m_17_V_fu_4333_p2            |     +    |      0|  0|   39|          32|          32|
    |m_18_V_fu_4511_p2            |     +    |      0|  0|   32|          32|          32|
    |m_19_V_fu_10916_p2           |     +    |      0|  0|   32|          32|          32|
    |m_20_V_fu_11023_p2           |     +    |      0|  0|   32|          32|          32|
    |m_21_V_fu_11201_p2           |     +    |      0|  0|   32|          32|          32|
    |m_22_V_fu_11379_p2           |     +    |      0|  0|   32|          32|          32|
    |m_23_V_fu_11460_p2           |     +    |      0|  0|   32|          32|          32|
    |m_24_V_fu_11536_p2           |     +    |      0|  0|   39|          32|          32|
    |m_25_V_fu_11611_p2           |     +    |      0|  0|   39|          32|          32|
    |m_26_V_fu_11686_p2           |     +    |      0|  0|   39|          32|          32|
    |m_27_V_fu_11762_p2           |     +    |      0|  0|   39|          32|          32|
    |m_28_V_fu_11838_p2           |     +    |      0|  0|   39|          32|          32|
    |m_29_V_fu_11914_p2           |     +    |      0|  0|   39|          32|          32|
    |m_30_V_fu_11990_p2           |     +    |      0|  0|   39|          32|          32|
    |m_31_V_fu_12985_p2           |     +    |      0|  0|   32|          32|          32|
    |m_32_V_fu_12994_p2           |     +    |      0|  0|   32|          32|          32|
    |m_33_V_fu_13078_p2           |     +    |      0|  0|   32|          32|          32|
    |m_34_V_fu_13163_p2           |     +    |      0|  0|   32|          32|          32|
    |m_35_V_fu_13248_p2           |     +    |      0|  0|   32|          32|          32|
    |m_36_V_fu_13333_p2           |     +    |      0|  0|   32|          32|          32|
    |m_37_V_fu_13418_p2           |     +    |      0|  0|   32|          32|          32|
    |m_38_V_fu_14068_p2           |     +    |      0|  0|   32|          32|          32|
    |m_39_V_fu_14077_p2           |     +    |      0|  0|   32|          32|          32|
    |m_40_V_fu_14161_p2           |     +    |      0|  0|   32|          32|          32|
    |m_41_V_fu_14246_p2           |     +    |      0|  0|   32|          32|          32|
    |m_42_V_fu_14331_p2           |     +    |      0|  0|   32|          32|          32|
    |m_43_V_fu_14416_p2           |     +    |      0|  0|   32|          32|          32|
    |m_44_V_fu_14501_p2           |     +    |      0|  0|   32|          32|          32|
    |m_45_V_fu_14587_p2           |     +    |      0|  0|   32|          32|          32|
    |m_46_V_fu_15307_p2           |     +    |      0|  0|   32|          32|          32|
    |m_47_V_fu_15316_p2           |     +    |      0|  0|   32|          32|          32|
    |m_48_V_fu_15400_p2           |     +    |      0|  0|   32|          32|          32|
    |m_49_V_fu_15485_p2           |     +    |      0|  0|   32|          32|          32|
    |m_50_V_fu_15570_p2           |     +    |      0|  0|   32|          32|          32|
    |m_51_V_fu_15655_p2           |     +    |      0|  0|   32|          32|          32|
    |m_52_V_fu_15740_p2           |     +    |      0|  0|   32|          32|          32|
    |m_53_V_fu_15826_p2           |     +    |      0|  0|   32|          32|          32|
    |m_54_V_fu_16208_p2           |     +    |      0|  0|   32|          32|          32|
    |m_55_V_fu_16217_p2           |     +    |      0|  0|   32|          32|          32|
    |m_56_V_fu_16301_p2           |     +    |      0|  0|   32|          32|          32|
    |m_57_V_fu_16386_p2           |     +    |      0|  0|   32|          32|          32|
    |m_58_V_fu_16471_p2           |     +    |      0|  0|   32|          32|          32|
    |m_59_V_fu_16556_p2           |     +    |      0|  0|   32|          32|          32|
    |m_60_V_fu_16641_p2           |     +    |      0|  0|   32|          32|          32|
    |m_61_V_fu_16727_p2           |     +    |      0|  0|   32|          32|          32|
    |m_62_V_fu_16809_p2           |     +    |      0|  0|   32|          32|          32|
    |m_63_V_fu_16890_p2           |     +    |      0|  0|   32|          32|          32|
    |output_0_V                   |     +    |      0|  0|   39|          32|          31|
    |output_1_V                   |     +    |      0|  0|   39|          32|          32|
    |output_2_V                   |     +    |      0|  0|   39|          32|          30|
    |output_3_V                   |     +    |      0|  0|   39|          32|          32|
    |output_4_V                   |     +    |      0|  0|   39|          32|          31|
    |output_5_V                   |     +    |      0|  0|   39|          32|          32|
    |output_6_V                   |     +    |      0|  0|   39|          32|          29|
    |output_7_V                   |     +    |      0|  0|   39|          32|          31|
    |state_0_V_fu_10643_p2        |     +    |      0|  0|   39|          32|          32|
    |state_1_V_fu_10657_p2        |     +    |      0|  0|   39|          32|          32|
    |state_2_V_fu_10671_p2        |     +    |      0|  0|   39|          32|          32|
    |state_3_V_fu_10685_p2        |     +    |      0|  0|   39|          32|          32|
    |state_4_V_fu_10699_p2        |     +    |      0|  0|   39|          32|          32|
    |state_5_V_fu_10713_p2        |     +    |      0|  0|   39|          32|          32|
    |state_6_V_fu_10727_p2        |     +    |      0|  0|   39|          32|          32|
    |state_7_V_fu_10741_p2        |     +    |      0|  0|   39|          32|          32|
    |t1_V_1_fu_17113_p2           |     +    |      0|  0|   32|          32|          32|
    |t1_V_fu_10509_p2             |     +    |      0|  0|   32|          32|          32|
    |t_fu_1645_p2                 |     +    |      0|  0|    9|           2|           1|
    |ret_V_31_fu_10467_p2         |    and   |      0|  0|   32|          32|          32|
    |ret_V_32_fu_10479_p2         |    and   |      0|  0|   32|          32|          32|
    |ret_V_36_fu_10599_p2         |    and   |      0|  0|   32|          32|          32|
    |ret_V_37_fu_10605_p2         |    and   |      0|  0|   32|          32|          32|
    |ret_V_41_fu_17072_p2         |    and   |      0|  0|   32|          32|          32|
    |ret_V_42_fu_17084_p2         |    and   |      0|  0|   32|          32|          32|
    |ret_V_46_fu_17203_p2         |    and   |      0|  0|   32|          32|          32|
    |ret_V_47_fu_17209_p2         |    and   |      0|  0|   32|          32|          32|
    |icmp_ln72_fu_1639_p2         |   icmp   |      0|  0|    9|           2|           3|
    |icmp_ln887_1_fu_10371_p2     |   icmp   |      0|  0|   11|           7|           8|
    |icmp_ln887_fu_16895_p2       |   icmp   |      0|  0|   11|           7|           8|
    |or_ln1357_21_fu_4207_p2      |    or    |      0|  0|   22|          22|          22|
    |or_ln1357_22_fu_4481_p2      |    or    |      0|  0|   22|          22|          22|
    |or_ln1357_23_fu_10887_p2     |    or    |      0|  0|   22|          22|          22|
    |or_ln1357_24_fu_10994_p2     |    or    |      0|  0|   22|          22|          22|
    |or_ln1357_25_fu_11171_p2     |    or    |      0|  0|   22|          22|          22|
    |or_ln1357_26_fu_11349_p2     |    or    |      0|  0|   22|          22|          22|
    |or_ln1357_27_fu_1923_p2      |    or    |      0|  0|   22|          22|          22|
    |or_ln1357_28_fu_2083_p2      |    or    |      0|  0|   22|          22|          22|
    |or_ln1357_29_fu_2287_p2      |    or    |      0|  0|   22|          22|          22|
    |or_ln1357_30_fu_2475_p2      |    or    |      0|  0|   22|          22|          22|
    |or_ln1357_31_fu_2663_p2      |    or    |      0|  0|   22|          22|          22|
    |or_ln1357_32_fu_2851_p2      |    or    |      0|  0|   22|          22|          22|
    |or_ln1357_33_fu_3039_p2      |    or    |      0|  0|   22|          22|          22|
    |or_ln1357_34_fu_3227_p2      |    or    |      0|  0|   22|          22|          22|
    |or_ln1357_35_fu_3411_p2      |    or    |      0|  0|   22|          22|          22|
    |or_ln1357_36_fu_3583_p2      |    or    |      0|  0|   22|          22|          22|
    |or_ln1357_37_fu_3685_p2      |    or    |      0|  0|   22|          22|          22|
    |or_ln1357_38_fu_3787_p2      |    or    |      0|  0|   22|          22|          22|
    |or_ln1357_39_fu_3889_p2      |    or    |      0|  0|   22|          22|          22|
    |or_ln1357_40_fu_3991_p2      |    or    |      0|  0|   22|          22|          22|
    |or_ln1357_41_fu_4093_p2      |    or    |      0|  0|   22|          22|          22|
    |or_ln1357_fu_4309_p2         |    or    |      0|  0|   22|          22|          22|
    |select_ln1356_10_fu_1763_p3  |  select  |      0|  0|    8|           1|           1|
    |select_ln1356_11_fu_1770_p3  |  select  |      0|  0|    8|           1|           1|
    |select_ln1356_12_fu_1781_p3  |  select  |      0|  0|    8|           1|           1|
    |select_ln1356_13_fu_1792_p3  |  select  |      0|  0|    8|           1|           1|
    |select_ln1356_14_fu_1803_p3  |  select  |      0|  0|    8|           1|           1|
    |select_ln1356_15_fu_1814_p3  |  select  |      0|  0|    9|           1|           9|
    |select_ln1356_1_fu_1670_p3   |  select  |      0|  0|    8|           1|           8|
    |select_ln1356_2_fu_1685_p3   |  select  |      0|  0|    8|           1|           8|
    |select_ln1356_3_fu_1695_p3   |  select  |      0|  0|    8|           1|           8|
    |select_ln1356_4_fu_1705_p3   |  select  |      0|  0|    8|           1|           1|
    |select_ln1356_5_fu_1716_p3   |  select  |      0|  0|    8|           1|           1|
    |select_ln1356_6_fu_1727_p3   |  select  |      0|  0|    8|           1|           1|
    |select_ln1356_7_fu_1738_p3   |  select  |      0|  0|    8|           1|           1|
    |select_ln1356_8_fu_1749_p3   |  select  |      0|  0|    8|           1|           1|
    |select_ln1356_9_fu_1756_p3   |  select  |      0|  0|    8|           1|           1|
    |select_ln1356_fu_1655_p3     |  select  |      0|  0|    8|           1|           8|
    |ap_enable_pp0                |    xor   |      0|  0|    2|           1|           2|
    |ap_enable_pp1                |    xor   |      0|  0|    2|           1|           2|
    |r_V_14_fu_10473_p2           |    xor   |      0|  0|   32|          32|           2|
    |r_V_15_fu_17078_p2           |    xor   |      0|  0|   32|          32|           2|
    |ret_V_10_fu_17191_p2         |    xor   |      0|  0|   32|          32|          32|
    |ret_V_13_fu_17215_p2         |    xor   |      0|  0|   32|          32|          32|
    |ret_V_17_fu_10461_p2         |    xor   |      0|  0|   32|          32|          32|
    |ret_V_20_fu_10485_p2         |    xor   |      0|  0|   32|          32|          32|
    |ret_V_24_fu_10587_p2         |    xor   |      0|  0|   32|          32|          32|
    |ret_V_27_fu_10611_p2         |    xor   |      0|  0|   32|          32|          32|
    |ret_V_6_fu_17090_p2          |    xor   |      0|  0|   32|          32|          32|
    |ret_V_fu_17066_p2            |    xor   |      0|  0|   32|          32|          32|
    |xor_ln1357_100_fu_14732_p2   |    xor   |      0|  0|   32|          32|          32|
    |xor_ln1357_101_fu_14480_p2   |    xor   |      0|  0|   32|          32|          32|
    |xor_ln1357_102_fu_13708_p2   |    xor   |      0|  0|   32|          32|          32|
    |xor_ln1357_103_fu_12899_p2   |    xor   |      0|  0|   32|          32|          32|
    |xor_ln1357_104_fu_15385_p2   |    xor   |      0|  0|   32|          32|          32|
    |xor_ln1357_105_fu_14565_p2   |    xor   |      0|  0|   32|          32|          32|
    |xor_ln1357_106_fu_13778_p2   |    xor   |      0|  0|   32|          32|          32|
    |xor_ln1357_107_fu_12969_p2   |    xor   |      0|  0|   32|          32|          32|
    |xor_ln1357_108_fu_15470_p2   |    xor   |      0|  0|   32|          32|          32|
    |xor_ln1357_109_fu_14651_p2   |    xor   |      0|  0|   32|          32|          32|
    |xor_ln1357_10_fu_4651_p2     |    xor   |      0|  0|   32|          32|          32|
    |xor_ln1357_110_fu_13848_p2   |    xor   |      0|  0|   32|          32|          32|
    |xor_ln1357_111_fu_13632_p2   |    xor   |      0|  0|   32|          32|          32|
    |xor_ln1357_112_fu_15555_p2   |    xor   |      0|  0|   32|          32|          32|
    |xor_ln1357_113_fu_14726_p2   |    xor   |      0|  0|   32|          32|          32|
    |xor_ln1357_114_fu_13918_p2   |    xor   |      0|  0|   32|          32|          32|
    |xor_ln1357_115_fu_13702_p2   |    xor   |      0|  0|   32|          32|          32|
    |xor_ln1357_116_fu_15640_p2   |    xor   |      0|  0|   32|          32|          32|
    |xor_ln1357_117_fu_15379_p2   |    xor   |      0|  0|   32|          32|          32|
    |xor_ln1357_118_fu_13988_p2   |    xor   |      0|  0|   32|          32|          32|
    |xor_ln1357_119_fu_13772_p2   |    xor   |      0|  0|   32|          32|          32|
    |xor_ln1357_11_fu_10982_p2    |    xor   |      0|  0|   32|          32|          32|
    |xor_ln1357_120_fu_15725_p2   |    xor   |      0|  0|   32|          32|          32|
    |xor_ln1357_121_fu_15464_p2   |    xor   |      0|  0|   32|          32|          32|
    |xor_ln1357_122_fu_14058_p2   |    xor   |      0|  0|   32|          32|          32|
    |xor_ln1357_123_fu_13842_p2   |    xor   |      0|  0|   32|          32|          32|
    |xor_ln1357_124_fu_15810_p2   |    xor   |      0|  0|   32|          32|          32|
    |xor_ln1357_125_fu_15549_p2   |    xor   |      0|  0|   32|          32|          32|
    |xor_ln1357_126_fu_14807_p2   |    xor   |      0|  0|   32|          32|          32|
    |xor_ln1357_127_fu_13912_p2   |    xor   |      0|  0|   32|          32|          32|
    |xor_ln1357_128_fu_15896_p2   |    xor   |      0|  0|   32|          32|          32|
    |xor_ln1357_129_fu_15634_p2   |    xor   |      0|  0|   32|          32|          32|
    |xor_ln1357_12_fu_4475_p2     |    xor   |      0|  0|   22|          22|          22|
    |xor_ln1357_130_fu_14877_p2   |    xor   |      0|  0|   32|          32|          32|
    |xor_ln1357_131_fu_13982_p2   |    xor   |      0|  0|   32|          32|          32|
    |xor_ln1357_132_fu_15971_p2   |    xor   |      0|  0|   32|          32|          32|
    |xor_ln1357_133_fu_15719_p2   |    xor   |      0|  0|   32|          32|          32|
    |xor_ln1357_134_fu_14947_p2   |    xor   |      0|  0|   32|          32|          32|
    |xor_ln1357_135_fu_14052_p2   |    xor   |      0|  0|   32|          32|          32|
    |xor_ln1357_136_fu_16286_p2   |    xor   |      0|  0|   32|          32|          32|
    |xor_ln1357_137_fu_15804_p2   |    xor   |      0|  0|   32|          32|          32|
    |xor_ln1357_138_fu_15017_p2   |    xor   |      0|  0|   32|          32|          32|
    |xor_ln1357_139_fu_14801_p2   |    xor   |      0|  0|   32|          32|          32|
    |xor_ln1357_13_fu_11093_p2    |    xor   |      0|  0|   32|          32|          32|
    |xor_ln1357_140_fu_16371_p2   |    xor   |      0|  0|   32|          32|          32|
    |xor_ln1357_141_fu_15890_p2   |    xor   |      0|  0|   32|          32|          32|
    |xor_ln1357_142_fu_15087_p2   |    xor   |      0|  0|   32|          32|          32|
    |xor_ln1357_143_fu_14871_p2   |    xor   |      0|  0|   32|          32|          32|
    |xor_ln1357_144_fu_16456_p2   |    xor   |      0|  0|   32|          32|          32|
    |xor_ln1357_145_fu_15965_p2   |    xor   |      0|  0|   32|          32|          32|
    |xor_ln1357_146_fu_15157_p2   |    xor   |      0|  0|   32|          32|          32|
    |xor_ln1357_147_fu_14941_p2   |    xor   |      0|  0|   32|          32|          32|
    |xor_ln1357_148_fu_16541_p2   |    xor   |      0|  0|   32|          32|          32|
    |xor_ln1357_149_fu_16280_p2   |    xor   |      0|  0|   32|          32|          32|
    |xor_ln1357_14_fu_11159_p2    |    xor   |      0|  0|   32|          32|          32|
    |xor_ln1357_150_fu_15227_p2   |    xor   |      0|  0|   32|          32|          32|
    |xor_ln1357_151_fu_15011_p2   |    xor   |      0|  0|   32|          32|          32|
    |xor_ln1357_152_fu_16626_p2   |    xor   |      0|  0|   32|          32|          32|
    |xor_ln1357_153_fu_16365_p2   |    xor   |      0|  0|   32|          32|          32|
    |xor_ln1357_154_fu_15297_p2   |    xor   |      0|  0|   32|          32|          32|
    |xor_ln1357_155_fu_15081_p2   |    xor   |      0|  0|   32|          32|          32|
    |xor_ln1357_156_fu_16711_p2   |    xor   |      0|  0|   32|          32|          32|
    |xor_ln1357_157_fu_16450_p2   |    xor   |      0|  0|   32|          32|          32|
    |xor_ln1357_158_fu_16046_p2   |    xor   |      0|  0|   32|          32|          32|
    |xor_ln1357_159_fu_15151_p2   |    xor   |      0|  0|   32|          32|          32|
    |xor_ln1357_15_fu_4575_p2     |    xor   |      0|  0|   32|          32|          32|
    |xor_ln1357_160_fu_16797_p2   |    xor   |      0|  0|   32|          32|          32|
    |xor_ln1357_161_fu_16535_p2   |    xor   |      0|  0|   32|          32|          32|
    |xor_ln1357_162_fu_16116_p2   |    xor   |      0|  0|   32|          32|          32|
    |xor_ln1357_163_fu_15221_p2   |    xor   |      0|  0|   32|          32|          32|
    |xor_ln1357_164_fu_16878_p2   |    xor   |      0|  0|   32|          32|          32|
    |xor_ln1357_165_fu_16620_p2   |    xor   |      0|  0|   32|          32|          32|
    |xor_ln1357_166_fu_16192_p2   |    xor   |      0|  0|   32|          32|          32|
    |xor_ln1357_167_fu_1845_p2    |    xor   |      0|  0|   23|          23|          23|
    |xor_ln1357_168_fu_1911_p2    |    xor   |      0|  0|   32|          32|          32|
    |xor_ln1357_169_fu_2005_p2    |    xor   |      0|  0|   23|          23|          23|
    |xor_ln1357_16_fu_11271_p2    |    xor   |      0|  0|   32|          32|          32|
    |xor_ln1357_170_fu_2071_p2    |    xor   |      0|  0|   32|          32|          32|
    |xor_ln1357_171_fu_15291_p2   |    xor   |      0|  0|   32|          32|          32|
    |xor_ln1357_172_fu_2209_p2    |    xor   |      0|  0|   32|          32|          32|
    |xor_ln1357_173_fu_2275_p2    |    xor   |      0|  0|   32|          32|          32|
    |xor_ln1357_174_fu_16705_p2   |    xor   |      0|  0|   32|          32|          32|
    |xor_ln1357_175_fu_2397_p2    |    xor   |      0|  0|   32|          32|          32|
    |xor_ln1357_176_fu_2463_p2    |    xor   |      0|  0|   32|          32|          32|
    |xor_ln1357_177_fu_16040_p2   |    xor   |      0|  0|   32|          32|          32|
    |xor_ln1357_178_fu_2585_p2    |    xor   |      0|  0|   32|          32|          32|
    |xor_ln1357_179_fu_2651_p2    |    xor   |      0|  0|   32|          32|          32|
    |xor_ln1357_17_fu_11337_p2    |    xor   |      0|  0|   32|          32|          32|
    |xor_ln1357_180_fu_16791_p2   |    xor   |      0|  0|   32|          32|          32|
    |xor_ln1357_181_fu_2773_p2    |    xor   |      0|  0|   32|          32|          32|
    |xor_ln1357_182_fu_2839_p2    |    xor   |      0|  0|   32|          32|          32|
    |xor_ln1357_183_fu_16110_p2   |    xor   |      0|  0|   32|          32|          32|
    |xor_ln1357_184_fu_2961_p2    |    xor   |      0|  0|   32|          32|          32|
    |xor_ln1357_185_fu_3027_p2    |    xor   |      0|  0|   32|          32|          32|
    |xor_ln1357_186_fu_16872_p2   |    xor   |      0|  0|   32|          32|          32|
    |xor_ln1357_187_fu_3149_p2    |    xor   |      0|  0|   32|          32|          32|
    |xor_ln1357_188_fu_3215_p2    |    xor   |      0|  0|   32|          32|          32|
    |xor_ln1357_189_fu_16186_p2   |    xor   |      0|  0|   32|          32|          32|
    |xor_ln1357_18_fu_10881_p2    |    xor   |      0|  0|   22|          22|          22|
    |xor_ln1357_190_fu_3333_p2    |    xor   |      0|  0|   32|          32|          32|
    |xor_ln1357_191_fu_3399_p2    |    xor   |      0|  0|   32|          32|          32|
    |xor_ln1357_192_fu_1917_p2    |    xor   |      0|  0|   22|          22|          22|
    |xor_ln1357_193_fu_3505_p2    |    xor   |      0|  0|   32|          32|          32|
    |xor_ln1357_194_fu_3571_p2    |    xor   |      0|  0|   32|          32|          32|
    |xor_ln1357_195_fu_2077_p2    |    xor   |      0|  0|   22|          22|          22|
    |xor_ln1357_196_fu_5001_p2    |    xor   |      0|  0|   32|          32|          32|
    |xor_ln1357_197_fu_3673_p2    |    xor   |      0|  0|   32|          32|          32|
    |xor_ln1357_198_fu_2203_p2    |    xor   |      0|  0|   32|          32|          32|
    |xor_ln1357_199_fu_5081_p2    |    xor   |      0|  0|   32|          32|          32|
    |xor_ln1357_19_fu_11449_p2    |    xor   |      0|  0|   32|          32|          32|
    |xor_ln1357_1_fu_4297_p2      |    xor   |      0|  0|   32|          32|          32|
    |xor_ln1357_200_fu_3775_p2    |    xor   |      0|  0|   32|          32|          32|
    |xor_ln1357_201_fu_2281_p2    |    xor   |      0|  0|   22|          22|          22|
    |xor_ln1357_202_fu_5161_p2    |    xor   |      0|  0|   32|          32|          32|
    |xor_ln1357_203_fu_3877_p2    |    xor   |      0|  0|   32|          32|          32|
    |xor_ln1357_204_fu_2391_p2    |    xor   |      0|  0|   32|          32|          32|
    |xor_ln1357_205_fu_5241_p2    |    xor   |      0|  0|   32|          32|          32|
    |xor_ln1357_206_fu_3979_p2    |    xor   |      0|  0|   32|          32|          32|
    |xor_ln1357_207_fu_2469_p2    |    xor   |      0|  0|   22|          22|          22|
    |xor_ln1357_208_fu_5321_p2    |    xor   |      0|  0|   32|          32|          32|
    |xor_ln1357_209_fu_4081_p2    |    xor   |      0|  0|   32|          32|          32|
    |xor_ln1357_20_fu_17197_p2    |    xor   |      0|  0|   32|          32|          32|
    |xor_ln1357_210_fu_2579_p2    |    xor   |      0|  0|   32|          32|          32|
    |xor_ln1357_211_fu_5401_p2    |    xor   |      0|  0|   32|          32|          32|
    |xor_ln1357_212_fu_2657_p2    |    xor   |      0|  0|   22|          22|          22|
    |xor_ln1357_213_fu_5466_p2    |    xor   |      0|  0|   32|          32|          32|
    |xor_ln1357_214_fu_2767_p2    |    xor   |      0|  0|   32|          32|          32|
    |xor_ln1357_215_fu_5553_p2    |    xor   |      0|  0|   32|          32|          32|
    |xor_ln1357_216_fu_2845_p2    |    xor   |      0|  0|   22|          22|          22|
    |xor_ln1357_217_fu_5618_p2    |    xor   |      0|  0|   32|          32|          32|
    |xor_ln1357_218_fu_2955_p2    |    xor   |      0|  0|   32|          32|          32|
    |xor_ln1357_219_fu_5705_p2    |    xor   |      0|  0|   32|          32|          32|
    |xor_ln1357_21_fu_4645_p2     |    xor   |      0|  0|   32|          32|          32|
    |xor_ln1357_220_fu_3033_p2    |    xor   |      0|  0|   22|          22|          22|
    |xor_ln1357_221_fu_5770_p2    |    xor   |      0|  0|   32|          32|          32|
    |xor_ln1357_222_fu_3143_p2    |    xor   |      0|  0|   32|          32|          32|
    |xor_ln1357_223_fu_5857_p2    |    xor   |      0|  0|   32|          32|          32|
    |xor_ln1357_224_fu_3221_p2    |    xor   |      0|  0|   22|          22|          22|
    |xor_ln1357_225_fu_5922_p2    |    xor   |      0|  0|   32|          32|          32|
    |xor_ln1357_226_fu_3327_p2    |    xor   |      0|  0|   32|          32|          32|
    |xor_ln1357_227_fu_6009_p2    |    xor   |      0|  0|   32|          32|          32|
    |xor_ln1357_228_fu_3405_p2    |    xor   |      0|  0|   22|          22|          22|
    |xor_ln1357_229_fu_6074_p2    |    xor   |      0|  0|   32|          32|          32|
    |xor_ln1357_22_fu_11530_p2    |    xor   |      0|  0|   32|          32|          32|
    |xor_ln1357_230_fu_3499_p2    |    xor   |      0|  0|   32|          32|          32|
    |xor_ln1357_231_fu_6161_p2    |    xor   |      0|  0|   32|          32|          32|
    |xor_ln1357_232_fu_3577_p2    |    xor   |      0|  0|   22|          22|          22|
    |xor_ln1357_233_fu_6600_p2    |    xor   |      0|  0|   32|          32|          32|
    |xor_ln1357_234_fu_4995_p2    |    xor   |      0|  0|   32|          32|          32|
    |xor_ln1357_235_fu_6231_p2    |    xor   |      0|  0|   32|          32|          32|
    |xor_ln1357_236_fu_3679_p2    |    xor   |      0|  0|   22|          22|          22|
    |xor_ln1357_237_fu_6670_p2    |    xor   |      0|  0|   32|          32|          32|
    |xor_ln1357_238_fu_5075_p2    |    xor   |      0|  0|   32|          32|          32|
    |xor_ln1357_239_fu_6763_p2    |    xor   |      0|  0|   32|          32|          32|
    |xor_ln1357_23_fu_10988_p2    |    xor   |      0|  0|   22|          22|          22|
    |xor_ln1357_240_fu_3781_p2    |    xor   |      0|  0|   22|          22|          22|
    |xor_ln1357_241_fu_6828_p2    |    xor   |      0|  0|   32|          32|          32|
    |xor_ln1357_242_fu_5155_p2    |    xor   |      0|  0|   32|          32|          32|
    |xor_ln1357_243_fu_6914_p2    |    xor   |      0|  0|   32|          32|          32|
    |xor_ln1357_244_fu_3883_p2    |    xor   |      0|  0|   22|          22|          22|
    |xor_ln1357_245_fu_6301_p2    |    xor   |      0|  0|   32|          32|          32|
    |xor_ln1357_246_fu_5235_p2    |    xor   |      0|  0|   32|          32|          32|
    |xor_ln1357_247_fu_6994_p2    |    xor   |      0|  0|   32|          32|          32|
    |xor_ln1357_248_fu_3985_p2    |    xor   |      0|  0|   22|          22|          22|
    |xor_ln1357_249_fu_6377_p2    |    xor   |      0|  0|   32|          32|          32|
    |xor_ln1357_24_fu_11605_p2    |    xor   |      0|  0|   32|          32|          32|
    |xor_ln1357_250_fu_5315_p2    |    xor   |      0|  0|   32|          32|          32|
    |xor_ln1357_251_fu_7074_p2    |    xor   |      0|  0|   32|          32|          32|
    |xor_ln1357_252_fu_4087_p2    |    xor   |      0|  0|   22|          22|          22|
    |xor_ln1357_253_fu_6453_p2    |    xor   |      0|  0|   32|          32|          32|
    |xor_ln1357_254_fu_5395_p2    |    xor   |      0|  0|   32|          32|          32|
    |xor_ln1357_255_fu_7154_p2    |    xor   |      0|  0|   32|          32|          32|
    |xor_ln1357_256_fu_5460_p2    |    xor   |      0|  0|   32|          32|          32|
    |xor_ln1357_257_fu_6529_p2    |    xor   |      0|  0|   32|          32|          32|
    |xor_ln1357_258_fu_5547_p2    |    xor   |      0|  0|   32|          32|          32|
    |xor_ln1357_259_fu_7234_p2    |    xor   |      0|  0|   32|          32|          32|
    |xor_ln1357_25_fu_11087_p2    |    xor   |      0|  0|   32|          32|          32|
    |xor_ln1357_260_fu_5612_p2    |    xor   |      0|  0|   32|          32|          32|
    |xor_ln1357_261_fu_7299_p2    |    xor   |      0|  0|   32|          32|          32|
    |xor_ln1357_262_fu_5699_p2    |    xor   |      0|  0|   32|          32|          32|
    |xor_ln1357_263_fu_7386_p2    |    xor   |      0|  0|   32|          32|          32|
    |xor_ln1357_264_fu_5764_p2    |    xor   |      0|  0|   32|          32|          32|
    |xor_ln1357_265_fu_7451_p2    |    xor   |      0|  0|   32|          32|          32|
    |xor_ln1357_266_fu_5851_p2    |    xor   |      0|  0|   32|          32|          32|
    |xor_ln1357_267_fu_7538_p2    |    xor   |      0|  0|   32|          32|          32|
    |xor_ln1357_268_fu_5916_p2    |    xor   |      0|  0|   32|          32|          32|
    |xor_ln1357_269_fu_7603_p2    |    xor   |      0|  0|   32|          32|          32|
    |xor_ln1357_26_fu_11680_p2    |    xor   |      0|  0|   32|          32|          32|
    |xor_ln1357_270_fu_6003_p2    |    xor   |      0|  0|   32|          32|          32|
    |xor_ln1357_271_fu_7690_p2    |    xor   |      0|  0|   32|          32|          32|
    |xor_ln1357_272_fu_6068_p2    |    xor   |      0|  0|   32|          32|          32|
    |xor_ln1357_273_fu_7755_p2    |    xor   |      0|  0|   32|          32|          32|
    |xor_ln1357_274_fu_6155_p2    |    xor   |      0|  0|   32|          32|          32|
    |xor_ln1357_275_fu_7842_p2    |    xor   |      0|  0|   32|          32|          32|
    |xor_ln1357_276_fu_6594_p2    |    xor   |      0|  0|   32|          32|          32|
    |xor_ln1357_277_fu_7907_p2    |    xor   |      0|  0|   32|          32|          32|
    |xor_ln1357_278_fu_6225_p2    |    xor   |      0|  0|   32|          32|          32|
    |xor_ln1357_279_fu_7994_p2    |    xor   |      0|  0|   32|          32|          32|
    |xor_ln1357_27_fu_11165_p2    |    xor   |      0|  0|   22|          22|          22|
    |xor_ln1357_280_fu_6664_p2    |    xor   |      0|  0|   32|          32|          32|
    |xor_ln1357_281_fu_8503_p2    |    xor   |      0|  0|   32|          32|          32|
    |xor_ln1357_282_fu_6757_p2    |    xor   |      0|  0|   32|          32|          32|
    |xor_ln1357_283_fu_8064_p2    |    xor   |      0|  0|   32|          32|          32|
    |xor_ln1357_284_fu_6822_p2    |    xor   |      0|  0|   32|          32|          32|
    |xor_ln1357_285_fu_8583_p2    |    xor   |      0|  0|   32|          32|          32|
    |xor_ln1357_286_fu_6908_p2    |    xor   |      0|  0|   32|          32|          32|
    |xor_ln1357_287_fu_8668_p2    |    xor   |      0|  0|   32|          32|          32|
    |xor_ln1357_288_fu_6295_p2    |    xor   |      0|  0|   32|          32|          32|
    |xor_ln1357_289_fu_8733_p2    |    xor   |      0|  0|   32|          32|          32|
    |xor_ln1357_28_fu_11756_p2    |    xor   |      0|  0|   32|          32|          32|
    |xor_ln1357_290_fu_6988_p2    |    xor   |      0|  0|   32|          32|          32|
    |xor_ln1357_291_fu_8819_p2    |    xor   |      0|  0|   32|          32|          32|
    |xor_ln1357_292_fu_6371_p2    |    xor   |      0|  0|   32|          32|          32|
    |xor_ln1357_293_fu_8134_p2    |    xor   |      0|  0|   32|          32|          32|
    |xor_ln1357_294_fu_7068_p2    |    xor   |      0|  0|   32|          32|          32|
    |xor_ln1357_295_fu_8899_p2    |    xor   |      0|  0|   32|          32|          32|
    |xor_ln1357_296_fu_6447_p2    |    xor   |      0|  0|   32|          32|          32|
    |xor_ln1357_297_fu_8210_p2    |    xor   |      0|  0|   32|          32|          32|
    |xor_ln1357_298_fu_7148_p2    |    xor   |      0|  0|   32|          32|          32|
    |xor_ln1357_299_fu_8979_p2    |    xor   |      0|  0|   32|          32|          32|
    |xor_ln1357_29_fu_11265_p2    |    xor   |      0|  0|   32|          32|          32|
    |xor_ln1357_2_fu_4201_p2      |    xor   |      0|  0|   22|          22|          22|
    |xor_ln1357_300_fu_6523_p2    |    xor   |      0|  0|   32|          32|          32|
    |xor_ln1357_301_fu_8286_p2    |    xor   |      0|  0|   32|          32|          32|
    |xor_ln1357_302_fu_7228_p2    |    xor   |      0|  0|   32|          32|          32|
    |xor_ln1357_303_fu_9059_p2    |    xor   |      0|  0|   32|          32|          32|
    |xor_ln1357_304_fu_7293_p2    |    xor   |      0|  0|   32|          32|          32|
    |xor_ln1357_305_fu_8362_p2    |    xor   |      0|  0|   32|          32|          32|
    |xor_ln1357_306_fu_7380_p2    |    xor   |      0|  0|   32|          32|          32|
    |xor_ln1357_307_fu_9129_p2    |    xor   |      0|  0|   32|          32|          32|
    |xor_ln1357_308_fu_7445_p2    |    xor   |      0|  0|   32|          32|          32|
    |xor_ln1357_309_fu_9343_p2    |    xor   |      0|  0|   32|          32|          32|
    |xor_ln1357_30_fu_11832_p2    |    xor   |      0|  0|   32|          32|          32|
    |xor_ln1357_310_fu_7532_p2    |    xor   |      0|  0|   32|          32|          32|
    |xor_ln1357_311_fu_9278_p2    |    xor   |      0|  0|   32|          32|          32|
    |xor_ln1357_312_fu_7597_p2    |    xor   |      0|  0|   32|          32|          32|
    |xor_ln1357_313_fu_9423_p2    |    xor   |      0|  0|   32|          32|          32|
    |xor_ln1357_314_fu_7684_p2    |    xor   |      0|  0|   32|          32|          32|
    |xor_ln1357_315_fu_9508_p2    |    xor   |      0|  0|   32|          32|          32|
    |xor_ln1357_316_fu_7749_p2    |    xor   |      0|  0|   32|          32|          32|
    |xor_ln1357_317_fu_9573_p2    |    xor   |      0|  0|   32|          32|          32|
    |xor_ln1357_318_fu_7836_p2    |    xor   |      0|  0|   32|          32|          32|
    |xor_ln1357_319_fu_9659_p2    |    xor   |      0|  0|   32|          32|          32|
    |xor_ln1357_31_fu_11343_p2    |    xor   |      0|  0|   22|          22|          22|
    |xor_ln1357_320_fu_7901_p2    |    xor   |      0|  0|   32|          32|          32|
    |xor_ln1357_321_fu_9724_p2    |    xor   |      0|  0|   32|          32|          32|
    |xor_ln1357_322_fu_7988_p2    |    xor   |      0|  0|   32|          32|          32|
    |xor_ln1357_323_fu_9810_p2    |    xor   |      0|  0|   32|          32|          32|
    |xor_ln1357_324_fu_8497_p2    |    xor   |      0|  0|   32|          32|          32|
    |xor_ln1357_325_fu_9875_p2    |    xor   |      0|  0|   32|          32|          32|
    |xor_ln1357_326_fu_8058_p2    |    xor   |      0|  0|   32|          32|          32|
    |xor_ln1357_327_fu_9961_p2    |    xor   |      0|  0|   32|          32|          32|
    |xor_ln1357_328_fu_8577_p2    |    xor   |      0|  0|   32|          32|          32|
    |xor_ln1357_329_fu_10026_p2   |    xor   |      0|  0|   32|          32|          32|
    |xor_ln1357_32_fu_11908_p2    |    xor   |      0|  0|   32|          32|          32|
    |xor_ln1357_330_fu_8662_p2    |    xor   |      0|  0|   32|          32|          32|
    |xor_ln1357_331_fu_10112_p2   |    xor   |      0|  0|   32|          32|          32|
    |xor_ln1357_332_fu_8727_p2    |    xor   |      0|  0|   32|          32|          32|
    |xor_ln1357_333_fu_10177_p2   |    xor   |      0|  0|   32|          32|          32|
    |xor_ln1357_334_fu_8813_p2    |    xor   |      0|  0|   32|          32|          32|
    |xor_ln1357_335_fu_10263_p2   |    xor   |      0|  0|   32|          32|          32|
    |xor_ln1357_336_fu_8128_p2    |    xor   |      0|  0|   32|          32|          32|
    |xor_ln1357_337_fu_8438_p2    |    xor   |      0|  0|   32|          32|          32|
    |xor_ln1357_338_fu_8893_p2    |    xor   |      0|  0|   32|          32|          32|
    |xor_ln1357_339_fu_10349_p2   |    xor   |      0|  0|   32|          32|          32|
    |xor_ln1357_33_fu_11443_p2    |    xor   |      0|  0|   32|          32|          32|
    |xor_ln1357_340_fu_8204_p2    |    xor   |      0|  0|   32|          32|          32|
    |xor_ln1357_341_fu_9199_p2    |    xor   |      0|  0|   32|          32|          32|
    |xor_ln1357_342_fu_8973_p2    |    xor   |      0|  0|   32|          32|          32|
    |xor_ln1357_343_fu_8280_p2    |    xor   |      0|  0|   32|          32|          32|
    |xor_ln1357_344_fu_9053_p2    |    xor   |      0|  0|   32|          32|          32|
    |xor_ln1357_345_fu_8356_p2    |    xor   |      0|  0|   32|          32|          32|
    |xor_ln1357_346_fu_9123_p2    |    xor   |      0|  0|   32|          32|          32|
    |xor_ln1357_347_fu_9337_p2    |    xor   |      0|  0|   32|          32|          32|
    |xor_ln1357_348_fu_9272_p2    |    xor   |      0|  0|   32|          32|          32|
    |xor_ln1357_349_fu_9417_p2    |    xor   |      0|  0|   32|          32|          32|
    |xor_ln1357_34_fu_11984_p2    |    xor   |      0|  0|   32|          32|          32|
    |xor_ln1357_350_fu_9502_p2    |    xor   |      0|  0|   32|          32|          32|
    |xor_ln1357_351_fu_9567_p2    |    xor   |      0|  0|   32|          32|          32|
    |xor_ln1357_352_fu_9653_p2    |    xor   |      0|  0|   32|          32|          32|
    |xor_ln1357_353_fu_9718_p2    |    xor   |      0|  0|   32|          32|          32|
    |xor_ln1357_354_fu_9804_p2    |    xor   |      0|  0|   32|          32|          32|
    |xor_ln1357_355_fu_9869_p2    |    xor   |      0|  0|   32|          32|          32|
    |xor_ln1357_356_fu_9955_p2    |    xor   |      0|  0|   32|          32|          32|
    |xor_ln1357_357_fu_10020_p2   |    xor   |      0|  0|   32|          32|          32|
    |xor_ln1357_358_fu_10106_p2   |    xor   |      0|  0|   32|          32|          32|
    |xor_ln1357_359_fu_10171_p2   |    xor   |      0|  0|   32|          32|          32|
    |xor_ln1357_35_fu_11524_p2    |    xor   |      0|  0|   32|          32|          32|
    |xor_ln1357_360_fu_10257_p2   |    xor   |      0|  0|   32|          32|          32|
    |xor_ln1357_361_fu_8432_p2    |    xor   |      0|  0|   32|          32|          32|
    |xor_ln1357_362_fu_10343_p2   |    xor   |      0|  0|   32|          32|          32|
    |xor_ln1357_363_fu_9193_p2    |    xor   |      0|  0|   32|          32|          32|
    |xor_ln1357_364_fu_17060_p2   |    xor   |      0|  0|   32|          32|          32|
    |xor_ln1357_367_fu_17185_p2   |    xor   |      0|  0|   32|          32|          32|
    |xor_ln1357_36_fu_12060_p2    |    xor   |      0|  0|   32|          32|          32|
    |xor_ln1357_370_fu_10455_p2   |    xor   |      0|  0|   32|          32|          32|
    |xor_ln1357_373_fu_10581_p2   |    xor   |      0|  0|   32|          32|          32|
    |xor_ln1357_37_fu_11599_p2    |    xor   |      0|  0|   32|          32|          32|
    |xor_ln1357_38_fu_4721_p2     |    xor   |      0|  0|   32|          32|          32|
    |xor_ln1357_39_fu_11674_p2    |    xor   |      0|  0|   32|          32|          32|
    |xor_ln1357_3_fu_4403_p2      |    xor   |      0|  0|   32|          32|          32|
    |xor_ln1357_40_fu_12130_p2    |    xor   |      0|  0|   32|          32|          32|
    |xor_ln1357_41_fu_11750_p2    |    xor   |      0|  0|   32|          32|          32|
    |xor_ln1357_42_fu_4791_p2     |    xor   |      0|  0|   32|          32|          32|
    |xor_ln1357_43_fu_11826_p2    |    xor   |      0|  0|   32|          32|          32|
    |xor_ln1357_44_fu_13063_p2    |    xor   |      0|  0|   32|          32|          32|
    |xor_ln1357_45_fu_11902_p2    |    xor   |      0|  0|   32|          32|          32|
    |xor_ln1357_46_fu_4861_p2     |    xor   |      0|  0|   32|          32|          32|
    |xor_ln1357_47_fu_11978_p2    |    xor   |      0|  0|   32|          32|          32|
    |xor_ln1357_48_fu_13148_p2    |    xor   |      0|  0|   32|          32|          32|
    |xor_ln1357_49_fu_12054_p2    |    xor   |      0|  0|   32|          32|          32|
    |xor_ln1357_4_fu_4469_p2      |    xor   |      0|  0|   32|          32|          32|
    |xor_ln1357_50_fu_12205_p2    |    xor   |      0|  0|   32|          32|          32|
    |xor_ln1357_51_fu_4715_p2     |    xor   |      0|  0|   32|          32|          32|
    |xor_ln1357_52_fu_13233_p2    |    xor   |      0|  0|   32|          32|          32|
    |xor_ln1357_53_fu_12124_p2    |    xor   |      0|  0|   32|          32|          32|
    |xor_ln1357_54_fu_12275_p2    |    xor   |      0|  0|   32|          32|          32|
    |xor_ln1357_55_fu_4785_p2     |    xor   |      0|  0|   32|          32|          32|
    |xor_ln1357_56_fu_13318_p2    |    xor   |      0|  0|   32|          32|          32|
    |xor_ln1357_57_fu_13057_p2    |    xor   |      0|  0|   32|          32|          32|
    |xor_ln1357_58_fu_12345_p2    |    xor   |      0|  0|   32|          32|          32|
    |xor_ln1357_59_fu_4855_p2     |    xor   |      0|  0|   32|          32|          32|
    |xor_ln1357_5_fu_4303_p2      |    xor   |      0|  0|   22|          22|          22|
    |xor_ln1357_60_fu_13403_p2    |    xor   |      0|  0|   32|          32|          32|
    |xor_ln1357_61_fu_13142_p2    |    xor   |      0|  0|   32|          32|          32|
    |xor_ln1357_62_fu_12415_p2    |    xor   |      0|  0|   32|          32|          32|
    |xor_ln1357_63_fu_12199_p2    |    xor   |      0|  0|   32|          32|          32|
    |xor_ln1357_64_fu_13488_p2    |    xor   |      0|  0|   32|          32|          32|
    |xor_ln1357_65_fu_13227_p2    |    xor   |      0|  0|   32|          32|          32|
    |xor_ln1357_66_fu_12485_p2    |    xor   |      0|  0|   32|          32|          32|
    |xor_ln1357_67_fu_12269_p2    |    xor   |      0|  0|   32|          32|          32|
    |xor_ln1357_68_fu_13563_p2    |    xor   |      0|  0|   32|          32|          32|
    |xor_ln1357_69_fu_13312_p2    |    xor   |      0|  0|   32|          32|          32|
    |xor_ln1357_6_fu_4581_p2      |    xor   |      0|  0|   32|          32|          32|
    |xor_ln1357_70_fu_12555_p2    |    xor   |      0|  0|   32|          32|          32|
    |xor_ln1357_71_fu_12339_p2    |    xor   |      0|  0|   32|          32|          32|
    |xor_ln1357_72_fu_14146_p2    |    xor   |      0|  0|   32|          32|          32|
    |xor_ln1357_73_fu_13397_p2    |    xor   |      0|  0|   32|          32|          32|
    |xor_ln1357_74_fu_12625_p2    |    xor   |      0|  0|   32|          32|          32|
    |xor_ln1357_75_fu_12409_p2    |    xor   |      0|  0|   32|          32|          32|
    |xor_ln1357_76_fu_14231_p2    |    xor   |      0|  0|   32|          32|          32|
    |xor_ln1357_77_fu_13482_p2    |    xor   |      0|  0|   32|          32|          32|
    |xor_ln1357_78_fu_12695_p2    |    xor   |      0|  0|   32|          32|          32|
    |xor_ln1357_79_fu_12479_p2    |    xor   |      0|  0|   32|          32|          32|
    |xor_ln1357_7_fu_10875_p2     |    xor   |      0|  0|   32|          32|          32|
    |xor_ln1357_80_fu_14316_p2    |    xor   |      0|  0|   32|          32|          32|
    |xor_ln1357_81_fu_13557_p2    |    xor   |      0|  0|   32|          32|          32|
    |xor_ln1357_82_fu_12765_p2    |    xor   |      0|  0|   32|          32|          32|
    |xor_ln1357_83_fu_12549_p2    |    xor   |      0|  0|   32|          32|          32|
    |xor_ln1357_84_fu_14401_p2    |    xor   |      0|  0|   32|          32|          32|
    |xor_ln1357_85_fu_14140_p2    |    xor   |      0|  0|   32|          32|          32|
    |xor_ln1357_86_fu_12835_p2    |    xor   |      0|  0|   32|          32|          32|
    |xor_ln1357_87_fu_12619_p2    |    xor   |      0|  0|   32|          32|          32|
    |xor_ln1357_88_fu_14486_p2    |    xor   |      0|  0|   32|          32|          32|
    |xor_ln1357_89_fu_14225_p2    |    xor   |      0|  0|   32|          32|          32|
    |xor_ln1357_8_fu_4397_p2      |    xor   |      0|  0|   32|          32|          32|
    |xor_ln1357_90_fu_12905_p2    |    xor   |      0|  0|   32|          32|          32|
    |xor_ln1357_91_fu_12689_p2    |    xor   |      0|  0|   32|          32|          32|
    |xor_ln1357_92_fu_14571_p2    |    xor   |      0|  0|   32|          32|          32|
    |xor_ln1357_93_fu_14310_p2    |    xor   |      0|  0|   32|          32|          32|
    |xor_ln1357_94_fu_12975_p2    |    xor   |      0|  0|   32|          32|          32|
    |xor_ln1357_95_fu_12759_p2    |    xor   |      0|  0|   32|          32|          32|
    |xor_ln1357_96_fu_14657_p2    |    xor   |      0|  0|   32|          32|          32|
    |xor_ln1357_97_fu_14395_p2    |    xor   |      0|  0|   32|          32|          32|
    |xor_ln1357_98_fu_13638_p2    |    xor   |      0|  0|   32|          32|          32|
    |xor_ln1357_99_fu_12829_p2    |    xor   |      0|  0|   32|          32|          32|
    |xor_ln1357_9_fu_10593_p2     |    xor   |      0|  0|   32|          32|          32|
    |xor_ln1357_fu_4195_p2        |    xor   |      0|  0|   32|          32|          32|
    +-----------------------------+----------+-------+---+-----+------------+------------+
    |Total                        |          |      0|  0|22865|       21893|       21853|
    +-----------------------------+----------+-------+---+-----+------------+------------+

    * Multiplexer: 
    +-------------------------+-----+-----------+-----+-----------+
    |           Name          | LUT | Input Size| Bits| Total Bits|
    +-------------------------+-----+-----------+-----+-----------+
    |K_V_address0             |   15|          3|    6|         18|
    |a_V_reg_1305             |    9|          2|   32|         64|
    |ap_NS_fsm                |  189|         43|    1|         43|
    |ap_enable_reg_pp0_iter1  |    9|          2|    1|          2|
    |ap_enable_reg_pp1_iter1  |    9|          2|    1|          2|
    |b_V_reg_1293             |    9|          2|   32|         64|
    |c_V_reg_1281             |    9|          2|   32|         64|
    |d_V_reg_1269             |    9|          2|   32|         64|
    |e_V_reg_1257             |    9|          2|   32|         64|
    |f_V_reg_1245             |    9|          2|   32|         64|
    |g_V_reg_1233             |    9|          2|   32|         64|
    |h_V_reg_1221             |    9|          2|   32|         64|
    |lhs_V_16_reg_1432        |    9|          2|   32|         64|
    |lhs_V_17_reg_1588        |    9|          2|   32|         64|
    |lhs_V_18_reg_1537        |    9|          2|   32|         64|
    |lhs_V_reg_1479           |    9|          2|   32|         64|
    |m_V_address0             |  153|         34|    6|        204|
    |m_V_address1             |  149|         33|    6|        198|
    |m_V_d0                   |  149|         33|   32|       1056|
    |m_V_d1                   |  149|         33|   32|       1056|
    |p_01375_2_reg_1421       |    9|          2|    7|         14|
    |p_01859_0_reg_1467       |    9|          2|   32|         64|
    |p_01894_0_reg_1514       |    9|          2|   32|         64|
    |p_03004_2_reg_1526       |    9|          2|    7|         14|
    |p_03491_0_reg_1575       |    9|          2|   32|         64|
    |p_03526_0_reg_1626       |    9|          2|   32|         64|
    |phi_ln1503_1_reg_1329    |    9|          2|    8|         16|
    |phi_ln1503_2_reg_1341    |    9|          2|    8|         16|
    |phi_ln1503_3_reg_1353    |    9|          2|    8|         16|
    |phi_ln1503_4_reg_1365    |    9|          2|    8|         16|
    |phi_ln1503_5_reg_1377    |    9|          2|    8|         16|
    |phi_ln1503_6_reg_1388    |    9|          2|    8|         16|
    |phi_ln1503_7_reg_1399    |    9|          2|    8|         16|
    |phi_ln1503_reg_1317      |    9|          2|    8|         16|
    |rhs_V_20_reg_1502        |    9|          2|   32|         64|
    |rhs_V_21_reg_1443        |    9|          2|   32|         64|
    |rhs_V_22_reg_1455        |    9|          2|   32|         64|
    |rhs_V_23_reg_1600        |    9|          2|   32|         64|
    |rhs_V_24_reg_1613        |    9|          2|   32|         64|
    |rhs_V_25_reg_1549        |    9|          2|   32|         64|
    |rhs_V_26_reg_1562        |    9|          2|   32|         64|
    |rhs_V_reg_1490           |    9|          2|   32|         64|
    |t_0_reg_1410             |    9|          2|    2|          4|
    +-------------------------+-----+-----------+-----+-----------+
    |Total                    | 1137|        253|  933|       4275|
    +-------------------------+-----+-----------+-----+-----------+

    * Register: 
    +----------------------------+----+----+-----+-----------+
    |            Name            | FF | LUT| Bits| Const Bits|
    +----------------------------+----+----+-----+-----------+
    |a_V_reg_1305                |  32|   0|   32|          0|
    |add_ln209_112_reg_18978     |  32|   0|   32|          0|
    |add_ln209_115_reg_18983     |  32|   0|   32|          0|
    |add_ln209_118_reg_17793     |  32|   0|   32|          0|
    |add_ln209_120_reg_17804     |  32|   0|   32|          0|
    |add_ln209_123_reg_17815     |  32|   0|   32|          0|
    |add_ln209_126_reg_17826     |  32|   0|   32|          0|
    |add_ln209_129_reg_17837     |  32|   0|   32|          0|
    |add_ln209_132_reg_17848     |  32|   0|   32|          0|
    |add_ln209_135_reg_17859     |  32|   0|   32|          0|
    |add_ln209_138_reg_17870     |  32|   0|   32|          0|
    |add_ln209_139_reg_17886     |  32|   0|   32|          0|
    |add_ln209_141_reg_18027     |  32|   0|   32|          0|
    |add_ln209_142_reg_17896     |  32|   0|   32|          0|
    |add_ln209_144_reg_18033     |  32|   0|   32|          0|
    |add_ln209_145_reg_17901     |  32|   0|   32|          0|
    |add_ln209_147_reg_18039     |  32|   0|   32|          0|
    |add_ln209_148_reg_17906     |  32|   0|   32|          0|
    |add_ln209_150_reg_18045     |  32|   0|   32|          0|
    |add_ln209_151_reg_17911     |  32|   0|   32|          0|
    |add_ln209_153_reg_18051     |  32|   0|   32|          0|
    |add_ln209_154_reg_17916     |  32|   0|   32|          0|
    |add_ln209_156_reg_18062     |  32|   0|   32|          0|
    |add_ln209_157_reg_17921     |  32|   0|   32|          0|
    |add_ln209_159_reg_18074     |  32|   0|   32|          0|
    |add_ln209_162_reg_18086     |  32|   0|   32|          0|
    |add_ln209_165_reg_18098     |  32|   0|   32|          0|
    |add_ln209_168_reg_18109     |  32|   0|   32|          0|
    |add_ln209_171_reg_18120     |  32|   0|   32|          0|
    |add_ln209_174_reg_18131     |  32|   0|   32|          0|
    |add_ln209_175_reg_18172     |  32|   0|   32|          0|
    |add_ln209_177_reg_18182     |  32|   0|   32|          0|
    |add_ln209_178_reg_18177     |  32|   0|   32|          0|
    |add_ln209_180_reg_18188     |  32|   0|   32|          0|
    |add_ln209_183_reg_18194     |  32|   0|   32|          0|
    |add_ln209_184_reg_18152     |  32|   0|   32|          0|
    |add_ln209_186_reg_18200     |  32|   0|   32|          0|
    |add_ln209_187_reg_18157     |  32|   0|   32|          0|
    |add_ln209_189_reg_18206     |  32|   0|   32|          0|
    |add_ln209_190_reg_18162     |  32|   0|   32|          0|
    |add_ln209_192_reg_18217     |  32|   0|   32|          0|
    |add_ln209_193_reg_18167     |  32|   0|   32|          0|
    |add_ln209_195_reg_18229     |  32|   0|   32|          0|
    |add_ln209_198_reg_18241     |  32|   0|   32|          0|
    |add_ln209_201_reg_18253     |  32|   0|   32|          0|
    |add_ln209_204_reg_18264     |  32|   0|   32|          0|
    |add_ln209_207_reg_18275     |  32|   0|   32|          0|
    |add_ln209_210_reg_18286     |  32|   0|   32|          0|
    |add_ln209_213_reg_18327     |  32|   0|   32|          0|
    |add_ln209_216_reg_18333     |  32|   0|   32|          0|
    |add_ln209_219_reg_18339     |  32|   0|   32|          0|
    |add_ln209_220_reg_18302     |  32|   0|   32|          0|
    |add_ln209_222_reg_18345     |  32|   0|   32|          0|
    |add_ln209_223_reg_18307     |  32|   0|   32|          0|
    |add_ln209_225_reg_18351     |  32|   0|   32|          0|
    |add_ln209_226_reg_18312     |  32|   0|   32|          0|
    |add_ln209_228_reg_18357     |  32|   0|   32|          0|
    |add_ln209_229_reg_18317     |  32|   0|   32|          0|
    |add_ln209_22_reg_18652      |  32|   0|   32|          0|
    |add_ln209_231_reg_18378     |  32|   0|   32|          0|
    |add_ln209_234_reg_18389     |  32|   0|   32|          0|
    |add_ln209_237_reg_18394     |  32|   0|   32|          0|
    |add_ln209_240_reg_18399     |  32|   0|   32|          0|
    |add_ln209_243_reg_18404     |  32|   0|   32|          0|
    |add_ln209_246_reg_18409     |  32|   0|   32|          0|
    |add_ln209_249_reg_18414     |  32|   0|   32|          0|
    |add_ln209_252_reg_18419     |  32|   0|   32|          0|
    |add_ln209_255_reg_18424     |  32|   0|   32|          0|
    |add_ln209_258_reg_18429     |  32|   0|   32|          0|
    |add_ln209_40_reg_18766      |  32|   0|   32|          0|
    |add_ln209_43_reg_18771      |  32|   0|   32|          0|
    |add_ln209_64_reg_18866      |  32|   0|   32|          0|
    |add_ln209_67_reg_18871      |  32|   0|   32|          0|
    |add_ln209_88_reg_18963      |  32|   0|   32|          0|
    |add_ln209_91_reg_18968      |  32|   0|   32|          0|
    |ap_CS_fsm                   |  42|   0|   42|          0|
    |ap_enable_reg_pp0_iter0     |   1|   0|    1|          0|
    |ap_enable_reg_pp0_iter1     |   1|   0|    1|          0|
    |ap_enable_reg_pp1_iter0     |   1|   0|    1|          0|
    |ap_enable_reg_pp1_iter1     |   1|   0|    1|          0|
    |b_V_reg_1293                |  32|   0|   32|          0|
    |c_V_reg_1281                |  32|   0|   32|          0|
    |d_V_reg_1269                |  32|   0|   32|          0|
    |e_V_reg_1257                |  32|   0|   32|          0|
    |f_V_reg_1245                |  32|   0|   32|          0|
    |g_V_reg_1233                |  32|   0|   32|          0|
    |h_V_reg_1221                |  32|   0|   32|          0|
    |icmp_ln887_1_reg_18434      |   1|   0|    1|          0|
    |icmp_ln887_reg_19038        |   1|   0|    1|          0|
    |lhs_V_16_reg_1432           |  32|   0|   32|          0|
    |lhs_V_17_reg_1588           |  32|   0|   32|          0|
    |lhs_V_18_reg_1537           |  32|   0|   32|          0|
    |lhs_V_reg_1479              |  32|   0|   32|          0|
    |m_0_V_reg_17926             |   8|   0|   32|         24|
    |m_16_V_reg_17941            |  32|   0|   32|          0|
    |m_17_V_reg_17948            |  32|   0|   32|          0|
    |m_18_V_reg_17955            |  32|   0|   32|          0|
    |m_19_V_reg_18568            |  32|   0|   32|          0|
    |m_1_V_reg_17931             |   8|   0|   32|         24|
    |m_20_V_reg_18574            |  32|   0|   32|          0|
    |m_21_V_reg_18580            |  32|   0|   32|          0|
    |m_22_V_reg_18586            |  32|   0|   32|          0|
    |m_23_V_reg_18592            |  32|   0|   32|          0|
    |m_24_V_reg_18598            |  32|   0|   32|          0|
    |m_25_V_reg_18605            |  32|   0|   32|          0|
    |m_26_V_reg_18612            |  32|   0|   32|          0|
    |m_27_V_reg_18619            |  32|   0|   32|          0|
    |m_28_V_reg_18626            |  32|   0|   32|          0|
    |m_29_V_reg_18633            |  32|   0|   32|          0|
    |m_2_V_reg_17936             |   8|   0|   32|         24|
    |m_30_V_reg_18640            |  32|   0|   32|          0|
    |m_31_V_reg_18717            |  32|   0|   32|          0|
    |m_32_V_reg_18724            |  32|   0|   32|          0|
    |m_33_V_reg_18731            |  32|   0|   32|          0|
    |m_34_V_reg_18738            |  32|   0|   32|          0|
    |m_35_V_reg_18745            |  32|   0|   32|          0|
    |m_36_V_reg_18752            |  32|   0|   32|          0|
    |m_37_V_reg_18759            |  32|   0|   32|          0|
    |m_38_V_reg_18811            |  32|   0|   32|          0|
    |m_39_V_reg_18817            |  32|   0|   32|          0|
    |m_3_V_reg_18543             |   8|   0|   32|         24|
    |m_40_V_reg_18824            |  32|   0|   32|          0|
    |m_41_V_reg_18831            |  32|   0|   32|          0|
    |m_42_V_reg_18838            |  32|   0|   32|          0|
    |m_43_V_reg_18845            |  32|   0|   32|          0|
    |m_44_V_reg_18852            |  32|   0|   32|          0|
    |m_45_V_reg_18859            |  32|   0|   32|          0|
    |m_46_V_reg_18916            |  32|   0|   32|          0|
    |m_47_V_reg_18921            |  32|   0|   32|          0|
    |m_48_V_reg_18927            |  32|   0|   32|          0|
    |m_49_V_reg_18933            |  32|   0|   32|          0|
    |m_4_V_reg_18548             |   8|   0|   32|         24|
    |m_50_V_reg_18939            |  32|   0|   32|          0|
    |m_51_V_reg_18945            |  32|   0|   32|          0|
    |m_52_V_reg_18951            |  32|   0|   32|          0|
    |m_53_V_reg_18957            |  32|   0|   32|          0|
    |m_54_V_reg_18988            |  32|   0|   32|          0|
    |m_55_V_reg_18993            |  32|   0|   32|          0|
    |m_56_V_reg_18998            |  32|   0|   32|          0|
    |m_57_V_reg_19003            |  32|   0|   32|          0|
    |m_58_V_reg_19008            |  32|   0|   32|          0|
    |m_59_V_reg_19013            |  32|   0|   32|          0|
    |m_5_V_reg_18553             |   8|   0|   32|         24|
    |m_60_V_reg_19018            |  32|   0|   32|          0|
    |m_61_V_reg_19023            |  32|   0|   32|          0|
    |m_62_V_reg_19028            |  32|   0|   32|          0|
    |m_63_V_reg_19033            |  32|   0|   32|          0|
    |m_6_V_reg_18558             |   8|   0|   32|         24|
    |m_7_V_reg_18563             |   8|   0|   32|         24|
    |p_01375_2_reg_1421          |   7|   0|    7|          0|
    |p_01859_0_reg_1467          |  32|   0|   32|          0|
    |p_01894_0_reg_1514          |  32|   0|   32|          0|
    |p_03004_2_reg_1526          |   7|   0|    7|          0|
    |p_03491_0_reg_1575          |  32|   0|   32|          0|
    |p_03526_0_reg_1626          |  32|   0|   32|          0|
    |phi_ln1503_1_reg_1329       |   8|   0|    8|          0|
    |phi_ln1503_2_reg_1341       |   8|   0|    8|          0|
    |phi_ln1503_3_reg_1353       |   8|   0|    8|          0|
    |phi_ln1503_4_reg_1365       |   8|   0|    8|          0|
    |phi_ln1503_5_reg_1377       |   8|   0|    8|          0|
    |phi_ln1503_6_reg_1388       |   8|   0|    8|          0|
    |phi_ln1503_7_reg_1399       |   8|   0|    8|          0|
    |phi_ln1503_reg_1317         |   8|   0|    8|          0|
    |rhs_V_20_reg_1502           |  32|   0|   32|          0|
    |rhs_V_21_reg_1443           |  32|   0|   32|          0|
    |rhs_V_22_reg_1455           |  32|   0|   32|          0|
    |rhs_V_23_reg_1600           |  32|   0|   32|          0|
    |rhs_V_24_reg_1613           |  32|   0|   32|          0|
    |rhs_V_25_reg_1549           |  32|   0|   32|          0|
    |rhs_V_26_reg_1562           |  32|   0|   32|          0|
    |rhs_V_reg_1490              |  32|   0|   32|          0|
    |select_ln1356_10_reg_17763  |   8|   0|    8|          0|
    |select_ln1356_11_reg_17768  |   8|   0|    8|          0|
    |select_ln1356_12_reg_17773  |   8|   0|    8|          0|
    |select_ln1356_13_reg_17778  |   8|   0|    8|          0|
    |select_ln1356_14_reg_17783  |   8|   0|    8|          0|
    |select_ln1356_15_reg_17788  |   8|   0|    8|          0|
    |select_ln1356_2_reg_17723   |   8|   0|    8|          0|
    |select_ln1356_3_reg_17728   |   8|   0|    8|          0|
    |select_ln1356_4_reg_17733   |   8|   0|    8|          0|
    |select_ln1356_5_reg_17738   |   8|   0|    8|          0|
    |select_ln1356_6_reg_17743   |   8|   0|    8|          0|
    |select_ln1356_8_reg_17753   |   8|   0|    8|          0|
    |select_ln1356_9_reg_17758   |   8|   0|    8|          0|
    |t_0_reg_1410                |   2|   0|    2|          0|
    |t_reg_17718                 |   2|   0|    2|          0|
    |tmp_72_reg_19052            |  32|   0|   32|          0|
    |xor_ln1357_102_reg_18781    |  32|   0|   32|          0|
    |xor_ln1357_106_reg_18786    |  32|   0|   32|          0|
    |xor_ln1357_10_reg_17967     |  32|   0|   32|          0|
    |xor_ln1357_110_reg_18791    |  32|   0|   32|          0|
    |xor_ln1357_114_reg_18796    |  32|   0|   32|          0|
    |xor_ln1357_118_reg_18801    |  32|   0|   32|          0|
    |xor_ln1357_122_reg_18806    |  32|   0|   32|          0|
    |xor_ln1357_126_reg_18876    |  32|   0|   32|          0|
    |xor_ln1357_130_reg_18881    |  32|   0|   32|          0|
    |xor_ln1357_134_reg_18886    |  32|   0|   32|          0|
    |xor_ln1357_138_reg_18891    |  32|   0|   32|          0|
    |xor_ln1357_142_reg_18896    |  32|   0|   32|          0|
    |xor_ln1357_146_reg_18901    |  32|   0|   32|          0|
    |xor_ln1357_150_reg_18906    |  32|   0|   32|          0|
    |xor_ln1357_154_reg_18911    |  32|   0|   32|          0|
    |xor_ln1357_158_reg_18973    |  32|   0|   32|          0|
    |xor_ln1357_190_reg_17881    |  32|   0|   32|          0|
    |xor_ln1357_193_reg_17891    |  32|   0|   32|          0|
    |xor_ln1357_231_reg_18142    |  32|   0|   32|          0|
    |xor_ln1357_235_reg_18147    |  32|   0|   32|          0|
    |xor_ln1357_279_reg_18292    |  32|   0|   32|          0|
    |xor_ln1357_283_reg_18297    |  32|   0|   32|          0|
    |xor_ln1357_303_reg_18363    |  32|   0|   32|          0|
    |xor_ln1357_307_reg_18368    |  32|   0|   32|          0|
    |xor_ln1357_311_reg_18384    |  32|   0|   32|          0|
    |xor_ln1357_337_reg_18322    |  32|   0|   32|          0|
    |xor_ln1357_341_reg_18373    |  32|   0|   32|          0|
    |xor_ln1357_36_reg_18647     |  32|   0|   32|          0|
    |xor_ln1357_38_reg_17972     |  32|   0|   32|          0|
    |xor_ln1357_42_reg_17977     |  32|   0|   32|          0|
    |xor_ln1357_46_reg_17982     |  32|   0|   32|          0|
    |xor_ln1357_50_reg_18657     |  32|   0|   32|          0|
    |xor_ln1357_54_reg_18662     |  32|   0|   32|          0|
    |xor_ln1357_58_reg_18667     |  32|   0|   32|          0|
    |xor_ln1357_62_reg_18672     |  32|   0|   32|          0|
    |xor_ln1357_66_reg_18677     |  32|   0|   32|          0|
    |xor_ln1357_6_reg_17962      |  32|   0|   32|          0|
    |xor_ln1357_70_reg_18682     |  32|   0|   32|          0|
    |xor_ln1357_74_reg_18687     |  32|   0|   32|          0|
    |xor_ln1357_78_reg_18692     |  32|   0|   32|          0|
    |xor_ln1357_82_reg_18697     |  32|   0|   32|          0|
    |xor_ln1357_86_reg_18702     |  32|   0|   32|          0|
    |xor_ln1357_90_reg_18707     |  32|   0|   32|          0|
    |xor_ln1357_94_reg_18712     |  32|   0|   32|          0|
    |xor_ln1357_98_reg_18776     |  32|   0|   32|          0|
    |zext_ln209_10_reg_17997     |   8|   0|   32|         24|
    |zext_ln209_11_reg_18002     |   8|   0|   32|         24|
    |zext_ln209_12_reg_18007     |   8|   0|   32|         24|
    |zext_ln209_13_reg_18012     |   8|   0|   32|         24|
    |zext_ln209_14_reg_18017     |   8|   0|   32|         24|
    |zext_ln209_15_reg_18022     |   8|   0|   32|         24|
    |zext_ln209_7_reg_17748      |   8|   0|   32|         24|
    |zext_ln209_8_reg_17987      |   8|   0|   32|         24|
    |zext_ln209_9_reg_17992      |   8|   0|   32|         24|
    +----------------------------+----+----+-----+-----------+
    |Total                       |6514|   0| 6922|        408|
    +----------------------------+----+----+-----+-----------+



================================================================
== Interface
================================================================
* Summary: 
+-------------------+-----+-----+------------+--------------+--------------+
|     RTL Ports     | Dir | Bits|  Protocol  | Source Object|    C Type    |
+-------------------+-----+-----+------------+--------------+--------------+
|ap_clk             |  in |    1| ap_ctrl_hs |    sha256d   | return value |
|ap_rst             |  in |    1| ap_ctrl_hs |    sha256d   | return value |
|ap_start           |  in |    1| ap_ctrl_hs |    sha256d   | return value |
|ap_done            | out |    1| ap_ctrl_hs |    sha256d   | return value |
|ap_idle            | out |    1| ap_ctrl_hs |    sha256d   | return value |
|ap_ready           | out |    1| ap_ctrl_hs |    sha256d   | return value |
|input_0_V          |  in |    8|   ap_none  |   input_0_V  |    pointer   |
|input_1_V          |  in |    8|   ap_none  |   input_1_V  |    pointer   |
|input_2_V          |  in |    8|   ap_none  |   input_2_V  |    pointer   |
|input_3_V          |  in |    8|   ap_none  |   input_3_V  |    pointer   |
|input_4_V          |  in |    8|   ap_none  |   input_4_V  |    pointer   |
|input_5_V          |  in |    8|   ap_none  |   input_5_V  |    pointer   |
|input_6_V          |  in |    8|   ap_none  |   input_6_V  |    pointer   |
|input_7_V          |  in |    8|   ap_none  |   input_7_V  |    pointer   |
|input_8_V          |  in |    8|   ap_none  |   input_8_V  |    pointer   |
|input_9_V          |  in |    8|   ap_none  |   input_9_V  |    pointer   |
|input_10_V         |  in |    8|   ap_none  |  input_10_V  |    pointer   |
|input_11_V         |  in |    8|   ap_none  |  input_11_V  |    pointer   |
|input_12_V         |  in |    8|   ap_none  |  input_12_V  |    pointer   |
|input_13_V         |  in |    8|   ap_none  |  input_13_V  |    pointer   |
|input_14_V         |  in |    8|   ap_none  |  input_14_V  |    pointer   |
|input_15_V         |  in |    8|   ap_none  |  input_15_V  |    pointer   |
|input_16_V         |  in |    8|   ap_none  |  input_16_V  |    pointer   |
|input_17_V         |  in |    8|   ap_none  |  input_17_V  |    pointer   |
|input_18_V         |  in |    8|   ap_none  |  input_18_V  |    pointer   |
|input_19_V         |  in |    8|   ap_none  |  input_19_V  |    pointer   |
|input_20_V         |  in |    8|   ap_none  |  input_20_V  |    pointer   |
|input_21_V         |  in |    8|   ap_none  |  input_21_V  |    pointer   |
|input_22_V         |  in |    8|   ap_none  |  input_22_V  |    pointer   |
|input_23_V         |  in |    8|   ap_none  |  input_23_V  |    pointer   |
|input_24_V         |  in |    8|   ap_none  |  input_24_V  |    pointer   |
|input_25_V         |  in |    8|   ap_none  |  input_25_V  |    pointer   |
|input_26_V         |  in |    8|   ap_none  |  input_26_V  |    pointer   |
|input_27_V         |  in |    8|   ap_none  |  input_27_V  |    pointer   |
|input_28_V         |  in |    8|   ap_none  |  input_28_V  |    pointer   |
|input_29_V         |  in |    8|   ap_none  |  input_29_V  |    pointer   |
|input_30_V         |  in |    8|   ap_none  |  input_30_V  |    pointer   |
|input_31_V         |  in |    8|   ap_none  |  input_31_V  |    pointer   |
|input_32_V         |  in |    8|   ap_none  |  input_32_V  |    pointer   |
|input_33_V         |  in |    8|   ap_none  |  input_33_V  |    pointer   |
|input_34_V         |  in |    8|   ap_none  |  input_34_V  |    pointer   |
|input_35_V         |  in |    8|   ap_none  |  input_35_V  |    pointer   |
|input_36_V         |  in |    8|   ap_none  |  input_36_V  |    pointer   |
|input_37_V         |  in |    8|   ap_none  |  input_37_V  |    pointer   |
|input_38_V         |  in |    8|   ap_none  |  input_38_V  |    pointer   |
|input_39_V         |  in |    8|   ap_none  |  input_39_V  |    pointer   |
|input_40_V         |  in |    8|   ap_none  |  input_40_V  |    pointer   |
|input_41_V         |  in |    8|   ap_none  |  input_41_V  |    pointer   |
|input_42_V         |  in |    8|   ap_none  |  input_42_V  |    pointer   |
|input_43_V         |  in |    8|   ap_none  |  input_43_V  |    pointer   |
|input_44_V         |  in |    8|   ap_none  |  input_44_V  |    pointer   |
|input_45_V         |  in |    8|   ap_none  |  input_45_V  |    pointer   |
|input_46_V         |  in |    8|   ap_none  |  input_46_V  |    pointer   |
|input_47_V         |  in |    8|   ap_none  |  input_47_V  |    pointer   |
|input_48_V         |  in |    8|   ap_none  |  input_48_V  |    pointer   |
|input_49_V         |  in |    8|   ap_none  |  input_49_V  |    pointer   |
|input_50_V         |  in |    8|   ap_none  |  input_50_V  |    pointer   |
|input_51_V         |  in |    8|   ap_none  |  input_51_V  |    pointer   |
|input_52_V         |  in |    8|   ap_none  |  input_52_V  |    pointer   |
|input_53_V         |  in |    8|   ap_none  |  input_53_V  |    pointer   |
|input_54_V         |  in |    8|   ap_none  |  input_54_V  |    pointer   |
|input_55_V         |  in |    8|   ap_none  |  input_55_V  |    pointer   |
|input_56_V         |  in |    8|   ap_none  |  input_56_V  |    pointer   |
|input_57_V         |  in |    8|   ap_none  |  input_57_V  |    pointer   |
|input_58_V         |  in |    8|   ap_none  |  input_58_V  |    pointer   |
|input_59_V         |  in |    8|   ap_none  |  input_59_V  |    pointer   |
|input_60_V         |  in |    8|   ap_none  |  input_60_V  |    pointer   |
|input_61_V         |  in |    8|   ap_none  |  input_61_V  |    pointer   |
|input_62_V         |  in |    8|   ap_none  |  input_62_V  |    pointer   |
|input_63_V         |  in |    8|   ap_none  |  input_63_V  |    pointer   |
|input_64_V         |  in |    8|   ap_none  |  input_64_V  |    pointer   |
|input_65_V         |  in |    8|   ap_none  |  input_65_V  |    pointer   |
|input_66_V         |  in |    8|   ap_none  |  input_66_V  |    pointer   |
|input_67_V         |  in |    8|   ap_none  |  input_67_V  |    pointer   |
|input_68_V         |  in |    8|   ap_none  |  input_68_V  |    pointer   |
|input_69_V         |  in |    8|   ap_none  |  input_69_V  |    pointer   |
|input_70_V         |  in |    8|   ap_none  |  input_70_V  |    pointer   |
|input_71_V         |  in |    8|   ap_none  |  input_71_V  |    pointer   |
|input_72_V         |  in |    8|   ap_none  |  input_72_V  |    pointer   |
|input_73_V         |  in |    8|   ap_none  |  input_73_V  |    pointer   |
|input_74_V         |  in |    8|   ap_none  |  input_74_V  |    pointer   |
|input_75_V         |  in |    8|   ap_none  |  input_75_V  |    pointer   |
|input_76_V         |  in |    8|   ap_none  |  input_76_V  |    pointer   |
|input_77_V         |  in |    8|   ap_none  |  input_77_V  |    pointer   |
|input_78_V         |  in |    8|   ap_none  |  input_78_V  |    pointer   |
|input_79_V         |  in |    8|   ap_none  |  input_79_V  |    pointer   |
|output_0_V         | out |   32|   ap_vld   |  output_0_V  |    pointer   |
|output_0_V_ap_vld  | out |    1|   ap_vld   |  output_0_V  |    pointer   |
|output_1_V         | out |   32|   ap_vld   |  output_1_V  |    pointer   |
|output_1_V_ap_vld  | out |    1|   ap_vld   |  output_1_V  |    pointer   |
|output_2_V         | out |   32|   ap_vld   |  output_2_V  |    pointer   |
|output_2_V_ap_vld  | out |    1|   ap_vld   |  output_2_V  |    pointer   |
|output_3_V         | out |   32|   ap_vld   |  output_3_V  |    pointer   |
|output_3_V_ap_vld  | out |    1|   ap_vld   |  output_3_V  |    pointer   |
|output_4_V         | out |   32|   ap_vld   |  output_4_V  |    pointer   |
|output_4_V_ap_vld  | out |    1|   ap_vld   |  output_4_V  |    pointer   |
|output_5_V         | out |   32|   ap_vld   |  output_5_V  |    pointer   |
|output_5_V_ap_vld  | out |    1|   ap_vld   |  output_5_V  |    pointer   |
|output_6_V         | out |   32|   ap_vld   |  output_6_V  |    pointer   |
|output_6_V_ap_vld  | out |    1|   ap_vld   |  output_6_V  |    pointer   |
|output_7_V         | out |   32|   ap_vld   |  output_7_V  |    pointer   |
|output_7_V_ap_vld  | out |    1|   ap_vld   |  output_7_V  |    pointer   |
+-------------------+-----+-----+------------+--------------+--------------+

