==============================================================
Vivado(TM) HLS - High-Level Synthesis from C, C++ and SystemC v2020.1 (64-bit)
Copyright 1986-2020 Xilinx, Inc. All Rights Reserved.
==============================================================
INFO: [SYN 201-201] Setting up clock 'default' with a period of 10ns.
INFO: [HLS 200-10] Setting target device to 'xqzu5ev-ffrb900-1-i'
INFO: [SIM 211-2] *************** CSIM start ***************
INFO: [SIM 211-4] CSIM will launch GCC as the compiler.
INFO: [SIM 211-1] CSim done with 0 errors.
INFO: [SIM 211-3] *************** CSIM finish ***************
==============================================================
Vivado(TM) HLS - High-Level Synthesis from C, C++ and SystemC v2020.1 (64-bit)
Copyright 1986-2020 Xilinx, Inc. All Rights Reserved.
==============================================================
INFO: [SYN 201-201] Setting up clock 'default' with a period of 10ns.
INFO: [HLS 200-10] Setting target device to 'xqzu5ev-ffrb900-1-i'
INFO: [SYN 201-201] Setting up clock 'default' with a period of 10ns.
INFO: [SCHED 204-61] Option 'relax_ii_for_timing' is enabled, will increase II to preserve clock frequency constraints.
INFO: [HLS 200-10] Analyzing design file 'blake2s.cpp' ... 
WARNING: [HLS 200-40] In file included from blake2s.cpp:3:
In file included from ./blake2s.h:5:
In file included from D:/Sagar/UNSW/study/comp4601/Vivado/2020.1/win64/tools/clang/bin\..\lib\clang\3.1/../../../include/c++/4.5.2\cstdint:34:
D:/Sagar/UNSW/study/comp4601/Vivado/2020.1/win64/tools/clang/bin\..\lib\clang\3.1/../../../include/c++/4.5.2\bits/c++0x_warning.h:31:2: error: This file requires compiler and library support for the upcoming ISO C++ standard, C++0x. This support is currently experimental, and must be enabled with the -std=c++0x or -std=gnu++0x compiler options.
#error This file requires compiler and library support for the upcoming \
 ^
1 error generated.
==============================================================
Vivado(TM) HLS - High-Level Synthesis from C, C++ and SystemC v2020.1 (64-bit)
Copyright 1986-2020 Xilinx, Inc. All Rights Reserved.
==============================================================
INFO: [SYN 201-201] Setting up clock 'default' with a period of 10ns.
INFO: [HLS 200-10] Setting target device to 'xqzu5ev-ffrb900-1-i'
INFO: [SCHED 204-61] Option 'relax_ii_for_timing' is enabled, will increase II to preserve clock frequency constraints.
INFO: [HLS 200-10] Analyzing design file 'blake2s.cpp' ... 
WARNING: [HLS 200-40] In file included from blake2s.cpp:2:
In file included from D:/Sagar/UNSW/study/comp4601/Vivado/2020.1/win64/tools/clang/bin\..\lib\clang\3.1/../../../include/c++/4.5.2\array:34:
D:/Sagar/UNSW/study/comp4601/Vivado/2020.1/win64/tools/clang/bin\..\lib\clang\3.1/../../../include/c++/4.5.2\bits/c++0x_warning.h:31:2: error: This file requires compiler and library support for the upcoming ISO C++ standard, C++0x. This support is currently experimental, and must be enabled with the -std=c++0x or -std=gnu++0x compiler options.
#error This file requires compiler and library support for the upcoming \
 ^
1 error generated.
==============================================================
Vivado(TM) HLS - High-Level Synthesis from C, C++ and SystemC v2020.1 (64-bit)
Copyright 1986-2020 Xilinx, Inc. All Rights Reserved.
==============================================================
INFO: [SYN 201-201] Setting up clock 'default' with a period of 10ns.
INFO: [HLS 200-10] Setting target device to 'xqzu5ev-ffrb900-1-i'
INFO: [SIM 211-2] *************** CSIM start ***************
INFO: [SIM 211-4] CSIM will launch GCC as the compiler.
INFO: [SIM 211-1] CSim done with 0 errors.
INFO: [SIM 211-3] *************** CSIM finish ***************
==============================================================
Vivado(TM) HLS - High-Level Synthesis from C, C++ and SystemC v2020.1 (64-bit)
Copyright 1986-2020 Xilinx, Inc. All Rights Reserved.
==============================================================
INFO: [SYN 201-201] Setting up clock 'default' with a period of 10ns.
INFO: [HLS 200-10] Setting target device to 'xqzu5ev-ffrb900-1-i'
INFO: [SYN 201-201] Setting up clock 'default' with a period of 10ns.
INFO: [SCHED 204-61] Option 'relax_ii_for_timing' is enabled, will increase II to preserve clock frequency constraints.
INFO: [HLS 200-10] Analyzing design file 'blake2s.cpp' ... 
INFO: [HLS 200-111] Finished Linking Time (s): cpu = 00:00:01 ; elapsed = 00:00:08 . Memory (MB): peak = 992.305 ; gain = 898.230
INFO: [HLS 200-111] Finished Checking Pragmas Time (s): cpu = 00:00:01 ; elapsed = 00:00:08 . Memory (MB): peak = 992.305 ; gain = 898.230
INFO: [HLS 200-10] Starting code transformations ...
INFO: [XFORM 203-603] Inlining function '__gnu_cxx::new_allocator<unsigned char>::allocate' into 'std::_Vector_base<unsigned char, std::allocator<unsigned char> >::_M_allocate' (D:/Sagar/UNSW/study/comp4601/Vivado/2020.1/win64/tools/clang/bin\..\lib\clang\3.1/../../../include/c++/4.5.2\bits/stl_vector.h:140).
INFO: [XFORM 203-603] Inlining function 'std::_Vector_base<unsigned char, std::allocator<unsigned char> >::_M_allocate' into 'std::_Vector_base<unsigned char, std::allocator<unsigned char> >::_Vector_base' (D:/Sagar/UNSW/study/comp4601/Vivado/2020.1/win64/tools/clang/bin\..\lib\clang\3.1/../../../include/c++/4.5.2\bits/stl_vector.h:113).
INFO: [XFORM 203-603] Inlining function 'std::_Vector_base<unsigned char, std::allocator<unsigned char> >::_M_allocate' into 'std::vector<unsigned char, std::allocator<unsigned char> >::_M_fill_insert' (D:/Sagar/UNSW/study/comp4601/Vivado/2020.1/win64/tools/clang/bin\..\lib\clang\3.1/../../../include/c++/4.5.2\bits/vector.tcc:414).
INFO: [XFORM 203-603] Inlining function 'std::_Vector_base<unsigned char, std::allocator<unsigned char> >::_M_allocate' into 'std::vector<unsigned char, std::allocator<unsigned char> >::_M_insert_aux' (D:/Sagar/UNSW/study/comp4601/Vivado/2020.1/win64/tools/clang/bin\..\lib\clang\3.1/../../../include/c++/4.5.2\bits/vector.tcc:322).
INFO: [XFORM 203-603] Inlining function '__gnu_cxx::__normal_iterator<unsigned char const*, std::vector<unsigned char, std::allocator<unsigned char> > >::base' into 'std::_Iter_base<__gnu_cxx::__normal_iterator<unsigned char const*, std::vector<unsigned char, std::allocator<unsigned char> > >, true>::_S_base' (D:/Sagar/UNSW/study/comp4601/Vivado/2020.1/win64/tools/clang/bin\..\lib\clang\3.1/../../../include/c++/4.5.2\bits/stl_algobase.h:279).
INFO: [XFORM 203-603] Inlining function 'std::_Iter_base<__gnu_cxx::__normal_iterator<unsigned char const*, std::vector<unsigned char, std::allocator<unsigned char> > >, true>::_S_base' into 'std::__niter_base<__gnu_cxx::__normal_iterator<unsigned char const*, std::vector<unsigned char, std::allocator<unsigned char> > > >' (D:/Sagar/UNSW/study/comp4601/Vivado/2020.1/win64/tools/clang/bin\..\lib\clang\3.1/../../../include/c++/4.5.2\bits/stl_algobase.h:292).
INFO: [XFORM 203-603] Inlining function 'std::__niter_base<__gnu_cxx::__normal_iterator<unsigned char const*, std::vector<unsigned char, std::allocator<unsigned char> > > >' into 'std::__copy_move_a2<false, __gnu_cxx::__normal_iterator<unsigned char const*, std::vector<unsigned char, std::allocator<unsigned char> > >, unsigned char*>' (D:/Sagar/UNSW/study/comp4601/Vivado/2020.1/win64/tools/clang/bin\..\lib\clang\3.1/../../../include/c++/4.5.2\bits/stl_algobase.h:441).
INFO: [XFORM 203-603] Inlining function 'std::__niter_base<__gnu_cxx::__normal_iterator<unsigned char const*, std::vector<unsigned char, std::allocator<unsigned char> > > >' into 'std::__copy_move_a2<false, __gnu_cxx::__normal_iterator<unsigned char const*, std::vector<unsigned char, std::allocator<unsigned char> > >, unsigned char*>' (D:/Sagar/UNSW/study/comp4601/Vivado/2020.1/win64/tools/clang/bin\..\lib\clang\3.1/../../../include/c++/4.5.2\bits/stl_algobase.h:440).
INFO: [XFORM 203-603] Inlining function 'std::_Iter_base<unsigned char*, false>::_S_base' into 'std::__miter_base<unsigned char*>' (D:/Sagar/UNSW/study/comp4601/Vivado/2020.1/win64/tools/clang/bin\..\lib\clang\3.1/../../../include/c++/4.5.2\bits/stl_algobase.h:303).
INFO: [XFORM 203-603] Inlining function 'std::_Iter_base<unsigned char*, false>::_S_base' into 'std::__niter_base<unsigned char*>' (D:/Sagar/UNSW/study/comp4601/Vivado/2020.1/win64/tools/clang/bin\..\lib\clang\3.1/../../../include/c++/4.5.2\bits/stl_algobase.h:292).
INFO: [XFORM 203-603] Inlining function 'std::__niter_base<unsigned char*>' into 'std::__copy_move_a2<false, __gnu_cxx::__normal_iterator<unsigned char const*, std::vector<unsigned char, std::allocator<unsigned char> > >, unsigned char*>' (D:/Sagar/UNSW/study/comp4601/Vivado/2020.1/win64/tools/clang/bin\..\lib\clang\3.1/../../../include/c++/4.5.2\bits/stl_algobase.h:442).
INFO: [XFORM 203-603] Inlining function 'std::__niter_base<unsigned char*>' into 'std::__copy_move_a2<false, unsigned char*, unsigned char*>' (D:/Sagar/UNSW/study/comp4601/Vivado/2020.1/win64/tools/clang/bin\..\lib\clang\3.1/../../../include/c++/4.5.2\bits/stl_algobase.h:442).
INFO: [XFORM 203-603] Inlining function 'std::__niter_base<unsigned char*>' into 'std::__copy_move_a2<false, unsigned char*, unsigned char*>' (D:/Sagar/UNSW/study/comp4601/Vivado/2020.1/win64/tools/clang/bin\..\lib\clang\3.1/../../../include/c++/4.5.2\bits/stl_algobase.h:441).
INFO: [XFORM 203-603] Inlining function 'std::__niter_base<unsigned char*>' into 'std::__copy_move_a2<false, unsigned char*, unsigned char*>' (D:/Sagar/UNSW/study/comp4601/Vivado/2020.1/win64/tools/clang/bin\..\lib\clang\3.1/../../../include/c++/4.5.2\bits/stl_algobase.h:440).
INFO: [XFORM 203-603] Inlining function 'std::__niter_base<unsigned char*>' into 'std::__copy_move_backward_a2<false, unsigned char*, unsigned char*>' (D:/Sagar/UNSW/study/comp4601/Vivado/2020.1/win64/tools/clang/bin\..\lib\clang\3.1/../../../include/c++/4.5.2\bits/stl_algobase.h:610).
INFO: [XFORM 203-603] Inlining function 'std::__niter_base<unsigned char*>' into 'std::__copy_move_backward_a2<false, unsigned char*, unsigned char*>' (D:/Sagar/UNSW/study/comp4601/Vivado/2020.1/win64/tools/clang/bin\..\lib\clang\3.1/../../../include/c++/4.5.2\bits/stl_algobase.h:609).
INFO: [XFORM 203-603] Inlining function 'std::__niter_base<unsigned char*>' into 'std::__copy_move_backward_a2<false, unsigned char*, unsigned char*>' (D:/Sagar/UNSW/study/comp4601/Vivado/2020.1/win64/tools/clang/bin\..\lib\clang\3.1/../../../include/c++/4.5.2\bits/stl_algobase.h:609).
INFO: [XFORM 203-603] Inlining function 'std::__niter_base<unsigned char*>' into 'std::fill<unsigned char*, unsigned char>' (D:/Sagar/UNSW/study/comp4601/Vivado/2020.1/win64/tools/clang/bin\..\lib\clang\3.1/../../../include/c++/4.5.2\bits/stl_algobase.h:742).
INFO: [XFORM 203-603] Inlining function 'std::__niter_base<unsigned char*>' into 'std::fill<unsigned char*, unsigned char>' (D:/Sagar/UNSW/study/comp4601/Vivado/2020.1/win64/tools/clang/bin\..\lib\clang\3.1/../../../include/c++/4.5.2\bits/stl_algobase.h:742).
INFO: [XFORM 203-603] Inlining function 'std::__niter_base<unsigned char*>' into 'std::fill_n<unsigned char*, unsigned long long, unsigned char>' (D:/Sagar/UNSW/study/comp4601/Vivado/2020.1/win64/tools/clang/bin\..\lib\clang\3.1/../../../include/c++/4.5.2\bits/stl_algobase.h:798).
INFO: [XFORM 203-603] Inlining function 'std::__copy_move<false, true, std::random_access_iterator_tag>::__copy_m<unsigned char>' into 'std::__copy_move_a<false, unsigned char const*, unsigned char*>' (D:/Sagar/UNSW/study/comp4601/Vivado/2020.1/win64/tools/clang/bin\..\lib\clang\3.1/../../../include/c++/4.5.2\bits/stl_algobase.h:403).
INFO: [XFORM 203-603] Inlining function 'std::__copy_move<false, true, std::random_access_iterator_tag>::__copy_m<unsigned char>' into 'std::__copy_move_a<false, unsigned char*, unsigned char*>' (D:/Sagar/UNSW/study/comp4601/Vivado/2020.1/win64/tools/clang/bin\..\lib\clang\3.1/../../../include/c++/4.5.2\bits/stl_algobase.h:403).
INFO: [XFORM 203-603] Inlining function 'std::__copy_move_a<false, unsigned char const*, unsigned char*>' into 'std::__copy_move_a2<false, __gnu_cxx::__normal_iterator<unsigned char const*, std::vector<unsigned char, std::allocator<unsigned char> > >, unsigned char*>' (D:/Sagar/UNSW/study/comp4601/Vivado/2020.1/win64/tools/clang/bin\..\lib\clang\3.1/../../../include/c++/4.5.2\bits/stl_algobase.h:442).
INFO: [XFORM 203-603] Inlining function 'std::__copy_move_a2<false, __gnu_cxx::__normal_iterator<unsigned char const*, std::vector<unsigned char, std::allocator<unsigned char> > >, unsigned char*>' into 'std::copy<__gnu_cxx::__normal_iterator<unsigned char const*, std::vector<unsigned char, std::allocator<unsigned char> > >, unsigned char*>' (D:/Sagar/UNSW/study/comp4601/Vivado/2020.1/win64/tools/clang/bin\..\lib\clang\3.1/../../../include/c++/4.5.2\bits/stl_algobase.h:473).
INFO: [XFORM 203-603] Inlining function 'std::copy<__gnu_cxx::__normal_iterator<unsigned char const*, std::vector<unsigned char, std::allocator<unsigned char> > >, unsigned char*>' into 'std::__uninitialized_copy<true>::uninitialized_copy<__gnu_cxx::__normal_iterator<unsigned char const*, std::vector<unsigned char, std::allocator<unsigned char> > >, unsigned char*>' (D:/Sagar/UNSW/study/comp4601/Vivado/2020.1/win64/tools/clang/bin\..\lib\clang\3.1/../../../include/c++/4.5.2\bits/stl_uninitialized.h:92).
INFO: [XFORM 203-603] Inlining function 'std::__uninitialized_copy<true>::uninitialized_copy<__gnu_cxx::__normal_iterator<unsigned char const*, std::vector<unsigned char, std::allocator<unsigned char> > >, unsigned char*>' into 'std::uninitialized_copy<__gnu_cxx::__normal_iterator<unsigned char const*, std::vector<unsigned char, std::allocator<unsigned char> > >, unsigned char*>' (D:/Sagar/UNSW/study/comp4601/Vivado/2020.1/win64/tools/clang/bin\..\lib\clang\3.1/../../../include/c++/4.5.2\bits/stl_uninitialized.h:114).
INFO: [XFORM 203-603] Inlining function 'std::uninitialized_copy<__gnu_cxx::__normal_iterator<unsigned char const*, std::vector<unsigned char, std::allocator<unsigned char> > >, unsigned char*>' into 'std::__uninitialized_copy_a<__gnu_cxx::__normal_iterator<unsigned char const*, std::vector<unsigned char, std::allocator<unsigned char> > >, unsigned char*, unsigned char>' (D:/Sagar/UNSW/study/comp4601/Vivado/2020.1/win64/tools/clang/bin\..\lib\clang\3.1/../../../include/c++/4.5.2\bits/stl_uninitialized.h:318).
INFO: [XFORM 203-603] Inlining function 'std::__uninitialized_copy_a<__gnu_cxx::__normal_iterator<unsigned char const*, std::vector<unsigned char, std::allocator<unsigned char> > >, unsigned char*, unsigned char>' into 'std::vector<unsigned char, std::allocator<unsigned char> >::vector.3' (D:/Sagar/UNSW/study/comp4601/Vivado/2020.1/win64/tools/clang/bin\..\lib\clang\3.1/../../../include/c++/4.5.2\bits/stl_vector.h:246).
INFO: [XFORM 203-603] Inlining function '__gnu_cxx::__normal_iterator<unsigned char*, std::vector<unsigned char, std::allocator<unsigned char> > >::base' into 'std::vector<unsigned char, std::allocator<unsigned char> >::_M_insert_aux' (D:/Sagar/UNSW/study/comp4601/Vivado/2020.1/win64/tools/clang/bin\..\lib\clang\3.1/../../../include/c++/4.5.2\bits/vector.tcc:345).
INFO: [XFORM 203-603] Inlining function '__gnu_cxx::__normal_iterator<unsigned char*, std::vector<unsigned char, std::allocator<unsigned char> > >::base' into 'std::vector<unsigned char, std::allocator<unsigned char> >::_M_insert_aux' (D:/Sagar/UNSW/study/comp4601/Vivado/2020.1/win64/tools/clang/bin\..\lib\clang\3.1/../../../include/c++/4.5.2\bits/vector.tcc:340).
INFO: [XFORM 203-603] Inlining function '__gnu_cxx::__normal_iterator<unsigned char*, std::vector<unsigned char, std::allocator<unsigned char> > >::base' into 'std::vector<unsigned char, std::allocator<unsigned char> >::_M_insert_aux' (D:/Sagar/UNSW/study/comp4601/Vivado/2020.1/win64/tools/clang/bin\..\lib\clang\3.1/../../../include/c++/4.5.2\bits/vector.tcc:308).
INFO: [XFORM 203-603] Inlining function '__gnu_cxx::__normal_iterator<unsigned char*, std::vector<unsigned char, std::allocator<unsigned char> > >::base' into '__gnu_cxx::operator-<unsigned char*, std::vector<unsigned char, std::allocator<unsigned char> > >' (D:/Sagar/UNSW/study/comp4601/Vivado/2020.1/win64/tools/clang/bin\..\lib\clang\3.1/../../../include/c++/4.5.2\bits/stl_iterator.h:887).
INFO: [XFORM 203-603] Inlining function '__gnu_cxx::__normal_iterator<unsigned char*, std::vector<unsigned char, std::allocator<unsigned char> > >::base' into '__gnu_cxx::operator-<unsigned char*, std::vector<unsigned char, std::allocator<unsigned char> > >' (D:/Sagar/UNSW/study/comp4601/Vivado/2020.1/win64/tools/clang/bin\..\lib\clang\3.1/../../../include/c++/4.5.2\bits/stl_iterator.h:887).
INFO: [XFORM 203-603] Inlining function '__gnu_cxx::__normal_iterator<unsigned char*, std::vector<unsigned char, std::allocator<unsigned char> > >::base' into 'std::vector<unsigned char, std::allocator<unsigned char> >::_M_fill_insert' (D:/Sagar/UNSW/study/comp4601/Vivado/2020.1/win64/tools/clang/bin\..\lib\clang\3.1/../../../include/c++/4.5.2\bits/vector.tcc:432).
INFO: [XFORM 203-603] Inlining function '__gnu_cxx::__normal_iterator<unsigned char*, std::vector<unsigned char, std::allocator<unsigned char> > >::base' into 'std::vector<unsigned char, std::allocator<unsigned char> >::_M_fill_insert' (D:/Sagar/UNSW/study/comp4601/Vivado/2020.1/win64/tools/clang/bin\..\lib\clang\3.1/../../../include/c++/4.5.2\bits/vector.tcc:426).
INFO: [XFORM 203-603] Inlining function '__gnu_cxx::__normal_iterator<unsigned char*, std::vector<unsigned char, std::allocator<unsigned char> > >::base' into 'std::vector<unsigned char, std::allocator<unsigned char> >::_M_fill_insert' (D:/Sagar/UNSW/study/comp4601/Vivado/2020.1/win64/tools/clang/bin\..\lib\clang\3.1/../../../include/c++/4.5.2\bits/vector.tcc:406).
INFO: [XFORM 203-603] Inlining function '__gnu_cxx::__normal_iterator<unsigned char*, std::vector<unsigned char, std::allocator<unsigned char> > >::base' into 'std::vector<unsigned char, std::allocator<unsigned char> >::_M_fill_insert' (D:/Sagar/UNSW/study/comp4601/Vivado/2020.1/win64/tools/clang/bin\..\lib\clang\3.1/../../../include/c++/4.5.2\bits/vector.tcc:402).
INFO: [XFORM 203-603] Inlining function '__gnu_cxx::__normal_iterator<unsigned char*, std::vector<unsigned char, std::allocator<unsigned char> > >::base' into 'std::vector<unsigned char, std::allocator<unsigned char> >::_M_fill_insert' (D:/Sagar/UNSW/study/comp4601/Vivado/2020.1/win64/tools/clang/bin\..\lib\clang\3.1/../../../include/c++/4.5.2\bits/vector.tcc:392).
INFO: [XFORM 203-603] Inlining function '__gnu_cxx::__normal_iterator<unsigned char*, std::vector<unsigned char, std::allocator<unsigned char> > >::base' into 'std::vector<unsigned char, std::allocator<unsigned char> >::_M_fill_insert' (D:/Sagar/UNSW/study/comp4601/Vivado/2020.1/win64/tools/clang/bin\..\lib\clang\3.1/../../../include/c++/4.5.2\bits/vector.tcc:392).
INFO: [XFORM 203-603] Inlining function '__gnu_cxx::__normal_iterator<unsigned char*, std::vector<unsigned char, std::allocator<unsigned char> > >::base' into 'std::vector<unsigned char, std::allocator<unsigned char> >::_M_fill_insert' (D:/Sagar/UNSW/study/comp4601/Vivado/2020.1/win64/tools/clang/bin\..\lib\clang\3.1/../../../include/c++/4.5.2\bits/vector.tcc:390).
INFO: [XFORM 203-603] Inlining function 'std::__miter_base<unsigned char*>' into 'std::copy<unsigned char*, unsigned char*>' (D:/Sagar/UNSW/study/comp4601/Vivado/2020.1/win64/tools/clang/bin\..\lib\clang\3.1/../../../include/c++/4.5.2\bits/stl_algobase.h:473).
INFO: [XFORM 203-603] Inlining function 'std::__miter_base<unsigned char*>' into 'std::copy<unsigned char*, unsigned char*>' (D:/Sagar/UNSW/study/comp4601/Vivado/2020.1/win64/tools/clang/bin\..\lib\clang\3.1/../../../include/c++/4.5.2\bits/stl_algobase.h:473).
INFO: [XFORM 203-603] Inlining function 'std::__miter_base<unsigned char*>' into 'std::copy_backward<unsigned char*, unsigned char*>' (D:/Sagar/UNSW/study/comp4601/Vivado/2020.1/win64/tools/clang/bin\..\lib\clang\3.1/../../../include/c++/4.5.2\bits/stl_algobase.h:644).
INFO: [XFORM 203-603] Inlining function 'std::__miter_base<unsigned char*>' into 'std::copy_backward<unsigned char*, unsigned char*>' (D:/Sagar/UNSW/study/comp4601/Vivado/2020.1/win64/tools/clang/bin\..\lib\clang\3.1/../../../include/c++/4.5.2\bits/stl_algobase.h:644).
INFO: [XFORM 203-603] Inlining function '__gnu_cxx::__normal_iterator<unsigned char*, std::vector<unsigned char, std::allocator<unsigned char> > >::operator*' into 'std::vector<unsigned char, std::allocator<unsigned char> >::_M_insert_aux' (D:/Sagar/UNSW/study/comp4601/Vivado/2020.1/win64/tools/clang/bin\..\lib\clang\3.1/../../../include/c++/4.5.2\bits/vector.tcc:312).
INFO: [XFORM 203-603] Inlining function 'std::max<unsigned long long>' into 'std::vector<unsigned char, std::allocator<unsigned char> >::_M_check_len' (D:/Sagar/UNSW/study/comp4601/Vivado/2020.1/win64/tools/clang/bin\..\lib\clang\3.1/../../../include/c++/4.5.2\bits/stl_vector.h:1143).
INFO: [XFORM 203-603] Inlining function 'std::__copy_move_a<false, unsigned char*, unsigned char*>' into 'std::__copy_move_a2<false, unsigned char*, unsigned char*>' (D:/Sagar/UNSW/study/comp4601/Vivado/2020.1/win64/tools/clang/bin\..\lib\clang\3.1/../../../include/c++/4.5.2\bits/stl_algobase.h:442).
INFO: [XFORM 203-603] Inlining function 'std::__copy_move_a2<false, unsigned char*, unsigned char*>' into 'std::copy<unsigned char*, unsigned char*>' (D:/Sagar/UNSW/study/comp4601/Vivado/2020.1/win64/tools/clang/bin\..\lib\clang\3.1/../../../include/c++/4.5.2\bits/stl_algobase.h:473).
INFO: [XFORM 203-603] Inlining function 'std::copy<unsigned char*, unsigned char*>' into 'std::__uninitialized_copy<true>::uninitialized_copy<unsigned char*, unsigned char*>' (D:/Sagar/UNSW/study/comp4601/Vivado/2020.1/win64/tools/clang/bin\..\lib\clang\3.1/../../../include/c++/4.5.2\bits/stl_uninitialized.h:92).
INFO: [XFORM 203-603] Inlining function 'std::__uninitialized_copy<true>::uninitialized_copy<unsigned char*, unsigned char*>' into 'std::uninitialized_copy<unsigned char*, unsigned char*>' (D:/Sagar/UNSW/study/comp4601/Vivado/2020.1/win64/tools/clang/bin\..\lib\clang\3.1/../../../include/c++/4.5.2\bits/stl_uninitialized.h:114).
INFO: [XFORM 203-603] Inlining function 'std::uninitialized_copy<unsigned char*, unsigned char*>' into 'std::__uninitialized_copy_a<unsigned char*, unsigned char*, unsigned char>' (D:/Sagar/UNSW/study/comp4601/Vivado/2020.1/win64/tools/clang/bin\..\lib\clang\3.1/../../../include/c++/4.5.2\bits/stl_uninitialized.h:318).
INFO: [XFORM 203-603] Inlining function 'std::__uninitialized_copy_a<unsigned char*, unsigned char*, unsigned char>' into 'std::__uninitialized_move_a<unsigned char*, unsigned char*, std::allocator<unsigned char> >' (D:/Sagar/UNSW/study/comp4601/Vivado/2020.1/win64/tools/clang/bin\..\lib\clang\3.1/../../../include/c++/4.5.2\bits/stl_uninitialized.h:326).
INFO: [XFORM 203-603] Inlining function 'std::__uninitialized_move_a<unsigned char*, unsigned char*, std::allocator<unsigned char> >' into 'std::vector<unsigned char, std::allocator<unsigned char> >::_M_fill_insert' (D:/Sagar/UNSW/study/comp4601/Vivado/2020.1/win64/tools/clang/bin\..\lib\clang\3.1/../../../include/c++/4.5.2\bits/vector.tcc:388).
INFO: [XFORM 203-603] Inlining function 'std::__uninitialized_move_a<unsigned char*, unsigned char*, std::allocator<unsigned char> >' into 'std::vector<unsigned char, std::allocator<unsigned char> >::_M_fill_insert' (D:/Sagar/UNSW/study/comp4601/Vivado/2020.1/win64/tools/clang/bin\..\lib\clang\3.1/../../../include/c++/4.5.2\bits/vector.tcc:404).
INFO: [XFORM 203-603] Inlining function 'std::__uninitialized_move_a<unsigned char*, unsigned char*, std::allocator<unsigned char> >' into 'std::vector<unsigned char, std::allocator<unsigned char> >::_M_fill_insert' (D:/Sagar/UNSW/study/comp4601/Vivado/2020.1/win64/tools/clang/bin\..\lib\clang\3.1/../../../include/c++/4.5.2\bits/vector.tcc:428).
INFO: [XFORM 203-603] Inlining function 'std::__uninitialized_move_a<unsigned char*, unsigned char*, std::allocator<unsigned char> >' into 'std::vector<unsigned char, std::allocator<unsigned char> >::_M_fill_insert' (D:/Sagar/UNSW/study/comp4601/Vivado/2020.1/win64/tools/clang/bin\..\lib\clang\3.1/../../../include/c++/4.5.2\bits/vector.tcc:435).
INFO: [XFORM 203-603] Inlining function 'std::__uninitialized_move_a<unsigned char*, unsigned char*, std::allocator<unsigned char> >' into 'std::vector<unsigned char, std::allocator<unsigned char> >::_M_insert_aux' (D:/Sagar/UNSW/study/comp4601/Vivado/2020.1/win64/tools/clang/bin\..\lib\clang\3.1/../../../include/c++/4.5.2\bits/vector.tcc:341).
INFO: [XFORM 203-603] Inlining function 'std::__uninitialized_move_a<unsigned char*, unsigned char*, std::allocator<unsigned char> >' into 'std::vector<unsigned char, std::allocator<unsigned char> >::_M_insert_aux' (D:/Sagar/UNSW/study/comp4601/Vivado/2020.1/win64/tools/clang/bin\..\lib\clang\3.1/../../../include/c++/4.5.2\bits/vector.tcc:348).
INFO: [XFORM 203-603] Inlining function 'std::vector<unsigned char, std::allocator<unsigned char> >::data' into 'blake2s_256' (blake2s.cpp:69).
INFO: [XFORM 203-603] Inlining function 'std::vector<unsigned char, std::allocator<unsigned char> >::data' into 'blake2s_256' (blake2s.cpp:45).
INFO: [HLS 200-111] Finished Standard Transforms Time (s): cpu = 00:00:01 ; elapsed = 00:00:09 . Memory (MB): peak = 992.305 ; gain = 898.230
INFO: [HLS 200-10] Checking synthesizability ...
INFO: [XFORM 203-602] Inlining function 'std::_Iter_base<__gnu_cxx::__normal_iterator<unsigned char const*, std::vector<unsigned char, std::allocator<unsigned char> > >, false>::_S_base' into 'std::__miter_base<__gnu_cxx::__normal_iterator<unsigned char const*, std::vector<unsigned char, std::allocator<unsigned char> > > >' (D:/Sagar/UNSW/study/comp4601/Vivado/2020.1/win64/tools/clang/bin\..\lib\clang\3.1/../../../include/c++/4.5.2\bits/stl_algobase.h:303) automatically.
INFO: [XFORM 203-602] Inlining function 'std::__copy_move_backward<false, true, std::random_access_iterator_tag>::__copy_move_b<unsigned char>' into 'std::__copy_move_backward_a<false, unsigned char*, unsigned char*>' (D:/Sagar/UNSW/study/comp4601/Vivado/2020.1/win64/tools/clang/bin\..\lib\clang\3.1/../../../include/c++/4.5.2\bits/stl_algobase.h:598) automatically.
INFO: [XFORM 203-602] Inlining function 'std::__copy_move_backward_a<false, unsigned char*, unsigned char*>' into 'std::__copy_move_backward_a2<false, unsigned char*, unsigned char*>' (D:/Sagar/UNSW/study/comp4601/Vivado/2020.1/win64/tools/clang/bin\..\lib\clang\3.1/../../../include/c++/4.5.2\bits/stl_algobase.h:610) automatically.
INFO: [XFORM 203-602] Inlining function 'std::__copy_move_backward_a2<false, unsigned char*, unsigned char*>' into 'std::copy_backward<unsigned char*, unsigned char*>' (D:/Sagar/UNSW/study/comp4601/Vivado/2020.1/win64/tools/clang/bin\..\lib\clang\3.1/../../../include/c++/4.5.2\bits/stl_algobase.h:644) automatically.
INFO: [XFORM 203-602] Inlining function 'std::_Vector_base<unsigned char, std::allocator<unsigned char> >::_M_get_Tp_allocator.1' into 'std::vector<unsigned char, std::allocator<unsigned char> >::max_size' (D:/Sagar/UNSW/study/comp4601/Vivado/2020.1/win64/tools/clang/bin\..\lib\clang\3.1/../../../include/c++/4.5.2\bits/stl_vector.h:539) automatically.
INFO: [XFORM 203-602] Inlining function '__gnu_cxx::new_allocator<unsigned char>::max_size' into 'std::vector<unsigned char, std::allocator<unsigned char> >::max_size' (D:/Sagar/UNSW/study/comp4601/Vivado/2020.1/win64/tools/clang/bin\..\lib\clang\3.1/../../../include/c++/4.5.2\bits/stl_vector.h:539) automatically.
INFO: [XFORM 203-602] Inlining function 'std::vector<unsigned char, std::allocator<unsigned char> >::max_size' into 'std::vector<unsigned char, std::allocator<unsigned char> >::_M_check_len' (D:/Sagar/UNSW/study/comp4601/Vivado/2020.1/win64/tools/clang/bin\..\lib\clang\3.1/../../../include/c++/4.5.2\bits/stl_vector.h:1140) automatically.
INFO: [XFORM 203-602] Inlining function 'std::vector<unsigned char, std::allocator<unsigned char> >::size' into 'std::vector<unsigned char, std::allocator<unsigned char> >::_M_check_len' (D:/Sagar/UNSW/study/comp4601/Vivado/2020.1/win64/tools/clang/bin\..\lib\clang\3.1/../../../include/c++/4.5.2\bits/stl_vector.h:1140) automatically.
INFO: [XFORM 203-602] Inlining function 'std::_Destroy_aux<true>::__destroy<unsigned char*>' into 'std::_Destroy<unsigned char*>' (D:/Sagar/UNSW/study/comp4601/Vivado/2020.1/win64/tools/clang/bin\..\lib\clang\3.1/../../../include/c++/4.5.2\bits/stl_construct.h:122) automatically.
INFO: [XFORM 203-602] Inlining function 'std::_Destroy<unsigned char*>' into 'std::_Destroy<unsigned char*, unsigned char>' (D:/Sagar/UNSW/study/comp4601/Vivado/2020.1/win64/tools/clang/bin\..\lib\clang\3.1/../../../include/c++/4.5.2\bits/stl_construct.h:148) automatically.
INFO: [XFORM 203-602] Inlining function '__gnu_cxx::new_allocator<unsigned char>::deallocate' into 'std::_Vector_base<unsigned char, std::allocator<unsigned char> >::_M_deallocate' (D:/Sagar/UNSW/study/comp4601/Vivado/2020.1/win64/tools/clang/bin\..\lib\clang\3.1/../../../include/c++/4.5.2\bits/stl_vector.h:146) automatically.
INFO: [XFORM 203-602] Inlining function '__gnu_cxx::new_allocator<unsigned char>::construct' into 'std::vector<unsigned char, std::allocator<unsigned char> >::_M_insert_aux' (D:/Sagar/UNSW/study/comp4601/Vivado/2020.1/win64/tools/clang/bin\..\lib\clang\3.1/../../../include/c++/4.5.2\bits/vector.tcc:301) automatically.
INFO: [XFORM 203-602] Inlining function 'std::copy_backward<unsigned char*, unsigned char*>' into 'std::vector<unsigned char, std::allocator<unsigned char> >::_M_insert_aux' (D:/Sagar/UNSW/study/comp4601/Vivado/2020.1/win64/tools/clang/bin\..\lib\clang\3.1/../../../include/c++/4.5.2\bits/vector.tcc:308) automatically.
INFO: [XFORM 203-602] Inlining function 'std::vector<unsigned char, std::allocator<unsigned char> >::_M_check_len' into 'std::vector<unsigned char, std::allocator<unsigned char> >::_M_insert_aux' (D:/Sagar/UNSW/study/comp4601/Vivado/2020.1/win64/tools/clang/bin\..\lib\clang\3.1/../../../include/c++/4.5.2\bits/vector.tcc:320) automatically.
INFO: [XFORM 203-602] Inlining function 'std::vector<unsigned char, std::allocator<unsigned char> >::begin' into 'std::vector<unsigned char, std::allocator<unsigned char> >::_M_insert_aux' (D:/Sagar/UNSW/study/comp4601/Vivado/2020.1/win64/tools/clang/bin\..\lib\clang\3.1/../../../include/c++/4.5.2\bits/vector.tcc:321) automatically.
INFO: [XFORM 203-602] Inlining function '__gnu_cxx::operator-<unsigned char*, std::vector<unsigned char, std::allocator<unsigned char> > >' into 'std::vector<unsigned char, std::allocator<unsigned char> >::_M_insert_aux' (D:/Sagar/UNSW/study/comp4601/Vivado/2020.1/win64/tools/clang/bin\..\lib\clang\3.1/../../../include/c++/4.5.2\bits/vector.tcc:321) automatically.
INFO: [XFORM 203-602] Inlining function '__gnu_cxx::new_allocator<unsigned char>::max_size' into 'std::vector<unsigned char, std::allocator<unsigned char> >::_M_insert_aux' (D:/Sagar/UNSW/study/comp4601/Vivado/2020.1/win64/tools/clang/bin\..\lib\clang\3.1/../../../include/c++/4.5.2\ext/new_allocator.h:86->D:/Sagar/UNSW/study/comp4601/Vivado/2020.1/win64/tools/clang/bin\..\lib\clang\3.1/../../../include/c++/4.5.2\bits/stl_vector.h:140->D:/Sagar/UNSW/study/comp4601/Vivado/2020.1/win64/tools/clang/bin\..\lib\clang\3.1/../../../include/c++/4.5.2\bits/vector.tcc:322) automatically.
INFO: [XFORM 203-602] Inlining function 'std::_Vector_base<unsigned char, std::allocator<unsigned char> >::_M_get_Tp_allocator' into 'std::vector<unsigned char, std::allocator<unsigned char> >::_M_insert_aux' (D:/Sagar/UNSW/study/comp4601/Vivado/2020.1/win64/tools/clang/bin\..\lib\clang\3.1/../../../include/c++/4.5.2\bits/vector.tcc:341) automatically.
INFO: [XFORM 203-602] Inlining function 'std::_Destroy<unsigned char*, unsigned char>' into 'std::vector<unsigned char, std::allocator<unsigned char> >::_M_insert_aux' (D:/Sagar/UNSW/study/comp4601/Vivado/2020.1/win64/tools/clang/bin\..\lib\clang\3.1/../../../include/c++/4.5.2\bits/vector.tcc:360) automatically.
INFO: [XFORM 203-602] Inlining function 'std::_Vector_base<unsigned char, std::allocator<unsigned char> >::_M_deallocate' into 'std::vector<unsigned char, std::allocator<unsigned char> >::_M_insert_aux' (D:/Sagar/UNSW/study/comp4601/Vivado/2020.1/win64/tools/clang/bin\..\lib\clang\3.1/../../../include/c++/4.5.2\bits/vector.tcc:361) automatically.
INFO: [XFORM 203-602] Inlining function '__gnu_cxx::new_allocator<unsigned char>::construct' into 'std::vector<unsigned char, std::allocator<unsigned char> >::push_back' (D:/Sagar/UNSW/study/comp4601/Vivado/2020.1/win64/tools/clang/bin\..\lib\clang\3.1/../../../include/c++/4.5.2\bits/stl_vector.h:745) automatically.
INFO: [XFORM 203-602] Inlining function 'std::vector<unsigned char, std::allocator<unsigned char> >::end' into 'std::vector<unsigned char, std::allocator<unsigned char> >::push_back' (D:/Sagar/UNSW/study/comp4601/Vivado/2020.1/win64/tools/clang/bin\..\lib\clang\3.1/../../../include/c++/4.5.2\bits/stl_vector.h:749) automatically.
INFO: [XFORM 203-602] Inlining function 'std::_Vector_base<unsigned char, std::allocator<unsigned char> >::_M_get_Tp_allocator' into 'std::vector<unsigned char, std::allocator<unsigned char> >::_M_erase_at_end' (D:/Sagar/UNSW/study/comp4601/Vivado/2020.1/win64/tools/clang/bin\..\lib\clang\3.1/../../../include/c++/4.5.2\bits/stl_vector.h:1154) automatically.
INFO: [XFORM 203-602] Inlining function 'std::_Destroy<unsigned char*, unsigned char>' into 'std::vector<unsigned char, std::allocator<unsigned char> >::_M_erase_at_end' (D:/Sagar/UNSW/study/comp4601/Vivado/2020.1/win64/tools/clang/bin\..\lib\clang\3.1/../../../include/c++/4.5.2\bits/stl_vector.h:1154) automatically.
INFO: [XFORM 203-602] Inlining function 'std::__fill_a<unsigned char>' into 'std::fill<unsigned char*, unsigned char>' (D:/Sagar/UNSW/study/comp4601/Vivado/2020.1/win64/tools/clang/bin\..\lib\clang\3.1/../../../include/c++/4.5.2\bits/stl_algobase.h:742) automatically.
INFO: [XFORM 203-602] Inlining function 'std::__fill_a<unsigned char>' into 'std::__fill_n_a<unsigned long long, unsigned char>' (D:/Sagar/UNSW/study/comp4601/Vivado/2020.1/win64/tools/clang/bin\..\lib\clang\3.1/../../../include/c++/4.5.2\bits/stl_algobase.h:772) automatically.
INFO: [XFORM 203-602] Inlining function 'std::__fill_n_a<unsigned long long, unsigned char>' into 'std::fill_n<unsigned char*, unsigned long long, unsigned char>' (D:/Sagar/UNSW/study/comp4601/Vivado/2020.1/win64/tools/clang/bin\..\lib\clang\3.1/../../../include/c++/4.5.2\bits/stl_algobase.h:798) automatically.
INFO: [XFORM 203-602] Inlining function 'std::fill_n<unsigned char*, unsigned long long, unsigned char>' into 'std::__uninitialized_fill_n<true>::uninitialized_fill_n<unsigned char*, unsigned long long, unsigned char>' (D:/Sagar/UNSW/study/comp4601/Vivado/2020.1/win64/tools/clang/bin\..\lib\clang\3.1/../../../include/c++/4.5.2\bits/stl_uninitialized.h:265) automatically.
INFO: [XFORM 203-602] Inlining function 'std::__uninitialized_fill_n<true>::uninitialized_fill_n<unsigned char*, unsigned long long, unsigned char>' into 'std::uninitialized_fill_n<unsigned char*, unsigned long long, unsigned char>' (D:/Sagar/UNSW/study/comp4601/Vivado/2020.1/win64/tools/clang/bin\..\lib\clang\3.1/../../../include/c++/4.5.2\bits/stl_uninitialized.h:284) automatically.
INFO: [XFORM 203-602] Inlining function 'std::uninitialized_fill_n<unsigned char*, unsigned long long, unsigned char>' into 'std::__uninitialized_fill_n_a<unsigned char*, unsigned long long, unsigned char, unsigned char>' (D:/Sagar/UNSW/study/comp4601/Vivado/2020.1/win64/tools/clang/bin\..\lib\clang\3.1/../../../include/c++/4.5.2\bits/stl_uninitialized.h:379) automatically.
INFO: [XFORM 203-602] Inlining function 'std::vector<unsigned char, std::allocator<unsigned char> >::max_size' into 'std::vector<unsigned char, std::allocator<unsigned char> >::_M_check_len.1' (D:/Sagar/UNSW/study/comp4601/Vivado/2020.1/win64/tools/clang/bin\..\lib\clang\3.1/../../../include/c++/4.5.2\bits/stl_vector.h:1140) automatically.
INFO: [XFORM 203-602] Inlining function 'std::vector<unsigned char, std::allocator<unsigned char> >::size' into 'std::vector<unsigned char, std::allocator<unsigned char> >::_M_check_len.1' (D:/Sagar/UNSW/study/comp4601/Vivado/2020.1/win64/tools/clang/bin\..\lib\clang\3.1/../../../include/c++/4.5.2\bits/stl_vector.h:1140) automatically.
INFO: [XFORM 203-602] Inlining function 'std::vector<unsigned char, std::allocator<unsigned char> >::end' into 'std::vector<unsigned char, std::allocator<unsigned char> >::_M_fill_insert' (D:/Sagar/UNSW/study/comp4601/Vivado/2020.1/win64/tools/clang/bin\..\lib\clang\3.1/../../../include/c++/4.5.2\bits/vector.tcc:381) automatically.
INFO: [XFORM 203-602] Inlining function '__gnu_cxx::operator-<unsigned char*, std::vector<unsigned char, std::allocator<unsigned char> > >' into 'std::vector<unsigned char, std::allocator<unsigned char> >::_M_fill_insert' (D:/Sagar/UNSW/study/comp4601/Vivado/2020.1/win64/tools/clang/bin\..\lib\clang\3.1/../../../include/c++/4.5.2\bits/vector.tcc:381) automatically.
INFO: [XFORM 203-602] Inlining function 'std::_Vector_base<unsigned char, std::allocator<unsigned char> >::_M_get_Tp_allocator' into 'std::vector<unsigned char, std::allocator<unsigned char> >::_M_fill_insert' (D:/Sagar/UNSW/study/comp4601/Vivado/2020.1/win64/tools/clang/bin\..\lib\clang\3.1/../../../include/c++/4.5.2\bits/vector.tcc:388) automatically.
INFO: [XFORM 203-602] Inlining function 'std::copy_backward<unsigned char*, unsigned char*>' into 'std::vector<unsigned char, std::allocator<unsigned char> >::_M_fill_insert' (D:/Sagar/UNSW/study/comp4601/Vivado/2020.1/win64/tools/clang/bin\..\lib\clang\3.1/../../../include/c++/4.5.2\bits/vector.tcc:390) automatically.
INFO: [XFORM 203-602] Inlining function 'std::fill<unsigned char*, unsigned char>' into 'std::vector<unsigned char, std::allocator<unsigned char> >::_M_fill_insert' (D:/Sagar/UNSW/study/comp4601/Vivado/2020.1/win64/tools/clang/bin\..\lib\clang\3.1/../../../include/c++/4.5.2\bits/vector.tcc:392) automatically.
INFO: [XFORM 203-602] Inlining function 'std::__uninitialized_fill_n_a<unsigned char*, unsigned long long, unsigned char, unsigned char>' into 'std::vector<unsigned char, std::allocator<unsigned char> >::_M_fill_insert' (D:/Sagar/UNSW/study/comp4601/Vivado/2020.1/win64/tools/clang/bin\..\lib\clang\3.1/../../../include/c++/4.5.2\bits/vector.tcc:400) automatically.
INFO: [XFORM 203-602] Inlining function 'std::vector<unsigned char, std::allocator<unsigned char> >::_M_check_len.1' into 'std::vector<unsigned char, std::allocator<unsigned char> >::_M_fill_insert' (D:/Sagar/UNSW/study/comp4601/Vivado/2020.1/win64/tools/clang/bin\..\lib\clang\3.1/../../../include/c++/4.5.2\bits/vector.tcc:412) automatically.
INFO: [XFORM 203-602] Inlining function 'std::vector<unsigned char, std::allocator<unsigned char> >::begin' into 'std::vector<unsigned char, std::allocator<unsigned char> >::_M_fill_insert' (D:/Sagar/UNSW/study/comp4601/Vivado/2020.1/win64/tools/clang/bin\..\lib\clang\3.1/../../../include/c++/4.5.2\bits/vector.tcc:413) automatically.
INFO: [XFORM 203-602] Inlining function '__gnu_cxx::new_allocator<unsigned char>::max_size' into 'std::vector<unsigned char, std::allocator<unsigned char> >::_M_fill_insert' (D:/Sagar/UNSW/study/comp4601/Vivado/2020.1/win64/tools/clang/bin\..\lib\clang\3.1/../../../include/c++/4.5.2\ext/new_allocator.h:86->D:/Sagar/UNSW/study/comp4601/Vivado/2020.1/win64/tools/clang/bin\..\lib\clang\3.1/../../../include/c++/4.5.2\bits/stl_vector.h:140->D:/Sagar/UNSW/study/comp4601/Vivado/2020.1/win64/tools/clang/bin\..\lib\clang\3.1/../../../include/c++/4.5.2\bits/vector.tcc:414) automatically.
INFO: [XFORM 203-602] Inlining function 'std::_Destroy<unsigned char*, unsigned char>' into 'std::vector<unsigned char, std::allocator<unsigned char> >::_M_fill_insert' (D:/Sagar/UNSW/study/comp4601/Vivado/2020.1/win64/tools/clang/bin\..\lib\clang\3.1/../../../include/c++/4.5.2\bits/vector.tcc:450) automatically.
INFO: [XFORM 203-602] Inlining function 'std::_Vector_base<unsigned char, std::allocator<unsigned char> >::_M_deallocate' into 'std::vector<unsigned char, std::allocator<unsigned char> >::_M_fill_insert' (D:/Sagar/UNSW/study/comp4601/Vivado/2020.1/win64/tools/clang/bin\..\lib\clang\3.1/../../../include/c++/4.5.2\bits/vector.tcc:451) automatically.
INFO: [XFORM 203-602] Inlining function 'std::vector<unsigned char, std::allocator<unsigned char> >::size' into 'std::vector<unsigned char, std::allocator<unsigned char> >::resize' (D:/Sagar/UNSW/study/comp4601/Vivado/2020.1/win64/tools/clang/bin\..\lib\clang\3.1/../../../include/c++/4.5.2\bits/stl_vector.h:555) automatically.
INFO: [XFORM 203-602] Inlining function 'std::vector<unsigned char, std::allocator<unsigned char> >::_M_erase_at_end' into 'std::vector<unsigned char, std::allocator<unsigned char> >::resize' (D:/Sagar/UNSW/study/comp4601/Vivado/2020.1/win64/tools/clang/bin\..\lib\clang\3.1/../../../include/c++/4.5.2\bits/stl_vector.h:556) automatically.
INFO: [XFORM 203-602] Inlining function 'std::vector<unsigned char, std::allocator<unsigned char> >::end' into 'std::vector<unsigned char, std::allocator<unsigned char> >::resize' (D:/Sagar/UNSW/study/comp4601/Vivado/2020.1/win64/tools/clang/bin\..\lib\clang\3.1/../../../include/c++/4.5.2\bits/stl_vector.h:558) automatically.
INFO: [XFORM 203-602] Inlining function 'std::vector<unsigned char, std::allocator<unsigned char> >::insert' into 'std::vector<unsigned char, std::allocator<unsigned char> >::resize' (D:/Sagar/UNSW/study/comp4601/Vivado/2020.1/win64/tools/clang/bin\..\lib\clang\3.1/../../../include/c++/4.5.2\bits/stl_vector.h:558) automatically.
INFO: [XFORM 203-602] Inlining function 'std::_Vector_base<unsigned char, std::allocator<unsigned char> >::_M_get_Tp_allocator' into 'std::vector<unsigned char, std::allocator<unsigned char> >::_M_fill_initialize' (D:/Sagar/UNSW/study/comp4601/Vivado/2020.1/win64/tools/clang/bin\..\lib\clang\3.1/../../../include/c++/4.5.2\bits/stl_vector.h:1040) automatically.
INFO: [XFORM 203-602] Inlining function 'std::__uninitialized_fill_n_a<unsigned char*, unsigned long long, unsigned char, unsigned char>' into 'std::vector<unsigned char, std::allocator<unsigned char> >::_M_fill_initialize' (D:/Sagar/UNSW/study/comp4601/Vivado/2020.1/win64/tools/clang/bin\..\lib\clang\3.1/../../../include/c++/4.5.2\bits/stl_vector.h:1040) automatically.
INFO: [XFORM 203-602] Inlining function 'std::vector<unsigned char, std::allocator<unsigned char> >::size' into 'blake2s_256' (D:/Sagar/UNSW/study/comp4601/Vivado/2020.1/win64/tools/clang/bin\..\lib\clang\3.1/../../../include/c++/4.5.2\bits/stl_vector.h:242->D:/Sagar/UNSW/study/comp4601/Vivado/2020.1/win64/tools/clang/bin\..\lib\clang\3.1/../../../include/c++/4.5.2\bits/stl_vector.h:247->blake2s.cpp:40) automatically.
INFO: [XFORM 203-602] Inlining function 'std::_Vector_base<unsigned char, std::allocator<unsigned char> >::_M_get_Tp_allocator.1' into 'blake2s_256' (D:/Sagar/UNSW/study/comp4601/Vivado/2020.1/win64/tools/clang/bin\..\lib\clang\3.1/../../../include/c++/4.5.2\bits/stl_vector.h:242->D:/Sagar/UNSW/study/comp4601/Vivado/2020.1/win64/tools/clang/bin\..\lib\clang\3.1/../../../include/c++/4.5.2\bits/stl_vector.h:247->blake2s.cpp:40) automatically.
INFO: [XFORM 203-602] Inlining function '__gnu_cxx::new_allocator<unsigned char>::max_size' into 'blake2s_256' (D:/Sagar/UNSW/study/comp4601/Vivado/2020.1/win64/tools/clang/bin\..\lib\clang\3.1/../../../include/c++/4.5.2\ext/new_allocator.h:86->D:/Sagar/UNSW/study/comp4601/Vivado/2020.1/win64/tools/clang/bin\..\lib\clang\3.1/../../../include/c++/4.5.2\bits/stl_vector.h:140->D:/Sagar/UNSW/study/comp4601/Vivado/2020.1/win64/tools/clang/bin\..\lib\clang\3.1/../../../include/c++/4.5.2\bits/stl_vector.h:113->D:/Sagar/UNSW/study/comp4601/Vivado/2020.1/win64/tools/clang/bin\..\lib\clang\3.1/../../../include/c++/4.5.2\bits/stl_vector.h:242->D:/Sagar/UNSW/study/comp4601/Vivado/2020.1/win64/tools/clang/bin\..\lib\clang\3.1/../../../include/c++/4.5.2\bits/stl_vector.h:247->blake2s.cpp:40) automatically.
INFO: [XFORM 203-602] Inlining function 'std::vector<unsigned char, std::allocator<unsigned char> >::begin.1' into 'blake2s_256' (D:/Sagar/UNSW/study/comp4601/Vivado/2020.1/win64/tools/clang/bin\..\lib\clang\3.1/../../../include/c++/4.5.2\bits/stl_vector.h:244->D:/Sagar/UNSW/study/comp4601/Vivado/2020.1/win64/tools/clang/bin\..\lib\clang\3.1/../../../include/c++/4.5.2\bits/stl_vector.h:247->blake2s.cpp:40) automatically.
INFO: [XFORM 203-602] Inlining function 'std::vector<unsigned char, std::allocator<unsigned char> >::end.1' into 'blake2s_256' (D:/Sagar/UNSW/study/comp4601/Vivado/2020.1/win64/tools/clang/bin\..\lib\clang\3.1/../../../include/c++/4.5.2\bits/stl_vector.h:244->D:/Sagar/UNSW/study/comp4601/Vivado/2020.1/win64/tools/clang/bin\..\lib\clang\3.1/../../../include/c++/4.5.2\bits/stl_vector.h:247->blake2s.cpp:40) automatically.
INFO: [XFORM 203-602] Inlining function 'std::_Vector_base<unsigned char, std::allocator<unsigned char> >::_M_get_Tp_allocator' into 'blake2s_256' (D:/Sagar/UNSW/study/comp4601/Vivado/2020.1/win64/tools/clang/bin\..\lib\clang\3.1/../../../include/c++/4.5.2\bits/stl_vector.h:246->D:/Sagar/UNSW/study/comp4601/Vivado/2020.1/win64/tools/clang/bin\..\lib\clang\3.1/../../../include/c++/4.5.2\bits/stl_vector.h:247->blake2s.cpp:40) automatically.
INFO: [XFORM 203-602] Inlining function 'std::__miter_base<__gnu_cxx::__normal_iterator<unsigned char const*, std::vector<unsigned char, std::allocator<unsigned char> > > >' into 'blake2s_256' (D:/Sagar/UNSW/study/comp4601/Vivado/2020.1/win64/tools/clang/bin\..\lib\clang\3.1/../../../include/c++/4.5.2\bits/stl_algobase.h:473->D:/Sagar/UNSW/study/comp4601/Vivado/2020.1/win64/tools/clang/bin\..\lib\clang\3.1/../../../include/c++/4.5.2\bits/stl_uninitialized.h:92->D:/Sagar/UNSW/study/comp4601/Vivado/2020.1/win64/tools/clang/bin\..\lib\clang\3.1/../../../include/c++/4.5.2\bits/stl_uninitialized.h:114->D:/Sagar/UNSW/study/comp4601/Vivado/2020.1/win64/tools/clang/bin\..\lib\clang\3.1/../../../include/c++/4.5.2\bits/stl_uninitialized.h:318->D:/Sagar/UNSW/study/comp4601/Vivado/2020.1/win64/tools/clang/bin\..\lib\clang\3.1/../../../include/c++/4.5.2\bits/stl_vector.h:246->D:/Sagar/UNSW/study/comp4601/Vivado/2020.1/win64/tools/clang/bin\..\lib\clang\3.1/../../../include/c++/4.5.2\bits/stl_vector.h:247->blake2s.cpp:40) automatically.
INFO: [XFORM 203-602] Inlining function 'std::vector<unsigned char, std::allocator<unsigned char> >::push_back' into 'blake2s_256' (blake2s.cpp:41) automatically.
INFO: [XFORM 203-602] Inlining function 'std::vector<unsigned char, std::allocator<unsigned char> >::resize' into 'blake2s_256' (blake2s.cpp:42) automatically.
INFO: [XFORM 203-602] Inlining function 'std::vector<unsigned char, std::allocator<unsigned char> >::_M_fill_initialize' into 'blake2s_256' (D:/Sagar/UNSW/study/comp4601/Vivado/2020.1/win64/tools/clang/bin\..\lib\clang\3.1/../../../include/c++/4.5.2\bits/stl_vector.h:230->D:/Sagar/UNSW/study/comp4601/Vivado/2020.1/win64/tools/clang/bin\..\lib\clang\3.1/../../../include/c++/4.5.2\bits/stl_vector.h:230->blake2s.cpp:67) automatically.
INFO: [XFORM 203-602] Inlining function 'std::_Destroy<unsigned char*, unsigned char>' into 'blake2s_256' (D:/Sagar/UNSW/study/comp4601/Vivado/2020.1/win64/tools/clang/bin\..\lib\clang\3.1/../../../include/c++/4.5.2\bits/stl_vector.h:314->D:/Sagar/UNSW/study/comp4601/Vivado/2020.1/win64/tools/clang/bin\..\lib\clang\3.1/../../../include/c++/4.5.2\bits/stl_vector.h:313->blake2s.cpp:73) automatically.
INFO: [XFORM 203-602] Inlining function 'std::_Vector_base<unsigned char, std::allocator<unsigned char> >::_M_deallocate' into 'blake2s_256' (D:/Sagar/UNSW/study/comp4601/Vivado/2020.1/win64/tools/clang/bin\..\lib\clang\3.1/../../../include/c++/4.5.2\bits/stl_vector.h:132->D:/Sagar/UNSW/study/comp4601/Vivado/2020.1/win64/tools/clang/bin\..\lib\clang\3.1/../../../include/c++/4.5.2\bits/stl_vector.h:314->D:/Sagar/UNSW/study/comp4601/Vivado/2020.1/win64/tools/clang/bin\..\lib\clang\3.1/../../../include/c++/4.5.2\bits/stl_vector.h:313->blake2s.cpp:73) automatically.
ERROR: [SYNCHK 200-11] blake2s.cpp:67: Argument 'output._M_impl._M_start' of function 'blake2s_256' (blake2s.cpp:36) has an unsynthesizable type (possible cause(s): pointer to pointer or global pointer).
ERROR: [SYNCHK 200-41] D:/Sagar/UNSW/study/comp4601/Vivado/2020.1/win64/tools/clang/bin\..\lib\clang\3.1/../../../include/c++/4.5.2\bits/stl_vector.h:534: unsupported pointer reinterpretation from type 'pointer' to type 'long long unsigned int' on variable '_Vector_base<unsigned char, std::allocator<unsigned char> >._M_impl._M_finish'.
ERROR: [SYNCHK 200-42] D:/Sagar/UNSW/study/comp4601/Vivado/2020.1/win64/tools/clang/bin\..\lib\clang\3.1/../../../include/c++/4.5.2\bits/stl_vector.h:140: pointer comparison is not supported.
ERROR: [SYNCHK 200-71] D:/Sagar/UNSW/study/comp4601/Vivado/2020.1/win64/tools/clang/bin\..\lib\clang\3.1/../../../include/c++/4.5.2\ext/new_allocator.h:89: function 'operator new(unsigned long long)' has no function body.
ERROR: [SYNCHK 200-43] D:/Sagar/UNSW/study/comp4601/Vivado/2020.1/win64/tools/clang/bin\..\lib\clang\3.1/../../../include/c++/4.5.2\bits/vector.tcc:366: use or assignment of a non-static pointer 'padded_header._M_impl._M_start' (this pointer may refer to different memory locations).
ERROR: [SYNCHK 200-61] D:/Sagar/UNSW/study/comp4601/Vivado/2020.1/win64/tools/clang/bin\..\lib\clang\3.1/../../../include/c++/4.5.2\bits/stl_vector.h:115: unsupported memory access on variable 'padded_header._M_impl._M_start' which is (or contains) an array with unknown size at compile time.
ERROR: [SYNCHK 200-22] D:/Sagar/UNSW/study/comp4601/Vivado/2020.1/win64/tools/clang/bin\..\lib\clang\3.1/../../../include/c++/4.5.2\bits/stl_algobase.h:386: memory copy is not supported unless used on bus interface possible cause(s): non-static/non-constant local array with initialization).
ERROR: [SYNCHK 200-71] D:/Sagar/UNSW/study/comp4601/Vivado/2020.1/win64/tools/clang/bin\..\lib\clang\3.1/../../../include/c++/4.5.2\bits/stl_vector.h:1141: function 'std::__throw_length_error(char const*)' has no function body.
ERROR: [SYNCHK 200-71] D:/Sagar/UNSW/study/comp4601/Vivado/2020.1/win64/tools/clang/bin\..\lib\clang\3.1/../../../include/c++/4.5.2\ext/new_allocator.h:95: function 'operator delete(void*)' has no function body.
INFO: [SYNCHK 200-10] 9 error(s), 0 warning(s).
ERROR: [HLS 200-70] Synthesizability check failed.
==============================================================
Vivado(TM) HLS - High-Level Synthesis from C, C++ and SystemC v2020.1 (64-bit)
Copyright 1986-2020 Xilinx, Inc. All Rights Reserved.
==============================================================
INFO: [SYN 201-201] Setting up clock 'default' with a period of 10ns.
INFO: [HLS 200-10] Setting target device to 'xqzu5ev-ffrb900-1-i'
INFO: [SIM 211-2] *************** CSIM start ***************
INFO: [SIM 211-4] CSIM will launch GCC as the compiler.
INFO: [SIM 211-1] CSim done with 0 errors.
INFO: [SIM 211-3] *************** CSIM finish ***************
==============================================================
Vivado(TM) HLS - High-Level Synthesis from C, C++ and SystemC v2020.1 (64-bit)
Copyright 1986-2020 Xilinx, Inc. All Rights Reserved.
==============================================================
INFO: [SYN 201-201] Setting up clock 'default' with a period of 10ns.
INFO: [HLS 200-10] Setting target device to 'xqzu5ev-ffrb900-1-i'
INFO: [SYN 201-201] Setting up clock 'default' with a period of 10ns.
INFO: [SCHED 204-61] Option 'relax_ii_for_timing' is enabled, will increase II to preserve clock frequency constraints.
INFO: [HLS 200-10] Analyzing design file 'blake2s.cpp' ... 
WARNING: [HLS 200-40] In file included from blake2s.cpp:1:
In file included from D:/Sagar/UNSW/study/comp4601/Vivado/2020.1/win64/tools/clang/bin\..\lib\clang\3.1/../../../include/c++/4.5.2\array:34:
D:/Sagar/UNSW/study/comp4601/Vivado/2020.1/win64/tools/clang/bin\..\lib\clang\3.1/../../../include/c++/4.5.2\bits/c++0x_warning.h:31:2: error: This file requires compiler and library support for the upcoming ISO C++ standard, C++0x. This support is currently experimental, and must be enabled with the -std=c++0x or -std=gnu++0x compiler options.
#error This file requires compiler and library support for the upcoming \
 ^
1 error generated.
==============================================================
Vivado(TM) HLS - High-Level Synthesis from C, C++ and SystemC v2020.1 (64-bit)
Copyright 1986-2020 Xilinx, Inc. All Rights Reserved.
==============================================================
INFO: [SYN 201-201] Setting up clock 'default' with a period of 10ns.
INFO: [HLS 200-10] Setting target device to 'xqzu5ev-ffrb900-1-i'
INFO: [SIM 211-2] *************** CSIM start ***************
INFO: [SIM 211-4] CSIM will launch GCC as the compiler.
ERROR: [SIM 211-100] 'csim_design' failed: compilation error(s).
INFO: [SIM 211-3] *************** CSIM finish ***************
==============================================================
Vivado(TM) HLS - High-Level Synthesis from C, C++ and SystemC v2020.1 (64-bit)
Copyright 1986-2020 Xilinx, Inc. All Rights Reserved.
==============================================================
INFO: [SYN 201-201] Setting up clock 'default' with a period of 10ns.
INFO: [HLS 200-10] Setting target device to 'xqzu5ev-ffrb900-1-i'
INFO: [SIM 211-2] *************** CSIM start ***************
INFO: [SIM 211-4] CSIM will launch GCC as the compiler.
INFO: [SIM 211-1] CSim done with 0 errors.
INFO: [SIM 211-3] *************** CSIM finish ***************
==============================================================
Vivado(TM) HLS - High-Level Synthesis from C, C++ and SystemC v2020.1 (64-bit)
Copyright 1986-2020 Xilinx, Inc. All Rights Reserved.
==============================================================
INFO: [SYN 201-201] Setting up clock 'default' with a period of 10ns.
INFO: [HLS 200-10] Setting target device to 'xqzu5ev-ffrb900-1-i'
INFO: [SYN 201-201] Setting up clock 'default' with a period of 10ns.
INFO: [SCHED 204-61] Option 'relax_ii_for_timing' is enabled, will increase II to preserve clock frequency constraints.
INFO: [HLS 200-10] Analyzing design file 'blake2s.cpp' ... 
INFO: [HLS 200-111] Finished Linking Time (s): cpu = 00:00:02 ; elapsed = 00:00:06 . Memory (MB): peak = 993.387 ; gain = 899.504
INFO: [HLS 200-111] Finished Checking Pragmas Time (s): cpu = 00:00:02 ; elapsed = 00:00:06 . Memory (MB): peak = 993.387 ; gain = 899.504
INFO: [HLS 200-10] Starting code transformations ...
ERROR: [SYNCHK 200-79] Cannot find the top function 'blake2s_256' in the design. Possible causes are: (1) the top function name is misspelled; (2) the top function is nonexistent or declared as static.
ERROR: [HLS 200-70] Synthesizability check failed.
==============================================================
Vivado(TM) HLS - High-Level Synthesis from C, C++ and SystemC v2020.1 (64-bit)
Copyright 1986-2020 Xilinx, Inc. All Rights Reserved.
==============================================================
INFO: [SYN 201-201] Setting up clock 'default' with a period of 10ns.
INFO: [HLS 200-10] Setting target device to 'xqzu5ev-ffrb900-1-i'
INFO: [SIM 211-2] *************** CSIM start ***************
INFO: [SIM 211-4] CSIM will launch GCC as the compiler.
ERROR: [SIM 211-100] 'csim_design' failed: compilation error(s).
INFO: [SIM 211-3] *************** CSIM finish ***************
==============================================================
Vivado(TM) HLS - High-Level Synthesis from C, C++ and SystemC v2020.1 (64-bit)
Copyright 1986-2020 Xilinx, Inc. All Rights Reserved.
==============================================================
INFO: [SYN 201-201] Setting up clock 'default' with a period of 10ns.
INFO: [HLS 200-10] Setting target device to 'xqzu5ev-ffrb900-1-i'
INFO: [SYN 201-201] Setting up clock 'default' with a period of 10ns.
INFO: [SCHED 204-61] Option 'relax_ii_for_timing' is enabled, will increase II to preserve clock frequency constraints.
INFO: [HLS 200-10] Analyzing design file 'blake2s.cpp' ... 
INFO: [HLS 200-111] Finished Linking Time (s): cpu = 00:00:01 ; elapsed = 00:00:14 . Memory (MB): peak = 993.000 ; gain = 899.488
INFO: [HLS 200-111] Finished Checking Pragmas Time (s): cpu = 00:00:01 ; elapsed = 00:00:14 . Memory (MB): peak = 993.000 ; gain = 899.488
INFO: [HLS 200-10] Starting code transformations ...
ERROR: [SYNCHK 200-79] Cannot find the top function 'blake2s_256' in the design. Possible causes are: (1) the top function name is misspelled; (2) the top function is nonexistent or declared as static.
ERROR: [HLS 200-70] Synthesizability check failed.
==============================================================
Vivado(TM) HLS - High-Level Synthesis from C, C++ and SystemC v2020.1 (64-bit)
Copyright 1986-2020 Xilinx, Inc. All Rights Reserved.
==============================================================
INFO: [SYN 201-201] Setting up clock 'default' with a period of 10ns.
INFO: [HLS 200-10] Setting target device to 'xqzu5ev-ffrb900-1-i'
INFO: [SIM 211-2] *************** CSIM start ***************
INFO: [SIM 211-4] CSIM will launch GCC as the compiler.
INFO: [SIM 211-1] CSim done with 0 errors.
INFO: [SIM 211-3] *************** CSIM finish ***************
==============================================================
Vivado(TM) HLS - High-Level Synthesis from C, C++ and SystemC v2020.1 (64-bit)
Copyright 1986-2020 Xilinx, Inc. All Rights Reserved.
==============================================================
INFO: [SYN 201-201] Setting up clock 'default' with a period of 10ns.
INFO: [HLS 200-10] Setting target device to 'xqzu5ev-ffrb900-1-i'
INFO: [SYN 201-201] Setting up clock 'default' with a period of 10ns.
INFO: [SCHED 204-61] Option 'relax_ii_for_timing' is enabled, will increase II to preserve clock frequency constraints.
INFO: [HLS 200-10] Analyzing design file 'blake2s.cpp' ... 
INFO: [HLS 200-111] Finished Linking Time (s): cpu = 00:00:01 ; elapsed = 00:00:06 . Memory (MB): peak = 992.215 ; gain = 898.652
INFO: [HLS 200-111] Finished Checking Pragmas Time (s): cpu = 00:00:01 ; elapsed = 00:00:06 . Memory (MB): peak = 992.215 ; gain = 898.652
INFO: [HLS 200-10] Starting code transformations ...
INFO: [HLS 200-111] Finished Standard Transforms Time (s): cpu = 00:00:01 ; elapsed = 00:00:06 . Memory (MB): peak = 992.215 ; gain = 898.652
INFO: [HLS 200-10] Checking synthesizability ...
ERROR: [SYNCHK 200-61] blake2s.cpp:264: unsupported memory access on variable 'in' which is (or contains) an array with unknown size at compile time.
INFO: [SYNCHK 200-10] 1 error(s), 0 warning(s).
ERROR: [HLS 200-70] Synthesizability check failed.
==============================================================
Vivado(TM) HLS - High-Level Synthesis from C, C++ and SystemC v2020.1 (64-bit)
Copyright 1986-2020 Xilinx, Inc. All Rights Reserved.
==============================================================
INFO: [SYN 201-201] Setting up clock 'default' with a period of 10ns.
INFO: [HLS 200-10] Setting target device to 'xqzu5ev-ffrb900-1-i'
INFO: [SIM 211-2] *************** CSIM start ***************
INFO: [SIM 211-4] CSIM will launch GCC as the compiler.
ERROR: [SIM 211-100] 'csim_design' failed: compilation error(s).
INFO: [SIM 211-3] *************** CSIM finish ***************
==============================================================
Vivado(TM) HLS - High-Level Synthesis from C, C++ and SystemC v2020.1 (64-bit)
Copyright 1986-2020 Xilinx, Inc. All Rights Reserved.
==============================================================
INFO: [SYN 201-201] Setting up clock 'default' with a period of 10ns.
INFO: [HLS 200-10] Setting target device to 'xqzu5ev-ffrb900-1-i'
INFO: [SIM 211-2] *************** CSIM start ***************
INFO: [SIM 211-4] CSIM will launch GCC as the compiler.
ERROR: [SIM 211-100] 'csim_design' failed: compilation error(s).
INFO: [SIM 211-3] *************** CSIM finish ***************
==============================================================
Vivado(TM) HLS - High-Level Synthesis from C, C++ and SystemC v2020.1 (64-bit)
Copyright 1986-2020 Xilinx, Inc. All Rights Reserved.
==============================================================
INFO: [SYN 201-201] Setting up clock 'default' with a period of 10ns.
INFO: [HLS 200-10] Setting target device to 'xqzu5ev-ffrb900-1-i'
INFO: [SIM 211-2] *************** CSIM start ***************
INFO: [SIM 211-4] CSIM will launch GCC as the compiler.
ERROR: [SIM 211-100] 'csim_design' failed: compilation error(s).
INFO: [SIM 211-3] *************** CSIM finish ***************
==============================================================
Vivado(TM) HLS - High-Level Synthesis from C, C++ and SystemC v2020.1 (64-bit)
Copyright 1986-2020 Xilinx, Inc. All Rights Reserved.
==============================================================
INFO: [SYN 201-201] Setting up clock 'default' with a period of 10ns.
INFO: [HLS 200-10] Setting target device to 'xqzu5ev-ffrb900-1-i'
INFO: [SIM 211-2] *************** CSIM start ***************
INFO: [SIM 211-4] CSIM will launch GCC as the compiler.
ERROR: [SIM 211-100] 'csim_design' failed: compilation error(s).
INFO: [SIM 211-3] *************** CSIM finish ***************
==============================================================
Vivado(TM) HLS - High-Level Synthesis from C, C++ and SystemC v2020.1 (64-bit)
Copyright 1986-2020 Xilinx, Inc. All Rights Reserved.
==============================================================
INFO: [SYN 201-201] Setting up clock 'default' with a period of 10ns.
INFO: [HLS 200-10] Setting target device to 'xqzu5ev-ffrb900-1-i'
INFO: [SIM 211-2] *************** CSIM start ***************
INFO: [SIM 211-4] CSIM will launch GCC as the compiler.
ERROR: [SIM 211-100] 'csim_design' failed: compilation error(s).
INFO: [SIM 211-3] *************** CSIM finish ***************
==============================================================
Vivado(TM) HLS - High-Level Synthesis from C, C++ and SystemC v2020.1 (64-bit)
Copyright 1986-2020 Xilinx, Inc. All Rights Reserved.
==============================================================
INFO: [SYN 201-201] Setting up clock 'default' with a period of 10ns.
INFO: [HLS 200-10] Setting target device to 'xqzu5ev-ffrb900-1-i'
INFO: [SIM 211-2] *************** CSIM start ***************
INFO: [SIM 211-4] CSIM will launch GCC as the compiler.
ERROR: [SIM 211-100] 'csim_design' failed: compilation error(s).
INFO: [SIM 211-3] *************** CSIM finish ***************
==============================================================
Vivado(TM) HLS - High-Level Synthesis from C, C++ and SystemC v2020.1 (64-bit)
Copyright 1986-2020 Xilinx, Inc. All Rights Reserved.
==============================================================
INFO: [SYN 201-201] Setting up clock 'default' with a period of 10ns.
INFO: [HLS 200-10] Setting target device to 'xqzu5ev-ffrb900-1-i'
INFO: [SIM 211-2] *************** CSIM start ***************
INFO: [SIM 211-4] CSIM will launch GCC as the compiler.
ERROR: [SIM 211-100] 'csim_design' failed: compilation error(s).
INFO: [SIM 211-3] *************** CSIM finish ***************
==============================================================
Vivado(TM) HLS - High-Level Synthesis from C, C++ and SystemC v2020.1 (64-bit)
Copyright 1986-2020 Xilinx, Inc. All Rights Reserved.
==============================================================
INFO: [SYN 201-201] Setting up clock 'default' with a period of 10ns.
INFO: [HLS 200-10] Setting target device to 'xqzu5ev-ffrb900-1-i'
INFO: [SIM 211-2] *************** CSIM start ***************
INFO: [SIM 211-4] CSIM will launch GCC as the compiler.
ERROR: [SIM 211-100] 'csim_design' failed: compilation error(s).
INFO: [SIM 211-3] *************** CSIM finish ***************
==============================================================
Vivado(TM) HLS - High-Level Synthesis from C, C++ and SystemC v2020.1 (64-bit)
Copyright 1986-2020 Xilinx, Inc. All Rights Reserved.
==============================================================
INFO: [SYN 201-201] Setting up clock 'default' with a period of 10ns.
INFO: [HLS 200-10] Setting target device to 'xqzu5ev-ffrb900-1-i'
INFO: [SYN 201-201] Setting up clock 'default' with a period of 10ns.
INFO: [SCHED 204-61] Option 'relax_ii_for_timing' is enabled, will increase II to preserve clock frequency constraints.
INFO: [HLS 200-10] Analyzing design file 'blake2s.cpp' ... 
INFO: [HLS 200-111] Finished Linking Time (s): cpu = 00:00:01 ; elapsed = 00:00:12 . Memory (MB): peak = 992.770 ; gain = 897.988
INFO: [HLS 200-111] Finished Checking Pragmas Time (s): cpu = 00:00:01 ; elapsed = 00:00:12 . Memory (MB): peak = 992.770 ; gain = 897.988
INFO: [HLS 200-10] Starting code transformations ...
INFO: [HLS 200-111] Finished Standard Transforms Time (s): cpu = 00:00:01 ; elapsed = 00:00:12 . Memory (MB): peak = 992.770 ; gain = 897.988
INFO: [HLS 200-10] Checking synthesizability ...
WARNING: [SYNCHK 200-23] blake2s.cpp:53: variable-indexed range selection may cause suboptimal QoR.
INFO: [SYNCHK 200-10] 0 error(s), 1 warning(s).
INFO: [HLS 200-111] Finished Checking Synthesizability Time (s): cpu = 00:00:01 ; elapsed = 00:00:12 . Memory (MB): peak = 992.770 ; gain = 897.988
INFO: [XFORM 203-102] Partitioning array 'SIGMA.V' in dimension 2 automatically.
INFO: [XFORM 203-401] Performing if-conversion on hyperblock to (blake2s.cpp:4:30) in function 'rotr'... converting 4 basic blocks.
INFO: [XFORM 203-602] Inlining function 'rotr' into 'G' (blake2s.cpp:9) automatically.
INFO: [HLS 200-111] Finished Pre-synthesis Time (s): cpu = 00:00:01 ; elapsed = 00:00:13 . Memory (MB): peak = 992.770 ; gain = 897.988
INFO: [HLS 200-472] Inferring partial write operation for 'v.V' (blake2s.cpp:21:9)
INFO: [HLS 200-472] Inferring partial write operation for 'v.V' (blake2s.cpp:22:9)
INFO: [HLS 200-472] Inferring partial write operation for 'v.V' (blake2s.cpp:24:5)
INFO: [HLS 200-472] Inferring partial write operation for 'h.V' (blake2s.cpp:40:17)
INFO: [HLS 200-472] Inferring partial write operation for 'h.V' (blake2s.cpp:47:9)
INFO: [HLS 200-472] Inferring partial write operation for 'h.V' (blake2s.cpp:49:5)
INFO: [HLS 200-472] Inferring partial write operation for 'm.V' (blake2s.cpp:53:16)
INFO: [HLS 200-472] Inferring partial write operation for 'v.V' (blake2s.cpp:8:12)
INFO: [HLS 200-472] Inferring partial write operation for 'v.V' (blake2s.cpp:9:17)
INFO: [HLS 200-472] Inferring partial write operation for 'v.V' (blake2s.cpp:10:12)
INFO: [HLS 200-472] Inferring partial write operation for 'v.V' (blake2s.cpp:11:17)
INFO: [HLS 200-472] Inferring partial write operation for 'v.V' (blake2s.cpp:12:12)
INFO: [HLS 200-472] Inferring partial write operation for 'v.V' (blake2s.cpp:13:17)
INFO: [HLS 200-472] Inferring partial write operation for 'v.V' (blake2s.cpp:14:12)
INFO: [HLS 200-472] Inferring partial write operation for 'v.V' (blake2s.cpp:15:17)
INFO: [HLS 200-111] Finished Architecture Synthesis Time (s): cpu = 00:00:01 ; elapsed = 00:00:13 . Memory (MB): peak = 992.770 ; gain = 897.988
INFO: [HLS 200-10] Starting hardware synthesis ...
INFO: [HLS 200-10] Synthesizing 'blake2s' ...
INFO: [HLS 200-10] ----------------------------------------------------------------
INFO: [HLS 200-42] -- Implementing module 'G' 
INFO: [HLS 200-10] ----------------------------------------------------------------
INFO: [SCHED 204-11] Starting scheduling ...
INFO: [SCHED 204-11] Finished scheduling.
INFO: [HLS 200-111]  Elapsed time: 13.176 seconds; current allocated memory: 168.608 MB.
INFO: [BIND 205-100] Starting micro-architecture generation ...
INFO: [BIND 205-101] Performing variable lifetime analysis.
INFO: [BIND 205-101] Exploring resource sharing.
INFO: [BIND 205-101] Binding ...
INFO: [BIND 205-100] Finished micro-architecture generation.
INFO: [HLS 200-111]  Elapsed time: 0.131 seconds; current allocated memory: 168.797 MB.
INFO: [HLS 200-10] ----------------------------------------------------------------
INFO: [HLS 200-42] -- Implementing module 'compress' 
INFO: [HLS 200-10] ----------------------------------------------------------------
INFO: [SCHED 204-11] Starting scheduling ...
INFO: [SCHED 204-11] Finished scheduling.
INFO: [HLS 200-111]  Elapsed time: 0.165 seconds; current allocated memory: 169.221 MB.
INFO: [BIND 205-100] Starting micro-architecture generation ...
INFO: [BIND 205-101] Performing variable lifetime analysis.
INFO: [BIND 205-101] Exploring resource sharing.
INFO: [BIND 205-101] Binding ...
INFO: [BIND 205-100] Finished micro-architecture generation.
INFO: [HLS 200-111]  Elapsed time: 0.149 seconds; current allocated memory: 169.717 MB.
INFO: [HLS 200-10] ----------------------------------------------------------------
INFO: [HLS 200-42] -- Implementing module 'blake2s' 
INFO: [HLS 200-10] ----------------------------------------------------------------
INFO: [SCHED 204-11] Starting scheduling ...
INFO: [SCHED 204-11] Finished scheduling.
INFO: [HLS 200-111]  Elapsed time: 0.211 seconds; current allocated memory: 169.899 MB.
INFO: [BIND 205-100] Starting micro-architecture generation ...
INFO: [BIND 205-101] Performing variable lifetime analysis.
INFO: [BIND 205-101] Exploring resource sharing.
INFO: [BIND 205-101] Binding ...
INFO: [BIND 205-100] Finished micro-architecture generation.
INFO: [HLS 200-111]  Elapsed time: 0.134 seconds; current allocated memory: 170.131 MB.
INFO: [HLS 200-10] ----------------------------------------------------------------
INFO: [HLS 200-10] -- Generating RTL for module 'G' 
INFO: [HLS 200-10] ----------------------------------------------------------------
INFO: [RTGEN 206-100] Finished creating RTL model for 'G'.
INFO: [HLS 200-111]  Elapsed time: 0.181 seconds; current allocated memory: 170.573 MB.
INFO: [HLS 200-10] ----------------------------------------------------------------
INFO: [HLS 200-10] -- Generating RTL for module 'compress' 
INFO: [HLS 200-10] ----------------------------------------------------------------
INFO: [RTGEN 206-100] Finished creating RTL model for 'compress'.
INFO: [HLS 200-111]  Elapsed time: 0.323 seconds; current allocated memory: 172.357 MB.
INFO: [HLS 200-10] ----------------------------------------------------------------
INFO: [HLS 200-10] -- Generating RTL for module 'blake2s' 
INFO: [HLS 200-10] ----------------------------------------------------------------
INFO: [RTGEN 206-500] Setting interface mode on port 'blake2s/data_V' to 'ap_none'.
INFO: [RTGEN 206-500] Setting interface mode on port 'blake2s/hash_V' to 'ap_memory'.
INFO: [RTGEN 206-500] Setting interface mode on function 'blake2s' to 'ap_ctrl_hs'.
INFO: [RTGEN 206-100] Finished creating RTL model for 'blake2s'.
INFO: [HLS 200-111]  Elapsed time: 0.448 seconds; current allocated memory: 174.721 MB.
INFO: [HLS 200-790] **** Loop Constraint Status: All loop constraints were satisfied.
INFO: [HLS 200-789] **** Estimated Fmax: 207.22 MHz
INFO: [RTMG 210-279] Implementing memory 'compress_IV_V_rom' using distributed ROMs.
INFO: [RTMG 210-279] Implementing memory 'compress_SIGMA_V_0_rom' using distributed ROMs.
INFO: [RTMG 210-279] Implementing memory 'compress_SIGMA_V_1_rom' using distributed ROMs.
INFO: [RTMG 210-279] Implementing memory 'compress_SIGMA_V_2_rom' using distributed ROMs.
INFO: [RTMG 210-279] Implementing memory 'compress_SIGMA_V_3_rom' using distributed ROMs.
INFO: [RTMG 210-279] Implementing memory 'compress_SIGMA_V_4_rom' using distributed ROMs.
INFO: [RTMG 210-279] Implementing memory 'compress_SIGMA_V_5_rom' using distributed ROMs.
INFO: [RTMG 210-279] Implementing memory 'compress_SIGMA_V_6_rom' using distributed ROMs.
INFO: [RTMG 210-279] Implementing memory 'compress_SIGMA_V_7_rom' using distributed ROMs.
INFO: [RTMG 210-279] Implementing memory 'compress_SIGMA_V_8_rom' using distributed ROMs.
INFO: [RTMG 210-279] Implementing memory 'compress_SIGMA_V_9_rom' using distributed ROMs.
INFO: [RTMG 210-279] Implementing memory 'compress_SIGMA_V_10_rom' using distributed ROMs.
INFO: [RTMG 210-279] Implementing memory 'compress_SIGMA_V_11_rom' using distributed ROMs.
INFO: [RTMG 210-279] Implementing memory 'compress_SIGMA_V_12_rom' using distributed ROMs.
INFO: [RTMG 210-279] Implementing memory 'compress_SIGMA_V_13_rom' using distributed ROMs.
INFO: [RTMG 210-279] Implementing memory 'compress_SIGMA_V_14_rom' using distributed ROMs.
INFO: [RTMG 210-279] Implementing memory 'compress_SIGMA_V_15_rom' using distributed ROMs.
INFO: [RTMG 210-278] Implementing memory 'compress_v_V_ram (RAM)' using block RAMs.
INFO: [RTMG 210-278] Implementing memory 'blake2s_h_V_ram (RAM)' using distributed RAMs.
INFO: [RTMG 210-278] Implementing memory 'blake2s_m_V_ram (RAM)' using distributed RAMs.
INFO: [HLS 200-111] Finished generating all RTL models Time (s): cpu = 00:00:02 ; elapsed = 00:00:20 . Memory (MB): peak = 992.770 ; gain = 897.988
INFO: [VHDL 208-304] Generating VHDL RTL for blake2s.
INFO: [VLOG 209-307] Generating Verilog RTL for blake2s.
INFO: [HLS 200-112] Total elapsed time: 19.889 seconds; peak allocated memory: 174.721 MB.
==============================================================
Vivado(TM) HLS - High-Level Synthesis from C, C++ and SystemC v2020.1 (64-bit)
Copyright 1986-2020 Xilinx, Inc. All Rights Reserved.
==============================================================
INFO: [SYN 201-201] Setting up clock 'default' with a period of 10ns.
INFO: [HLS 200-10] Setting target device to 'xqzu5ev-ffrb900-1-i'
INFO: [SIM 211-2] *************** CSIM start ***************
INFO: [SIM 211-4] CSIM will launch GCC as the compiler.
ERROR: [SIM 211-100] 'csim_design' failed: compilation error(s).
INFO: [SIM 211-3] *************** CSIM finish ***************
==============================================================
Vivado(TM) HLS - High-Level Synthesis from C, C++ and SystemC v2020.1 (64-bit)
Copyright 1986-2020 Xilinx, Inc. All Rights Reserved.
==============================================================
INFO: [SYN 201-201] Setting up clock 'default' with a period of 10ns.
INFO: [HLS 200-10] Setting target device to 'xqzu5ev-ffrb900-1-i'
INFO: [SIM 211-2] *************** CSIM start ***************
INFO: [SIM 211-4] CSIM will launch GCC as the compiler.
ERROR: [SIM 211-100] 'csim_design' failed: compilation error(s).
INFO: [SIM 211-3] *************** CSIM finish ***************
==============================================================
Vivado(TM) HLS - High-Level Synthesis from C, C++ and SystemC v2020.1 (64-bit)
Copyright 1986-2020 Xilinx, Inc. All Rights Reserved.
==============================================================
INFO: [SYN 201-201] Setting up clock 'default' with a period of 10ns.
INFO: [HLS 200-10] Setting target device to 'xqzu5ev-ffrb900-1-i'
INFO: [SIM 211-2] *************** CSIM start ***************
INFO: [SIM 211-4] CSIM will launch GCC as the compiler.
ERROR: [SIM 211-100] 'csim_design' failed: compilation error(s).
INFO: [SIM 211-3] *************** CSIM finish ***************
==============================================================
Vivado(TM) HLS - High-Level Synthesis from C, C++ and SystemC v2020.1 (64-bit)
Copyright 1986-2020 Xilinx, Inc. All Rights Reserved.
==============================================================
INFO: [SYN 201-201] Setting up clock 'default' with a period of 10ns.
INFO: [HLS 200-10] Setting target device to 'xqzu5ev-ffrb900-1-i'
INFO: [SIM 211-2] *************** CSIM start ***************
INFO: [SIM 211-4] CSIM will launch GCC as the compiler.
ERROR: [SIM 211-100] 'csim_design' failed: compilation error(s).
INFO: [SIM 211-3] *************** CSIM finish ***************
==============================================================
Vivado(TM) HLS - High-Level Synthesis from C, C++ and SystemC v2020.1 (64-bit)
Copyright 1986-2020 Xilinx, Inc. All Rights Reserved.
==============================================================
INFO: [SYN 201-201] Setting up clock 'default' with a period of 10ns.
INFO: [HLS 200-10] Setting target device to 'xqzu5ev-ffrb900-1-i'
INFO: [SIM 211-2] *************** CSIM start ***************
INFO: [SIM 211-4] CSIM will launch GCC as the compiler.
ERROR: [SIM 211-100] 'csim_design' failed: compilation error(s).
INFO: [SIM 211-3] *************** CSIM finish ***************
