INFO-FLOW: Workspace C:/DRRS_miner/project_files/sha256d/solution1 opened at Sat Jul 27 10:39:53 +1000 2024
Execute     config_clock -quiet -name default -period 10 -default=false 
INFO: [SYN 201-201] Setting up clock 'default' with a period of 10ns.
Execute     open_platform DefaultPlatform 
Execute     import_lib C:/Xilinx/Vivado/2020.1/common/technology/xilinx/zynquplus/zynquplus 
Execute       source C:/Xilinx/Vivado/2020.1/common/technology/xilinx/common/xilinx.lib 
Execute         source C:/Xilinx/Vivado/2020.1/common/technology/xilinx/interface/xilinx_interface.lib 
Execute           source C:/Xilinx/Vivado/2020.1/common/technology/xilinx/interface/plb46.lib 
Execute           source C:/Xilinx/Vivado/2020.1/common/technology/xilinx/interface/fsl.lib 
Execute           source C:/Xilinx/Vivado/2020.1/common/technology/xilinx/interface/axi4.lib 
Execute           source C:/Xilinx/Vivado/2020.1/common/technology/xilinx/interface/maxi.lib 
Execute           source C:/Xilinx/Vivado/2020.1/common/technology/xilinx/interface/saxilite.lib 
Execute         source C:/Xilinx/Vivado/2020.1/common/technology/xilinx/common/dsp48.lib 
Execute         source C:/Xilinx/Vivado/2020.1/common/technology/xilinx/ip/dds_compiler.lib 
Execute         source C:/Xilinx/Vivado/2020.1/common/technology/xilinx/ip/xfft.lib 
Execute         source C:/Xilinx/Vivado/2020.1/common/technology/xilinx/ip/xfir.lib 
Execute       source C:/Xilinx/Vivado/2020.1/common/technology/xilinx/common/xilinx.hlp 
Execute         source C:/Xilinx/Vivado/2020.1/common/technology/xilinx/common/target_info.tcl 
Execute         source C:/Xilinx/Vivado/2020.1/common/technology/xilinx/interface/xilinx_interface.hlp 
Execute           source C:/Xilinx/Vivado/2020.1/common/technology/xilinx/interface/maxi.hlp 
Execute           source C:/Xilinx/Vivado/2020.1/common/technology/xilinx/interface/saxilite.hlp 
Execute         source C:/Xilinx/Vivado/2020.1/common/technology/xilinx/common/dsp48.hlp 
Execute       source C:/Xilinx/Vivado/2020.1/common/technology/xilinx/zynquplus/dsp48e2.hlp 
Execute       source C:/Xilinx/Vivado/2020.1/common/technology/xilinx/common/xilinx.hlp 
Execute         source C:/Xilinx/Vivado/2020.1/common/technology/xilinx/common/target_info.tcl 
Execute         source C:/Xilinx/Vivado/2020.1/common/technology/xilinx/interface/xilinx_interface.hlp 
Execute           source C:/Xilinx/Vivado/2020.1/common/technology/xilinx/interface/maxi.hlp 
Execute           source C:/Xilinx/Vivado/2020.1/common/technology/xilinx/interface/saxilite.hlp 
Execute         source C:/Xilinx/Vivado/2020.1/common/technology/xilinx/common/dsp48.hlp 
Execute     source C:/Xilinx/Vivado/2020.1/common/technology/xilinx/zynquplus/zynquplus.gen 
Execute       source C:/Xilinx/Vivado/2020.1/common/technology/xilinx/common/xilinx.gen 
Execute         source C:/Xilinx/Vivado/2020.1/common/technology/xilinx/interface/plb46.gen 
Execute         source C:/Xilinx/Vivado/2020.1/common/technology/xilinx/interface/fsl.gen 
Execute         source C:/Xilinx/Vivado/2020.1/common/technology/xilinx/interface/axi4.gen 
Execute         source C:/Xilinx/Vivado/2020.1/common/technology/xilinx/interface/nativeAXI4.gen 
Execute           source C:/Xilinx/Vivado/2020.1/common/technology/xilinx/interface/saxilite.gen 
Execute           source C:/Xilinx/Vivado/2020.1/common/technology/xilinx/interface/maxi.gen 
Execute         source C:/Xilinx/Vivado/2020.1/common/technology/xilinx/scripts/xilinxcoregen.gen 
Execute         source C:/Xilinx/Vivado/2020.1/common/technology/xilinx/interface/XilEDKCoreGen.gen 
Execute         source C:/Xilinx/Vivado/2020.1/common/technology/xilinx/ip/dds_compiler.gen 
Execute         source C:/Xilinx/Vivado/2020.1/common/technology/xilinx/ip/util.gen 
Execute         source C:/Xilinx/Vivado/2020.1/common/technology/xilinx/ip/xfft.gen 
Execute         source C:/Xilinx/Vivado/2020.1/common/technology/xilinx/ip/xfir.gen 
Execute         source C:/Xilinx/Vivado/2020.1/common/technology/xilinx/common/dsp48.gen 
Execute     open_platform DefaultPlatform 
Execute     import_lib C:/Xilinx/Vivado/2020.1/common/technology/xilinx/zynquplus/zynquplus_fpv7 
Execute       source C:/Xilinx/Vivado/2020.1/common/technology/xilinx/common/xilinx_fp.lib 
Execute       source C:/Xilinx/Vivado/2020.1/common/technology/xilinx/common/xilinx_fp.hlp 
Execute         source C:/Xilinx/Vivado/2020.1/common/technology/xilinx/common/xilinx.hlp 
Execute           source C:/Xilinx/Vivado/2020.1/common/technology/xilinx/common/target_info.tcl 
Execute           source C:/Xilinx/Vivado/2020.1/common/technology/xilinx/interface/xilinx_interface.hlp 
Execute             source C:/Xilinx/Vivado/2020.1/common/technology/xilinx/interface/maxi.hlp 
Execute             source C:/Xilinx/Vivado/2020.1/common/technology/xilinx/interface/saxilite.hlp 
Execute           source C:/Xilinx/Vivado/2020.1/common/technology/xilinx/common/dsp48.hlp 
Execute     source C:/Xilinx/Vivado/2020.1/common/technology/xilinx/zynquplus/zynquplus_fpv7.gen 
Execute       source C:/Xilinx/Vivado/2020.1/common/technology/xilinx/common/xilinx_fp.gen 
Execute     set_part xqzu5ev-ffrb900-1-i 
Execute       ap_part_info -name xqzu5ev-ffrb900-1-i -data single -quiet 
Command       ap_part_info done; 0.567 sec.
Execute       ap_part_info -name xqzu5ev-ffrb900-1-i -data info 
Execute       add_library xilinx/zynquplus/zynquplus:xqzu5ev:-ffrb900:-1-i 
Execute         get_default_platform 
Execute         ap_part_info -data single -name xqzu5ev-ffrb900-1-i 
Execute         ap_part_info -name xqzu5ev-ffrb900-1-i -data resources 
Execute         ap_part_info -name xqzu5ev-ffrb900-1-i -data info 
Execute         ap_part_info -name xqzu5ev-ffrb900-1-i -data info 
Execute         config_chip_info -quiet -resource {SLICE 14640} {LUT 117120} {FF 234240} {DSP48E 1248} {BRAM 288} {URAM 64} 
Execute         ap_part_info -name xqzu5ev-ffrb900-1-i -data info 
Execute         config_chip_info -quiet -speed slow 
Execute       add_library xilinx/zynquplus/zynquplus_fpv7 
Execute         get_default_platform 
INFO: [HLS 200-10] Setting target device to 'xqzu5ev-ffrb900-1-i'
Execute       ap_part_info -name xqzu5ev-ffrb900-1-i -data info 
Execute       get_default_platform 
Command     set_part done; 0.667 sec.
Execute     ap_part_info -data single -name xqzu5ev-ffrb900-1-i 
Execute     ap_part_info -name xqzu5ev-ffrb900-1-i -data resources 
Execute     ap_part_info -name xqzu5ev-ffrb900-1-i -data info 
Execute     ap_part_info -name xqzu5ev-ffrb900-1-i -data info 
Execute     config_chip_info -quiet -resource {SLICE 14640} {LUT 117120} {FF 234240} {DSP48E 1248} {BRAM 288} {URAM 64} 
Execute     ap_part_info -name xqzu5ev-ffrb900-1-i -data info 
Execute     config_chip_info -quiet -speed slow 
Command   open_solution done; 0.843 sec.
Execute   set_part xqzu5ev-ffrb900-1-i 
Execute     ap_part_info -name xqzu5ev-ffrb900-1-i -data single -quiet 
Execute     ap_part_info -name xqzu5ev-ffrb900-1-i -data info 
Execute     add_library xilinx/zynquplus/zynquplus:xqzu5ev:-ffrb900:-1-i 
Execute       get_default_platform 
Execute       ap_part_info -data single -name xqzu5ev-ffrb900-1-i 
Execute       ap_part_info -name xqzu5ev-ffrb900-1-i -data resources 
Execute       ap_part_info -name xqzu5ev-ffrb900-1-i -data info 
Execute       ap_part_info -name xqzu5ev-ffrb900-1-i -data info 
Execute       config_chip_info -quiet -resource {SLICE 14640} {LUT 117120} {FF 234240} {DSP48E 1248} {BRAM 288} {URAM 64} 
Execute       ap_part_info -name xqzu5ev-ffrb900-1-i -data info 
Execute       config_chip_info -quiet -speed slow 
Execute     add_library xilinx/zynquplus/zynquplus_fpv7 
Execute       get_default_platform 
Execute     ap_part_info -name xqzu5ev-ffrb900-1-i -data info 
Execute     get_default_platform 
Execute   create_clock -period 10 -name default 
Execute   csynth_design 
Execute     get_config_compile -dump_cfg 
Execute     get_config_compile -effort 
Execute     get_config_compile -enable_clang39 
Execute     get_config_compile -g 
Execute     get_config_compile -ng 
Execute     get_config_compile -opt_fp 
Execute     get_config_compile -skip_cdt 
Execute     get_config_compile -skip_syncheck 
Execute     get_config_compile -skip_transform 
Execute     get_config_compile -keep_printf 
Execute     elaborate -effort=medium -skip_syncheck=0 -keep_printf=0 -skip_cdt=0 -skip_transform=0 -ng=0 -g=0 -opt_fp=0 -from_csynth_design=1 
Execute       get_config_schedule -relax_ii_for_timing 
INFO: [SCHED 204-61] Option 'relax_ii_for_timing' is enabled, will increase II to preserve clock frequency constraints.
Execute       get_config_schedule -suppress_dependence_error_break 
INFO: [HLS 200-10] Analyzing design file 'sha256d/sha256.c' ... 
INFO-FLOW: Compiling one TU...
Execute       is_m_axi_addr64 
INFO-FLOW: Handling sha256d/sha256.c as C
Execute       ap_part_info -name xqzu5ev-ffrb900-1-i -data info 
Execute       is_encrypted sha256d/sha256.c 
INFO-FLOW: Running: GCC PP
INFO-FLOW: Source preprocessing
Execute       clang  -fno-limit-debug-info -gcc-toolchain "C:/Xilinx/Vivado/2020.1/msys" -hls  -fno-exceptions  -D__llvm__  -E "sha256d/sha256.c"     -fno-math-errno -c -emit-llvm -O0  -mllvm -disable-llvm-optzns -std=gnu89   -DAESL_SYN -D__SYNTHESIS__ -D__HLS_SYN__ -I "C:/Xilinx/Vivado/2020.1/common/technology/autopilot" -I "C:/Xilinx/Vivado/2020.1/common/technology/autopilot/ap_sysc" -include etc/autopilot_ssdm_op.h -D__DSP48E2__ -D__cdecl=  -o "C:/DRRS_miner/project_files/sha256d/solution1/.autopilot/db/sha256.pp.0.c" 
INFO-FLOW: exec C:/Xilinx/Vivado/2020.1/win64/tools/clang/bin/clang -fno-limit-debug-info -gcc-toolchain C:/Xilinx/Vivado/2020.1/msys -hls -fno-exceptions -D__llvm__ -E sha256d/sha256.c -fno-math-errno -c -emit-llvm -O0 -mllvm -disable-llvm-optzns -std=gnu89 -DAESL_SYN -D__SYNTHESIS__ -D__HLS_SYN__ -I C:/Xilinx/Vivado/2020.1/common/technology/autopilot -I C:/Xilinx/Vivado/2020.1/common/technology/autopilot/ap_sysc -include etc/autopilot_ssdm_op.h -D__DSP48E2__ -D__cdecl= -o C:/DRRS_miner/project_files/sha256d/solution1/.autopilot/db/sha256.pp.0.c
Command       clang done; 0.765 sec.
Execute       tidy_31 xilinx-xfmat-array-geometry C:/DRRS_miner/project_files/sha256d/solution1/.autopilot/db/sha256.pp.0.c std=gnu89 
INFO-FLOW: exec C:/Xilinx/Vivado/2020.1/win64/tools/clang-3.9-csynth/bin/tidy-3.1 -header-filter=.* -checks=-*,xilinx-xfmat-array-geometry -quiet -fix C:/DRRS_miner/project_files/sha256d/solution1/.autopilot/db/sha256.pp.0.c -- -std=gnu89 -fhls -ferror-limit=0
INFO-FLOW: Syntax Checking before pre-processing...
Execute       clang -syntaxcheck -src C:/DRRS_miner/project_files/sha256d/solution1/.autopilot/db/sha256.pp.0.c  -fno-limit-debug-info -gcc-toolchain "C:/Xilinx/Vivado/2020.1/msys" -hls    -fno-math-errno -c -emit-llvm -O0  -mllvm -disable-llvm-optzns -std=gnu89   -DAESL_SYN -D__SYNTHESIS__ -D__HLS_SYN__ -I "C:/Xilinx/Vivado/2020.1/common/technology/autopilot" -I "C:/Xilinx/Vivado/2020.1/common/technology/autopilot/ap_sysc" -include etc/autopilot_ssdm_op.h -D__DSP48E2__ -D__cdecl=  "C:/DRRS_miner/project_files/sha256d/solution1/.autopilot/db/sha256.pp.0.c"  -o "C:/DRRS_miner/project_files/sha256d/solution1/.autopilot/db/useless.bc"  
INFO-FLOW: exec C:/Xilinx/Vivado/2020.1/win64/tools/clang/bin/clang -fno-limit-debug-info -gcc-toolchain C:/Xilinx/Vivado/2020.1/msys -hls -fno-math-errno -c -emit-llvm -O0 -mllvm -disable-llvm-optzns -std=gnu89 -DAESL_SYN -D__SYNTHESIS__ -D__HLS_SYN__ -I C:/Xilinx/Vivado/2020.1/common/technology/autopilot -I C:/Xilinx/Vivado/2020.1/common/technology/autopilot/ap_sysc -include etc/autopilot_ssdm_op.h -D__DSP48E2__ -D__cdecl= C:/DRRS_miner/project_files/sha256d/solution1/.autopilot/db/sha256.pp.0.c -o C:/DRRS_miner/project_files/sha256d/solution1/.autopilot/db/useless.bc
ERROR: [HLS 200-70] Compilation errors found: In file included from sha256d/sha256.c:1:
sha256d/sha256.c:33:48: error: unknown type name 'uint8_t'; did you mean 'uint32_t'?
void sha256_transform(uint32_t state[8], const uint8_t data[]) {
                                               ^~~~~~~
                                               uint32_t
sha256d/sha256.c:1:22: note: 'uint32_t' declared here
typedef unsigned int uint32_t;
                     ^
sha256d/sha256.c:86:45: error: unknown type name 'uint8_t'; did you mean 'uint32_t'?
void sha256_update(uint32_t state[8], const uint8_t data[]) {
                                            ^~~~~~~
                                            uint32_t
sha256d/sha256.c:1:22: note: 'uint32_t' declared here
typedef unsigned int uint32_t;
                     ^
sha256d/sha256.c:87:5: error: unknown type name 'uint8_t'; did you mean 'uint32_t'?
    uint8_t block[64];
    ^~~~~~~
    uint32_t
sha256d/sha256.c:1:22: note: 'uint32_t' declared here
typedef unsigned int uint32_t;
                     ^
sha256d/sha256.c:96:14: error: redefinition of 'i'
    for (int i = 0; i < 64; i++) {
             ^
sha256d/sha256.c:90:14: note: previous definition is here
    for (int i = 0; i < 64; i++) {
             ^
sha256d/sha256.c:99:14: error: redefinition of 'i'
    for (int i = 0; i < 16; i++) {
             ^
sha256d/sha256.c:90:14: note: previous definition is here
    for (int i = 0; i < 64; i++) {
             ^
sha256d/sha256.c:105:14: error: redefinition of 'i'
    for (int i = 17; i < 56; i++) {
             ^
sha256d/sha256.c:90:14: note: previous definition is here
    for (int i = 0; i < 64; i++) {
             ^
sha256d/sha256.c:108:5: error: unknown type name 'uint64_t'; did you mean 'uint32_t'?
    uint64_t len_be = __builtin_bswap64(80 * 8);
    ^~~~~~~~
    uint32_t
sha256d/sha256.c:1:22: note: 'uint32_t' declared here
typedef unsigned int uint32_t;
                     ^
sha256d/sha256.c:109:14: error: redefinition of 'i'
    for (int i = 0; i < 8; i++) {
             ^
sha256d/sha256.c:90:14: note: previous definition is here
    for (int i = 0; i < 64; i++) {
             ^
sha256d/sha256.c:116:38: error: unknown type name 'uint8_t'; did you mean 'uint32_t'?
void sha256_final(uint32_t state[8], uint8_t hash[]) {
                                     ^~~~~~~
                                     uint32_t
sha256d/sha256.c:1:22: note: 'uint32_t' declared here
typedef unsigned int uint32_t;
                     ^
sha256d/sha256.c:126:19: error: unknown type name 'uint8_t'; did you mean 'uint32_t'?
void sha256(const uint8_t data[], uint8_t hash[]) {
                  ^~~~~~~
                  uint32_t
sha256d/sha256.c:1:22: note: 'uint32_t' declared here
typedef unsigned int uint32_t;
                     ^
sha256d/sha256.c:126:35: error: unknown type name 'uint8_t'; did you mean 'uint32_t'?
void sha256(const uint8_t data[], uint8_t hash[]) {
                                  ^~~~~~~
                                  uint32_t
sha256d/sha256.c:1:22: note: 'uint32_t' declared here
typedef unsigned int uint32_t;
                     ^
sha256d/sha256.c:134:20: error: unknown type name 'uint8_t'; did you mean 'uint32_t'?
void sha256d(const uint8_t input[], uint8_t output[]) {
                   ^~~~~~~
                   uint32_t
sha256d/sha256.c:1:22: note: 'uint32_t' declared here
typedef unsigned int uint32_t;
                     ^
sha256d/sha256.c:134:37: error: unknown type name 'uint8_t'; did you mean 'uint32_t'?
void sha256d(const uint8_t input[], uint8_t output[]) {
                                    ^~~~~~~
                                    uint32_t
sha256d/sha256.c:1:22: note: 'uint32_t' declared here
typedef unsigned int uint32_t;
                     ^
sha256d/sha256.c:135:5: error: unknown type name 'uint8_t'; did you mean 'uint32_t'?
    uint8_t hash1[32];
    ^~~~~~~
    uint32_t
sha256d/sha256.c:1:22: note: 'uint32_t' declared here
typedef unsigned int uint32_t;
                     ^
sha256d/sha256.c:141:10: error: unknown type name 'uint8_t'; did you mean 'uint32_t'?
volatile uint8_t input_memory[80];
         ^~~~~~~
         uint32_t
sha256d/sha256.c:1:22: note: 'uint32_t' declared here
typedef unsigned int uint32_t;
                     ^
sha256d/sha256.c:142:10: error: unknown type name 'uint8_t'; did you mean 'uint32_t'?
volatile uint8_t output_memory[32];
         ^~~~~~~
         uint32_t
sha256d/sha256.c:1:22: note: 'uint32_t' declared here
typedef unsigned int uint32_t;
                     ^
sha256d/sha256.c:146:13: warning: passing 'volatile uint32_t [80]' to parameter of type 'const uint32_t *' (aka 'const unsigned int *') discards qualifiers [-Wincompatible-pointer-types]
    sha256d(input_memory, output_memory);
            ^~~~~~~~~~~~
sha256d/sha256.c:134:28: note: passing argument to parameter 'input' here
void sha256d(const uint8_t input[], uint8_t output[]) {
                           ^
sha256d/sha256.c:146:27: warning: passing 'volatile uint32_t [32]' to parameter of type 'uint32_t *' (aka 'unsigned int *') discards qualifiers [-Wincompatible-pointer-types]
    sha256d(input_memory, output_memory);
                          ^~~~~~~~~~~~~
sha256d/sha256.c:134:45: note: passing argument to parameter 'output' here
void sha256d(const uint8_t input[], uint8_t output[]) {
                                            ^
2 warnings and 16 errors generated.
Command       clang done; error code: 2; 0.747 sec.
Command     elaborate done; error code: 2; 1.594 sec.
Command   csynth_design done; error code: 2; 1.606 sec.
Command ap_source done; error code: 1; 2.545 sec.
Execute cleanup_all 
