

================================================================
== Vivado HLS Report for 'sha256_transform'
================================================================
* Date:           Sat Jul 27 14:17:02 2024

* Version:        2020.1 (Build 2897737 on Wed May 27 20:21:37 MDT 2020)
* Project:        sha256d
* Solution:       solution1
* Product family: zynquplus
* Target device:  xqzu5ev-ffrb900-1-i


================================================================
== Performance Estimates
================================================================
+ Timing: 
    * Summary: 
    +--------+----------+----------+------------+
    |  Clock |  Target  | Estimated| Uncertainty|
    +--------+----------+----------+------------+
    |ap_clk  | 10.00 ns | 4.796 ns |   1.25 ns  |
    +--------+----------+----------+------------+

+ Latency: 
    * Summary: 
    +---------+---------+----------+----------+-----+-----+---------+
    |  Latency (cycles) |  Latency (absolute) |  Interval | Pipeline|
    |   min   |   max   |    min   |    max   | min | max |   Type  |
    +---------+---------+----------+----------+-----+-----+---------+
    |      314|      314| 3.140 us | 3.140 us |  314|  314|   none  |
    +---------+---------+----------+----------+-----+-----+---------+

    + Detail: 
        * Instance: 
        N/A

        * Loop: 
        +----------+---------+---------+----------+-----------+-----------+------+----------+
        |          |  Latency (cycles) | Iteration|  Initiation Interval  | Trip |          |
        | Loop Name|   min   |   max   |  Latency |  achieved |   target  | Count| Pipelined|
        +----------+---------+---------+----------+-----------+-----------+------+----------+
        |- Loop 1  |       32|       32|         2|          -|          -|    16|    no    |
        |- Loop 2  |      144|      144|         3|          -|          -|    48|    no    |
        |- Loop 3  |      128|      128|         2|          -|          -|    64|    no    |
        +----------+---------+---------+----------+-----------+-----------+------+----------+

============================================================
+ Verbose Summary: Synthesis Manager
============================================================
InlineROM: 1
ExposeGlobal: 0
============================================================
+ Verbose Summary: CDFG Model
============================================================
IsTopModel: 0
ResetActiveHigh: 1
IsCombinational: 0
IsDatapathOnly: 0
HasWiredReturn: 1
HasMFsm: 0
HasVarLatency: 1
IsPipeline: 0
IsRtlPipelined: 0
IsInstanceOverlapped: 0
IsDontTouch: 0
HasImplIP: 0
IsGatedGlobalClock: 0


============================================================
+ Verbose Summary: Schedule
============================================================
* Number of FSM states : 15
* Pipeline : 0
* Dataflow Pipeline: 0

* FSM state transitions: 
1 --> 2 
2 --> 3 4 
3 --> 2 
4 --> 5 7 
5 --> 6 
6 --> 4 
7 --> 8 
8 --> 9 
9 --> 10 
10 --> 11 
11 --> 12 13 
12 --> 11 
13 --> 14 
14 --> 15 
15 --> 

* FSM state operations: 

State 1 <SV = 0> <Delay = 0.75>
ST_1 : Operation 16 [1/1] (0.00ns)   --->   "%data_V_offset_read = call i1 @_ssdm_op_Read.ap_auto.i1(i1 %data_V_offset)" [sha256d/sha256d.cpp:35]   --->   Operation 16 'read' 'data_V_offset_read' <Predicate = true> <Delay = 0.00>
ST_1 : Operation 17 [1/1] (0.00ns)   --->   "%state_V_addr = getelementptr [8 x i32]* %state_V, i64 0, i64 0" [sha256d/sha256d.cpp:35]   --->   Operation 17 'getelementptr' 'state_V_addr' <Predicate = true> <Delay = 0.00>
ST_1 : Operation 18 [1/1] (0.00ns)   --->   "%m_V = alloca [64 x i32], align 4" [sha256d/sha256d.cpp:36]   --->   Operation 18 'alloca' 'm_V' <Predicate = true> <Delay = 0.00> <Core = "RAM">   --->   Core 37 'RAM' <Latency = 1> <II = 1> <Delay = 0.79> <Storage> <Opcode : 'load' 'store'> <Ports = 2> <Width = 32> <Depth = 8> <RAM>
ST_1 : Operation 19 [1/1] (0.75ns)   --->   "br label %.preheader2532" [sha256d/sha256d.cpp:38]   --->   Operation 19 'br' <Predicate = true> <Delay = 0.75>

State 2 <SV = 1> <Delay = 1.35>
ST_2 : Operation 20 [1/1] (0.00ns)   --->   "%p_0262_0 = phi i7 [ %j_V, %_ZlsILi8ELb0EEN11ap_int_baseIXT_EXT0_EE5RTypeIXT_EXT0_EE4arg1ERKS1_i.exit203 ], [ 0, %.preheader2532.preheader ]"   --->   Operation 20 'phi' 'p_0262_0' <Predicate = true> <Delay = 0.00>
ST_2 : Operation 21 [1/1] (0.00ns)   --->   "%p_01115_0 = phi i5 [ %add_ln700, %_ZlsILi8ELb0EEN11ap_int_baseIXT_EXT0_EE5RTypeIXT_EXT0_EE4arg1ERKS1_i.exit203 ], [ 0, %.preheader2532.preheader ]" [sha256d/sha256d.cpp:38]   --->   Operation 21 'phi' 'p_01115_0' <Predicate = true> <Delay = 0.00>
ST_2 : Operation 22 [1/1] (0.87ns)   --->   "%icmp_ln887 = icmp eq i5 %p_01115_0, -16" [sha256d/sha256d.cpp:38]   --->   Operation 22 'icmp' 'icmp_ln887' <Predicate = true> <Delay = 0.87> <Core = "Cmp">   --->   Core 25 'Cmp' <Latency = 0> <II = 1> <Delay = 0.86> <FuncUnit> <Opcode : 'icmp'> <InPorts = 2> <OutPorts = 1>
ST_2 : Operation 23 [1/1] (0.00ns)   --->   "%empty = call i32 (...)* @_ssdm_op_SpecLoopTripCount(i64 16, i64 16, i64 16)"   --->   Operation 23 'speclooptripcount' 'empty' <Predicate = true> <Delay = 0.00>
ST_2 : Operation 24 [1/1] (0.87ns)   --->   "%add_ln700 = add i5 %p_01115_0, 1" [sha256d/sha256d.cpp:38]   --->   Operation 24 'add' 'add_ln700' <Predicate = true> <Delay = 0.87> <Core = "AddSub">   --->   Core 14 'AddSub' <Latency = 0> <II = 1> <Delay = 1.20> <FuncUnit> <Opcode : 'add' 'sub'> <InPorts = 2> <OutPorts = 1>
ST_2 : Operation 25 [1/1] (0.00ns)   --->   "br i1 %icmp_ln887, label %.preheader.preheader, label %_ZlsILi8ELb0EEN11ap_int_baseIXT_EXT0_EE5RTypeIXT_EXT0_EE4arg1ERKS1_i.exit203" [sha256d/sha256d.cpp:38]   --->   Operation 25 'br' <Predicate = true> <Delay = 0.00>
ST_2 : Operation 26 [1/1] (0.00ns)   --->   "%trunc_ln215 = trunc i7 %p_0262_0 to i6" [sha256d/sha256d.cpp:39]   --->   Operation 26 'trunc' 'trunc_ln215' <Predicate = (!icmp_ln887)> <Delay = 0.00>
ST_2 : Operation 27 [1/1] (0.00ns)   --->   "%ret_V = or i6 %trunc_ln215, 3" [sha256d/sha256d.cpp:39]   --->   Operation 27 'or' 'ret_V' <Predicate = (!icmp_ln887)> <Delay = 0.00>
ST_2 : Operation 28 [1/1] (0.00ns)   --->   "%tmp = call i7 @_ssdm_op_BitConcatenate.i7.i1.i6(i1 %data_V_offset_read, i6 %ret_V)" [sha256d/sha256d.cpp:39]   --->   Operation 28 'bitconcatenate' 'tmp' <Predicate = (!icmp_ln887)> <Delay = 0.00>
ST_2 : Operation 29 [1/1] (0.00ns)   --->   "%zext_ln1356 = zext i7 %tmp to i64" [sha256d/sha256d.cpp:39]   --->   Operation 29 'zext' 'zext_ln1356' <Predicate = (!icmp_ln887)> <Delay = 0.00>
ST_2 : Operation 30 [1/1] (0.00ns)   --->   "%data_V_addr = getelementptr [128 x i8]* %data_V, i64 0, i64 %zext_ln1356" [sha256d/sha256d.cpp:39]   --->   Operation 30 'getelementptr' 'data_V_addr' <Predicate = (!icmp_ln887)> <Delay = 0.00>
ST_2 : Operation 31 [2/2] (1.35ns)   --->   "%rhs_V_31 = load i8* %data_V_addr, align 1" [sha256d/sha256d.cpp:39]   --->   Operation 31 'load' 'rhs_V_31' <Predicate = (!icmp_ln887)> <Delay = 1.35> <Core = "RAM">   --->   Core 37 'RAM' <Latency = 1> <II = 1> <Delay = 0.79> <Storage> <Opcode : 'load' 'store'> <Ports = 2> <Width = 32> <Depth = 8> <RAM>
ST_2 : Operation 32 [1/1] (0.89ns)   --->   "%j_V = add i7 4, %p_0262_0" [sha256d/sha256d.cpp:38]   --->   Operation 32 'add' 'j_V' <Predicate = (!icmp_ln887)> <Delay = 0.89> <Core = "AddSub">   --->   Core 14 'AddSub' <Latency = 0> <II = 1> <Delay = 1.20> <FuncUnit> <Opcode : 'add' 'sub'> <InPorts = 2> <OutPorts = 1>
ST_2 : Operation 33 [1/1] (0.75ns)   --->   "br label %.preheader" [sha256d/sha256d.cpp:40]   --->   Operation 33 'br' <Predicate = (icmp_ln887)> <Delay = 0.75>

State 3 <SV = 2> <Delay = 2.70>
ST_3 : Operation 34 [1/1] (0.00ns)   --->   "%zext_ln544 = zext i5 %p_01115_0 to i64" [sha256d/sha256d.cpp:39]   --->   Operation 34 'zext' 'zext_ln544' <Predicate = true> <Delay = 0.00>
ST_3 : Operation 35 [1/2] (1.35ns)   --->   "%rhs_V_31 = load i8* %data_V_addr, align 1" [sha256d/sha256d.cpp:39]   --->   Operation 35 'load' 'rhs_V_31' <Predicate = true> <Delay = 1.35> <Core = "RAM">   --->   Core 37 'RAM' <Latency = 1> <II = 1> <Delay = 0.79> <Storage> <Opcode : 'load' 'store'> <Ports = 2> <Width = 32> <Depth = 8> <RAM>
ST_3 : Operation 36 [1/1] (0.00ns)   --->   "%zext_ln209 = zext i8 %rhs_V_31 to i32" [sha256d/sha256d.cpp:39]   --->   Operation 36 'zext' 'zext_ln209' <Predicate = true> <Delay = 0.00>
ST_3 : Operation 37 [1/1] (0.00ns)   --->   "%m_V_addr = getelementptr [64 x i32]* %m_V, i64 0, i64 %zext_ln544" [sha256d/sha256d.cpp:39]   --->   Operation 37 'getelementptr' 'm_V_addr' <Predicate = true> <Delay = 0.00>
ST_3 : Operation 38 [1/1] (1.35ns)   --->   "store i32 %zext_ln209, i32* %m_V_addr, align 4" [sha256d/sha256d.cpp:39]   --->   Operation 38 'store' <Predicate = true> <Delay = 1.35> <Core = "RAM">   --->   Core 37 'RAM' <Latency = 1> <II = 1> <Delay = 0.79> <Storage> <Opcode : 'load' 'store'> <Ports = 2> <Width = 32> <Depth = 8> <RAM>
ST_3 : Operation 39 [1/1] (0.00ns)   --->   "br label %.preheader2532" [sha256d/sha256d.cpp:38]   --->   Operation 39 'br' <Predicate = true> <Delay = 0.00>

State 4 <SV = 2> <Delay = 2.23>
ST_4 : Operation 40 [1/1] (0.00ns)   --->   "%p_01115_1 = phi i7 [ %i_V, %_ZrsILi32ELb0EEN11ap_int_baseIXT_EXT0_EE5RTypeIXT_EXT0_EE4arg1ERKS1_i.exit177 ], [ 16, %.preheader.preheader ]"   --->   Operation 40 'phi' 'p_01115_1' <Predicate = true> <Delay = 0.00>
ST_4 : Operation 41 [1/1] (0.86ns)   --->   "%icmp_ln40 = icmp eq i7 %p_01115_1, -64" [sha256d/sha256d.cpp:40]   --->   Operation 41 'icmp' 'icmp_ln40' <Predicate = true> <Delay = 0.86> <Core = "Cmp">   --->   Core 25 'Cmp' <Latency = 0> <II = 1> <Delay = 0.86> <FuncUnit> <Opcode : 'icmp'> <InPorts = 2> <OutPorts = 1>
ST_4 : Operation 42 [1/1] (0.00ns)   --->   "%empty_10 = call i32 (...)* @_ssdm_op_SpecLoopTripCount(i64 48, i64 48, i64 48)"   --->   Operation 42 'speclooptripcount' 'empty_10' <Predicate = true> <Delay = 0.00>
ST_4 : Operation 43 [1/1] (0.00ns)   --->   "br i1 %icmp_ln40, label %0, label %_ZrsILi32ELb0EEN11ap_int_baseIXT_EXT0_EE5RTypeIXT_EXT0_EE4arg1ERKS1_i.exit177" [sha256d/sha256d.cpp:40]   --->   Operation 43 'br' <Predicate = true> <Delay = 0.00>
ST_4 : Operation 44 [1/1] (0.00ns)   --->   "%trunc_ln215_2 = trunc i7 %p_01115_1 to i6" [sha256d/sha256d.cpp:41]   --->   Operation 44 'trunc' 'trunc_ln215_2' <Predicate = (!icmp_ln40)> <Delay = 0.00>
ST_4 : Operation 45 [1/1] (0.88ns)   --->   "%ret_V_41 = add i6 -2, %trunc_ln215_2" [sha256d/sha256d.cpp:41]   --->   Operation 45 'add' 'ret_V_41' <Predicate = (!icmp_ln40)> <Delay = 0.88> <Core = "AddSub">   --->   Core 14 'AddSub' <Latency = 0> <II = 1> <Delay = 1.20> <FuncUnit> <Opcode : 'add' 'sub'> <InPorts = 2> <OutPorts = 1>
ST_4 : Operation 46 [1/1] (0.00ns)   --->   "%zext_ln544_8 = zext i6 %ret_V_41 to i64" [sha256d/sha256d.cpp:41]   --->   Operation 46 'zext' 'zext_ln544_8' <Predicate = (!icmp_ln40)> <Delay = 0.00>
ST_4 : Operation 47 [1/1] (0.00ns)   --->   "%m_V_addr_1 = getelementptr [64 x i32]* %m_V, i64 0, i64 %zext_ln544_8" [sha256d/sha256d.cpp:41]   --->   Operation 47 'getelementptr' 'm_V_addr_1' <Predicate = (!icmp_ln40)> <Delay = 0.00>
ST_4 : Operation 48 [2/2] (1.35ns)   --->   "%m_V_load = load i32* %m_V_addr_1, align 4" [sha256d/sha256d.cpp:41]   --->   Operation 48 'load' 'm_V_load' <Predicate = (!icmp_ln40)> <Delay = 1.35> <Core = "RAM">   --->   Core 37 'RAM' <Latency = 1> <II = 1> <Delay = 0.79> <Storage> <Opcode : 'load' 'store'> <Ports = 2> <Width = 32> <Depth = 8> <RAM>
ST_4 : Operation 49 [1/1] (0.88ns)   --->   "%ret_V_45 = add i6 -7, %trunc_ln215_2" [sha256d/sha256d.cpp:41]   --->   Operation 49 'add' 'ret_V_45' <Predicate = (!icmp_ln40)> <Delay = 0.88> <Core = "AddSub">   --->   Core 14 'AddSub' <Latency = 0> <II = 1> <Delay = 1.20> <FuncUnit> <Opcode : 'add' 'sub'> <InPorts = 2> <OutPorts = 1>
ST_4 : Operation 50 [1/1] (0.00ns)   --->   "%zext_ln544_9 = zext i6 %ret_V_45 to i64" [sha256d/sha256d.cpp:41]   --->   Operation 50 'zext' 'zext_ln544_9' <Predicate = (!icmp_ln40)> <Delay = 0.00>
ST_4 : Operation 51 [1/1] (0.00ns)   --->   "%m_V_addr_2 = getelementptr [64 x i32]* %m_V, i64 0, i64 %zext_ln544_9" [sha256d/sha256d.cpp:41]   --->   Operation 51 'getelementptr' 'm_V_addr_2' <Predicate = (!icmp_ln40)> <Delay = 0.00>
ST_4 : Operation 52 [2/2] (1.35ns)   --->   "%m_V_load_1 = load i32* %m_V_addr_2, align 4" [sha256d/sha256d.cpp:41]   --->   Operation 52 'load' 'm_V_load_1' <Predicate = (!icmp_ln40)> <Delay = 1.35> <Core = "RAM">   --->   Core 37 'RAM' <Latency = 1> <II = 1> <Delay = 0.79> <Storage> <Opcode : 'load' 'store'> <Ports = 2> <Width = 32> <Depth = 8> <RAM>
ST_4 : Operation 53 [2/2] (0.79ns)   --->   "%a_V = load i32* %state_V_addr, align 4" [sha256d/sha256d.cpp:43]   --->   Operation 53 'load' 'a_V' <Predicate = (icmp_ln40)> <Delay = 0.79> <Core = "RAM">   --->   Core 37 'RAM' <Latency = 1> <II = 1> <Delay = 0.79> <Storage> <Opcode : 'load' 'store'> <Ports = 2> <Width = 32> <Depth = 8> <RAM>
ST_4 : Operation 54 [1/1] (0.00ns)   --->   "%state_V_addr_8 = getelementptr [8 x i32]* %state_V, i64 0, i64 1" [sha256d/sha256d.cpp:44]   --->   Operation 54 'getelementptr' 'state_V_addr_8' <Predicate = (icmp_ln40)> <Delay = 0.00>
ST_4 : Operation 55 [2/2] (0.79ns)   --->   "%b_V = load i32* %state_V_addr_8, align 4" [sha256d/sha256d.cpp:44]   --->   Operation 55 'load' 'b_V' <Predicate = (icmp_ln40)> <Delay = 0.79> <Core = "RAM">   --->   Core 37 'RAM' <Latency = 1> <II = 1> <Delay = 0.79> <Storage> <Opcode : 'load' 'store'> <Ports = 2> <Width = 32> <Depth = 8> <RAM>

State 5 <SV = 3> <Delay = 2.23>
ST_5 : Operation 56 [1/2] (1.35ns)   --->   "%m_V_load = load i32* %m_V_addr_1, align 4" [sha256d/sha256d.cpp:41]   --->   Operation 56 'load' 'm_V_load' <Predicate = true> <Delay = 1.35> <Core = "RAM">   --->   Core 37 'RAM' <Latency = 1> <II = 1> <Delay = 0.79> <Storage> <Opcode : 'load' 'store'> <Ports = 2> <Width = 32> <Depth = 8> <RAM>
ST_5 : Operation 57 [1/2] (1.35ns)   --->   "%m_V_load_1 = load i32* %m_V_addr_2, align 4" [sha256d/sha256d.cpp:41]   --->   Operation 57 'load' 'm_V_load_1' <Predicate = true> <Delay = 1.35> <Core = "RAM">   --->   Core 37 'RAM' <Latency = 1> <II = 1> <Delay = 0.79> <Storage> <Opcode : 'load' 'store'> <Ports = 2> <Width = 32> <Depth = 8> <RAM>
ST_5 : Operation 58 [1/1] (0.88ns)   --->   "%ret_V_46 = add i6 -15, %trunc_ln215_2" [sha256d/sha256d.cpp:41]   --->   Operation 58 'add' 'ret_V_46' <Predicate = true> <Delay = 0.88> <Core = "AddSub">   --->   Core 14 'AddSub' <Latency = 0> <II = 1> <Delay = 1.20> <FuncUnit> <Opcode : 'add' 'sub'> <InPorts = 2> <OutPorts = 1>
ST_5 : Operation 59 [1/1] (0.00ns)   --->   "%zext_ln544_10 = zext i6 %ret_V_46 to i64" [sha256d/sha256d.cpp:41]   --->   Operation 59 'zext' 'zext_ln544_10' <Predicate = true> <Delay = 0.00>
ST_5 : Operation 60 [1/1] (0.00ns)   --->   "%m_V_addr_3 = getelementptr [64 x i32]* %m_V, i64 0, i64 %zext_ln544_10" [sha256d/sha256d.cpp:41]   --->   Operation 60 'getelementptr' 'm_V_addr_3' <Predicate = true> <Delay = 0.00>
ST_5 : Operation 61 [2/2] (1.35ns)   --->   "%m_V_load_2 = load i32* %m_V_addr_3, align 4" [sha256d/sha256d.cpp:41]   --->   Operation 61 'load' 'm_V_load_2' <Predicate = true> <Delay = 1.35> <Core = "RAM">   --->   Core 37 'RAM' <Latency = 1> <II = 1> <Delay = 0.79> <Storage> <Opcode : 'load' 'store'> <Ports = 2> <Width = 32> <Depth = 8> <RAM>
ST_5 : Operation 62 [1/1] (0.88ns)   --->   "%ret_V_50 = add i6 -16, %trunc_ln215_2" [sha256d/sha256d.cpp:41]   --->   Operation 62 'add' 'ret_V_50' <Predicate = true> <Delay = 0.88> <Core = "AddSub">   --->   Core 14 'AddSub' <Latency = 0> <II = 1> <Delay = 1.20> <FuncUnit> <Opcode : 'add' 'sub'> <InPorts = 2> <OutPorts = 1>
ST_5 : Operation 63 [1/1] (0.00ns)   --->   "%zext_ln544_11 = zext i6 %ret_V_50 to i64" [sha256d/sha256d.cpp:41]   --->   Operation 63 'zext' 'zext_ln544_11' <Predicate = true> <Delay = 0.00>
ST_5 : Operation 64 [1/1] (0.00ns)   --->   "%m_V_addr_4 = getelementptr [64 x i32]* %m_V, i64 0, i64 %zext_ln544_11" [sha256d/sha256d.cpp:41]   --->   Operation 64 'getelementptr' 'm_V_addr_4' <Predicate = true> <Delay = 0.00>
ST_5 : Operation 65 [2/2] (1.35ns)   --->   "%m_V_load_3 = load i32* %m_V_addr_4, align 4" [sha256d/sha256d.cpp:41]   --->   Operation 65 'load' 'm_V_load_3' <Predicate = true> <Delay = 1.35> <Core = "RAM">   --->   Core 37 'RAM' <Latency = 1> <II = 1> <Delay = 0.79> <Storage> <Opcode : 'load' 'store'> <Ports = 2> <Width = 32> <Depth = 8> <RAM>

State 6 <SV = 4> <Delay = 4.79>
ST_6 : Operation 66 [1/1] (0.00ns)   --->   "%zext_ln544_5 = zext i7 %p_01115_1 to i64" [sha256d/sha256d.cpp:41]   --->   Operation 66 'zext' 'zext_ln544_5' <Predicate = true> <Delay = 0.00>
ST_6 : Operation 67 [1/1] (0.00ns) (grouped into LUT with out node add_ln209_10)   --->   "%r_V = call i15 @_ssdm_op_PartSelect.i15.i32.i32.i32(i32 %m_V_load, i32 17, i32 31)" [sha256d/sha256d.cpp:41]   --->   Operation 67 'partselect' 'r_V' <Predicate = true> <Delay = 0.00>
ST_6 : Operation 68 [1/1] (0.00ns) (grouped into LUT with out node add_ln209_10)   --->   "%trunc_ln1503 = trunc i32 %m_V_load to i17" [sha256d/sha256d.cpp:41]   --->   Operation 68 'trunc' 'trunc_ln1503' <Predicate = true> <Delay = 0.00>
ST_6 : Operation 69 [1/1] (0.00ns) (grouped into LUT with out node add_ln209_10)   --->   "%ret_V_65 = call i32 @_ssdm_op_BitConcatenate.i32.i17.i15(i17 %trunc_ln1503, i15 %r_V)" [sha256d/sha256d.cpp:41]   --->   Operation 69 'bitconcatenate' 'ret_V_65' <Predicate = true> <Delay = 0.00>
ST_6 : Operation 70 [1/1] (0.00ns) (grouped into LUT with out node add_ln209_10)   --->   "%r_V_s = call i13 @_ssdm_op_PartSelect.i13.i32.i32.i32(i32 %m_V_load, i32 19, i32 31)" [sha256d/sha256d.cpp:41]   --->   Operation 70 'partselect' 'r_V_s' <Predicate = true> <Delay = 0.00>
ST_6 : Operation 71 [1/1] (0.00ns) (grouped into LUT with out node add_ln209_10)   --->   "%trunc_ln1503_10 = trunc i32 %m_V_load to i19" [sha256d/sha256d.cpp:41]   --->   Operation 71 'trunc' 'trunc_ln1503_10' <Predicate = true> <Delay = 0.00>
ST_6 : Operation 72 [1/1] (0.00ns) (grouped into LUT with out node add_ln209_10)   --->   "%ret_V_66 = call i32 @_ssdm_op_BitConcatenate.i32.i19.i13(i19 %trunc_ln1503_10, i13 %r_V_s)" [sha256d/sha256d.cpp:41]   --->   Operation 72 'bitconcatenate' 'ret_V_66' <Predicate = true> <Delay = 0.00>
ST_6 : Operation 73 [1/1] (0.00ns) (grouped into LUT with out node add_ln209_10)   --->   "%r_V_11 = call i22 @_ssdm_op_PartSelect.i22.i32.i32.i32(i32 %m_V_load, i32 10, i32 31)" [sha256d/sha256d.cpp:41]   --->   Operation 73 'partselect' 'r_V_11' <Predicate = true> <Delay = 0.00>
ST_6 : Operation 74 [1/1] (0.00ns) (grouped into LUT with out node add_ln209_10)   --->   "%r_V_24 = zext i22 %r_V_11 to i32" [sha256d/sha256d.cpp:41]   --->   Operation 74 'zext' 'r_V_24' <Predicate = true> <Delay = 0.00>
ST_6 : Operation 75 [1/1] (0.00ns) (grouped into LUT with out node add_ln209_10)   --->   "%xor_ln1357 = xor i32 %r_V_24, %ret_V_66" [sha256d/sha256d.cpp:41]   --->   Operation 75 'xor' 'xor_ln1357' <Predicate = true> <Delay = 0.00> <Core = "LogicGate">   --->   Core 27 'LogicGate' <Latency = 0> <II = 1> <Delay = 0.40> <FuncUnit> <Opcode : 'and' 'or' 'xor'> <InPorts = 2> <OutPorts = 1>
ST_6 : Operation 76 [1/1] (0.00ns) (grouped into LUT with out node add_ln209_10)   --->   "%ret_V_44 = xor i32 %xor_ln1357, %ret_V_65" [sha256d/sha256d.cpp:41]   --->   Operation 76 'xor' 'ret_V_44' <Predicate = true> <Delay = 0.00> <Core = "LogicGate">   --->   Core 27 'LogicGate' <Latency = 0> <II = 1> <Delay = 0.40> <FuncUnit> <Opcode : 'and' 'or' 'xor'> <InPorts = 2> <OutPorts = 1>
ST_6 : Operation 77 [1/2] (1.35ns)   --->   "%m_V_load_2 = load i32* %m_V_addr_3, align 4" [sha256d/sha256d.cpp:41]   --->   Operation 77 'load' 'm_V_load_2' <Predicate = true> <Delay = 1.35> <Core = "RAM">   --->   Core 37 'RAM' <Latency = 1> <II = 1> <Delay = 0.79> <Storage> <Opcode : 'load' 'store'> <Ports = 2> <Width = 32> <Depth = 8> <RAM>
ST_6 : Operation 78 [1/1] (0.00ns) (grouped into LUT with out node add_ln209_10)   --->   "%r_V_12 = call i25 @_ssdm_op_PartSelect.i25.i32.i32.i32(i32 %m_V_load_2, i32 7, i32 31)" [sha256d/sha256d.cpp:41]   --->   Operation 78 'partselect' 'r_V_12' <Predicate = true> <Delay = 0.00>
ST_6 : Operation 79 [1/1] (0.00ns) (grouped into LUT with out node add_ln209_10)   --->   "%trunc_ln1503_11 = trunc i32 %m_V_load_2 to i7" [sha256d/sha256d.cpp:41]   --->   Operation 79 'trunc' 'trunc_ln1503_11' <Predicate = true> <Delay = 0.00>
ST_6 : Operation 80 [1/1] (0.00ns) (grouped into LUT with out node add_ln209_10)   --->   "%ret_V_67 = call i32 @_ssdm_op_BitConcatenate.i32.i7.i25(i7 %trunc_ln1503_11, i25 %r_V_12)" [sha256d/sha256d.cpp:41]   --->   Operation 80 'bitconcatenate' 'ret_V_67' <Predicate = true> <Delay = 0.00>
ST_6 : Operation 81 [1/1] (0.00ns) (grouped into LUT with out node add_ln209_10)   --->   "%r_V_13 = call i14 @_ssdm_op_PartSelect.i14.i32.i32.i32(i32 %m_V_load_2, i32 18, i32 31)" [sha256d/sha256d.cpp:41]   --->   Operation 81 'partselect' 'r_V_13' <Predicate = true> <Delay = 0.00>
ST_6 : Operation 82 [1/1] (0.00ns) (grouped into LUT with out node add_ln209_10)   --->   "%trunc_ln1503_12 = trunc i32 %m_V_load_2 to i18" [sha256d/sha256d.cpp:41]   --->   Operation 82 'trunc' 'trunc_ln1503_12' <Predicate = true> <Delay = 0.00>
ST_6 : Operation 83 [1/1] (0.00ns) (grouped into LUT with out node add_ln209_10)   --->   "%ret_V_68 = call i32 @_ssdm_op_BitConcatenate.i32.i18.i14(i18 %trunc_ln1503_12, i14 %r_V_13)" [sha256d/sha256d.cpp:41]   --->   Operation 83 'bitconcatenate' 'ret_V_68' <Predicate = true> <Delay = 0.00>
ST_6 : Operation 84 [1/1] (0.00ns) (grouped into LUT with out node add_ln209_10)   --->   "%r_V_14 = call i29 @_ssdm_op_PartSelect.i29.i32.i32.i32(i32 %m_V_load_2, i32 3, i32 31)" [sha256d/sha256d.cpp:41]   --->   Operation 84 'partselect' 'r_V_14' <Predicate = true> <Delay = 0.00>
ST_6 : Operation 85 [1/1] (0.00ns) (grouped into LUT with out node add_ln209_10)   --->   "%r_V_25 = zext i29 %r_V_14 to i32" [sha256d/sha256d.cpp:41]   --->   Operation 85 'zext' 'r_V_25' <Predicate = true> <Delay = 0.00>
ST_6 : Operation 86 [1/1] (0.00ns) (grouped into LUT with out node add_ln209_10)   --->   "%xor_ln1357_12 = xor i32 %r_V_25, %ret_V_68" [sha256d/sha256d.cpp:41]   --->   Operation 86 'xor' 'xor_ln1357_12' <Predicate = true> <Delay = 0.00> <Core = "LogicGate">   --->   Core 27 'LogicGate' <Latency = 0> <II = 1> <Delay = 0.40> <FuncUnit> <Opcode : 'and' 'or' 'xor'> <InPorts = 2> <OutPorts = 1>
ST_6 : Operation 87 [1/1] (0.00ns) (grouped into LUT with out node add_ln209_10)   --->   "%ret_V_49 = xor i32 %xor_ln1357_12, %ret_V_67" [sha256d/sha256d.cpp:41]   --->   Operation 87 'xor' 'ret_V_49' <Predicate = true> <Delay = 0.00> <Core = "LogicGate">   --->   Core 27 'LogicGate' <Latency = 0> <II = 1> <Delay = 0.40> <FuncUnit> <Opcode : 'and' 'or' 'xor'> <InPorts = 2> <OutPorts = 1>
ST_6 : Operation 88 [1/2] (1.35ns)   --->   "%m_V_load_3 = load i32* %m_V_addr_4, align 4" [sha256d/sha256d.cpp:41]   --->   Operation 88 'load' 'm_V_load_3' <Predicate = true> <Delay = 1.35> <Core = "RAM">   --->   Core 37 'RAM' <Latency = 1> <II = 1> <Delay = 0.79> <Storage> <Opcode : 'load' 'store'> <Ports = 2> <Width = 32> <Depth = 8> <RAM>
ST_6 : Operation 89 [1/1] (0.00ns) (grouped into TernaryAdder)   --->   "%add_ln209 = add i32 %m_V_load_1, %m_V_load_3" [sha256d/sha256d.cpp:41]   --->   Operation 89 'add' 'add_ln209' <Predicate = true> <Delay = 0.00> <Core = "TAddSub">   --->   Core 83 'TAddSub' <Latency = 0> <II = 1> <Delay = 0.44> <IPBlock> <Opcode : 'add' 'sub'> <InPorts = 3> <OutPorts = 1> <Sync> <CReg>
ST_6 : Operation 90 [1/1] (1.20ns) (out node of the LUT)   --->   "%add_ln209_10 = add i32 %ret_V_44, %ret_V_49" [sha256d/sha256d.cpp:41]   --->   Operation 90 'add' 'add_ln209_10' <Predicate = true> <Delay = 1.20> <Core = "AddSub">   --->   Core 14 'AddSub' <Latency = 0> <II = 1> <Delay = 1.20> <FuncUnit> <Opcode : 'add' 'sub'> <InPorts = 2> <OutPorts = 1>
ST_6 : Operation 91 [1/1] (0.88ns) (root node of TernaryAdder)   --->   "%add_ln209_2 = add i32 %add_ln209_10, %add_ln209" [sha256d/sha256d.cpp:41]   --->   Operation 91 'add' 'add_ln209_2' <Predicate = true> <Delay = 0.88> <Core = "TAddSub">   --->   Core 83 'TAddSub' <Latency = 0> <II = 1> <Delay = 0.44> <IPBlock> <Opcode : 'add' 'sub'> <InPorts = 3> <OutPorts = 1> <Sync> <CReg>
ST_6 : Operation 92 [1/1] (0.00ns)   --->   "%m_V_addr_5 = getelementptr [64 x i32]* %m_V, i64 0, i64 %zext_ln544_5" [sha256d/sha256d.cpp:41]   --->   Operation 92 'getelementptr' 'm_V_addr_5' <Predicate = true> <Delay = 0.00>
ST_6 : Operation 93 [1/1] (1.35ns)   --->   "store i32 %add_ln209_2, i32* %m_V_addr_5, align 4" [sha256d/sha256d.cpp:41]   --->   Operation 93 'store' <Predicate = true> <Delay = 1.35> <Core = "RAM">   --->   Core 37 'RAM' <Latency = 1> <II = 1> <Delay = 0.79> <Storage> <Opcode : 'load' 'store'> <Ports = 2> <Width = 32> <Depth = 8> <RAM>
ST_6 : Operation 94 [1/1] (0.89ns)   --->   "%i_V = add i7 1, %p_01115_1" [sha256d/sha256d.cpp:40]   --->   Operation 94 'add' 'i_V' <Predicate = true> <Delay = 0.89> <Core = "AddSub">   --->   Core 14 'AddSub' <Latency = 0> <II = 1> <Delay = 1.20> <FuncUnit> <Opcode : 'add' 'sub'> <InPorts = 2> <OutPorts = 1>
ST_6 : Operation 95 [1/1] (0.00ns)   --->   "br label %.preheader" [sha256d/sha256d.cpp:40]   --->   Operation 95 'br' <Predicate = true> <Delay = 0.00>

State 7 <SV = 3> <Delay = 0.79>
ST_7 : Operation 96 [1/2] (0.79ns)   --->   "%a_V = load i32* %state_V_addr, align 4" [sha256d/sha256d.cpp:43]   --->   Operation 96 'load' 'a_V' <Predicate = true> <Delay = 0.79> <Core = "RAM">   --->   Core 37 'RAM' <Latency = 1> <II = 1> <Delay = 0.79> <Storage> <Opcode : 'load' 'store'> <Ports = 2> <Width = 32> <Depth = 8> <RAM>
ST_7 : Operation 97 [1/2] (0.79ns)   --->   "%b_V = load i32* %state_V_addr_8, align 4" [sha256d/sha256d.cpp:44]   --->   Operation 97 'load' 'b_V' <Predicate = true> <Delay = 0.79> <Core = "RAM">   --->   Core 37 'RAM' <Latency = 1> <II = 1> <Delay = 0.79> <Storage> <Opcode : 'load' 'store'> <Ports = 2> <Width = 32> <Depth = 8> <RAM>
ST_7 : Operation 98 [1/1] (0.00ns)   --->   "%state_V_addr_9 = getelementptr [8 x i32]* %state_V, i64 0, i64 2" [sha256d/sha256d.cpp:45]   --->   Operation 98 'getelementptr' 'state_V_addr_9' <Predicate = true> <Delay = 0.00>
ST_7 : Operation 99 [2/2] (0.79ns)   --->   "%c_V = load i32* %state_V_addr_9, align 4" [sha256d/sha256d.cpp:45]   --->   Operation 99 'load' 'c_V' <Predicate = true> <Delay = 0.79> <Core = "RAM">   --->   Core 37 'RAM' <Latency = 1> <II = 1> <Delay = 0.79> <Storage> <Opcode : 'load' 'store'> <Ports = 2> <Width = 32> <Depth = 8> <RAM>
ST_7 : Operation 100 [1/1] (0.00ns)   --->   "%state_V_addr_10 = getelementptr [8 x i32]* %state_V, i64 0, i64 3" [sha256d/sha256d.cpp:46]   --->   Operation 100 'getelementptr' 'state_V_addr_10' <Predicate = true> <Delay = 0.00>
ST_7 : Operation 101 [2/2] (0.79ns)   --->   "%d_V = load i32* %state_V_addr_10, align 4" [sha256d/sha256d.cpp:46]   --->   Operation 101 'load' 'd_V' <Predicate = true> <Delay = 0.79> <Core = "RAM">   --->   Core 37 'RAM' <Latency = 1> <II = 1> <Delay = 0.79> <Storage> <Opcode : 'load' 'store'> <Ports = 2> <Width = 32> <Depth = 8> <RAM>

State 8 <SV = 4> <Delay = 0.79>
ST_8 : Operation 102 [1/2] (0.79ns)   --->   "%c_V = load i32* %state_V_addr_9, align 4" [sha256d/sha256d.cpp:45]   --->   Operation 102 'load' 'c_V' <Predicate = true> <Delay = 0.79> <Core = "RAM">   --->   Core 37 'RAM' <Latency = 1> <II = 1> <Delay = 0.79> <Storage> <Opcode : 'load' 'store'> <Ports = 2> <Width = 32> <Depth = 8> <RAM>
ST_8 : Operation 103 [1/2] (0.79ns)   --->   "%d_V = load i32* %state_V_addr_10, align 4" [sha256d/sha256d.cpp:46]   --->   Operation 103 'load' 'd_V' <Predicate = true> <Delay = 0.79> <Core = "RAM">   --->   Core 37 'RAM' <Latency = 1> <II = 1> <Delay = 0.79> <Storage> <Opcode : 'load' 'store'> <Ports = 2> <Width = 32> <Depth = 8> <RAM>
ST_8 : Operation 104 [1/1] (0.00ns)   --->   "%state_V_addr_11 = getelementptr [8 x i32]* %state_V, i64 0, i64 4" [sha256d/sha256d.cpp:47]   --->   Operation 104 'getelementptr' 'state_V_addr_11' <Predicate = true> <Delay = 0.00>
ST_8 : Operation 105 [2/2] (0.79ns)   --->   "%e_V = load i32* %state_V_addr_11, align 4" [sha256d/sha256d.cpp:47]   --->   Operation 105 'load' 'e_V' <Predicate = true> <Delay = 0.79> <Core = "RAM">   --->   Core 37 'RAM' <Latency = 1> <II = 1> <Delay = 0.79> <Storage> <Opcode : 'load' 'store'> <Ports = 2> <Width = 32> <Depth = 8> <RAM>
ST_8 : Operation 106 [1/1] (0.00ns)   --->   "%state_V_addr_12 = getelementptr [8 x i32]* %state_V, i64 0, i64 5" [sha256d/sha256d.cpp:48]   --->   Operation 106 'getelementptr' 'state_V_addr_12' <Predicate = true> <Delay = 0.00>
ST_8 : Operation 107 [2/2] (0.79ns)   --->   "%f_V = load i32* %state_V_addr_12, align 4" [sha256d/sha256d.cpp:48]   --->   Operation 107 'load' 'f_V' <Predicate = true> <Delay = 0.79> <Core = "RAM">   --->   Core 37 'RAM' <Latency = 1> <II = 1> <Delay = 0.79> <Storage> <Opcode : 'load' 'store'> <Ports = 2> <Width = 32> <Depth = 8> <RAM>

State 9 <SV = 5> <Delay = 0.79>
ST_9 : Operation 108 [1/2] (0.79ns)   --->   "%e_V = load i32* %state_V_addr_11, align 4" [sha256d/sha256d.cpp:47]   --->   Operation 108 'load' 'e_V' <Predicate = true> <Delay = 0.79> <Core = "RAM">   --->   Core 37 'RAM' <Latency = 1> <II = 1> <Delay = 0.79> <Storage> <Opcode : 'load' 'store'> <Ports = 2> <Width = 32> <Depth = 8> <RAM>
ST_9 : Operation 109 [1/2] (0.79ns)   --->   "%f_V = load i32* %state_V_addr_12, align 4" [sha256d/sha256d.cpp:48]   --->   Operation 109 'load' 'f_V' <Predicate = true> <Delay = 0.79> <Core = "RAM">   --->   Core 37 'RAM' <Latency = 1> <II = 1> <Delay = 0.79> <Storage> <Opcode : 'load' 'store'> <Ports = 2> <Width = 32> <Depth = 8> <RAM>
ST_9 : Operation 110 [1/1] (0.00ns)   --->   "%state_V_addr_13 = getelementptr [8 x i32]* %state_V, i64 0, i64 6" [sha256d/sha256d.cpp:49]   --->   Operation 110 'getelementptr' 'state_V_addr_13' <Predicate = true> <Delay = 0.00>
ST_9 : Operation 111 [2/2] (0.79ns)   --->   "%g_V = load i32* %state_V_addr_13, align 4" [sha256d/sha256d.cpp:49]   --->   Operation 111 'load' 'g_V' <Predicate = true> <Delay = 0.79> <Core = "RAM">   --->   Core 37 'RAM' <Latency = 1> <II = 1> <Delay = 0.79> <Storage> <Opcode : 'load' 'store'> <Ports = 2> <Width = 32> <Depth = 8> <RAM>
ST_9 : Operation 112 [1/1] (0.00ns)   --->   "%state_V_addr_14 = getelementptr [8 x i32]* %state_V, i64 0, i64 7" [sha256d/sha256d.cpp:50]   --->   Operation 112 'getelementptr' 'state_V_addr_14' <Predicate = true> <Delay = 0.00>
ST_9 : Operation 113 [2/2] (0.79ns)   --->   "%h_V = load i32* %state_V_addr_14, align 4" [sha256d/sha256d.cpp:50]   --->   Operation 113 'load' 'h_V' <Predicate = true> <Delay = 0.79> <Core = "RAM">   --->   Core 37 'RAM' <Latency = 1> <II = 1> <Delay = 0.79> <Storage> <Opcode : 'load' 'store'> <Ports = 2> <Width = 32> <Depth = 8> <RAM>

State 10 <SV = 6> <Delay = 0.79>
ST_10 : Operation 114 [1/2] (0.79ns)   --->   "%g_V = load i32* %state_V_addr_13, align 4" [sha256d/sha256d.cpp:49]   --->   Operation 114 'load' 'g_V' <Predicate = true> <Delay = 0.79> <Core = "RAM">   --->   Core 37 'RAM' <Latency = 1> <II = 1> <Delay = 0.79> <Storage> <Opcode : 'load' 'store'> <Ports = 2> <Width = 32> <Depth = 8> <RAM>
ST_10 : Operation 115 [1/2] (0.79ns)   --->   "%h_V = load i32* %state_V_addr_14, align 4" [sha256d/sha256d.cpp:50]   --->   Operation 115 'load' 'h_V' <Predicate = true> <Delay = 0.79> <Core = "RAM">   --->   Core 37 'RAM' <Latency = 1> <II = 1> <Delay = 0.79> <Storage> <Opcode : 'load' 'store'> <Ports = 2> <Width = 32> <Depth = 8> <RAM>
ST_10 : Operation 116 [1/1] (0.75ns)   --->   "br label %1" [sha256d/sha256d.cpp:52]   --->   Operation 116 'br' <Predicate = true> <Delay = 0.75>

State 11 <SV = 7> <Delay = 1.99>
ST_11 : Operation 117 [1/1] (0.00ns)   --->   "%p_01115_2 = phi i7 [ 0, %0 ], [ %i_V_2, %_ZrsILi32ELb0EEN11ap_int_baseIXT_EXT0_EE5RTypeIXT_EXT0_EE4arg1ERKS1_i.exit94 ]"   --->   Operation 117 'phi' 'p_01115_2' <Predicate = true> <Delay = 0.00>
ST_11 : Operation 118 [1/1] (0.00ns)   --->   "%lhs_V_20 = phi i32 [ %a_V, %0 ], [ %a_V_2, %_ZrsILi32ELb0EEN11ap_int_baseIXT_EXT0_EE5RTypeIXT_EXT0_EE4arg1ERKS1_i.exit94 ]"   --->   Operation 118 'phi' 'lhs_V_20' <Predicate = true> <Delay = 0.00>
ST_11 : Operation 119 [1/1] (0.00ns)   --->   "%rhs_V_33 = phi i32 [ %b_V, %0 ], [ %lhs_V_20, %_ZrsILi32ELb0EEN11ap_int_baseIXT_EXT0_EE5RTypeIXT_EXT0_EE4arg1ERKS1_i.exit94 ]"   --->   Operation 119 'phi' 'rhs_V_33' <Predicate = true> <Delay = 0.00>
ST_11 : Operation 120 [1/1] (0.00ns)   --->   "%rhs_V_34 = phi i32 [ %c_V, %0 ], [ %rhs_V_33, %_ZrsILi32ELb0EEN11ap_int_baseIXT_EXT0_EE5RTypeIXT_EXT0_EE4arg1ERKS1_i.exit94 ]"   --->   Operation 120 'phi' 'rhs_V_34' <Predicate = true> <Delay = 0.00>
ST_11 : Operation 121 [1/1] (0.00ns)   --->   "%p_01587_0 = phi i32 [ %d_V, %0 ], [ %rhs_V_34, %_ZrsILi32ELb0EEN11ap_int_baseIXT_EXT0_EE5RTypeIXT_EXT0_EE4arg1ERKS1_i.exit94 ]"   --->   Operation 121 'phi' 'p_01587_0' <Predicate = true> <Delay = 0.00>
ST_11 : Operation 122 [1/1] (0.00ns)   --->   "%lhs_V = phi i32 [ %e_V, %0 ], [ %e_V_2, %_ZrsILi32ELb0EEN11ap_int_baseIXT_EXT0_EE5RTypeIXT_EXT0_EE4arg1ERKS1_i.exit94 ]"   --->   Operation 122 'phi' 'lhs_V' <Predicate = true> <Delay = 0.00>
ST_11 : Operation 123 [1/1] (0.00ns)   --->   "%rhs_V = phi i32 [ %f_V, %0 ], [ %lhs_V, %_ZrsILi32ELb0EEN11ap_int_baseIXT_EXT0_EE5RTypeIXT_EXT0_EE4arg1ERKS1_i.exit94 ]"   --->   Operation 123 'phi' 'rhs_V' <Predicate = true> <Delay = 0.00>
ST_11 : Operation 124 [1/1] (0.00ns)   --->   "%rhs_V_32 = phi i32 [ %g_V, %0 ], [ %rhs_V, %_ZrsILi32ELb0EEN11ap_int_baseIXT_EXT0_EE5RTypeIXT_EXT0_EE4arg1ERKS1_i.exit94 ]"   --->   Operation 124 'phi' 'rhs_V_32' <Predicate = true> <Delay = 0.00>
ST_11 : Operation 125 [1/1] (0.00ns)   --->   "%p_01439_0 = phi i32 [ %h_V, %0 ], [ %rhs_V_32, %_ZrsILi32ELb0EEN11ap_int_baseIXT_EXT0_EE5RTypeIXT_EXT0_EE4arg1ERKS1_i.exit94 ]"   --->   Operation 125 'phi' 'p_01439_0' <Predicate = true> <Delay = 0.00>
ST_11 : Operation 126 [1/1] (0.86ns)   --->   "%icmp_ln887_1 = icmp eq i7 %p_01115_2, -64" [sha256d/sha256d.cpp:52]   --->   Operation 126 'icmp' 'icmp_ln887_1' <Predicate = true> <Delay = 0.86> <Core = "Cmp">   --->   Core 25 'Cmp' <Latency = 0> <II = 1> <Delay = 0.86> <FuncUnit> <Opcode : 'icmp'> <InPorts = 2> <OutPorts = 1>
ST_11 : Operation 127 [1/1] (0.00ns)   --->   "%empty_11 = call i32 (...)* @_ssdm_op_SpecLoopTripCount(i64 64, i64 64, i64 64)"   --->   Operation 127 'speclooptripcount' 'empty_11' <Predicate = true> <Delay = 0.00>
ST_11 : Operation 128 [1/1] (0.89ns)   --->   "%i_V_2 = add i7 %p_01115_2, 1" [sha256d/sha256d.cpp:52]   --->   Operation 128 'add' 'i_V_2' <Predicate = true> <Delay = 0.89> <Core = "AddSub">   --->   Core 14 'AddSub' <Latency = 0> <II = 1> <Delay = 1.20> <FuncUnit> <Opcode : 'add' 'sub'> <InPorts = 2> <OutPorts = 1>
ST_11 : Operation 129 [1/1] (0.00ns)   --->   "br i1 %icmp_ln887_1, label %2, label %_ZrsILi32ELb0EEN11ap_int_baseIXT_EXT0_EE5RTypeIXT_EXT0_EE4arg1ERKS1_i.exit94" [sha256d/sha256d.cpp:52]   --->   Operation 129 'br' <Predicate = true> <Delay = 0.00>
ST_11 : Operation 130 [1/1] (0.00ns) (grouped into LUT with out node ret_V_54)   --->   "%r_V_15 = call i26 @_ssdm_op_PartSelect.i26.i32.i32.i32(i32 %lhs_V, i32 6, i32 31)" [sha256d/sha256d.cpp:53]   --->   Operation 130 'partselect' 'r_V_15' <Predicate = (!icmp_ln887_1)> <Delay = 0.00>
ST_11 : Operation 131 [1/1] (0.00ns) (grouped into LUT with out node ret_V_54)   --->   "%trunc_ln1503_13 = trunc i32 %lhs_V to i6" [sha256d/sha256d.cpp:53]   --->   Operation 131 'trunc' 'trunc_ln1503_13' <Predicate = (!icmp_ln887_1)> <Delay = 0.00>
ST_11 : Operation 132 [1/1] (0.00ns) (grouped into LUT with out node ret_V_54)   --->   "%ret_V_69 = call i32 @_ssdm_op_BitConcatenate.i32.i6.i26(i6 %trunc_ln1503_13, i26 %r_V_15)" [sha256d/sha256d.cpp:53]   --->   Operation 132 'bitconcatenate' 'ret_V_69' <Predicate = (!icmp_ln887_1)> <Delay = 0.00>
ST_11 : Operation 133 [1/1] (0.00ns) (grouped into LUT with out node ret_V_54)   --->   "%r_V_16 = call i21 @_ssdm_op_PartSelect.i21.i32.i32.i32(i32 %lhs_V, i32 11, i32 31)" [sha256d/sha256d.cpp:53]   --->   Operation 133 'partselect' 'r_V_16' <Predicate = (!icmp_ln887_1)> <Delay = 0.00>
ST_11 : Operation 134 [1/1] (0.00ns) (grouped into LUT with out node ret_V_54)   --->   "%trunc_ln1503_14 = trunc i32 %lhs_V to i11" [sha256d/sha256d.cpp:53]   --->   Operation 134 'trunc' 'trunc_ln1503_14' <Predicate = (!icmp_ln887_1)> <Delay = 0.00>
ST_11 : Operation 135 [1/1] (0.00ns) (grouped into LUT with out node ret_V_54)   --->   "%ret_V_70 = call i32 @_ssdm_op_BitConcatenate.i32.i11.i21(i11 %trunc_ln1503_14, i21 %r_V_16)" [sha256d/sha256d.cpp:53]   --->   Operation 135 'bitconcatenate' 'ret_V_70' <Predicate = (!icmp_ln887_1)> <Delay = 0.00>
ST_11 : Operation 136 [1/1] (0.00ns) (grouped into LUT with out node ret_V_54)   --->   "%r_V_17 = call i7 @_ssdm_op_PartSelect.i7.i32.i32.i32(i32 %lhs_V, i32 25, i32 31)" [sha256d/sha256d.cpp:53]   --->   Operation 136 'partselect' 'r_V_17' <Predicate = (!icmp_ln887_1)> <Delay = 0.00>
ST_11 : Operation 137 [1/1] (0.00ns) (grouped into LUT with out node ret_V_54)   --->   "%trunc_ln1503_15 = trunc i32 %lhs_V to i25" [sha256d/sha256d.cpp:53]   --->   Operation 137 'trunc' 'trunc_ln1503_15' <Predicate = (!icmp_ln887_1)> <Delay = 0.00>
ST_11 : Operation 138 [1/1] (0.00ns) (grouped into LUT with out node ret_V_54)   --->   "%ret_V_71 = call i32 @_ssdm_op_BitConcatenate.i32.i25.i7(i25 %trunc_ln1503_15, i7 %r_V_17)" [sha256d/sha256d.cpp:53]   --->   Operation 138 'bitconcatenate' 'ret_V_71' <Predicate = (!icmp_ln887_1)> <Delay = 0.00>
ST_11 : Operation 139 [1/1] (0.00ns) (grouped into LUT with out node ret_V_54)   --->   "%xor_ln1357_14 = xor i32 %ret_V_69, %ret_V_70" [sha256d/sha256d.cpp:53]   --->   Operation 139 'xor' 'xor_ln1357_14' <Predicate = (!icmp_ln887_1)> <Delay = 0.00> <Core = "LogicGate">   --->   Core 27 'LogicGate' <Latency = 0> <II = 1> <Delay = 0.40> <FuncUnit> <Opcode : 'and' 'or' 'xor'> <InPorts = 2> <OutPorts = 1>
ST_11 : Operation 140 [1/1] (0.40ns) (out node of the LUT)   --->   "%ret_V_54 = xor i32 %xor_ln1357_14, %ret_V_71" [sha256d/sha256d.cpp:53]   --->   Operation 140 'xor' 'ret_V_54' <Predicate = (!icmp_ln887_1)> <Delay = 0.40> <Core = "LogicGate">   --->   Core 27 'LogicGate' <Latency = 0> <II = 1> <Delay = 0.40> <FuncUnit> <Opcode : 'and' 'or' 'xor'> <InPorts = 2> <OutPorts = 1>
ST_11 : Operation 141 [1/1] (0.00ns) (grouped into LUT with out node ret_V_57)   --->   "%ret_V_72 = and i32 %rhs_V, %lhs_V" [sha256d/sha256d.cpp:53]   --->   Operation 141 'and' 'ret_V_72' <Predicate = (!icmp_ln887_1)> <Delay = 0.00> <Core = "LogicGate">   --->   Core 27 'LogicGate' <Latency = 0> <II = 1> <Delay = 0.40> <FuncUnit> <Opcode : 'and' 'or' 'xor'> <InPorts = 2> <OutPorts = 1>
ST_11 : Operation 142 [1/1] (0.00ns) (grouped into LUT with out node ret_V_57)   --->   "%r_V_26 = xor i32 %lhs_V, -1" [sha256d/sha256d.cpp:53]   --->   Operation 142 'xor' 'r_V_26' <Predicate = (!icmp_ln887_1)> <Delay = 0.00> <Core = "LogicGate">   --->   Core 27 'LogicGate' <Latency = 0> <II = 1> <Delay = 0.40> <FuncUnit> <Opcode : 'and' 'or' 'xor'> <InPorts = 2> <OutPorts = 1>
ST_11 : Operation 143 [1/1] (0.00ns) (grouped into LUT with out node ret_V_57)   --->   "%ret_V_73 = and i32 %rhs_V_32, %r_V_26" [sha256d/sha256d.cpp:53]   --->   Operation 143 'and' 'ret_V_73' <Predicate = (!icmp_ln887_1)> <Delay = 0.00> <Core = "LogicGate">   --->   Core 27 'LogicGate' <Latency = 0> <II = 1> <Delay = 0.40> <FuncUnit> <Opcode : 'and' 'or' 'xor'> <InPorts = 2> <OutPorts = 1>
ST_11 : Operation 144 [1/1] (0.40ns) (out node of the LUT)   --->   "%ret_V_57 = xor i32 %ret_V_73, %ret_V_72" [sha256d/sha256d.cpp:53]   --->   Operation 144 'xor' 'ret_V_57' <Predicate = (!icmp_ln887_1)> <Delay = 0.40> <Core = "LogicGate">   --->   Core 27 'LogicGate' <Latency = 0> <II = 1> <Delay = 0.40> <FuncUnit> <Opcode : 'and' 'or' 'xor'> <InPorts = 2> <OutPorts = 1>
ST_11 : Operation 145 [1/1] (0.00ns)   --->   "%zext_ln544_6 = zext i7 %p_01115_2 to i64" [sha256d/sha256d.cpp:53]   --->   Operation 145 'zext' 'zext_ln544_6' <Predicate = (!icmp_ln887_1)> <Delay = 0.00>
ST_11 : Operation 146 [1/1] (0.00ns)   --->   "%K_V_addr = getelementptr [64 x i32]* @K_V, i64 0, i64 %zext_ln544_6" [sha256d/sha256d.cpp:53]   --->   Operation 146 'getelementptr' 'K_V_addr' <Predicate = (!icmp_ln887_1)> <Delay = 0.00>
ST_11 : Operation 147 [2/2] (1.35ns)   --->   "%K_V_load = load i32* %K_V_addr, align 4" [sha256d/sha256d.cpp:53]   --->   Operation 147 'load' 'K_V_load' <Predicate = (!icmp_ln887_1)> <Delay = 1.35> <Core = "ROM_nP">   --->   Core 52 'ROM_nP' <Latency = 1> <II = 1> <Delay = 1.35> <Storage> <Opcode : 'load'> <Ports = 0> <Width = 32> <Depth = 64> <ROM>
ST_11 : Operation 148 [1/1] (0.00ns)   --->   "%m_V_addr_6 = getelementptr [64 x i32]* %m_V, i64 0, i64 %zext_ln544_6" [sha256d/sha256d.cpp:53]   --->   Operation 148 'getelementptr' 'm_V_addr_6' <Predicate = (!icmp_ln887_1)> <Delay = 0.00>
ST_11 : Operation 149 [2/2] (1.35ns)   --->   "%m_V_load_4 = load i32* %m_V_addr_6, align 4" [sha256d/sha256d.cpp:53]   --->   Operation 149 'load' 'm_V_load_4' <Predicate = (!icmp_ln887_1)> <Delay = 1.35> <Core = "RAM">   --->   Core 37 'RAM' <Latency = 1> <II = 1> <Delay = 0.79> <Storage> <Opcode : 'load' 'store'> <Ports = 2> <Width = 32> <Depth = 8> <RAM>
ST_11 : Operation 150 [1/1] (0.00ns) (grouped into TernaryAdder)   --->   "%add_ln209_12 = add i32 %ret_V_57, %ret_V_54" [sha256d/sha256d.cpp:53]   --->   Operation 150 'add' 'add_ln209_12' <Predicate = (!icmp_ln887_1)> <Delay = 0.00> <Core = "TAddSub">   --->   Core 83 'TAddSub' <Latency = 0> <II = 1> <Delay = 0.44> <IPBlock> <Opcode : 'add' 'sub'> <InPorts = 3> <OutPorts = 1> <Sync> <CReg>
ST_11 : Operation 151 [1/1] (0.88ns) (root node of TernaryAdder)   --->   "%add_ln209_13 = add i32 %add_ln209_12, %p_01439_0" [sha256d/sha256d.cpp:53]   --->   Operation 151 'add' 'add_ln209_13' <Predicate = (!icmp_ln887_1)> <Delay = 0.88> <Core = "TAddSub">   --->   Core 83 'TAddSub' <Latency = 0> <II = 1> <Delay = 0.44> <IPBlock> <Opcode : 'add' 'sub'> <InPorts = 3> <OutPorts = 1> <Sync> <CReg>
ST_11 : Operation 152 [1/1] (0.00ns) (grouped into LUT with out node ret_V_64)   --->   "%xor_ln1357_9 = xor i32 %rhs_V_34, %rhs_V_33" [sha256d/sha256d.cpp:54]   --->   Operation 152 'xor' 'xor_ln1357_9' <Predicate = (!icmp_ln887_1)> <Delay = 0.00> <Core = "LogicGate">   --->   Core 27 'LogicGate' <Latency = 0> <II = 1> <Delay = 0.40> <FuncUnit> <Opcode : 'and' 'or' 'xor'> <InPorts = 2> <OutPorts = 1>
ST_11 : Operation 153 [1/1] (0.00ns) (grouped into LUT with out node ret_V_64)   --->   "%ret_V_77 = and i32 %xor_ln1357_9, %lhs_V_20" [sha256d/sha256d.cpp:54]   --->   Operation 153 'and' 'ret_V_77' <Predicate = (!icmp_ln887_1)> <Delay = 0.00> <Core = "LogicGate">   --->   Core 27 'LogicGate' <Latency = 0> <II = 1> <Delay = 0.40> <FuncUnit> <Opcode : 'and' 'or' 'xor'> <InPorts = 2> <OutPorts = 1>
ST_11 : Operation 154 [1/1] (0.00ns) (grouped into LUT with out node ret_V_64)   --->   "%ret_V_78 = and i32 %rhs_V_34, %rhs_V_33" [sha256d/sha256d.cpp:54]   --->   Operation 154 'and' 'ret_V_78' <Predicate = (!icmp_ln887_1)> <Delay = 0.00> <Core = "LogicGate">   --->   Core 27 'LogicGate' <Latency = 0> <II = 1> <Delay = 0.40> <FuncUnit> <Opcode : 'and' 'or' 'xor'> <InPorts = 2> <OutPorts = 1>
ST_11 : Operation 155 [1/1] (0.40ns) (out node of the LUT)   --->   "%ret_V_64 = xor i32 %ret_V_77, %ret_V_78" [sha256d/sha256d.cpp:54]   --->   Operation 155 'xor' 'ret_V_64' <Predicate = (!icmp_ln887_1)> <Delay = 0.40> <Core = "LogicGate">   --->   Core 27 'LogicGate' <Latency = 0> <II = 1> <Delay = 0.40> <FuncUnit> <Opcode : 'and' 'or' 'xor'> <InPorts = 2> <OutPorts = 1>
ST_11 : Operation 156 [1/1] (1.20ns)   --->   "%add_ln700_3 = add i32 %a_V, %lhs_V_20" [sha256d/sha256d.cpp:65]   --->   Operation 156 'add' 'add_ln700_3' <Predicate = (icmp_ln887_1)> <Delay = 1.20> <Core = "AddSub">   --->   Core 14 'AddSub' <Latency = 0> <II = 1> <Delay = 1.20> <FuncUnit> <Opcode : 'add' 'sub'> <InPorts = 2> <OutPorts = 1>
ST_11 : Operation 157 [1/1] (0.79ns)   --->   "store i32 %add_ln700_3, i32* %state_V_addr, align 4" [sha256d/sha256d.cpp:65]   --->   Operation 157 'store' <Predicate = (icmp_ln887_1)> <Delay = 0.79> <Core = "RAM">   --->   Core 37 'RAM' <Latency = 1> <II = 1> <Delay = 0.79> <Storage> <Opcode : 'load' 'store'> <Ports = 2> <Width = 32> <Depth = 8> <RAM>
ST_11 : Operation 158 [1/1] (1.20ns)   --->   "%add_ln700_4 = add i32 %b_V, %rhs_V_33" [sha256d/sha256d.cpp:66]   --->   Operation 158 'add' 'add_ln700_4' <Predicate = (icmp_ln887_1)> <Delay = 1.20> <Core = "AddSub">   --->   Core 14 'AddSub' <Latency = 0> <II = 1> <Delay = 1.20> <FuncUnit> <Opcode : 'add' 'sub'> <InPorts = 2> <OutPorts = 1>
ST_11 : Operation 159 [1/1] (0.79ns)   --->   "store i32 %add_ln700_4, i32* %state_V_addr_8, align 4" [sha256d/sha256d.cpp:66]   --->   Operation 159 'store' <Predicate = (icmp_ln887_1)> <Delay = 0.79> <Core = "RAM">   --->   Core 37 'RAM' <Latency = 1> <II = 1> <Delay = 0.79> <Storage> <Opcode : 'load' 'store'> <Ports = 2> <Width = 32> <Depth = 8> <RAM>
ST_11 : Operation 160 [1/1] (1.20ns)   --->   "%add_ln700_5 = add i32 %c_V, %rhs_V_34" [sha256d/sha256d.cpp:67]   --->   Operation 160 'add' 'add_ln700_5' <Predicate = (icmp_ln887_1)> <Delay = 1.20> <Core = "AddSub">   --->   Core 14 'AddSub' <Latency = 0> <II = 1> <Delay = 1.20> <FuncUnit> <Opcode : 'add' 'sub'> <InPorts = 2> <OutPorts = 1>
ST_11 : Operation 161 [1/1] (1.20ns)   --->   "%add_ln700_7 = add i32 %e_V, %lhs_V" [sha256d/sha256d.cpp:69]   --->   Operation 161 'add' 'add_ln700_7' <Predicate = (icmp_ln887_1)> <Delay = 1.20> <Core = "AddSub">   --->   Core 14 'AddSub' <Latency = 0> <II = 1> <Delay = 1.20> <FuncUnit> <Opcode : 'add' 'sub'> <InPorts = 2> <OutPorts = 1>
ST_11 : Operation 162 [1/1] (1.20ns)   --->   "%add_ln700_8 = add i32 %f_V, %rhs_V" [sha256d/sha256d.cpp:70]   --->   Operation 162 'add' 'add_ln700_8' <Predicate = (icmp_ln887_1)> <Delay = 1.20> <Core = "AddSub">   --->   Core 14 'AddSub' <Latency = 0> <II = 1> <Delay = 1.20> <FuncUnit> <Opcode : 'add' 'sub'> <InPorts = 2> <OutPorts = 1>
ST_11 : Operation 163 [1/1] (1.20ns)   --->   "%add_ln700_9 = add i32 %g_V, %rhs_V_32" [sha256d/sha256d.cpp:71]   --->   Operation 163 'add' 'add_ln700_9' <Predicate = (icmp_ln887_1)> <Delay = 1.20> <Core = "AddSub">   --->   Core 14 'AddSub' <Latency = 0> <II = 1> <Delay = 1.20> <FuncUnit> <Opcode : 'add' 'sub'> <InPorts = 2> <OutPorts = 1>
ST_11 : Operation 164 [1/1] (1.20ns)   --->   "%add_ln700_10 = add i32 %h_V, %p_01439_0" [sha256d/sha256d.cpp:72]   --->   Operation 164 'add' 'add_ln700_10' <Predicate = (icmp_ln887_1)> <Delay = 1.20> <Core = "AddSub">   --->   Core 14 'AddSub' <Latency = 0> <II = 1> <Delay = 1.20> <FuncUnit> <Opcode : 'add' 'sub'> <InPorts = 2> <OutPorts = 1>

State 12 <SV = 8> <Delay = 3.44>
ST_12 : Operation 165 [1/2] (1.35ns)   --->   "%K_V_load = load i32* %K_V_addr, align 4" [sha256d/sha256d.cpp:53]   --->   Operation 165 'load' 'K_V_load' <Predicate = true> <Delay = 1.35> <Core = "ROM_nP">   --->   Core 52 'ROM_nP' <Latency = 1> <II = 1> <Delay = 1.35> <Storage> <Opcode : 'load'> <Ports = 0> <Width = 32> <Depth = 64> <ROM>
ST_12 : Operation 166 [1/2] (1.35ns)   --->   "%m_V_load_4 = load i32* %m_V_addr_6, align 4" [sha256d/sha256d.cpp:53]   --->   Operation 166 'load' 'm_V_load_4' <Predicate = true> <Delay = 1.35> <Core = "RAM">   --->   Core 37 'RAM' <Latency = 1> <II = 1> <Delay = 0.79> <Storage> <Opcode : 'load' 'store'> <Ports = 2> <Width = 32> <Depth = 8> <RAM>
ST_12 : Operation 167 [1/1] (0.00ns) (grouped into TernaryAdder)   --->   "%add_ln209_11 = add i32 %K_V_load, %m_V_load_4" [sha256d/sha256d.cpp:53]   --->   Operation 167 'add' 'add_ln209_11' <Predicate = true> <Delay = 0.00> <Core = "TAddSub">   --->   Core 83 'TAddSub' <Latency = 0> <II = 1> <Delay = 0.44> <IPBlock> <Opcode : 'add' 'sub'> <InPorts = 3> <OutPorts = 1> <Sync> <CReg>
ST_12 : Operation 168 [1/1] (0.88ns) (root node of TernaryAdder)   --->   "%t1_V = add i32 %add_ln209_13, %add_ln209_11" [sha256d/sha256d.cpp:53]   --->   Operation 168 'add' 't1_V' <Predicate = true> <Delay = 0.88> <Core = "TAddSub">   --->   Core 83 'TAddSub' <Latency = 0> <II = 1> <Delay = 0.44> <IPBlock> <Opcode : 'add' 'sub'> <InPorts = 3> <OutPorts = 1> <Sync> <CReg>
ST_12 : Operation 169 [1/1] (0.00ns) (grouped into LUT with out node ret_V_61)   --->   "%r_V_18 = call i30 @_ssdm_op_PartSelect.i30.i32.i32.i32(i32 %lhs_V_20, i32 2, i32 31)" [sha256d/sha256d.cpp:54]   --->   Operation 169 'partselect' 'r_V_18' <Predicate = true> <Delay = 0.00>
ST_12 : Operation 170 [1/1] (0.00ns) (grouped into LUT with out node ret_V_61)   --->   "%trunc_ln1503_16 = trunc i32 %lhs_V_20 to i2" [sha256d/sha256d.cpp:54]   --->   Operation 170 'trunc' 'trunc_ln1503_16' <Predicate = true> <Delay = 0.00>
ST_12 : Operation 171 [1/1] (0.00ns) (grouped into LUT with out node ret_V_61)   --->   "%ret_V_74 = call i32 @_ssdm_op_BitConcatenate.i32.i2.i30(i2 %trunc_ln1503_16, i30 %r_V_18)" [sha256d/sha256d.cpp:54]   --->   Operation 171 'bitconcatenate' 'ret_V_74' <Predicate = true> <Delay = 0.00>
ST_12 : Operation 172 [1/1] (0.00ns) (grouped into LUT with out node ret_V_61)   --->   "%r_V_19 = call i19 @_ssdm_op_PartSelect.i19.i32.i32.i32(i32 %lhs_V_20, i32 13, i32 31)" [sha256d/sha256d.cpp:54]   --->   Operation 172 'partselect' 'r_V_19' <Predicate = true> <Delay = 0.00>
ST_12 : Operation 173 [1/1] (0.00ns) (grouped into LUT with out node ret_V_61)   --->   "%trunc_ln1503_17 = trunc i32 %lhs_V_20 to i13" [sha256d/sha256d.cpp:54]   --->   Operation 173 'trunc' 'trunc_ln1503_17' <Predicate = true> <Delay = 0.00>
ST_12 : Operation 174 [1/1] (0.00ns) (grouped into LUT with out node ret_V_61)   --->   "%ret_V_75 = call i32 @_ssdm_op_BitConcatenate.i32.i13.i19(i13 %trunc_ln1503_17, i19 %r_V_19)" [sha256d/sha256d.cpp:54]   --->   Operation 174 'bitconcatenate' 'ret_V_75' <Predicate = true> <Delay = 0.00>
ST_12 : Operation 175 [1/1] (0.00ns) (grouped into LUT with out node ret_V_61)   --->   "%r_V_20 = call i10 @_ssdm_op_PartSelect.i10.i32.i32.i32(i32 %lhs_V_20, i32 22, i32 31)" [sha256d/sha256d.cpp:54]   --->   Operation 175 'partselect' 'r_V_20' <Predicate = true> <Delay = 0.00>
ST_12 : Operation 176 [1/1] (0.00ns) (grouped into LUT with out node ret_V_61)   --->   "%trunc_ln1503_18 = trunc i32 %lhs_V_20 to i22" [sha256d/sha256d.cpp:54]   --->   Operation 176 'trunc' 'trunc_ln1503_18' <Predicate = true> <Delay = 0.00>
ST_12 : Operation 177 [1/1] (0.00ns) (grouped into LUT with out node ret_V_61)   --->   "%ret_V_76 = call i32 @_ssdm_op_BitConcatenate.i32.i22.i10(i22 %trunc_ln1503_18, i10 %r_V_20)" [sha256d/sha256d.cpp:54]   --->   Operation 177 'bitconcatenate' 'ret_V_76' <Predicate = true> <Delay = 0.00>
ST_12 : Operation 178 [1/1] (0.00ns) (grouped into LUT with out node ret_V_61)   --->   "%xor_ln1357_17 = xor i32 %ret_V_74, %ret_V_75" [sha256d/sha256d.cpp:54]   --->   Operation 178 'xor' 'xor_ln1357_17' <Predicate = true> <Delay = 0.00> <Core = "LogicGate">   --->   Core 27 'LogicGate' <Latency = 0> <II = 1> <Delay = 0.40> <FuncUnit> <Opcode : 'and' 'or' 'xor'> <InPorts = 2> <OutPorts = 1>
ST_12 : Operation 179 [1/1] (0.40ns) (out node of the LUT)   --->   "%ret_V_61 = xor i32 %xor_ln1357_17, %ret_V_76" [sha256d/sha256d.cpp:54]   --->   Operation 179 'xor' 'ret_V_61' <Predicate = true> <Delay = 0.40> <Core = "LogicGate">   --->   Core 27 'LogicGate' <Latency = 0> <II = 1> <Delay = 0.40> <FuncUnit> <Opcode : 'and' 'or' 'xor'> <InPorts = 2> <OutPorts = 1>
ST_12 : Operation 180 [1/1] (1.20ns)   --->   "%e_V_2 = add i32 %t1_V, %p_01587_0" [sha256d/sha256d.cpp:58]   --->   Operation 180 'add' 'e_V_2' <Predicate = true> <Delay = 1.20> <Core = "AddSub">   --->   Core 14 'AddSub' <Latency = 0> <II = 1> <Delay = 1.20> <FuncUnit> <Opcode : 'add' 'sub'> <InPorts = 2> <OutPorts = 1>
ST_12 : Operation 181 [1/1] (0.00ns) (grouped into TernaryAdder)   --->   "%add_ln209_16 = add i32 %ret_V_61, %t1_V" [sha256d/sha256d.cpp:62]   --->   Operation 181 'add' 'add_ln209_16' <Predicate = true> <Delay = 0.00> <Core = "TAddSub">   --->   Core 83 'TAddSub' <Latency = 0> <II = 1> <Delay = 0.44> <IPBlock> <Opcode : 'add' 'sub'> <InPorts = 3> <OutPorts = 1> <Sync> <CReg>
ST_12 : Operation 182 [1/1] (0.88ns) (root node of TernaryAdder)   --->   "%a_V_2 = add i32 %add_ln209_16, %ret_V_64" [sha256d/sha256d.cpp:62]   --->   Operation 182 'add' 'a_V_2' <Predicate = true> <Delay = 0.88> <Core = "TAddSub">   --->   Core 83 'TAddSub' <Latency = 0> <II = 1> <Delay = 0.44> <IPBlock> <Opcode : 'add' 'sub'> <InPorts = 3> <OutPorts = 1> <Sync> <CReg>
ST_12 : Operation 183 [1/1] (0.00ns)   --->   "br label %1" [sha256d/sha256d.cpp:52]   --->   Operation 183 'br' <Predicate = true> <Delay = 0.00>

State 13 <SV = 8> <Delay = 1.99>
ST_13 : Operation 184 [1/1] (0.79ns)   --->   "store i32 %add_ln700_5, i32* %state_V_addr_9, align 4" [sha256d/sha256d.cpp:67]   --->   Operation 184 'store' <Predicate = true> <Delay = 0.79> <Core = "RAM">   --->   Core 37 'RAM' <Latency = 1> <II = 1> <Delay = 0.79> <Storage> <Opcode : 'load' 'store'> <Ports = 2> <Width = 32> <Depth = 8> <RAM>
ST_13 : Operation 185 [1/1] (1.20ns)   --->   "%add_ln700_6 = add i32 %d_V, %p_01587_0" [sha256d/sha256d.cpp:68]   --->   Operation 185 'add' 'add_ln700_6' <Predicate = true> <Delay = 1.20> <Core = "AddSub">   --->   Core 14 'AddSub' <Latency = 0> <II = 1> <Delay = 1.20> <FuncUnit> <Opcode : 'add' 'sub'> <InPorts = 2> <OutPorts = 1>
ST_13 : Operation 186 [1/1] (0.79ns)   --->   "store i32 %add_ln700_6, i32* %state_V_addr_10, align 4" [sha256d/sha256d.cpp:68]   --->   Operation 186 'store' <Predicate = true> <Delay = 0.79> <Core = "RAM">   --->   Core 37 'RAM' <Latency = 1> <II = 1> <Delay = 0.79> <Storage> <Opcode : 'load' 'store'> <Ports = 2> <Width = 32> <Depth = 8> <RAM>

State 14 <SV = 9> <Delay = 0.79>
ST_14 : Operation 187 [1/1] (0.79ns)   --->   "store i32 %add_ln700_7, i32* %state_V_addr_11, align 4" [sha256d/sha256d.cpp:69]   --->   Operation 187 'store' <Predicate = true> <Delay = 0.79> <Core = "RAM">   --->   Core 37 'RAM' <Latency = 1> <II = 1> <Delay = 0.79> <Storage> <Opcode : 'load' 'store'> <Ports = 2> <Width = 32> <Depth = 8> <RAM>
ST_14 : Operation 188 [1/1] (0.79ns)   --->   "store i32 %add_ln700_8, i32* %state_V_addr_12, align 4" [sha256d/sha256d.cpp:70]   --->   Operation 188 'store' <Predicate = true> <Delay = 0.79> <Core = "RAM">   --->   Core 37 'RAM' <Latency = 1> <II = 1> <Delay = 0.79> <Storage> <Opcode : 'load' 'store'> <Ports = 2> <Width = 32> <Depth = 8> <RAM>

State 15 <SV = 10> <Delay = 0.79>
ST_15 : Operation 189 [1/1] (0.79ns)   --->   "store i32 %add_ln700_9, i32* %state_V_addr_13, align 4" [sha256d/sha256d.cpp:71]   --->   Operation 189 'store' <Predicate = true> <Delay = 0.79> <Core = "RAM">   --->   Core 37 'RAM' <Latency = 1> <II = 1> <Delay = 0.79> <Storage> <Opcode : 'load' 'store'> <Ports = 2> <Width = 32> <Depth = 8> <RAM>
ST_15 : Operation 190 [1/1] (0.79ns)   --->   "store i32 %add_ln700_10, i32* %state_V_addr_14, align 4" [sha256d/sha256d.cpp:72]   --->   Operation 190 'store' <Predicate = true> <Delay = 0.79> <Core = "RAM">   --->   Core 37 'RAM' <Latency = 1> <II = 1> <Delay = 0.79> <Storage> <Opcode : 'load' 'store'> <Ports = 2> <Width = 32> <Depth = 8> <RAM>
ST_15 : Operation 191 [1/1] (0.00ns)   --->   "ret void" [sha256d/sha256d.cpp:73]   --->   Operation 191 'ret' <Predicate = true> <Delay = 0.00>


============================================================
+ Verbose Summary: Timing violations
============================================================
Target clock period: 10ns, clock uncertainty: 1.25ns.

 <State 1>: 0.755ns
The critical path consists of the following:
	multiplexor before 'phi' operation ('j.V') with incoming values : ('j.V', sha256d/sha256d.cpp:38) [11]  (0.755 ns)

 <State 2>: 1.35ns
The critical path consists of the following:
	'phi' operation ('j.V') with incoming values : ('j.V', sha256d/sha256d.cpp:38) [11]  (0 ns)
	'or' operation ('ret.V', sha256d/sha256d.cpp:39) [20]  (0 ns)
	'getelementptr' operation ('data_V_addr', sha256d/sha256d.cpp:39) [23]  (0 ns)
	'load' operation ('rhs.V', sha256d/sha256d.cpp:39) on array 'data_V' [24]  (1.35 ns)

 <State 3>: 2.7ns
The critical path consists of the following:
	'load' operation ('rhs.V', sha256d/sha256d.cpp:39) on array 'data_V' [24]  (1.35 ns)
	'store' operation ('store_ln39', sha256d/sha256d.cpp:39) of variable 'zext_ln209', sha256d/sha256d.cpp:39 on array 'm.V', sha256d/sha256d.cpp:36 [27]  (1.35 ns)

 <State 4>: 2.24ns
The critical path consists of the following:
	'phi' operation ('i.V') with incoming values : ('i.V', sha256d/sha256d.cpp:40) [33]  (0 ns)
	'add' operation ('ret.V', sha256d/sha256d.cpp:41) [40]  (0.887 ns)
	'getelementptr' operation ('m_V_addr_1', sha256d/sha256d.cpp:41) [42]  (0 ns)
	'load' operation ('m_V_load', sha256d/sha256d.cpp:41) on array 'm.V', sha256d/sha256d.cpp:36 [43]  (1.35 ns)

 <State 5>: 2.24ns
The critical path consists of the following:
	'add' operation ('ret.V', sha256d/sha256d.cpp:41) [58]  (0.887 ns)
	'getelementptr' operation ('m_V_addr_3', sha256d/sha256d.cpp:41) [60]  (0 ns)
	'load' operation ('m_V_load_2', sha256d/sha256d.cpp:41) on array 'm.V', sha256d/sha256d.cpp:36 [61]  (1.35 ns)

 <State 6>: 4.8ns
The critical path consists of the following:
	'load' operation ('m_V_load_2', sha256d/sha256d.cpp:41) on array 'm.V', sha256d/sha256d.cpp:36 [61]  (1.35 ns)
	'xor' operation ('ret.V', sha256d/sha256d.cpp:41) [71]  (0 ns)
	'add' operation ('add_ln209_10', sha256d/sha256d.cpp:41) [77]  (1.2 ns)
	'add' operation ('add_ln209_2', sha256d/sha256d.cpp:41) [78]  (0.889 ns)
	'store' operation ('store_ln41', sha256d/sha256d.cpp:41) of variable 'add_ln209_2', sha256d/sha256d.cpp:41 on array 'm.V', sha256d/sha256d.cpp:36 [80]  (1.35 ns)

 <State 7>: 0.79ns
The critical path consists of the following:
	'load' operation ('a.V', sha256d/sha256d.cpp:43) on array 'state_V' [84]  (0.79 ns)

 <State 8>: 0.79ns
The critical path consists of the following:
	'load' operation ('c.V', sha256d/sha256d.cpp:45) on array 'state_V' [88]  (0.79 ns)

 <State 9>: 0.79ns
The critical path consists of the following:
	'load' operation ('e.V', sha256d/sha256d.cpp:47) on array 'state_V' [92]  (0.79 ns)

 <State 10>: 0.79ns
The critical path consists of the following:
	'load' operation ('g.V', sha256d/sha256d.cpp:49) on array 'state_V' [96]  (0.79 ns)

 <State 11>: 1.99ns
The critical path consists of the following:
	'phi' operation ('a.V') with incoming values : ('a.V', sha256d/sha256d.cpp:43) ('a.V', sha256d/sha256d.cpp:62) [102]  (0 ns)
	'add' operation ('add_ln700_3', sha256d/sha256d.cpp:65) [159]  (1.2 ns)
	'store' operation ('store_ln65', sha256d/sha256d.cpp:65) of variable 'add_ln700_3', sha256d/sha256d.cpp:65 on array 'state_V' [160]  (0.79 ns)

 <State 12>: 3.44ns
The critical path consists of the following:
	'load' operation ('K_V_load', sha256d/sha256d.cpp:53) on array 'K_V' [132]  (1.35 ns)
	'add' operation ('add_ln209_11', sha256d/sha256d.cpp:53) [135]  (0 ns)
	'add' operation ('t1.V', sha256d/sha256d.cpp:53) [138]  (0.889 ns)
	'add' operation ('e.V', sha256d/sha256d.cpp:58) [154]  (1.2 ns)

 <State 13>: 1.99ns
The critical path consists of the following:
	'add' operation ('add_ln700_6', sha256d/sha256d.cpp:68) [165]  (1.2 ns)
	'store' operation ('store_ln68', sha256d/sha256d.cpp:68) of variable 'add_ln700_6', sha256d/sha256d.cpp:68 on array 'state_V' [166]  (0.79 ns)

 <State 14>: 0.79ns
The critical path consists of the following:
	'store' operation ('store_ln69', sha256d/sha256d.cpp:69) of variable 'add_ln700_7', sha256d/sha256d.cpp:69 on array 'state_V' [168]  (0.79 ns)

 <State 15>: 0.79ns
The critical path consists of the following:
	'store' operation ('store_ln71', sha256d/sha256d.cpp:71) of variable 'add_ln700_9', sha256d/sha256d.cpp:71 on array 'state_V' [172]  (0.79 ns)


============================================================
+ Verbose Summary: Binding
============================================================
N/A
* FSMD analyzer results:
  - Output states:
 - Input state : 
  - Chain level:
	State 1
	State 2
	State 3
	State 4
	State 5
	State 6
	State 7
	State 8
	State 9
	State 10
	State 11
	State 12
	State 13
	State 14
	State 15


============================================================
+ Verbose Summary: Datapath Resource usage 
============================================================
N/A
