

================================================================
== Vivado HLS Report for 'sha256d'
================================================================
* Date:           Sat Jul 27 14:17:03 2024

* Version:        2020.1 (Build 2897737 on Wed May 27 20:21:37 MDT 2020)
* Project:        sha256d
* Solution:       solution1
* Product family: zynquplus
* Target device:  xqzu5ev-ffrb900-1-i


================================================================
== Performance Estimates
================================================================
+ Timing: 
    * Summary: 
    +--------+----------+----------+------------+
    |  Clock |  Target  | Estimated| Uncertainty|
    +--------+----------+----------+------------+
    |ap_clk  | 10.00 ns | 4.796 ns |   1.25 ns  |
    +--------+----------+----------+------------+

+ Latency: 
    * Summary: 
    +---------+---------+-----------+-----------+------+------+---------+
    |  Latency (cycles) |   Latency (absolute)  |   Interval  | Pipeline|
    |   min   |   max   |    min    |    max    |  min |  max |   Type  |
    +---------+---------+-----------+-----------+------+------+---------+
    |     1698|     1698| 16.980 us | 16.980 us |  1698|  1698|   none  |
    +---------+---------+-----------+-----------+------+------+---------+

    + Detail: 
        * Instance: 
        +-------------------------------+--------------------+---------+---------+----------+----------+-----+-----+---------+
        |                               |                    |  Latency (cycles) |  Latency (absolute) |  Interval | Pipeline|
        |            Instance           |       Module       |   min   |   max   |    min   |    max   | min | max |   Type  |
        +-------------------------------+--------------------+---------+---------+----------+----------+-----+-----+---------+
        |grp_sha256_transform_fu_313    |sha256_transform    |      314|      314| 3.140 us | 3.140 us |  314|  314|   none  |
        |grp_sha256_transform_1_fu_324  |sha256_transform_1  |      314|      314| 3.140 us | 3.140 us |  314|  314|   none  |
        |grp_sha256_prepare_1_fu_332    |sha256_prepare_1    |      476|      476| 4.760 us | 4.760 us |  476|  476|   none  |
        |grp_sha256_prepare_2_fu_339    |sha256_prepare_2    |      234|      234| 2.340 us | 2.340 us |  234|  234|   none  |
        +-------------------------------+--------------------+---------+---------+----------+----------+-----+-----+---------+

        * Loop: 
        +----------+---------+---------+----------+-----------+-----------+------+----------+
        |          |  Latency (cycles) | Iteration|  Initiation Interval  | Trip |          |
        | Loop Name|   min   |   max   |  Latency |  achieved |   target  | Count| Pipelined|
        +----------+---------+---------+----------+-----------+-----------+------+----------+
        |- Loop 1  |       16|       16|         2|          -|          -|     8|    no    |
        |- Loop 2  |       16|       16|         2|          -|          -|     8|    no    |
        +----------+---------+---------+----------+-----------+-----------+------+----------+

============================================================
+ Verbose Summary: Synthesis Manager
============================================================
InlineROM: 1
ExposeGlobal: 0
============================================================
+ Verbose Summary: CDFG Model
============================================================
IsTopModel: 1
ResetActiveHigh: 1
IsCombinational: 0
IsDatapathOnly: 0
HasWiredReturn: 1
HasMFsm: 0
HasVarLatency: 1
IsPipeline: 0
IsRtlPipelined: 0
IsInstanceOverlapped: 0
IsDontTouch: 0
HasImplIP: 0
IsGatedGlobalClock: 0


============================================================
+ Verbose Summary: Schedule
============================================================
* Number of FSM states : 17
* Pipeline : 0
* Dataflow Pipeline: 0

* FSM state transitions: 
1 --> 2 
2 --> 3 
3 --> 4 
4 --> 5 
5 --> 6 
6 --> 7 
7 --> 8 
8 --> 9 
9 --> 10 11 
10 --> 9 
11 --> 12 
12 --> 13 
13 --> 14 
14 --> 15 
15 --> 16 
16 --> 17 
17 --> 16 

* FSM state operations: 

State 1 <SV = 0> <Delay = 1.58>
ST_1 : Operation 18 [1/1] (0.79ns)   --->   "%hash1_V_2 = alloca [8 x i32], align 4" [sha256d/sha256d.cpp:156->sha256d/sha256d.cpp:170]   --->   Operation 18 'alloca' 'hash1_V_2' <Predicate = true> <Delay = 0.79> <Core = "RAM">   --->   Core 37 'RAM' <Latency = 1> <II = 1> <Delay = 0.79> <Storage> <Opcode : 'load' 'store'> <Ports = 2> <Width = 32> <Depth = 8> <RAM>
ST_1 : Operation 19 [1/1] (0.79ns)   --->   "%data_V_1 = alloca [64 x i8], align 1" [sha256d/sha256d.cpp:158->sha256d/sha256d.cpp:170]   --->   Operation 19 'alloca' 'data_V_1' <Predicate = true> <Delay = 0.79>
ST_1 : Operation 20 [1/1] (0.79ns)   --->   "%hash1_V_1 = alloca [8 x i32], align 4" [sha256d/sha256d.cpp:118->sha256d/sha256d.cpp:169]   --->   Operation 20 'alloca' 'hash1_V_1' <Predicate = true> <Delay = 0.79> <Core = "RAM">   --->   Core 37 'RAM' <Latency = 1> <II = 1> <Delay = 0.79> <Storage> <Opcode : 'load' 'store'> <Ports = 2> <Width = 32> <Depth = 8> <RAM>
ST_1 : Operation 21 [1/1] (1.35ns)   --->   "%data_V = alloca [128 x i8], align 1" [sha256d/sha256d.cpp:120->sha256d/sha256d.cpp:169]   --->   Operation 21 'alloca' 'data_V' <Predicate = true> <Delay = 1.35>
ST_1 : Operation 22 [1/1] (0.79ns)   --->   "%hash1_V = alloca [8 x i32], align 4" [sha256d/sha256d.cpp:168]   --->   Operation 22 'alloca' 'hash1_V' <Predicate = true> <Delay = 0.79> <Core = "RAM">   --->   Core 37 'RAM' <Latency = 1> <II = 1> <Delay = 0.79> <Storage> <Opcode : 'load' 'store'> <Ports = 2> <Width = 32> <Depth = 8> <RAM>
ST_1 : Operation 23 [1/1] (0.00ns)   --->   "%hash1_V_1_addr = getelementptr [8 x i32]* %hash1_V_1, i64 0, i64 0" [sha256d/sha256d.cpp:76->sha256d/sha256d.cpp:119->sha256d/sha256d.cpp:169]   --->   Operation 23 'getelementptr' 'hash1_V_1_addr' <Predicate = true> <Delay = 0.00>
ST_1 : Operation 24 [1/1] (0.79ns)   --->   "store i32 1779033703, i32* %hash1_V_1_addr, align 4" [sha256d/sha256d.cpp:77->sha256d/sha256d.cpp:119->sha256d/sha256d.cpp:169]   --->   Operation 24 'store' <Predicate = true> <Delay = 0.79> <Core = "RAM">   --->   Core 37 'RAM' <Latency = 1> <II = 1> <Delay = 0.79> <Storage> <Opcode : 'load' 'store'> <Ports = 2> <Width = 32> <Depth = 8> <RAM>
ST_1 : Operation 25 [1/1] (0.00ns)   --->   "%hash1_V_1_addr_1 = getelementptr [8 x i32]* %hash1_V_1, i64 0, i64 1" [sha256d/sha256d.cpp:78->sha256d/sha256d.cpp:119->sha256d/sha256d.cpp:169]   --->   Operation 25 'getelementptr' 'hash1_V_1_addr_1' <Predicate = true> <Delay = 0.00>
ST_1 : Operation 26 [1/1] (0.79ns)   --->   "store i32 -1150833019, i32* %hash1_V_1_addr_1, align 4" [sha256d/sha256d.cpp:78->sha256d/sha256d.cpp:119->sha256d/sha256d.cpp:169]   --->   Operation 26 'store' <Predicate = true> <Delay = 0.79> <Core = "RAM">   --->   Core 37 'RAM' <Latency = 1> <II = 1> <Delay = 0.79> <Storage> <Opcode : 'load' 'store'> <Ports = 2> <Width = 32> <Depth = 8> <RAM>

State 2 <SV = 1> <Delay = 0.79>
ST_2 : Operation 27 [1/1] (0.00ns)   --->   "%hash1_V_1_addr_2 = getelementptr [8 x i32]* %hash1_V_1, i64 0, i64 2" [sha256d/sha256d.cpp:79->sha256d/sha256d.cpp:119->sha256d/sha256d.cpp:169]   --->   Operation 27 'getelementptr' 'hash1_V_1_addr_2' <Predicate = true> <Delay = 0.00>
ST_2 : Operation 28 [1/1] (0.79ns)   --->   "store i32 1013904242, i32* %hash1_V_1_addr_2, align 4" [sha256d/sha256d.cpp:79->sha256d/sha256d.cpp:119->sha256d/sha256d.cpp:169]   --->   Operation 28 'store' <Predicate = true> <Delay = 0.79> <Core = "RAM">   --->   Core 37 'RAM' <Latency = 1> <II = 1> <Delay = 0.79> <Storage> <Opcode : 'load' 'store'> <Ports = 2> <Width = 32> <Depth = 8> <RAM>
ST_2 : Operation 29 [1/1] (0.00ns)   --->   "%hash1_V_1_addr_3 = getelementptr [8 x i32]* %hash1_V_1, i64 0, i64 3" [sha256d/sha256d.cpp:80->sha256d/sha256d.cpp:119->sha256d/sha256d.cpp:169]   --->   Operation 29 'getelementptr' 'hash1_V_1_addr_3' <Predicate = true> <Delay = 0.00>
ST_2 : Operation 30 [1/1] (0.79ns)   --->   "store i32 -1521486534, i32* %hash1_V_1_addr_3, align 4" [sha256d/sha256d.cpp:80->sha256d/sha256d.cpp:119->sha256d/sha256d.cpp:169]   --->   Operation 30 'store' <Predicate = true> <Delay = 0.79> <Core = "RAM">   --->   Core 37 'RAM' <Latency = 1> <II = 1> <Delay = 0.79> <Storage> <Opcode : 'load' 'store'> <Ports = 2> <Width = 32> <Depth = 8> <RAM>

State 3 <SV = 2> <Delay = 0.79>
ST_3 : Operation 31 [1/1] (0.00ns)   --->   "%hash1_V_1_addr_4 = getelementptr [8 x i32]* %hash1_V_1, i64 0, i64 4" [sha256d/sha256d.cpp:81->sha256d/sha256d.cpp:119->sha256d/sha256d.cpp:169]   --->   Operation 31 'getelementptr' 'hash1_V_1_addr_4' <Predicate = true> <Delay = 0.00>
ST_3 : Operation 32 [1/1] (0.79ns)   --->   "store i32 1359893119, i32* %hash1_V_1_addr_4, align 4" [sha256d/sha256d.cpp:81->sha256d/sha256d.cpp:119->sha256d/sha256d.cpp:169]   --->   Operation 32 'store' <Predicate = true> <Delay = 0.79> <Core = "RAM">   --->   Core 37 'RAM' <Latency = 1> <II = 1> <Delay = 0.79> <Storage> <Opcode : 'load' 'store'> <Ports = 2> <Width = 32> <Depth = 8> <RAM>
ST_3 : Operation 33 [1/1] (0.00ns)   --->   "%hash1_V_1_addr_5 = getelementptr [8 x i32]* %hash1_V_1, i64 0, i64 5" [sha256d/sha256d.cpp:82->sha256d/sha256d.cpp:119->sha256d/sha256d.cpp:169]   --->   Operation 33 'getelementptr' 'hash1_V_1_addr_5' <Predicate = true> <Delay = 0.00>
ST_3 : Operation 34 [1/1] (0.79ns)   --->   "store i32 -1694144372, i32* %hash1_V_1_addr_5, align 4" [sha256d/sha256d.cpp:82->sha256d/sha256d.cpp:119->sha256d/sha256d.cpp:169]   --->   Operation 34 'store' <Predicate = true> <Delay = 0.79> <Core = "RAM">   --->   Core 37 'RAM' <Latency = 1> <II = 1> <Delay = 0.79> <Storage> <Opcode : 'load' 'store'> <Ports = 2> <Width = 32> <Depth = 8> <RAM>
ST_3 : Operation 35 [2/2] (0.00ns)   --->   "call fastcc void @sha256_prepare_1([80 x i8]* %input_V, [128 x i8]* %data_V)" [sha256d/sha256d.cpp:121->sha256d/sha256d.cpp:169]   --->   Operation 35 'call' <Predicate = true> <Delay = 0.00> <CoreType = "Generic">   --->   Core 0 '' <Latency = 0> <II = 1> <Delay = 1.00> <Generic> <Opcode : >

State 4 <SV = 3> <Delay = 0.79>
ST_4 : Operation 36 [1/1] (0.00ns)   --->   "%hash1_V_1_addr_6 = getelementptr [8 x i32]* %hash1_V_1, i64 0, i64 6" [sha256d/sha256d.cpp:83->sha256d/sha256d.cpp:119->sha256d/sha256d.cpp:169]   --->   Operation 36 'getelementptr' 'hash1_V_1_addr_6' <Predicate = true> <Delay = 0.00>
ST_4 : Operation 37 [1/1] (0.79ns)   --->   "store i32 528734635, i32* %hash1_V_1_addr_6, align 4" [sha256d/sha256d.cpp:83->sha256d/sha256d.cpp:119->sha256d/sha256d.cpp:169]   --->   Operation 37 'store' <Predicate = true> <Delay = 0.79> <Core = "RAM">   --->   Core 37 'RAM' <Latency = 1> <II = 1> <Delay = 0.79> <Storage> <Opcode : 'load' 'store'> <Ports = 2> <Width = 32> <Depth = 8> <RAM>
ST_4 : Operation 38 [1/1] (0.00ns)   --->   "%hash1_V_1_addr_7 = getelementptr [8 x i32]* %hash1_V_1, i64 0, i64 7" [sha256d/sha256d.cpp:84->sha256d/sha256d.cpp:119->sha256d/sha256d.cpp:169]   --->   Operation 38 'getelementptr' 'hash1_V_1_addr_7' <Predicate = true> <Delay = 0.00>
ST_4 : Operation 39 [1/1] (0.79ns)   --->   "store i32 1541459225, i32* %hash1_V_1_addr_7, align 4" [sha256d/sha256d.cpp:84->sha256d/sha256d.cpp:119->sha256d/sha256d.cpp:169]   --->   Operation 39 'store' <Predicate = true> <Delay = 0.79> <Core = "RAM">   --->   Core 37 'RAM' <Latency = 1> <II = 1> <Delay = 0.79> <Storage> <Opcode : 'load' 'store'> <Ports = 2> <Width = 32> <Depth = 8> <RAM>
ST_4 : Operation 40 [1/2] (0.00ns)   --->   "call fastcc void @sha256_prepare_1([80 x i8]* %input_V, [128 x i8]* %data_V)" [sha256d/sha256d.cpp:121->sha256d/sha256d.cpp:169]   --->   Operation 40 'call' <Predicate = true> <Delay = 0.00> <CoreType = "Generic">   --->   Core 0 '' <Latency = 0> <II = 1> <Delay = 1.00> <Generic> <Opcode : >

State 5 <SV = 4> <Delay = 0.75>
ST_5 : Operation 41 [2/2] (0.75ns)   --->   "call fastcc void @sha256_transform([8 x i32]* %hash1_V_1, [128 x i8]* %data_V, i1 false)" [sha256d/sha256d.cpp:122->sha256d/sha256d.cpp:169]   --->   Operation 41 'call' <Predicate = true> <Delay = 0.75> <CoreType = "Generic">   --->   Core 0 '' <Latency = 0> <II = 1> <Delay = 1.00> <Generic> <Opcode : >

State 6 <SV = 5> <Delay = 0.00>
ST_6 : Operation 42 [1/2] (0.00ns)   --->   "call fastcc void @sha256_transform([8 x i32]* %hash1_V_1, [128 x i8]* %data_V, i1 false)" [sha256d/sha256d.cpp:122->sha256d/sha256d.cpp:169]   --->   Operation 42 'call' <Predicate = true> <Delay = 0.00> <CoreType = "Generic">   --->   Core 0 '' <Latency = 0> <II = 1> <Delay = 1.00> <Generic> <Opcode : >

State 7 <SV = 6> <Delay = 0.75>
ST_7 : Operation 43 [2/2] (0.75ns)   --->   "call fastcc void @sha256_transform([8 x i32]* %hash1_V_1, [128 x i8]* %data_V, i1 true)" [sha256d/sha256d.cpp:123->sha256d/sha256d.cpp:169]   --->   Operation 43 'call' <Predicate = true> <Delay = 0.75> <CoreType = "Generic">   --->   Core 0 '' <Latency = 0> <II = 1> <Delay = 1.00> <Generic> <Opcode : >

State 8 <SV = 7> <Delay = 0.75>
ST_8 : Operation 44 [1/1] (0.00ns)   --->   "call void (...)* @_ssdm_op_SpecBitsMap([80 x i8]* %input_V), !map !121"   --->   Operation 44 'specbitsmap' <Predicate = true> <Delay = 0.00>
ST_8 : Operation 45 [1/1] (0.00ns)   --->   "call void (...)* @_ssdm_op_SpecBitsMap([8 x i32]* %output_V), !map !127"   --->   Operation 45 'specbitsmap' <Predicate = true> <Delay = 0.00>
ST_8 : Operation 46 [1/1] (0.00ns)   --->   "call void (...)* @_ssdm_op_SpecTopModule([8 x i8]* @sha256d_str) nounwind"   --->   Operation 46 'spectopmodule' <Predicate = true> <Delay = 0.00>
ST_8 : Operation 47 [1/2] (0.00ns)   --->   "call fastcc void @sha256_transform([8 x i32]* %hash1_V_1, [128 x i8]* %data_V, i1 true)" [sha256d/sha256d.cpp:123->sha256d/sha256d.cpp:169]   --->   Operation 47 'call' <Predicate = true> <Delay = 0.00> <CoreType = "Generic">   --->   Core 0 '' <Latency = 0> <II = 1> <Delay = 1.00> <Generic> <Opcode : >
ST_8 : Operation 48 [1/1] (0.75ns)   --->   "br label %1" [sha256d/sha256d.cpp:125->sha256d/sha256d.cpp:169]   --->   Operation 48 'br' <Predicate = true> <Delay = 0.75>

State 9 <SV = 8> <Delay = 0.88>
ST_9 : Operation 49 [1/1] (0.00ns)   --->   "%i_0_i = phi i4 [ 0, %0 ], [ %i, %2 ]"   --->   Operation 49 'phi' 'i_0_i' <Predicate = true> <Delay = 0.00>
ST_9 : Operation 50 [1/1] (0.88ns)   --->   "%icmp_ln125 = icmp eq i4 %i_0_i, -8" [sha256d/sha256d.cpp:125->sha256d/sha256d.cpp:169]   --->   Operation 50 'icmp' 'icmp_ln125' <Predicate = true> <Delay = 0.88> <Core = "Cmp">   --->   Core 25 'Cmp' <Latency = 0> <II = 1> <Delay = 0.88> <FuncUnit> <Opcode : 'icmp'> <InPorts = 2> <OutPorts = 1>
ST_9 : Operation 51 [1/1] (0.00ns)   --->   "%empty = call i32 (...)* @_ssdm_op_SpecLoopTripCount(i64 8, i64 8, i64 8)"   --->   Operation 51 'speclooptripcount' 'empty' <Predicate = true> <Delay = 0.00>
ST_9 : Operation 52 [1/1] (0.86ns)   --->   "%i = add i4 %i_0_i, 1" [sha256d/sha256d.cpp:125->sha256d/sha256d.cpp:169]   --->   Operation 52 'add' 'i' <Predicate = true> <Delay = 0.86> <Core = "AddSub">   --->   Core 14 'AddSub' <Latency = 0> <II = 1> <Delay = 0.86> <FuncUnit> <Opcode : 'add' 'sub'> <InPorts = 2> <OutPorts = 1>
ST_9 : Operation 53 [1/1] (0.00ns)   --->   "br i1 %icmp_ln125, label %sha256_1.exit, label %2" [sha256d/sha256d.cpp:125->sha256d/sha256d.cpp:169]   --->   Operation 53 'br' <Predicate = true> <Delay = 0.00>
ST_9 : Operation 54 [1/1] (0.00ns)   --->   "%zext_ln126 = zext i4 %i_0_i to i64" [sha256d/sha256d.cpp:126->sha256d/sha256d.cpp:169]   --->   Operation 54 'zext' 'zext_ln126' <Predicate = (!icmp_ln125)> <Delay = 0.00>
ST_9 : Operation 55 [1/1] (0.00ns)   --->   "%hash1_V_1_addr_8 = getelementptr [8 x i32]* %hash1_V_1, i64 0, i64 %zext_ln126" [sha256d/sha256d.cpp:126->sha256d/sha256d.cpp:169]   --->   Operation 55 'getelementptr' 'hash1_V_1_addr_8' <Predicate = (!icmp_ln125)> <Delay = 0.00>
ST_9 : Operation 56 [2/2] (0.79ns)   --->   "%hash1_V_1_load = load i32* %hash1_V_1_addr_8, align 4" [sha256d/sha256d.cpp:126->sha256d/sha256d.cpp:169]   --->   Operation 56 'load' 'hash1_V_1_load' <Predicate = (!icmp_ln125)> <Delay = 0.79> <Core = "RAM">   --->   Core 37 'RAM' <Latency = 1> <II = 1> <Delay = 0.79> <Storage> <Opcode : 'load' 'store'> <Ports = 2> <Width = 32> <Depth = 8> <RAM>
ST_9 : Operation 57 [1/1] (0.00ns)   --->   "%hash1_V_2_addr = getelementptr [8 x i32]* %hash1_V_2, i64 0, i64 0" [sha256d/sha256d.cpp:76->sha256d/sha256d.cpp:157->sha256d/sha256d.cpp:170]   --->   Operation 57 'getelementptr' 'hash1_V_2_addr' <Predicate = (icmp_ln125)> <Delay = 0.00>
ST_9 : Operation 58 [1/1] (0.79ns)   --->   "store i32 1779033703, i32* %hash1_V_2_addr, align 4" [sha256d/sha256d.cpp:77->sha256d/sha256d.cpp:157->sha256d/sha256d.cpp:170]   --->   Operation 58 'store' <Predicate = (icmp_ln125)> <Delay = 0.79> <Core = "RAM">   --->   Core 37 'RAM' <Latency = 1> <II = 1> <Delay = 0.79> <Storage> <Opcode : 'load' 'store'> <Ports = 2> <Width = 32> <Depth = 8> <RAM>
ST_9 : Operation 59 [1/1] (0.00ns)   --->   "%hash1_V_2_addr_1 = getelementptr [8 x i32]* %hash1_V_2, i64 0, i64 1" [sha256d/sha256d.cpp:78->sha256d/sha256d.cpp:157->sha256d/sha256d.cpp:170]   --->   Operation 59 'getelementptr' 'hash1_V_2_addr_1' <Predicate = (icmp_ln125)> <Delay = 0.00>
ST_9 : Operation 60 [1/1] (0.79ns)   --->   "store i32 -1150833019, i32* %hash1_V_2_addr_1, align 4" [sha256d/sha256d.cpp:78->sha256d/sha256d.cpp:157->sha256d/sha256d.cpp:170]   --->   Operation 60 'store' <Predicate = (icmp_ln125)> <Delay = 0.79> <Core = "RAM">   --->   Core 37 'RAM' <Latency = 1> <II = 1> <Delay = 0.79> <Storage> <Opcode : 'load' 'store'> <Ports = 2> <Width = 32> <Depth = 8> <RAM>

State 10 <SV = 9> <Delay = 1.58>
ST_10 : Operation 61 [1/2] (0.79ns)   --->   "%hash1_V_1_load = load i32* %hash1_V_1_addr_8, align 4" [sha256d/sha256d.cpp:126->sha256d/sha256d.cpp:169]   --->   Operation 61 'load' 'hash1_V_1_load' <Predicate = true> <Delay = 0.79> <Core = "RAM">   --->   Core 37 'RAM' <Latency = 1> <II = 1> <Delay = 0.79> <Storage> <Opcode : 'load' 'store'> <Ports = 2> <Width = 32> <Depth = 8> <RAM>
ST_10 : Operation 62 [1/1] (0.00ns)   --->   "%hash1_V_addr = getelementptr [8 x i32]* %hash1_V, i64 0, i64 %zext_ln126" [sha256d/sha256d.cpp:126->sha256d/sha256d.cpp:169]   --->   Operation 62 'getelementptr' 'hash1_V_addr' <Predicate = true> <Delay = 0.00>
ST_10 : Operation 63 [1/1] (0.79ns)   --->   "store i32 %hash1_V_1_load, i32* %hash1_V_addr, align 4" [sha256d/sha256d.cpp:126->sha256d/sha256d.cpp:169]   --->   Operation 63 'store' <Predicate = true> <Delay = 0.79> <Core = "RAM">   --->   Core 37 'RAM' <Latency = 1> <II = 1> <Delay = 0.79> <Storage> <Opcode : 'load' 'store'> <Ports = 2> <Width = 32> <Depth = 8> <RAM>
ST_10 : Operation 64 [1/1] (0.00ns)   --->   "br label %1" [sha256d/sha256d.cpp:125->sha256d/sha256d.cpp:169]   --->   Operation 64 'br' <Predicate = true> <Delay = 0.00>

State 11 <SV = 9> <Delay = 0.79>
ST_11 : Operation 65 [1/1] (0.00ns)   --->   "%hash1_V_2_addr_2 = getelementptr [8 x i32]* %hash1_V_2, i64 0, i64 2" [sha256d/sha256d.cpp:79->sha256d/sha256d.cpp:157->sha256d/sha256d.cpp:170]   --->   Operation 65 'getelementptr' 'hash1_V_2_addr_2' <Predicate = true> <Delay = 0.00>
ST_11 : Operation 66 [1/1] (0.79ns)   --->   "store i32 1013904242, i32* %hash1_V_2_addr_2, align 4" [sha256d/sha256d.cpp:79->sha256d/sha256d.cpp:157->sha256d/sha256d.cpp:170]   --->   Operation 66 'store' <Predicate = true> <Delay = 0.79> <Core = "RAM">   --->   Core 37 'RAM' <Latency = 1> <II = 1> <Delay = 0.79> <Storage> <Opcode : 'load' 'store'> <Ports = 2> <Width = 32> <Depth = 8> <RAM>
ST_11 : Operation 67 [1/1] (0.00ns)   --->   "%hash1_V_2_addr_3 = getelementptr [8 x i32]* %hash1_V_2, i64 0, i64 3" [sha256d/sha256d.cpp:80->sha256d/sha256d.cpp:157->sha256d/sha256d.cpp:170]   --->   Operation 67 'getelementptr' 'hash1_V_2_addr_3' <Predicate = true> <Delay = 0.00>
ST_11 : Operation 68 [1/1] (0.79ns)   --->   "store i32 -1521486534, i32* %hash1_V_2_addr_3, align 4" [sha256d/sha256d.cpp:80->sha256d/sha256d.cpp:157->sha256d/sha256d.cpp:170]   --->   Operation 68 'store' <Predicate = true> <Delay = 0.79> <Core = "RAM">   --->   Core 37 'RAM' <Latency = 1> <II = 1> <Delay = 0.79> <Storage> <Opcode : 'load' 'store'> <Ports = 2> <Width = 32> <Depth = 8> <RAM>

State 12 <SV = 10> <Delay = 0.79>
ST_12 : Operation 69 [1/1] (0.00ns)   --->   "%hash1_V_2_addr_4 = getelementptr [8 x i32]* %hash1_V_2, i64 0, i64 4" [sha256d/sha256d.cpp:81->sha256d/sha256d.cpp:157->sha256d/sha256d.cpp:170]   --->   Operation 69 'getelementptr' 'hash1_V_2_addr_4' <Predicate = true> <Delay = 0.00>
ST_12 : Operation 70 [1/1] (0.79ns)   --->   "store i32 1359893119, i32* %hash1_V_2_addr_4, align 4" [sha256d/sha256d.cpp:81->sha256d/sha256d.cpp:157->sha256d/sha256d.cpp:170]   --->   Operation 70 'store' <Predicate = true> <Delay = 0.79> <Core = "RAM">   --->   Core 37 'RAM' <Latency = 1> <II = 1> <Delay = 0.79> <Storage> <Opcode : 'load' 'store'> <Ports = 2> <Width = 32> <Depth = 8> <RAM>
ST_12 : Operation 71 [1/1] (0.00ns)   --->   "%hash1_V_2_addr_5 = getelementptr [8 x i32]* %hash1_V_2, i64 0, i64 5" [sha256d/sha256d.cpp:82->sha256d/sha256d.cpp:157->sha256d/sha256d.cpp:170]   --->   Operation 71 'getelementptr' 'hash1_V_2_addr_5' <Predicate = true> <Delay = 0.00>
ST_12 : Operation 72 [1/1] (0.79ns)   --->   "store i32 -1694144372, i32* %hash1_V_2_addr_5, align 4" [sha256d/sha256d.cpp:82->sha256d/sha256d.cpp:157->sha256d/sha256d.cpp:170]   --->   Operation 72 'store' <Predicate = true> <Delay = 0.79> <Core = "RAM">   --->   Core 37 'RAM' <Latency = 1> <II = 1> <Delay = 0.79> <Storage> <Opcode : 'load' 'store'> <Ports = 2> <Width = 32> <Depth = 8> <RAM>
ST_12 : Operation 73 [2/2] (0.00ns)   --->   "call fastcc void @sha256_prepare_2([8 x i32]* %hash1_V, [64 x i8]* %data_V_1)" [sha256d/sha256d.cpp:159->sha256d/sha256d.cpp:170]   --->   Operation 73 'call' <Predicate = true> <Delay = 0.00> <CoreType = "Generic">   --->   Core 0 '' <Latency = 0> <II = 1> <Delay = 1.00> <Generic> <Opcode : >

State 13 <SV = 11> <Delay = 0.79>
ST_13 : Operation 74 [1/1] (0.00ns)   --->   "%hash1_V_2_addr_6 = getelementptr [8 x i32]* %hash1_V_2, i64 0, i64 6" [sha256d/sha256d.cpp:83->sha256d/sha256d.cpp:157->sha256d/sha256d.cpp:170]   --->   Operation 74 'getelementptr' 'hash1_V_2_addr_6' <Predicate = true> <Delay = 0.00>
ST_13 : Operation 75 [1/1] (0.79ns)   --->   "store i32 528734635, i32* %hash1_V_2_addr_6, align 4" [sha256d/sha256d.cpp:83->sha256d/sha256d.cpp:157->sha256d/sha256d.cpp:170]   --->   Operation 75 'store' <Predicate = true> <Delay = 0.79> <Core = "RAM">   --->   Core 37 'RAM' <Latency = 1> <II = 1> <Delay = 0.79> <Storage> <Opcode : 'load' 'store'> <Ports = 2> <Width = 32> <Depth = 8> <RAM>
ST_13 : Operation 76 [1/1] (0.00ns)   --->   "%hash1_V_2_addr_7 = getelementptr [8 x i32]* %hash1_V_2, i64 0, i64 7" [sha256d/sha256d.cpp:84->sha256d/sha256d.cpp:157->sha256d/sha256d.cpp:170]   --->   Operation 76 'getelementptr' 'hash1_V_2_addr_7' <Predicate = true> <Delay = 0.00>
ST_13 : Operation 77 [1/1] (0.79ns)   --->   "store i32 1541459225, i32* %hash1_V_2_addr_7, align 4" [sha256d/sha256d.cpp:84->sha256d/sha256d.cpp:157->sha256d/sha256d.cpp:170]   --->   Operation 77 'store' <Predicate = true> <Delay = 0.79> <Core = "RAM">   --->   Core 37 'RAM' <Latency = 1> <II = 1> <Delay = 0.79> <Storage> <Opcode : 'load' 'store'> <Ports = 2> <Width = 32> <Depth = 8> <RAM>
ST_13 : Operation 78 [1/2] (0.00ns)   --->   "call fastcc void @sha256_prepare_2([8 x i32]* %hash1_V, [64 x i8]* %data_V_1)" [sha256d/sha256d.cpp:159->sha256d/sha256d.cpp:170]   --->   Operation 78 'call' <Predicate = true> <Delay = 0.00> <CoreType = "Generic">   --->   Core 0 '' <Latency = 0> <II = 1> <Delay = 1.00> <Generic> <Opcode : >

State 14 <SV = 12> <Delay = 0.00>
ST_14 : Operation 79 [2/2] (0.00ns)   --->   "call fastcc void @sha256_transform.1([8 x i32]* %hash1_V_2, [64 x i8]* %data_V_1)" [sha256d/sha256d.cpp:160->sha256d/sha256d.cpp:170]   --->   Operation 79 'call' <Predicate = true> <Delay = 0.00> <CoreType = "Generic">   --->   Core 0 '' <Latency = 0> <II = 1> <Delay = 1.00> <Generic> <Opcode : >

State 15 <SV = 13> <Delay = 0.75>
ST_15 : Operation 80 [1/2] (0.00ns)   --->   "call fastcc void @sha256_transform.1([8 x i32]* %hash1_V_2, [64 x i8]* %data_V_1)" [sha256d/sha256d.cpp:160->sha256d/sha256d.cpp:170]   --->   Operation 80 'call' <Predicate = true> <Delay = 0.00> <CoreType = "Generic">   --->   Core 0 '' <Latency = 0> <II = 1> <Delay = 1.00> <Generic> <Opcode : >
ST_15 : Operation 81 [1/1] (0.75ns)   --->   "br label %3" [sha256d/sha256d.cpp:162->sha256d/sha256d.cpp:170]   --->   Operation 81 'br' <Predicate = true> <Delay = 0.75>

State 16 <SV = 14> <Delay = 0.88>
ST_16 : Operation 82 [1/1] (0.00ns)   --->   "%i_0_i12 = phi i4 [ 0, %sha256_1.exit ], [ %i_1, %4 ]"   --->   Operation 82 'phi' 'i_0_i12' <Predicate = true> <Delay = 0.00>
ST_16 : Operation 83 [1/1] (0.88ns)   --->   "%icmp_ln162 = icmp eq i4 %i_0_i12, -8" [sha256d/sha256d.cpp:162->sha256d/sha256d.cpp:170]   --->   Operation 83 'icmp' 'icmp_ln162' <Predicate = true> <Delay = 0.88> <Core = "Cmp">   --->   Core 25 'Cmp' <Latency = 0> <II = 1> <Delay = 0.88> <FuncUnit> <Opcode : 'icmp'> <InPorts = 2> <OutPorts = 1>
ST_16 : Operation 84 [1/1] (0.00ns)   --->   "%empty_7 = call i32 (...)* @_ssdm_op_SpecLoopTripCount(i64 8, i64 8, i64 8)"   --->   Operation 84 'speclooptripcount' 'empty_7' <Predicate = true> <Delay = 0.00>
ST_16 : Operation 85 [1/1] (0.86ns)   --->   "%i_1 = add i4 %i_0_i12, 1" [sha256d/sha256d.cpp:162->sha256d/sha256d.cpp:170]   --->   Operation 85 'add' 'i_1' <Predicate = true> <Delay = 0.86> <Core = "AddSub">   --->   Core 14 'AddSub' <Latency = 0> <II = 1> <Delay = 0.86> <FuncUnit> <Opcode : 'add' 'sub'> <InPorts = 2> <OutPorts = 1>
ST_16 : Operation 86 [1/1] (0.00ns)   --->   "br i1 %icmp_ln162, label %sha256_2.exit, label %4" [sha256d/sha256d.cpp:162->sha256d/sha256d.cpp:170]   --->   Operation 86 'br' <Predicate = true> <Delay = 0.00>
ST_16 : Operation 87 [1/1] (0.00ns)   --->   "%zext_ln163 = zext i4 %i_0_i12 to i64" [sha256d/sha256d.cpp:163->sha256d/sha256d.cpp:170]   --->   Operation 87 'zext' 'zext_ln163' <Predicate = (!icmp_ln162)> <Delay = 0.00>
ST_16 : Operation 88 [1/1] (0.00ns)   --->   "%hash1_V_2_addr_8 = getelementptr [8 x i32]* %hash1_V_2, i64 0, i64 %zext_ln163" [sha256d/sha256d.cpp:163->sha256d/sha256d.cpp:170]   --->   Operation 88 'getelementptr' 'hash1_V_2_addr_8' <Predicate = (!icmp_ln162)> <Delay = 0.00>
ST_16 : Operation 89 [2/2] (0.79ns)   --->   "%hash1_V_2_load = load i32* %hash1_V_2_addr_8, align 4" [sha256d/sha256d.cpp:163->sha256d/sha256d.cpp:170]   --->   Operation 89 'load' 'hash1_V_2_load' <Predicate = (!icmp_ln162)> <Delay = 0.79> <Core = "RAM">   --->   Core 37 'RAM' <Latency = 1> <II = 1> <Delay = 0.79> <Storage> <Opcode : 'load' 'store'> <Ports = 2> <Width = 32> <Depth = 8> <RAM>
ST_16 : Operation 90 [1/1] (0.00ns)   --->   "ret void" [sha256d/sha256d.cpp:171]   --->   Operation 90 'ret' <Predicate = (icmp_ln162)> <Delay = 0.00>

State 17 <SV = 15> <Delay = 1.58>
ST_17 : Operation 91 [1/2] (0.79ns)   --->   "%hash1_V_2_load = load i32* %hash1_V_2_addr_8, align 4" [sha256d/sha256d.cpp:163->sha256d/sha256d.cpp:170]   --->   Operation 91 'load' 'hash1_V_2_load' <Predicate = true> <Delay = 0.79> <Core = "RAM">   --->   Core 37 'RAM' <Latency = 1> <II = 1> <Delay = 0.79> <Storage> <Opcode : 'load' 'store'> <Ports = 2> <Width = 32> <Depth = 8> <RAM>
ST_17 : Operation 92 [1/1] (0.00ns)   --->   "%output_V_addr = getelementptr [8 x i32]* %output_V, i64 0, i64 %zext_ln163" [sha256d/sha256d.cpp:163->sha256d/sha256d.cpp:170]   --->   Operation 92 'getelementptr' 'output_V_addr' <Predicate = true> <Delay = 0.00>
ST_17 : Operation 93 [1/1] (0.79ns)   --->   "store i32 %hash1_V_2_load, i32* %output_V_addr, align 4" [sha256d/sha256d.cpp:163->sha256d/sha256d.cpp:170]   --->   Operation 93 'store' <Predicate = true> <Delay = 0.79> <Core = "RAM">   --->   Core 37 'RAM' <Latency = 1> <II = 1> <Delay = 0.79> <Storage> <Opcode : 'load' 'store'> <Ports = 2> <Width = 32> <Depth = 8> <RAM>
ST_17 : Operation 94 [1/1] (0.00ns)   --->   "br label %3" [sha256d/sha256d.cpp:162->sha256d/sha256d.cpp:170]   --->   Operation 94 'br' <Predicate = true> <Delay = 0.00>


============================================================
+ Verbose Summary: Binding
============================================================
STG Binding: 
---------------- STG Properties BEGIN ----------------
- Is combinational: 0
- Is one-state seq: 0
- Is datapath-only: 0
- Is pipelined: 0
- Is top level: 1
Port [ Return ] is wired: 1; IO mode=ap_ctrl_hs:ce=0
Port [ input_V]:  wired=1; compound=1; hidden=0; nouse=0; global=0; static=0; extern=0; dir=0; type=1; pingpong=0; private_global=0; MemPort=[13]; IO mode=ap_memory:ce=0
Port [ output_V]:  wired=1; compound=1; hidden=0; nouse=0; global=0; static=0; extern=0; dir=1; type=1; pingpong=0; private_global=0; MemPort=[03]; IO mode=ap_memory:ce=0
Port [ K_V]:  wired=0; compound=1; hidden=1; nouse=1; global=1; static=1; extern=0; dir=0; type=1; pingpong=0; private_global=1; linkage=7; visibility=0; MemPort=[1]; IO mode=ap_memory:ce=0
---------------- STG Properties END ------------------

---------------- Datapath Model BEGIN ----------------

<LifeTime>
<method=bitvector/>
hash1_V_2         (alloca           ) [ 001111111111111111]
data_V_1          (alloca           ) [ 001111111111111100]
hash1_V_1         (alloca           ) [ 001111111110000000]
data_V            (alloca           ) [ 001111111000000000]
hash1_V           (alloca           ) [ 001111111111110000]
hash1_V_1_addr    (getelementptr    ) [ 000000000000000000]
store_ln77        (store            ) [ 000000000000000000]
hash1_V_1_addr_1  (getelementptr    ) [ 000000000000000000]
store_ln78        (store            ) [ 000000000000000000]
hash1_V_1_addr_2  (getelementptr    ) [ 000000000000000000]
store_ln79        (store            ) [ 000000000000000000]
hash1_V_1_addr_3  (getelementptr    ) [ 000000000000000000]
store_ln80        (store            ) [ 000000000000000000]
hash1_V_1_addr_4  (getelementptr    ) [ 000000000000000000]
store_ln81        (store            ) [ 000000000000000000]
hash1_V_1_addr_5  (getelementptr    ) [ 000000000000000000]
store_ln82        (store            ) [ 000000000000000000]
hash1_V_1_addr_6  (getelementptr    ) [ 000000000000000000]
store_ln83        (store            ) [ 000000000000000000]
hash1_V_1_addr_7  (getelementptr    ) [ 000000000000000000]
store_ln84        (store            ) [ 000000000000000000]
call_ln121        (call             ) [ 000000000000000000]
call_ln122        (call             ) [ 000000000000000000]
specbitsmap_ln0   (specbitsmap      ) [ 000000000000000000]
specbitsmap_ln0   (specbitsmap      ) [ 000000000000000000]
spectopmodule_ln0 (spectopmodule    ) [ 000000000000000000]
call_ln123        (call             ) [ 000000000000000000]
br_ln125          (br               ) [ 000000001110000000]
i_0_i             (phi              ) [ 000000000100000000]
icmp_ln125        (icmp             ) [ 000000000110000000]
empty             (speclooptripcount) [ 000000000000000000]
i                 (add              ) [ 000000001110000000]
br_ln125          (br               ) [ 000000000000000000]
zext_ln126        (zext             ) [ 000000000010000000]
hash1_V_1_addr_8  (getelementptr    ) [ 000000000010000000]
hash1_V_2_addr    (getelementptr    ) [ 000000000000000000]
store_ln77        (store            ) [ 000000000000000000]
hash1_V_2_addr_1  (getelementptr    ) [ 000000000000000000]
store_ln78        (store            ) [ 000000000000000000]
hash1_V_1_load    (load             ) [ 000000000000000000]
hash1_V_addr      (getelementptr    ) [ 000000000000000000]
store_ln126       (store            ) [ 000000000000000000]
br_ln125          (br               ) [ 000000001110000000]
hash1_V_2_addr_2  (getelementptr    ) [ 000000000000000000]
store_ln79        (store            ) [ 000000000000000000]
hash1_V_2_addr_3  (getelementptr    ) [ 000000000000000000]
store_ln80        (store            ) [ 000000000000000000]
hash1_V_2_addr_4  (getelementptr    ) [ 000000000000000000]
store_ln81        (store            ) [ 000000000000000000]
hash1_V_2_addr_5  (getelementptr    ) [ 000000000000000000]
store_ln82        (store            ) [ 000000000000000000]
hash1_V_2_addr_6  (getelementptr    ) [ 000000000000000000]
store_ln83        (store            ) [ 000000000000000000]
hash1_V_2_addr_7  (getelementptr    ) [ 000000000000000000]
store_ln84        (store            ) [ 000000000000000000]
call_ln159        (call             ) [ 000000000000000000]
call_ln160        (call             ) [ 000000000000000000]
br_ln162          (br               ) [ 000000000000000111]
i_0_i12           (phi              ) [ 000000000000000010]
icmp_ln162        (icmp             ) [ 000000000000000011]
empty_7           (speclooptripcount) [ 000000000000000000]
i_1               (add              ) [ 000000000000000111]
br_ln162          (br               ) [ 000000000000000000]
zext_ln163        (zext             ) [ 000000000000000001]
hash1_V_2_addr_8  (getelementptr    ) [ 000000000000000001]
ret_ln171         (ret              ) [ 000000000000000000]
hash1_V_2_load    (load             ) [ 000000000000000000]
output_V_addr     (getelementptr    ) [ 000000000000000000]
store_ln163       (store            ) [ 000000000000000000]
br_ln162          (br               ) [ 000000000000000111]
</LifeTime>

<model>

<comp_list>
<comp id="0" class="1000" name="input_V">
<pin_list>
<pin id="1" dir="1" index="0" bw="1" slack="0"/>
</pin_list>
<bind>
<StgValue><ssdm name="input_V"/><MemPortTyVec>1 3 </MemPortTyVec>
</StgValue>
</bind>
</comp>

<comp id="2" class="1000" name="output_V">
<pin_list>
<pin id="3" dir="1" index="0" bw="1" slack="0"/>
</pin_list>
<bind>
<StgValue><ssdm name="output_V"/><MemPortTyVec>0 3 </MemPortTyVec>
</StgValue>
</bind>
</comp>

<comp id="4" class="1000" name="K_V">
<pin_list>
<pin id="5" dir="1" index="0" bw="1" slack="0"/>
</pin_list>
<bind>
<StgValue><ssdm name="K_V"/><MemPortTyVec>1 </MemPortTyVec>
</StgValue>
</bind>
</comp>

<comp id="6" class="1001" name="const_6">
<pin_list>
<pin id="7" dir="1" index="0" bw="1" slack="0"/>
</pin_list>
<bind>
<StgValue><ssdm name=""/></StgValue>
</bind>
</comp>

<comp id="8" class="1001" name="const_8">
<pin_list>
<pin id="9" dir="1" index="0" bw="1" slack="0"/>
</pin_list>
<bind>
<StgValue><ssdm name=""/></StgValue>
</bind>
</comp>

<comp id="10" class="1001" name="const_10">
<pin_list>
<pin id="11" dir="1" index="0" bw="1" slack="0"/>
</pin_list>
<bind>
<StgValue><ssdm name=""/></StgValue>
</bind>
</comp>

<comp id="12" class="1001" name="const_12">
<pin_list>
<pin id="13" dir="1" index="0" bw="1" slack="0"/>
</pin_list>
<bind>
<StgValue><ssdm name=""/></StgValue>
</bind>
</comp>

<comp id="14" class="1001" name="const_14">
<pin_list>
<pin id="15" dir="1" index="0" bw="1" slack="0"/>
</pin_list>
<bind>
<StgValue><ssdm name=""/></StgValue>
</bind>
</comp>

<comp id="16" class="1001" name="const_16">
<pin_list>
<pin id="17" dir="1" index="0" bw="1" slack="0"/>
</pin_list>
<bind>
<StgValue><ssdm name=""/></StgValue>
</bind>
</comp>

<comp id="18" class="1001" name="const_18">
<pin_list>
<pin id="19" dir="1" index="0" bw="1" slack="0"/>
</pin_list>
<bind>
<StgValue><ssdm name=""/></StgValue>
</bind>
</comp>

<comp id="20" class="1001" name="const_20">
<pin_list>
<pin id="21" dir="1" index="0" bw="1" slack="0"/>
</pin_list>
<bind>
<StgValue><ssdm name=""/></StgValue>
</bind>
</comp>

<comp id="22" class="1001" name="const_22">
<pin_list>
<pin id="23" dir="1" index="0" bw="1" slack="0"/>
</pin_list>
<bind>
<StgValue><ssdm name=""/></StgValue>
</bind>
</comp>

<comp id="24" class="1001" name="const_24">
<pin_list>
<pin id="25" dir="1" index="0" bw="1" slack="0"/>
</pin_list>
<bind>
<StgValue><ssdm name=""/></StgValue>
</bind>
</comp>

<comp id="26" class="1001" name="const_26">
<pin_list>
<pin id="27" dir="1" index="0" bw="1" slack="0"/>
</pin_list>
<bind>
<StgValue><ssdm name=""/></StgValue>
</bind>
</comp>

<comp id="28" class="1001" name="const_28">
<pin_list>
<pin id="29" dir="1" index="0" bw="1" slack="0"/>
</pin_list>
<bind>
<StgValue><ssdm name=""/></StgValue>
</bind>
</comp>

<comp id="30" class="1001" name="const_30">
<pin_list>
<pin id="31" dir="1" index="0" bw="1" slack="0"/>
</pin_list>
<bind>
<StgValue><ssdm name="sha256_prepare_1"/></StgValue>
</bind>
</comp>

<comp id="32" class="1001" name="const_32">
<pin_list>
<pin id="33" dir="1" index="0" bw="1" slack="0"/>
</pin_list>
<bind>
<StgValue><ssdm name=""/></StgValue>
</bind>
</comp>

<comp id="34" class="1001" name="const_34">
<pin_list>
<pin id="35" dir="1" index="0" bw="1" slack="0"/>
</pin_list>
<bind>
<StgValue><ssdm name=""/></StgValue>
</bind>
</comp>

<comp id="36" class="1001" name="const_36">
<pin_list>
<pin id="37" dir="1" index="0" bw="1" slack="0"/>
</pin_list>
<bind>
<StgValue><ssdm name=""/></StgValue>
</bind>
</comp>

<comp id="38" class="1001" name="const_38">
<pin_list>
<pin id="39" dir="1" index="0" bw="1" slack="0"/>
</pin_list>
<bind>
<StgValue><ssdm name=""/></StgValue>
</bind>
</comp>

<comp id="40" class="1001" name="const_40">
<pin_list>
<pin id="41" dir="1" index="0" bw="1" slack="0"/>
</pin_list>
<bind>
<StgValue><ssdm name="sha256_transform"/></StgValue>
</bind>
</comp>

<comp id="42" class="1001" name="const_42">
<pin_list>
<pin id="43" dir="1" index="0" bw="1" slack="0"/>
</pin_list>
<bind>
<StgValue><ssdm name=""/></StgValue>
</bind>
</comp>

<comp id="44" class="1001" name="const_44">
<pin_list>
<pin id="45" dir="1" index="0" bw="1" slack="0"/>
</pin_list>
<bind>
<StgValue><ssdm name=""/></StgValue>
</bind>
</comp>

<comp id="46" class="1001" name="const_46">
<pin_list>
<pin id="47" dir="1" index="0" bw="1" slack="2147483647"/>
</pin_list>
<bind>
<StgValue><ssdm name="_ssdm_op_SpecBitsMap"/></StgValue>
</bind>
</comp>

<comp id="48" class="1001" name="const_48">
<pin_list>
<pin id="49" dir="1" index="0" bw="1" slack="2147483647"/>
</pin_list>
<bind>
<StgValue><ssdm name="_ssdm_op_SpecTopModule"/></StgValue>
</bind>
</comp>

<comp id="50" class="1001" name="const_50">
<pin_list>
<pin id="51" dir="1" index="0" bw="1" slack="2147483647"/>
</pin_list>
<bind>
<StgValue><ssdm name="sha256d_str"/></StgValue>
</bind>
</comp>

<comp id="52" class="1001" name="const_52">
<pin_list>
<pin id="53" dir="1" index="0" bw="1" slack="1"/>
</pin_list>
<bind>
<StgValue><ssdm name=""/></StgValue>
</bind>
</comp>

<comp id="54" class="1001" name="const_54">
<pin_list>
<pin id="55" dir="1" index="0" bw="1" slack="0"/>
</pin_list>
<bind>
<StgValue><ssdm name=""/></StgValue>
</bind>
</comp>

<comp id="56" class="1001" name="const_56">
<pin_list>
<pin id="57" dir="1" index="0" bw="1" slack="2147483647"/>
</pin_list>
<bind>
<StgValue><ssdm name="_ssdm_op_SpecLoopTripCount"/></StgValue>
</bind>
</comp>

<comp id="58" class="1001" name="const_58">
<pin_list>
<pin id="59" dir="1" index="0" bw="1" slack="2147483647"/>
</pin_list>
<bind>
<StgValue><ssdm name=""/></StgValue>
</bind>
</comp>

<comp id="60" class="1001" name="const_60">
<pin_list>
<pin id="61" dir="1" index="0" bw="1" slack="0"/>
</pin_list>
<bind>
<StgValue><ssdm name=""/></StgValue>
</bind>
</comp>

<comp id="62" class="1001" name="const_62">
<pin_list>
<pin id="63" dir="1" index="0" bw="1" slack="0"/>
</pin_list>
<bind>
<StgValue><ssdm name="sha256_prepare_2"/></StgValue>
</bind>
</comp>

<comp id="64" class="1001" name="const_64">
<pin_list>
<pin id="65" dir="1" index="0" bw="1" slack="0"/>
</pin_list>
<bind>
<StgValue><ssdm name="sha256_transform.1"/></StgValue>
</bind>
</comp>

<comp id="66" class="1004" name="hash1_V_2_alloca_fu_66">
<pin_list>
<pin id="67" dir="0" index="0" bw="1" slack="0"/>
<pin id="68" dir="1" index="1" bw="32" slack="2147483647"/>
</pin_list>
<bind>
<opcode="alloca(26) " fcode="alloca"/>
<opset="hash1_V_2/1 "/>
</bind>
</comp>

<comp id="70" class="1004" name="data_V_1_alloca_fu_70">
<pin_list>
<pin id="71" dir="0" index="0" bw="1" slack="0"/>
<pin id="72" dir="1" index="1" bw="8" slack="2147483647"/>
</pin_list>
<bind>
<opcode="alloca(26) " fcode="alloca"/>
<opset="data_V_1/1 "/>
</bind>
</comp>

<comp id="74" class="1004" name="hash1_V_1_alloca_fu_74">
<pin_list>
<pin id="75" dir="0" index="0" bw="1" slack="0"/>
<pin id="76" dir="1" index="1" bw="32" slack="0"/>
</pin_list>
<bind>
<opcode="alloca(26) " fcode="alloca"/>
<opset="hash1_V_1/1 "/>
</bind>
</comp>

<comp id="78" class="1004" name="data_V_alloca_fu_78">
<pin_list>
<pin id="79" dir="0" index="0" bw="1" slack="0"/>
<pin id="80" dir="1" index="1" bw="8" slack="2147483647"/>
</pin_list>
<bind>
<opcode="alloca(26) " fcode="alloca"/>
<opset="data_V/1 "/>
</bind>
</comp>

<comp id="82" class="1004" name="hash1_V_alloca_fu_82">
<pin_list>
<pin id="83" dir="0" index="0" bw="1" slack="0"/>
<pin id="84" dir="1" index="1" bw="32" slack="2147483647"/>
</pin_list>
<bind>
<opcode="alloca(26) " fcode="alloca"/>
<opset="hash1_V/1 "/>
</bind>
</comp>

<comp id="86" class="1004" name="hash1_V_1_addr_gep_fu_86">
<pin_list>
<pin id="87" dir="0" index="0" bw="32" slack="0"/>
<pin id="88" dir="0" index="1" bw="1" slack="0"/>
<pin id="89" dir="0" index="2" bw="1" slack="0"/>
<pin id="90" dir="1" index="3" bw="3" slack="0"/>
</pin_list>
<bind>
<opcode="getelementptr(29) " fcode="getelementptr"/>
<opset="hash1_V_1_addr/1 "/>
</bind>
</comp>

<comp id="94" class="1004" name="grp_access_fu_94">
<pin_list>
<pin id="95" dir="0" index="0" bw="3" slack="0"/>
<pin id="96" dir="0" index="1" bw="32" slack="0"/>
<pin id="97" dir="0" index="2" bw="0" slack="0"/>
<pin id="109" dir="0" index="4" bw="3" slack="0"/>
<pin id="110" dir="0" index="5" bw="32" slack="2147483647"/>
<pin id="111" dir="0" index="6" bw="0" slack="2147483647"/>
<pin id="98" dir="1" index="3" bw="32" slack="0"/>
<pin id="112" dir="1" index="7" bw="32" slack="2147483647"/>
</pin_list>
<bind>
<opcode="load(27) store(28) " fcode="load"/>
<opset="store_ln77/1 store_ln78/1 store_ln79/2 store_ln80/2 store_ln81/3 store_ln82/3 store_ln83/4 store_ln84/4 hash1_V_1_load/9 "/>
</bind>
</comp>

<comp id="101" class="1004" name="hash1_V_1_addr_1_gep_fu_101">
<pin_list>
<pin id="102" dir="0" index="0" bw="32" slack="0"/>
<pin id="103" dir="0" index="1" bw="1" slack="0"/>
<pin id="104" dir="0" index="2" bw="1" slack="0"/>
<pin id="105" dir="1" index="3" bw="3" slack="0"/>
</pin_list>
<bind>
<opcode="getelementptr(29) " fcode="getelementptr"/>
<opset="hash1_V_1_addr_1/1 "/>
</bind>
</comp>

<comp id="115" class="1004" name="hash1_V_1_addr_2_gep_fu_115">
<pin_list>
<pin id="116" dir="0" index="0" bw="32" slack="2147483647"/>
<pin id="117" dir="0" index="1" bw="1" slack="0"/>
<pin id="118" dir="0" index="2" bw="3" slack="0"/>
<pin id="119" dir="1" index="3" bw="3" slack="0"/>
</pin_list>
<bind>
<opcode="getelementptr(29) " fcode="getelementptr"/>
<opset="hash1_V_1_addr_2/2 "/>
</bind>
</comp>

<comp id="124" class="1004" name="hash1_V_1_addr_3_gep_fu_124">
<pin_list>
<pin id="125" dir="0" index="0" bw="32" slack="2147483647"/>
<pin id="126" dir="0" index="1" bw="1" slack="0"/>
<pin id="127" dir="0" index="2" bw="3" slack="0"/>
<pin id="128" dir="1" index="3" bw="3" slack="0"/>
</pin_list>
<bind>
<opcode="getelementptr(29) " fcode="getelementptr"/>
<opset="hash1_V_1_addr_3/2 "/>
</bind>
</comp>

<comp id="133" class="1004" name="hash1_V_1_addr_4_gep_fu_133">
<pin_list>
<pin id="134" dir="0" index="0" bw="32" slack="2147483647"/>
<pin id="135" dir="0" index="1" bw="1" slack="0"/>
<pin id="136" dir="0" index="2" bw="4" slack="0"/>
<pin id="137" dir="1" index="3" bw="3" slack="0"/>
</pin_list>
<bind>
<opcode="getelementptr(29) " fcode="getelementptr"/>
<opset="hash1_V_1_addr_4/3 "/>
</bind>
</comp>

<comp id="142" class="1004" name="hash1_V_1_addr_5_gep_fu_142">
<pin_list>
<pin id="143" dir="0" index="0" bw="32" slack="2147483647"/>
<pin id="144" dir="0" index="1" bw="1" slack="0"/>
<pin id="145" dir="0" index="2" bw="4" slack="0"/>
<pin id="146" dir="1" index="3" bw="3" slack="0"/>
</pin_list>
<bind>
<opcode="getelementptr(29) " fcode="getelementptr"/>
<opset="hash1_V_1_addr_5/3 "/>
</bind>
</comp>

<comp id="151" class="1004" name="hash1_V_1_addr_6_gep_fu_151">
<pin_list>
<pin id="152" dir="0" index="0" bw="32" slack="2147483647"/>
<pin id="153" dir="0" index="1" bw="1" slack="0"/>
<pin id="154" dir="0" index="2" bw="4" slack="0"/>
<pin id="155" dir="1" index="3" bw="3" slack="0"/>
</pin_list>
<bind>
<opcode="getelementptr(29) " fcode="getelementptr"/>
<opset="hash1_V_1_addr_6/4 "/>
</bind>
</comp>

<comp id="160" class="1004" name="hash1_V_1_addr_7_gep_fu_160">
<pin_list>
<pin id="161" dir="0" index="0" bw="32" slack="2147483647"/>
<pin id="162" dir="0" index="1" bw="1" slack="0"/>
<pin id="163" dir="0" index="2" bw="4" slack="0"/>
<pin id="164" dir="1" index="3" bw="3" slack="0"/>
</pin_list>
<bind>
<opcode="getelementptr(29) " fcode="getelementptr"/>
<opset="hash1_V_1_addr_7/4 "/>
</bind>
</comp>

<comp id="169" class="1004" name="hash1_V_1_addr_8_gep_fu_169">
<pin_list>
<pin id="170" dir="0" index="0" bw="32" slack="2147483647"/>
<pin id="171" dir="0" index="1" bw="1" slack="0"/>
<pin id="172" dir="0" index="2" bw="4" slack="0"/>
<pin id="173" dir="1" index="3" bw="3" slack="0"/>
</pin_list>
<bind>
<opcode="getelementptr(29) " fcode="getelementptr"/>
<opset="hash1_V_1_addr_8/9 "/>
</bind>
</comp>

<comp id="176" class="1004" name="hash1_V_2_addr_gep_fu_176">
<pin_list>
<pin id="177" dir="0" index="0" bw="32" slack="2147483647"/>
<pin id="178" dir="0" index="1" bw="1" slack="0"/>
<pin id="179" dir="0" index="2" bw="1" slack="0"/>
<pin id="180" dir="1" index="3" bw="3" slack="0"/>
</pin_list>
<bind>
<opcode="getelementptr(29) " fcode="getelementptr"/>
<opset="hash1_V_2_addr/9 "/>
</bind>
</comp>

<comp id="183" class="1004" name="grp_access_fu_183">
<pin_list>
<pin id="184" dir="0" index="0" bw="3" slack="0"/>
<pin id="185" dir="0" index="1" bw="32" slack="0"/>
<pin id="186" dir="0" index="2" bw="0" slack="0"/>
<pin id="197" dir="0" index="4" bw="3" slack="0"/>
<pin id="198" dir="0" index="5" bw="32" slack="2147483647"/>
<pin id="199" dir="0" index="6" bw="0" slack="2147483647"/>
<pin id="187" dir="1" index="3" bw="32" slack="0"/>
<pin id="200" dir="1" index="7" bw="32" slack="2147483647"/>
</pin_list>
<bind>
<opcode="load(27) store(28) " fcode="load"/>
<opset="store_ln77/9 store_ln78/9 store_ln79/11 store_ln80/11 store_ln81/12 store_ln82/12 store_ln83/13 store_ln84/13 hash1_V_2_load/16 "/>
</bind>
</comp>

<comp id="190" class="1004" name="hash1_V_2_addr_1_gep_fu_190">
<pin_list>
<pin id="191" dir="0" index="0" bw="32" slack="2147483647"/>
<pin id="192" dir="0" index="1" bw="1" slack="0"/>
<pin id="193" dir="0" index="2" bw="1" slack="0"/>
<pin id="194" dir="1" index="3" bw="3" slack="0"/>
</pin_list>
<bind>
<opcode="getelementptr(29) " fcode="getelementptr"/>
<opset="hash1_V_2_addr_1/9 "/>
</bind>
</comp>

<comp id="203" class="1004" name="hash1_V_addr_gep_fu_203">
<pin_list>
<pin id="204" dir="0" index="0" bw="32" slack="2147483647"/>
<pin id="205" dir="0" index="1" bw="1" slack="0"/>
<pin id="206" dir="0" index="2" bw="4" slack="1"/>
<pin id="207" dir="1" index="3" bw="3" slack="0"/>
</pin_list>
<bind>
<opcode="getelementptr(29) " fcode="getelementptr"/>
<opset="hash1_V_addr/10 "/>
</bind>
</comp>

<comp id="209" class="1004" name="store_ln126_access_fu_209">
<pin_list>
<pin id="210" dir="0" index="0" bw="3" slack="0"/>
<pin id="211" dir="0" index="1" bw="32" slack="0"/>
<pin id="212" dir="0" index="2" bw="0" slack="2147483647"/>
<pin id="213" dir="1" index="3" bw="32" slack="2147483647"/>
</pin_list>
<bind>
<opcode="store(28) " fcode="store"/>
<opset="store_ln126/10 "/>
</bind>
</comp>

<comp id="216" class="1004" name="hash1_V_2_addr_2_gep_fu_216">
<pin_list>
<pin id="217" dir="0" index="0" bw="32" slack="2147483647"/>
<pin id="218" dir="0" index="1" bw="1" slack="0"/>
<pin id="219" dir="0" index="2" bw="3" slack="0"/>
<pin id="220" dir="1" index="3" bw="3" slack="0"/>
</pin_list>
<bind>
<opcode="getelementptr(29) " fcode="getelementptr"/>
<opset="hash1_V_2_addr_2/11 "/>
</bind>
</comp>

<comp id="225" class="1004" name="hash1_V_2_addr_3_gep_fu_225">
<pin_list>
<pin id="226" dir="0" index="0" bw="32" slack="2147483647"/>
<pin id="227" dir="0" index="1" bw="1" slack="0"/>
<pin id="228" dir="0" index="2" bw="3" slack="0"/>
<pin id="229" dir="1" index="3" bw="3" slack="0"/>
</pin_list>
<bind>
<opcode="getelementptr(29) " fcode="getelementptr"/>
<opset="hash1_V_2_addr_3/11 "/>
</bind>
</comp>

<comp id="234" class="1004" name="hash1_V_2_addr_4_gep_fu_234">
<pin_list>
<pin id="235" dir="0" index="0" bw="32" slack="2147483647"/>
<pin id="236" dir="0" index="1" bw="1" slack="0"/>
<pin id="237" dir="0" index="2" bw="4" slack="0"/>
<pin id="238" dir="1" index="3" bw="3" slack="0"/>
</pin_list>
<bind>
<opcode="getelementptr(29) " fcode="getelementptr"/>
<opset="hash1_V_2_addr_4/12 "/>
</bind>
</comp>

<comp id="243" class="1004" name="hash1_V_2_addr_5_gep_fu_243">
<pin_list>
<pin id="244" dir="0" index="0" bw="32" slack="2147483647"/>
<pin id="245" dir="0" index="1" bw="1" slack="0"/>
<pin id="246" dir="0" index="2" bw="4" slack="0"/>
<pin id="247" dir="1" index="3" bw="3" slack="0"/>
</pin_list>
<bind>
<opcode="getelementptr(29) " fcode="getelementptr"/>
<opset="hash1_V_2_addr_5/12 "/>
</bind>
</comp>

<comp id="252" class="1004" name="hash1_V_2_addr_6_gep_fu_252">
<pin_list>
<pin id="253" dir="0" index="0" bw="32" slack="2147483647"/>
<pin id="254" dir="0" index="1" bw="1" slack="0"/>
<pin id="255" dir="0" index="2" bw="4" slack="0"/>
<pin id="256" dir="1" index="3" bw="3" slack="0"/>
</pin_list>
<bind>
<opcode="getelementptr(29) " fcode="getelementptr"/>
<opset="hash1_V_2_addr_6/13 "/>
</bind>
</comp>

<comp id="261" class="1004" name="hash1_V_2_addr_7_gep_fu_261">
<pin_list>
<pin id="262" dir="0" index="0" bw="32" slack="2147483647"/>
<pin id="263" dir="0" index="1" bw="1" slack="0"/>
<pin id="264" dir="0" index="2" bw="4" slack="0"/>
<pin id="265" dir="1" index="3" bw="3" slack="0"/>
</pin_list>
<bind>
<opcode="getelementptr(29) " fcode="getelementptr"/>
<opset="hash1_V_2_addr_7/13 "/>
</bind>
</comp>

<comp id="270" class="1004" name="hash1_V_2_addr_8_gep_fu_270">
<pin_list>
<pin id="271" dir="0" index="0" bw="32" slack="2147483647"/>
<pin id="272" dir="0" index="1" bw="1" slack="0"/>
<pin id="273" dir="0" index="2" bw="4" slack="0"/>
<pin id="274" dir="1" index="3" bw="3" slack="0"/>
</pin_list>
<bind>
<opcode="getelementptr(29) " fcode="getelementptr"/>
<opset="hash1_V_2_addr_8/16 "/>
</bind>
</comp>

<comp id="277" class="1004" name="output_V_addr_gep_fu_277">
<pin_list>
<pin id="278" dir="0" index="0" bw="32" slack="0"/>
<pin id="279" dir="0" index="1" bw="1" slack="0"/>
<pin id="280" dir="0" index="2" bw="4" slack="1"/>
<pin id="281" dir="1" index="3" bw="3" slack="0"/>
</pin_list>
<bind>
<opcode="getelementptr(29) " fcode="getelementptr"/>
<opset="output_V_addr/17 "/>
</bind>
</comp>

<comp id="284" class="1004" name="store_ln163_access_fu_284">
<pin_list>
<pin id="285" dir="0" index="0" bw="3" slack="0"/>
<pin id="286" dir="0" index="1" bw="32" slack="0"/>
<pin id="287" dir="0" index="2" bw="0" slack="2147483647"/>
<pin id="288" dir="1" index="3" bw="32" slack="2147483647"/>
</pin_list>
<bind>
<opcode="store(28) " fcode="store"/>
<opset="store_ln163/17 "/>
</bind>
</comp>

<comp id="291" class="1005" name="i_0_i_reg_291">
<pin_list>
<pin id="292" dir="0" index="0" bw="4" slack="1"/>
<pin id="293" dir="1" index="1" bw="4" slack="1"/>
</pin_list>
<bind>
<opset="i_0_i (phireg) "/>
</bind>
</comp>

<comp id="295" class="1004" name="i_0_i_phi_fu_295">
<pin_list>
<pin id="296" dir="0" index="0" bw="1" slack="1"/>
<pin id="297" dir="0" index="1" bw="0" slack="2147483647"/>
<pin id="298" dir="0" index="2" bw="4" slack="0"/>
<pin id="299" dir="0" index="3" bw="0" slack="2147483647"/>
<pin id="300" dir="1" index="4" bw="4" slack="0"/>
</pin_list>
<bind>
<opcode="phi(47) " fcode="phi"/>
<opset="i_0_i/9 "/>
</bind>
</comp>

<comp id="302" class="1005" name="i_0_i12_reg_302">
<pin_list>
<pin id="303" dir="0" index="0" bw="4" slack="1"/>
<pin id="304" dir="1" index="1" bw="4" slack="1"/>
</pin_list>
<bind>
<opset="i_0_i12 (phireg) "/>
</bind>
</comp>

<comp id="306" class="1004" name="i_0_i12_phi_fu_306">
<pin_list>
<pin id="307" dir="0" index="0" bw="1" slack="1"/>
<pin id="308" dir="0" index="1" bw="0" slack="2147483647"/>
<pin id="309" dir="0" index="2" bw="4" slack="0"/>
<pin id="310" dir="0" index="3" bw="0" slack="2147483647"/>
<pin id="311" dir="1" index="4" bw="4" slack="0"/>
</pin_list>
<bind>
<opcode="phi(47) " fcode="phi"/>
<opset="i_0_i12/16 "/>
</bind>
</comp>

<comp id="313" class="1004" name="grp_sha256_transform_fu_313">
<pin_list>
<pin id="314" dir="0" index="0" bw="0" slack="0"/>
<pin id="315" dir="0" index="1" bw="32" slack="2147483647"/>
<pin id="316" dir="0" index="2" bw="8" slack="2147483647"/>
<pin id="317" dir="0" index="3" bw="1" slack="0"/>
<pin id="318" dir="0" index="4" bw="32" slack="0"/>
<pin id="319" dir="1" index="5" bw="0" slack="2147483647"/>
</pin_list>
<bind>
<opcode="call(48) " fcode="call"/>
<opset="call_ln122/5 call_ln123/7 "/>
</bind>
</comp>

<comp id="324" class="1004" name="grp_sha256_transform_1_fu_324">
<pin_list>
<pin id="325" dir="0" index="0" bw="0" slack="0"/>
<pin id="326" dir="0" index="1" bw="32" slack="2147483647"/>
<pin id="327" dir="0" index="2" bw="8" slack="2147483647"/>
<pin id="328" dir="0" index="3" bw="32" slack="0"/>
<pin id="329" dir="1" index="4" bw="0" slack="2147483647"/>
</pin_list>
<bind>
<opcode="call(48) " fcode="call"/>
<opset="call_ln160/14 "/>
</bind>
</comp>

<comp id="332" class="1004" name="grp_sha256_prepare_1_fu_332">
<pin_list>
<pin id="333" dir="0" index="0" bw="0" slack="0"/>
<pin id="334" dir="0" index="1" bw="8" slack="0"/>
<pin id="335" dir="0" index="2" bw="8" slack="2147483647"/>
<pin id="336" dir="1" index="3" bw="0" slack="2147483647"/>
</pin_list>
<bind>
<opcode="call(48) " fcode="call"/>
<opset="call_ln121/3 "/>
</bind>
</comp>

<comp id="339" class="1004" name="grp_sha256_prepare_2_fu_339">
<pin_list>
<pin id="340" dir="0" index="0" bw="0" slack="0"/>
<pin id="341" dir="0" index="1" bw="32" slack="2147483647"/>
<pin id="342" dir="0" index="2" bw="8" slack="2147483647"/>
<pin id="343" dir="1" index="3" bw="0" slack="2147483647"/>
</pin_list>
<bind>
<opcode="call(48) " fcode="call"/>
<opset="call_ln159/12 "/>
</bind>
</comp>

<comp id="345" class="1004" name="icmp_ln125_fu_345">
<pin_list>
<pin id="346" dir="0" index="0" bw="4" slack="0"/>
<pin id="347" dir="0" index="1" bw="4" slack="0"/>
<pin id="348" dir="1" index="2" bw="1" slack="2147483647"/>
</pin_list>
<bind>
<opcode="icmp(45) " fcode="icmp"/>
<opset="icmp_ln125/9 "/>
</bind>
</comp>

<comp id="351" class="1004" name="i_fu_351">
<pin_list>
<pin id="352" dir="0" index="0" bw="4" slack="0"/>
<pin id="353" dir="0" index="1" bw="1" slack="0"/>
<pin id="354" dir="1" index="2" bw="4" slack="0"/>
</pin_list>
<bind>
<opcode="add(8) " fcode="add"/>
<opset="i/9 "/>
</bind>
</comp>

<comp id="357" class="1004" name="zext_ln126_fu_357">
<pin_list>
<pin id="358" dir="0" index="0" bw="4" slack="0"/>
<pin id="359" dir="1" index="1" bw="64" slack="0"/>
</pin_list>
<bind>
<opcode="zext(34) " fcode="zext"/>
<opset="zext_ln126/9 "/>
</bind>
</comp>

<comp id="362" class="1004" name="icmp_ln162_fu_362">
<pin_list>
<pin id="363" dir="0" index="0" bw="4" slack="0"/>
<pin id="364" dir="0" index="1" bw="4" slack="0"/>
<pin id="365" dir="1" index="2" bw="1" slack="2147483647"/>
</pin_list>
<bind>
<opcode="icmp(45) " fcode="icmp"/>
<opset="icmp_ln162/16 "/>
</bind>
</comp>

<comp id="368" class="1004" name="i_1_fu_368">
<pin_list>
<pin id="369" dir="0" index="0" bw="4" slack="0"/>
<pin id="370" dir="0" index="1" bw="1" slack="0"/>
<pin id="371" dir="1" index="2" bw="4" slack="0"/>
</pin_list>
<bind>
<opcode="add(8) " fcode="add"/>
<opset="i_1/16 "/>
</bind>
</comp>

<comp id="374" class="1004" name="zext_ln163_fu_374">
<pin_list>
<pin id="375" dir="0" index="0" bw="4" slack="0"/>
<pin id="376" dir="1" index="1" bw="64" slack="0"/>
</pin_list>
<bind>
<opcode="zext(34) " fcode="zext"/>
<opset="zext_ln163/16 "/>
</bind>
</comp>

<comp id="382" class="1005" name="i_reg_382">
<pin_list>
<pin id="383" dir="0" index="0" bw="4" slack="0"/>
<pin id="384" dir="1" index="1" bw="4" slack="0"/>
</pin_list>
<bind>
<opset="i "/>
</bind>
</comp>

<comp id="387" class="1005" name="zext_ln126_reg_387">
<pin_list>
<pin id="388" dir="0" index="0" bw="64" slack="1"/>
<pin id="389" dir="1" index="1" bw="64" slack="1"/>
</pin_list>
<bind>
<opset="zext_ln126 "/>
</bind>
</comp>

<comp id="392" class="1005" name="hash1_V_1_addr_8_reg_392">
<pin_list>
<pin id="393" dir="0" index="0" bw="3" slack="1"/>
<pin id="394" dir="1" index="1" bw="3" slack="1"/>
</pin_list>
<bind>
<opset="hash1_V_1_addr_8 "/>
</bind>
</comp>

<comp id="400" class="1005" name="i_1_reg_400">
<pin_list>
<pin id="401" dir="0" index="0" bw="4" slack="0"/>
<pin id="402" dir="1" index="1" bw="4" slack="0"/>
</pin_list>
<bind>
<opset="i_1 "/>
</bind>
</comp>

<comp id="405" class="1005" name="zext_ln163_reg_405">
<pin_list>
<pin id="406" dir="0" index="0" bw="64" slack="1"/>
<pin id="407" dir="1" index="1" bw="64" slack="1"/>
</pin_list>
<bind>
<opset="zext_ln163 "/>
</bind>
</comp>

<comp id="410" class="1005" name="hash1_V_2_addr_8_reg_410">
<pin_list>
<pin id="411" dir="0" index="0" bw="3" slack="1"/>
<pin id="412" dir="1" index="1" bw="3" slack="1"/>
</pin_list>
<bind>
<opset="hash1_V_2_addr_8 "/>
</bind>
</comp>

</comp_list>

<net_list>
<net id="69"><net_src comp="6" pin="0"/><net_sink comp="66" pin=0"/></net>

<net id="73"><net_src comp="6" pin="0"/><net_sink comp="70" pin=0"/></net>

<net id="77"><net_src comp="6" pin="0"/><net_sink comp="74" pin=0"/></net>

<net id="81"><net_src comp="6" pin="0"/><net_sink comp="78" pin=0"/></net>

<net id="85"><net_src comp="6" pin="0"/><net_sink comp="82" pin=0"/></net>

<net id="91"><net_src comp="74" pin="1"/><net_sink comp="86" pin=0"/></net>

<net id="92"><net_src comp="8" pin="0"/><net_sink comp="86" pin=1"/></net>

<net id="93"><net_src comp="8" pin="0"/><net_sink comp="86" pin=2"/></net>

<net id="99"><net_src comp="10" pin="0"/><net_sink comp="94" pin=1"/></net>

<net id="100"><net_src comp="86" pin="3"/><net_sink comp="94" pin=0"/></net>

<net id="106"><net_src comp="74" pin="1"/><net_sink comp="101" pin=0"/></net>

<net id="107"><net_src comp="8" pin="0"/><net_sink comp="101" pin=1"/></net>

<net id="108"><net_src comp="6" pin="0"/><net_sink comp="101" pin=2"/></net>

<net id="113"><net_src comp="12" pin="0"/><net_sink comp="94" pin=4"/></net>

<net id="114"><net_src comp="101" pin="3"/><net_sink comp="94" pin=2"/></net>

<net id="120"><net_src comp="8" pin="0"/><net_sink comp="115" pin=1"/></net>

<net id="121"><net_src comp="14" pin="0"/><net_sink comp="115" pin=2"/></net>

<net id="122"><net_src comp="16" pin="0"/><net_sink comp="94" pin=1"/></net>

<net id="123"><net_src comp="115" pin="3"/><net_sink comp="94" pin=0"/></net>

<net id="129"><net_src comp="8" pin="0"/><net_sink comp="124" pin=1"/></net>

<net id="130"><net_src comp="18" pin="0"/><net_sink comp="124" pin=2"/></net>

<net id="131"><net_src comp="20" pin="0"/><net_sink comp="94" pin=4"/></net>

<net id="132"><net_src comp="124" pin="3"/><net_sink comp="94" pin=2"/></net>

<net id="138"><net_src comp="8" pin="0"/><net_sink comp="133" pin=1"/></net>

<net id="139"><net_src comp="22" pin="0"/><net_sink comp="133" pin=2"/></net>

<net id="140"><net_src comp="24" pin="0"/><net_sink comp="94" pin=1"/></net>

<net id="141"><net_src comp="133" pin="3"/><net_sink comp="94" pin=0"/></net>

<net id="147"><net_src comp="8" pin="0"/><net_sink comp="142" pin=1"/></net>

<net id="148"><net_src comp="26" pin="0"/><net_sink comp="142" pin=2"/></net>

<net id="149"><net_src comp="28" pin="0"/><net_sink comp="94" pin=4"/></net>

<net id="150"><net_src comp="142" pin="3"/><net_sink comp="94" pin=2"/></net>

<net id="156"><net_src comp="8" pin="0"/><net_sink comp="151" pin=1"/></net>

<net id="157"><net_src comp="32" pin="0"/><net_sink comp="151" pin=2"/></net>

<net id="158"><net_src comp="34" pin="0"/><net_sink comp="94" pin=1"/></net>

<net id="159"><net_src comp="151" pin="3"/><net_sink comp="94" pin=0"/></net>

<net id="165"><net_src comp="8" pin="0"/><net_sink comp="160" pin=1"/></net>

<net id="166"><net_src comp="36" pin="0"/><net_sink comp="160" pin=2"/></net>

<net id="167"><net_src comp="38" pin="0"/><net_sink comp="94" pin=4"/></net>

<net id="168"><net_src comp="160" pin="3"/><net_sink comp="94" pin=2"/></net>

<net id="174"><net_src comp="8" pin="0"/><net_sink comp="169" pin=1"/></net>

<net id="175"><net_src comp="169" pin="3"/><net_sink comp="94" pin=0"/></net>

<net id="181"><net_src comp="8" pin="0"/><net_sink comp="176" pin=1"/></net>

<net id="182"><net_src comp="8" pin="0"/><net_sink comp="176" pin=2"/></net>

<net id="188"><net_src comp="10" pin="0"/><net_sink comp="183" pin=1"/></net>

<net id="189"><net_src comp="176" pin="3"/><net_sink comp="183" pin=0"/></net>

<net id="195"><net_src comp="8" pin="0"/><net_sink comp="190" pin=1"/></net>

<net id="196"><net_src comp="6" pin="0"/><net_sink comp="190" pin=2"/></net>

<net id="201"><net_src comp="12" pin="0"/><net_sink comp="183" pin=4"/></net>

<net id="202"><net_src comp="190" pin="3"/><net_sink comp="183" pin=2"/></net>

<net id="208"><net_src comp="8" pin="0"/><net_sink comp="203" pin=1"/></net>

<net id="214"><net_src comp="94" pin="3"/><net_sink comp="209" pin=1"/></net>

<net id="215"><net_src comp="203" pin="3"/><net_sink comp="209" pin=0"/></net>

<net id="221"><net_src comp="8" pin="0"/><net_sink comp="216" pin=1"/></net>

<net id="222"><net_src comp="14" pin="0"/><net_sink comp="216" pin=2"/></net>

<net id="223"><net_src comp="16" pin="0"/><net_sink comp="183" pin=1"/></net>

<net id="224"><net_src comp="216" pin="3"/><net_sink comp="183" pin=0"/></net>

<net id="230"><net_src comp="8" pin="0"/><net_sink comp="225" pin=1"/></net>

<net id="231"><net_src comp="18" pin="0"/><net_sink comp="225" pin=2"/></net>

<net id="232"><net_src comp="20" pin="0"/><net_sink comp="183" pin=4"/></net>

<net id="233"><net_src comp="225" pin="3"/><net_sink comp="183" pin=2"/></net>

<net id="239"><net_src comp="8" pin="0"/><net_sink comp="234" pin=1"/></net>

<net id="240"><net_src comp="22" pin="0"/><net_sink comp="234" pin=2"/></net>

<net id="241"><net_src comp="24" pin="0"/><net_sink comp="183" pin=1"/></net>

<net id="242"><net_src comp="234" pin="3"/><net_sink comp="183" pin=0"/></net>

<net id="248"><net_src comp="8" pin="0"/><net_sink comp="243" pin=1"/></net>

<net id="249"><net_src comp="26" pin="0"/><net_sink comp="243" pin=2"/></net>

<net id="250"><net_src comp="28" pin="0"/><net_sink comp="183" pin=4"/></net>

<net id="251"><net_src comp="243" pin="3"/><net_sink comp="183" pin=2"/></net>

<net id="257"><net_src comp="8" pin="0"/><net_sink comp="252" pin=1"/></net>

<net id="258"><net_src comp="32" pin="0"/><net_sink comp="252" pin=2"/></net>

<net id="259"><net_src comp="34" pin="0"/><net_sink comp="183" pin=1"/></net>

<net id="260"><net_src comp="252" pin="3"/><net_sink comp="183" pin=0"/></net>

<net id="266"><net_src comp="8" pin="0"/><net_sink comp="261" pin=1"/></net>

<net id="267"><net_src comp="36" pin="0"/><net_sink comp="261" pin=2"/></net>

<net id="268"><net_src comp="38" pin="0"/><net_sink comp="183" pin=4"/></net>

<net id="269"><net_src comp="261" pin="3"/><net_sink comp="183" pin=2"/></net>

<net id="275"><net_src comp="8" pin="0"/><net_sink comp="270" pin=1"/></net>

<net id="276"><net_src comp="270" pin="3"/><net_sink comp="183" pin=0"/></net>

<net id="282"><net_src comp="2" pin="0"/><net_sink comp="277" pin=0"/></net>

<net id="283"><net_src comp="8" pin="0"/><net_sink comp="277" pin=1"/></net>

<net id="289"><net_src comp="183" pin="3"/><net_sink comp="284" pin=1"/></net>

<net id="290"><net_src comp="277" pin="3"/><net_sink comp="284" pin=0"/></net>

<net id="294"><net_src comp="52" pin="0"/><net_sink comp="291" pin=0"/></net>

<net id="301"><net_src comp="291" pin="1"/><net_sink comp="295" pin=0"/></net>

<net id="305"><net_src comp="52" pin="0"/><net_sink comp="302" pin=0"/></net>

<net id="312"><net_src comp="302" pin="1"/><net_sink comp="306" pin=0"/></net>

<net id="320"><net_src comp="40" pin="0"/><net_sink comp="313" pin=0"/></net>

<net id="321"><net_src comp="42" pin="0"/><net_sink comp="313" pin=3"/></net>

<net id="322"><net_src comp="4" pin="0"/><net_sink comp="313" pin=4"/></net>

<net id="323"><net_src comp="44" pin="0"/><net_sink comp="313" pin=3"/></net>

<net id="330"><net_src comp="64" pin="0"/><net_sink comp="324" pin=0"/></net>

<net id="331"><net_src comp="4" pin="0"/><net_sink comp="324" pin=3"/></net>

<net id="337"><net_src comp="30" pin="0"/><net_sink comp="332" pin=0"/></net>

<net id="338"><net_src comp="0" pin="0"/><net_sink comp="332" pin=1"/></net>

<net id="344"><net_src comp="62" pin="0"/><net_sink comp="339" pin=0"/></net>

<net id="349"><net_src comp="295" pin="4"/><net_sink comp="345" pin=0"/></net>

<net id="350"><net_src comp="54" pin="0"/><net_sink comp="345" pin=1"/></net>

<net id="355"><net_src comp="295" pin="4"/><net_sink comp="351" pin=0"/></net>

<net id="356"><net_src comp="60" pin="0"/><net_sink comp="351" pin=1"/></net>

<net id="360"><net_src comp="295" pin="4"/><net_sink comp="357" pin=0"/></net>

<net id="361"><net_src comp="357" pin="1"/><net_sink comp="169" pin=2"/></net>

<net id="366"><net_src comp="306" pin="4"/><net_sink comp="362" pin=0"/></net>

<net id="367"><net_src comp="54" pin="0"/><net_sink comp="362" pin=1"/></net>

<net id="372"><net_src comp="306" pin="4"/><net_sink comp="368" pin=0"/></net>

<net id="373"><net_src comp="60" pin="0"/><net_sink comp="368" pin=1"/></net>

<net id="377"><net_src comp="306" pin="4"/><net_sink comp="374" pin=0"/></net>

<net id="378"><net_src comp="374" pin="1"/><net_sink comp="270" pin=2"/></net>

<net id="385"><net_src comp="351" pin="2"/><net_sink comp="382" pin=0"/></net>

<net id="386"><net_src comp="382" pin="1"/><net_sink comp="295" pin=2"/></net>

<net id="390"><net_src comp="357" pin="1"/><net_sink comp="387" pin=0"/></net>

<net id="391"><net_src comp="387" pin="1"/><net_sink comp="203" pin=2"/></net>

<net id="395"><net_src comp="169" pin="3"/><net_sink comp="392" pin=0"/></net>

<net id="396"><net_src comp="392" pin="1"/><net_sink comp="94" pin=0"/></net>

<net id="403"><net_src comp="368" pin="2"/><net_sink comp="400" pin=0"/></net>

<net id="404"><net_src comp="400" pin="1"/><net_sink comp="306" pin=2"/></net>

<net id="408"><net_src comp="374" pin="1"/><net_sink comp="405" pin=0"/></net>

<net id="409"><net_src comp="405" pin="1"/><net_sink comp="277" pin=2"/></net>

<net id="413"><net_src comp="270" pin="3"/><net_sink comp="410" pin=0"/></net>

<net id="414"><net_src comp="410" pin="1"/><net_sink comp="183" pin=0"/></net>

</net_list>

</model> 
---------------- Datapath Model END ------------------

* FSMD analyzer results:
  - Output states:
	Port: output_V | {17 }
 - Input state : 
	Port: sha256d : input_V | {3 4 }
	Port: sha256d : K_V | {5 6 7 8 14 15 }
  - Chain level:
	State 1
		hash1_V_1_addr : 1
		store_ln77 : 2
		hash1_V_1_addr_1 : 1
		store_ln78 : 2
	State 2
		store_ln79 : 1
		store_ln80 : 1
	State 3
		store_ln81 : 1
		store_ln82 : 1
	State 4
		store_ln83 : 1
		store_ln84 : 1
	State 5
	State 6
	State 7
	State 8
	State 9
		icmp_ln125 : 1
		i : 1
		br_ln125 : 2
		zext_ln126 : 1
		hash1_V_1_addr_8 : 2
		hash1_V_1_load : 3
		store_ln77 : 1
		store_ln78 : 1
	State 10
		store_ln126 : 1
	State 11
		store_ln79 : 1
		store_ln80 : 1
	State 12
		store_ln81 : 1
		store_ln82 : 1
	State 13
		store_ln83 : 1
		store_ln84 : 1
	State 14
	State 15
	State 16
		icmp_ln162 : 1
		i_1 : 1
		br_ln162 : 2
		zext_ln163 : 1
		hash1_V_2_addr_8 : 2
		hash1_V_2_load : 3
	State 17
		store_ln163 : 1


============================================================
+ Verbose Summary: Datapath Resource usage 
============================================================

* Functional unit list:
|----------|-------------------------------|---------|---------|---------|---------|---------|
| Operation|        Functional Unit        |   BRAM  |  Delay  |    FF   |   LUT   |   URAM  |
|----------|-------------------------------|---------|---------|---------|---------|---------|
|          |  grp_sha256_transform_fu_313  |    2    | 15.2213 |   990   |   1533  |    0    |
|   call   | grp_sha256_transform_1_fu_324 |    2    | 15.2213 |   988   |   1533  |    0    |
|          |  grp_sha256_prepare_1_fu_332  |    1    |  6.8615 |   215   |   250   |    0    |
|          |  grp_sha256_prepare_2_fu_339  |    0    |  5.5985 |   135   |   313   |    0    |
|----------|-------------------------------|---------|---------|---------|---------|---------|
|    add   |            i_fu_351           |    0    |    0    |    0    |    12   |    0    |
|          |           i_1_fu_368          |    0    |    0    |    0    |    12   |    0    |
|----------|-------------------------------|---------|---------|---------|---------|---------|
|   icmp   |       icmp_ln125_fu_345       |    0    |    0    |    0    |    9    |    0    |
|          |       icmp_ln162_fu_362       |    0    |    0    |    0    |    9    |    0    |
|----------|-------------------------------|---------|---------|---------|---------|---------|
|   zext   |       zext_ln126_fu_357       |    0    |    0    |    0    |    0    |    0    |
|          |       zext_ln163_fu_374       |    0    |    0    |    0    |    0    |    0    |
|----------|-------------------------------|---------|---------|---------|---------|---------|
|   Total  |                               |    5    | 42.9025 |   2328  |   3671  |    0    |
|----------|-------------------------------|---------|---------|---------|---------|---------|

Memories:
+---------+--------+--------+--------+--------+
|         |  BRAM  |   FF   |   LUT  |  URAM  |
+---------+--------+--------+--------+--------+
|   K_V   |    1   |    0   |    0   |    -   |
|  data_V |    1   |    0   |    0   |    0   |
| data_V_1|    0   |   16   |    8   |    0   |
| hash1_V |    0   |   64   |    4   |    0   |
|hash1_V_1|    2   |    0   |    0   |    0   |
|hash1_V_2|    2   |    0   |    0   |    0   |
+---------+--------+--------+--------+--------+
|  Total  |    6   |   80   |   12   |    0   |
+---------+--------+--------+--------+--------+

* Register list:
+------------------------+--------+
|                        |   FF   |
+------------------------+--------+
|hash1_V_1_addr_8_reg_392|    3   |
|hash1_V_2_addr_8_reg_410|    3   |
|     i_0_i12_reg_302    |    4   |
|      i_0_i_reg_291     |    4   |
|       i_1_reg_400      |    4   |
|        i_reg_382       |    4   |
|   zext_ln126_reg_387   |   64   |
|   zext_ln163_reg_405   |   64   |
+------------------------+--------+
|          Total         |   150  |
+------------------------+--------+

* Multiplexer (MUX) list: 
|-----------------------------|------|------|------|--------||---------||---------|
|             Comp            |  Pin | Size |  BW  | S x BW ||  Delay  ||   LUT   |
|-----------------------------|------|------|------|--------||---------||---------|
|       grp_access_fu_94      |  p0  |   6  |   3  |   18   ||    33   |
|       grp_access_fu_94      |  p1  |   4  |  32  |   128  ||    9    |
|       grp_access_fu_94      |  p2  |   4  |   0  |    0   ||    21   |
|       grp_access_fu_94      |  p4  |   4  |   3  |   12   ||    9    |
|      grp_access_fu_183      |  p0  |   6  |   3  |   18   ||    33   |
|      grp_access_fu_183      |  p1  |   4  |  32  |   128  ||    9    |
|      grp_access_fu_183      |  p2  |   4  |   0  |    0   ||    21   |
|      grp_access_fu_183      |  p4  |   4  |   3  |   12   ||    9    |
| grp_sha256_transform_fu_313 |  p3  |   2  |   1  |    2   |
|-----------------------------|------|------|------|--------||---------||---------|
|            Total            |      |      |      |   318  ||  15.39  ||   144   |
|-----------------------------|------|------|------|--------||---------||---------|



* Summary:
+-----------+--------+--------+--------+--------+--------+
|           |  BRAM  |  Delay |   FF   |   LUT  |  URAM  |
+-----------+--------+--------+--------+--------+--------+
|  Function |    5   |   42   |  2328  |  3671  |    0   |
|   Memory  |    6   |    -   |   80   |   12   |    0   |
|Multiplexer|    -   |   15   |    -   |   144  |    -   |
|  Register |    -   |    -   |   150  |    -   |    -   |
+-----------+--------+--------+--------+--------+--------+
|   Total   |   11   |   58   |  2558  |  3827  |    0   |
+-----------+--------+--------+--------+--------+--------+
