

================================================================
== Vivado HLS Report for 'sha256d'
================================================================
* Date:           Sat Jul 27 18:09:15 2024

* Version:        2020.1 (Build 2897737 on Wed May 27 20:21:37 MDT 2020)
* Project:        sha256d
* Solution:       solution2
* Product family: zynquplus
* Target device:  xqzu5ev-ffrb900-1-i


================================================================
== Performance Estimates
================================================================
+ Timing: 
    * Summary: 
    +--------+----------+----------+------------+
    |  Clock |  Target  | Estimated| Uncertainty|
    +--------+----------+----------+------------+
    |ap_clk  | 10.00 ns | 4.796 ns |   1.25 ns  |
    +--------+----------+----------+------------+

+ Latency: 
    * Summary: 
    +---------+---------+----------+----------+-----+-----+---------+
    |  Latency (cycles) |  Latency (absolute) |  Interval | Pipeline|
    |   min   |   max   |    min   |    max   | min | max |   Type  |
    +---------+---------+----------+----------+-----+-----+---------+
    |      971|      971| 9.710 us | 9.710 us |  971|  971|   none  |
    +---------+---------+----------+----------+-----+-----+---------+

    + Detail: 
        * Instance: 
        N/A

        * Loop: 
        +-----------------------------+---------+---------+----------+-----------+-----------+------+----------+
        |                             |  Latency (cycles) | Iteration|  Initiation Interval  | Trip |          |
        |          Loop Name          |   min   |   max   |  Latency |  achieved |   target  | Count| Pipelined|
        +-----------------------------+---------+---------+----------+-----------+-----------+------+----------+
        |- Transfrom                  |      616|      616|       308|          -|          -|     2|    no    |
        | + Load_Message_Schedule     |       32|       32|         2|          -|          -|    16|    no    |
        | + Extend_Message_Schedule   |      144|      144|         3|          -|          -|    48|    no    |
        | + Updates                   |      128|      128|         2|          -|          -|    64|    no    |
        |- Load_Message_Schedule_2    |       48|       48|         3|          -|          -|    16|    no    |
        |- Extend_Message_Schedule_2  |      144|      144|         3|          -|          -|    48|    no    |
        |- Updates_2                  |      128|      128|         2|          -|          -|    64|    no    |
        +-----------------------------+---------+---------+----------+-----------+-----------+------+----------+



================================================================
== Utilization Estimates
================================================================
* Summary: 
+-----------------+---------+-------+--------+--------+-----+
|       Name      | BRAM_18K| DSP48E|   FF   |   LUT  | URAM|
+-----------------+---------+-------+--------+--------+-----+
|DSP              |        -|      -|       -|       -|    -|
|Expression       |        -|      -|       0|    2722|    -|
|FIFO             |        -|      -|       -|       -|    -|
|Instance         |        -|      -|       0|    1092|    -|
|Memory           |        5|      -|       0|       0|    0|
|Multiplexer      |        -|      -|       -|    1903|    -|
|Register         |        -|      -|    4364|       -|    -|
+-----------------+---------+-------+--------+--------+-----+
|Total            |        5|      0|    4364|    5717|    0|
+-----------------+---------+-------+--------+--------+-----+
|Available        |      288|   1248|  234240|  117120|   64|
+-----------------+---------+-------+--------+--------+-----+
|Utilization (%)  |        1|      0|       1|       4|    0|
+-----------------+---------+-------+--------+--------+-----+

+ Detail: 
    * Instance: 
    +-------------------------+----------------------+---------+-------+---+-----+-----+
    |         Instance        |        Module        | BRAM_18K| DSP48E| FF| LUT | URAM|
    +-------------------------+----------------------+---------+-------+---+-----+-----+
    |sha256d_mux_646_3bkb_U1  |sha256d_mux_646_3bkb  |        0|      0|  0|  273|    0|
    |sha256d_mux_646_3bkb_U2  |sha256d_mux_646_3bkb  |        0|      0|  0|  273|    0|
    |sha256d_mux_646_3bkb_U3  |sha256d_mux_646_3bkb  |        0|      0|  0|  273|    0|
    |sha256d_mux_646_3bkb_U4  |sha256d_mux_646_3bkb  |        0|      0|  0|  273|    0|
    +-------------------------+----------------------+---------+-------+---+-----+-----+
    |Total                    |                      |        0|      0|  0| 1092|    0|
    +-------------------------+----------------------+---------+-------+---+-----+-----+

    * DSP48E: 
    N/A

    * Memory: 
    +------------+------------------+---------+---+----+-----+------+-----+------+-------------+
    |   Memory   |      Module      | BRAM_18K| FF| LUT| URAM| Words| Bits| Banks| W*Bits*Banks|
    +------------+------------------+---------+---+----+-----+------+-----+------+-------------+
    |K_V_U       |sha256d_K_V       |        1|  0|   0|    0|    64|   32|     1|         2048|
    |data_0_V_U  |sha256d_data_0_V  |        1|  0|   0|    0|    64|    8|     1|          512|
    |data_1_V_U  |sha256d_data_0_V  |        1|  0|   0|    0|    64|    8|     1|          512|
    |m_V_U       |sha256d_m_V       |        2|  0|   0|    0|    64|   32|     1|         2048|
    +------------+------------------+---------+---+----+-----+------+-----+------+-------------+
    |Total       |                  |        5|  0|   0|    0|   256|   80|     4|         5120|
    +------------+------------------+---------+---+----+-----+------+-----+------+-------------+

    * FIFO: 
    N/A

    * Expression: 
    +--------------------------+----------+-------+---+----+------------+------------+
    |       Variable Name      | Operation| DSP48E| FF| LUT| Bitwidth P0| Bitwidth P1|
    +--------------------------+----------+-------+---+----+------------+------------+
    |a_V_1_fu_5342_p2          |     +    |      0|  0|  32|          32|          32|
    |a_V_2_fu_4020_p2          |     +    |      0|  0|  32|          32|          32|
    |add_ln209_10_fu_4670_p2   |     +    |      0|  0|  39|          32|          32|
    |add_ln209_11_fu_4676_p2   |     +    |      0|  0|  32|          32|          32|
    |add_ln209_13_fu_3919_p2   |     +    |      0|  0|  32|          32|          32|
    |add_ln209_14_fu_3723_p2   |     +    |      0|  0|  32|          32|          32|
    |add_ln209_15_fu_3729_p2   |     +    |      0|  0|  32|          32|          32|
    |add_ln209_18_fu_4014_p2   |     +    |      0|  0|  32|          32|          32|
    |add_ln209_1_fu_3584_p2    |     +    |      0|  0|  39|          32|          32|
    |add_ln209_3_fu_5241_p2    |     +    |      0|  0|  32|          32|          32|
    |add_ln209_4_fu_5149_p2    |     +    |      0|  0|  32|          32|          32|
    |add_ln209_5_fu_5155_p2    |     +    |      0|  0|  32|          32|          32|
    |add_ln209_8_fu_5336_p2    |     +    |      0|  0|  32|          32|          32|
    |add_ln209_fu_3579_p2      |     +    |      0|  0|  32|          32|          32|
    |add_ln700_3_fu_4037_p2    |     +    |      0|  0|  15|           5|           1|
    |add_ln700_fu_3342_p2      |     +    |      0|  0|  15|           5|           1|
    |add_ln72_1_fu_3877_p2     |     +    |      0|  0|  15|           8|           8|
    |add_ln72_2_fu_3883_p2     |     +    |      0|  0|  15|           8|           8|
    |add_ln72_3_fu_3889_p2     |     +    |      0|  0|  15|           8|           8|
    |add_ln72_4_fu_3895_p2     |     +    |      0|  0|  15|           8|           8|
    |add_ln72_5_fu_3901_p2     |     +    |      0|  0|  15|           8|           8|
    |add_ln72_6_fu_3907_p2     |     +    |      0|  0|  15|           8|           8|
    |add_ln72_7_fu_3913_p2     |     +    |      0|  0|  15|           8|           8|
    |add_ln72_fu_3871_p2       |     +    |      0|  0|  15|           8|           8|
    |e_V_1_fu_5330_p2          |     +    |      0|  0|  39|          32|          32|
    |e_V_2_fu_4008_p2          |     +    |      0|  0|  39|          32|          32|
    |i_V_1_fu_4940_p2          |     +    |      0|  0|  15|           7|           1|
    |i_V_2_fu_3609_p2          |     +    |      0|  0|  15|           7|           1|
    |i_V_3_fu_4928_p2          |     +    |      0|  0|  15|           7|           1|
    |i_V_fu_3597_p2            |     +    |      0|  0|  15|           1|           7|
    |j_V_1_fu_4137_p2          |     +    |      0|  0|  15|           7|           3|
    |j_V_fu_3364_p2            |     +    |      0|  0|  15|           3|           7|
    |m_16_V_fu_4682_p2         |     +    |      0|  0|  32|          32|          32|
    |m_V_d1                    |     +    |      0|  0|  32|          32|          32|
    |output_0_V                |     +    |      0|  0|  39|          32|          31|
    |output_1_V                |     +    |      0|  0|  39|          32|          32|
    |output_2_V                |     +    |      0|  0|  39|          32|          30|
    |output_3_V                |     +    |      0|  0|  39|          32|          32|
    |output_4_V                |     +    |      0|  0|  39|          32|          31|
    |output_5_V                |     +    |      0|  0|  39|          32|          32|
    |output_6_V                |     +    |      0|  0|  39|          32|          29|
    |output_7_V                |     +    |      0|  0|  39|          32|          31|
    |ret_V_12_fu_3429_p2       |     +    |      0|  0|  15|           6|           6|
    |ret_V_3_fu_3397_p2        |     +    |      0|  0|  15|           3|           6|
    |ret_V_7_fu_3408_p2        |     +    |      0|  0|  15|           4|           6|
    |ret_V_8_fu_3419_p2        |     +    |      0|  0|  15|           5|           6|
    |state_0_V_fu_3767_p2      |     +    |      0|  0|  39|          32|          32|
    |state_1_V_fu_3781_p2      |     +    |      0|  0|  39|          32|          32|
    |state_2_V_fu_3795_p2      |     +    |      0|  0|  39|          32|          32|
    |state_3_V_fu_3809_p2      |     +    |      0|  0|  39|          32|          32|
    |state_4_V_fu_3823_p2      |     +    |      0|  0|  39|          32|          32|
    |state_5_V_fu_3837_p2      |     +    |      0|  0|  39|          32|          32|
    |state_6_V_fu_3851_p2      |     +    |      0|  0|  39|          32|          32|
    |state_7_V_fu_3865_p2      |     +    |      0|  0|  39|          32|          32|
    |t1_V_1_fu_5247_p2         |     +    |      0|  0|  32|          32|          32|
    |t1_V_fu_3925_p2           |     +    |      0|  0|  32|          32|          32|
    |t_fu_3326_p2              |     +    |      0|  0|   9|           2|           1|
    |ret_V_54_fu_3693_p2       |    and   |      0|  0|  32|          32|          32|
    |ret_V_55_fu_3705_p2       |    and   |      0|  0|  32|          32|          32|
    |ret_V_59_fu_3741_p2       |    and   |      0|  0|  32|          32|          32|
    |ret_V_60_fu_3747_p2       |    and   |      0|  0|  32|          32|          32|
    |ret_V_68_fu_5030_p2       |    and   |      0|  0|  32|          32|          32|
    |ret_V_69_fu_5042_p2       |    and   |      0|  0|  32|          32|          32|
    |ret_V_73_fu_5167_p2       |    and   |      0|  0|  32|          32|          32|
    |ret_V_74_fu_5173_p2       |    and   |      0|  0|  32|          32|          32|
    |icmp_ln148_fu_4281_p2     |   icmp   |      0|  0|  11|           7|           8|
    |icmp_ln72_fu_3320_p2      |   icmp   |      0|  0|   9|           2|           3|
    |icmp_ln77_fu_3387_p2      |   icmp   |      0|  0|  11|           7|           8|
    |icmp_ln887_1_fu_3603_p2   |   icmp   |      0|  0|  11|           7|           8|
    |icmp_ln887_2_fu_4031_p2   |   icmp   |      0|  0|  11|           5|           6|
    |icmp_ln887_3_fu_4934_p2   |   icmp   |      0|  0|  11|           7|           8|
    |icmp_ln887_fu_3336_p2     |   icmp   |      0|  0|  11|           5|           6|
    |ap_condition_937          |    or    |      0|  0|   2|           1|           1|
    |or_ln1356_fu_4047_p2      |    or    |      0|  0|   6|           6|           2|
    |ret_V_fu_3352_p2          |    or    |      0|  0|   6|           6|           2|
    |rhs_V_29_fu_3375_p3       |  select  |      0|  0|   8|           1|           8|
    |r_V_34_fu_3699_p2         |    xor   |      0|  0|  32|          32|           2|
    |r_V_37_fu_5036_p2         |    xor   |      0|  0|  32|          32|           2|
    |ret_V_11_fu_3573_p2       |    xor   |      0|  0|  32|          32|          32|
    |ret_V_16_fu_5024_p2       |    xor   |      0|  0|  32|          32|          32|
    |ret_V_19_fu_5048_p2       |    xor   |      0|  0|  32|          32|          32|
    |ret_V_23_fu_5324_p2       |    xor   |      0|  0|  32|          32|          32|
    |ret_V_26_fu_5179_p2       |    xor   |      0|  0|  32|          32|          32|
    |ret_V_29_fu_4355_p2       |    xor   |      0|  0|  32|          32|          32|
    |ret_V_32_fu_4581_p2       |    xor   |      0|  0|  32|          32|          32|
    |ret_V_36_fu_3687_p2       |    xor   |      0|  0|  32|          32|          32|
    |ret_V_39_fu_3711_p2       |    xor   |      0|  0|  32|          32|          32|
    |ret_V_43_fu_4002_p2       |    xor   |      0|  0|  32|          32|          32|
    |ret_V_46_fu_3753_p2       |    xor   |      0|  0|  32|          32|          32|
    |ret_V_6_fu_3503_p2        |    xor   |      0|  0|  32|          32|          32|
    |xor_ln1357_12_fu_4349_p2  |    xor   |      0|  0|  32|          32|          32|
    |xor_ln1357_14_fu_4575_p2  |    xor   |      0|  0|  32|          32|          32|
    |xor_ln1357_16_fu_3681_p2  |    xor   |      0|  0|  32|          32|          32|
    |xor_ln1357_19_fu_3996_p2  |    xor   |      0|  0|  32|          32|          32|
    |xor_ln1357_2_fu_3567_p2   |    xor   |      0|  0|  32|          32|          32|
    |xor_ln1357_4_fu_5018_p2   |    xor   |      0|  0|  32|          32|          32|
    |xor_ln1357_5_fu_5161_p2   |    xor   |      0|  0|  32|          32|          32|
    |xor_ln1357_8_fu_5318_p2   |    xor   |      0|  0|  32|          32|          32|
    |xor_ln1357_9_fu_3735_p2   |    xor   |      0|  0|  32|          32|          32|
    |xor_ln1357_fu_3497_p2     |    xor   |      0|  0|  32|          32|          32|
    +--------------------------+----------+-------+---+----+------------+------------+
    |Total                     |          |      0|  0|2722|        2356|        2279|
    +--------------------------+----------+-------+---+----+------------+------------+

    * Multiplexer: 
    +---------------------+-----+-----------+-----+-----------+
    |         Name        | LUT | Input Size| Bits| Total Bits|
    +---------------------+-----+-----------+-----+-----------+
    |K_V_address0         |   15|          3|    6|         18|
    |a_V_reg_2716         |    9|          2|   32|         64|
    |ap_NS_fsm            |  213|         49|    1|         49|
    |b_V_reg_2704         |    9|          2|   32|         64|
    |c_V_reg_2692         |    9|          2|   32|         64|
    |d_V_reg_2680         |    9|          2|   32|         64|
    |data2_11_V_reg_2788  |    9|          2|    8|         16|
    |data2_15_V_reg_2776  |    9|          2|    8|         16|
    |data2_19_V_reg_2764  |    9|          2|    8|         16|
    |data2_23_V_reg_2752  |    9|          2|    8|         16|
    |data2_27_V_reg_2740  |    9|          2|    8|         16|
    |data2_31_V_reg_2728  |    9|          2|    8|         16|
    |data2_3_V_reg_2812   |    9|          2|    8|         16|
    |data2_7_V_reg_2800   |    9|          2|    8|         16|
    |data_0_V_address0    |  153|         34|    6|        204|
    |data_0_V_address1    |  149|         33|    6|        198|
    |data_0_V_d0          |  149|         33|    8|        264|
    |data_0_V_d1          |  149|         33|    8|        264|
    |data_1_V_address0    |  153|         34|    6|        204|
    |data_1_V_address1    |  149|         33|    6|        198|
    |data_1_V_d0          |   53|         12|    8|         96|
    |data_1_V_d1          |   50|         11|    8|         88|
    |e_V_reg_2668         |    9|          2|   32|         64|
    |f_V_reg_2656         |    9|          2|   32|         64|
    |g_V_reg_2644         |    9|          2|   32|         64|
    |h_V_reg_2632         |    9|          2|   32|         64|
    |lhs_V_20_reg_2881    |    9|          2|   32|         64|
    |lhs_V_21_reg_3227    |    9|          2|   32|         64|
    |lhs_V_22_reg_3176    |    9|          2|   32|         64|
    |lhs_V_reg_2928       |    9|          2|   32|         64|
    |m_V_address0         |   27|          5|    6|         30|
    |m_V_address1         |   21|          4|    6|         24|
    |p_01375_0_reg_2846   |    9|          2|    5|         10|
    |p_01375_1_reg_2858   |    9|          2|    7|         14|
    |p_01375_2_reg_2870   |    9|          2|    7|         14|
    |p_01859_0_reg_2916   |    9|          2|   32|         64|
    |p_01894_0_reg_2963   |    9|          2|   32|         64|
    |p_02150_0_reg_2974   |    9|          2|    7|         14|
    |p_03004_0_reg_2986   |    9|          2|    5|         10|
    |p_03004_1_reg_3052   |    9|          2|    7|         14|
    |p_03004_2_reg_3165   |    9|          2|    7|         14|
    |p_03491_0_reg_3214   |    9|          2|   32|         64|
    |p_03526_0_reg_3265   |    9|          2|   32|         64|
    |p_0689_0_reg_2835    |    9|          2|    7|         14|
    |phi_ln1503_reg_3064  |  209|         48|   32|       1536|
    |rhs_V_30_reg_2939    |    9|          2|   32|         64|
    |rhs_V_31_reg_2951    |    9|          2|   32|         64|
    |rhs_V_32_reg_2892    |    9|          2|   32|         64|
    |rhs_V_33_reg_2904    |    9|          2|   32|         64|
    |rhs_V_34_reg_2998    |   44|          9|    8|         72|
    |rhs_V_35_reg_3252    |    9|          2|   32|         64|
    |rhs_V_36_reg_3188    |    9|          2|   32|         64|
    |rhs_V_37_reg_3201    |    9|          2|   32|         64|
    |rhs_V_reg_3239       |    9|          2|   32|         64|
    |t_0_reg_2824         |    9|          2|    2|          4|
    +---------------------+-----+-----------+-----+-----------+
    |Total                | 1903|        423| 1001|       5017|
    +---------------------+-----+-----------+-----+-----------+

    * Register: 
    +-------------------------+----+----+-----+-----------+
    |           Name          | FF | LUT| Bits| Const Bits|
    +-------------------------+----+----+-----+-----------+
    |a_V_reg_2716             |  32|   0|   32|          0|
    |add_ln209_15_reg_5545    |  32|   0|   32|          0|
    |add_ln209_5_reg_6425     |  32|   0|   32|          0|
    |add_ln700_3_reg_5666     |   5|   0|    5|          0|
    |add_ln700_reg_5459       |   5|   0|    5|          0|
    |ap_CS_fsm                |  48|   0|   48|          0|
    |b_V_reg_2704             |  32|   0|   32|          0|
    |c_V_reg_2692             |  32|   0|   32|          0|
    |d_V_reg_2680             |  32|   0|   32|          0|
    |data2_11_V_reg_2788      |   8|   0|    8|          0|
    |data2_15_V_reg_2776      |   8|   0|    8|          0|
    |data2_19_V_reg_2764      |   8|   0|    8|          0|
    |data2_23_V_reg_2752      |   8|   0|    8|          0|
    |data2_27_V_reg_2740      |   8|   0|    8|          0|
    |data2_31_V_reg_2728      |   8|   0|    8|          0|
    |data2_3_V_reg_2812       |   8|   0|    8|          0|
    |data2_7_V_reg_2800       |   8|   0|    8|          0|
    |e_V_reg_2668             |  32|   0|   32|          0|
    |f_V_reg_2656             |  32|   0|   32|          0|
    |g_V_reg_2644             |  32|   0|   32|          0|
    |h_V_reg_2632             |  32|   0|   32|          0|
    |i_V_1_reg_6415           |   7|   0|    7|          0|
    |i_V_2_reg_5530           |   7|   0|    7|          0|
    |j_V_reg_5474             |   7|   0|    7|          0|
    |lhs_V_20_reg_2881        |  32|   0|   32|          0|
    |lhs_V_21_reg_3227        |  32|   0|   32|          0|
    |lhs_V_22_reg_3176        |  32|   0|   32|          0|
    |lhs_V_reg_2928           |  32|   0|   32|          0|
    |m_15_V_10_fu_656         |   8|   0|   32|         24|
    |m_15_V_11_fu_660         |   8|   0|   32|         24|
    |m_15_V_12_fu_664         |   8|   0|   32|         24|
    |m_15_V_13_fu_668         |   8|   0|   32|         24|
    |m_15_V_14_fu_672         |   8|   0|   32|         24|
    |m_15_V_15_fu_676         |   8|   0|   32|         24|
    |m_15_V_1_fu_620          |   8|   0|   32|         24|
    |m_15_V_1_load_reg_5654   |   8|   0|   32|         24|
    |m_15_V_2_fu_624          |   8|   0|   32|         24|
    |m_15_V_3_fu_628          |   8|   0|   32|         24|
    |m_15_V_4_fu_632          |   8|   0|   32|         24|
    |m_15_V_5_fu_636          |   8|   0|   32|         24|
    |m_15_V_6_fu_640          |   8|   0|   32|         24|
    |m_15_V_7_fu_644          |   8|   0|   32|         24|
    |m_15_V_8_fu_648          |   8|   0|   32|         24|
    |m_15_V_9_fu_652          |   8|   0|   32|         24|
    |m_15_V_fu_616            |   8|   0|   32|         24|
    |m_15_V_load_reg_5645     |   8|   0|   32|         24|
    |m_63_V_10_fu_720         |  32|   0|   32|          0|
    |m_63_V_10_load_reg_6057  |  32|   0|   32|          0|
    |m_63_V_11_fu_724         |  32|   0|   32|          0|
    |m_63_V_11_load_reg_6066  |  32|   0|   32|          0|
    |m_63_V_12_fu_728         |  32|   0|   32|          0|
    |m_63_V_12_load_reg_6075  |  32|   0|   32|          0|
    |m_63_V_13_fu_732         |  32|   0|   32|          0|
    |m_63_V_13_load_reg_6084  |  32|   0|   32|          0|
    |m_63_V_14_fu_736         |  32|   0|   32|          0|
    |m_63_V_14_load_reg_6093  |  32|   0|   32|          0|
    |m_63_V_15_fu_740         |  32|   0|   32|          0|
    |m_63_V_15_load_reg_6102  |  32|   0|   32|          0|
    |m_63_V_16_fu_744         |  32|   0|   32|          0|
    |m_63_V_16_load_reg_6111  |  32|   0|   32|          0|
    |m_63_V_17_fu_748         |  32|   0|   32|          0|
    |m_63_V_17_load_reg_6120  |  32|   0|   32|          0|
    |m_63_V_18_fu_752         |  32|   0|   32|          0|
    |m_63_V_18_load_reg_6129  |  32|   0|   32|          0|
    |m_63_V_19_fu_756         |  32|   0|   32|          0|
    |m_63_V_19_load_reg_6138  |  32|   0|   32|          0|
    |m_63_V_1_fu_684          |  32|   0|   32|          0|
    |m_63_V_1_load_reg_5976   |  32|   0|   32|          0|
    |m_63_V_20_fu_760         |  32|   0|   32|          0|
    |m_63_V_20_load_reg_6147  |  32|   0|   32|          0|
    |m_63_V_21_fu_764         |  32|   0|   32|          0|
    |m_63_V_21_load_reg_6156  |  32|   0|   32|          0|
    |m_63_V_22_fu_768         |  32|   0|   32|          0|
    |m_63_V_22_load_reg_6165  |  32|   0|   32|          0|
    |m_63_V_23_fu_772         |  32|   0|   32|          0|
    |m_63_V_23_load_reg_6174  |  32|   0|   32|          0|
    |m_63_V_24_fu_776         |  32|   0|   32|          0|
    |m_63_V_24_load_reg_6183  |  32|   0|   32|          0|
    |m_63_V_25_fu_780         |  32|   0|   32|          0|
    |m_63_V_25_load_reg_6192  |  32|   0|   32|          0|
    |m_63_V_26_fu_784         |  32|   0|   32|          0|
    |m_63_V_26_load_reg_6201  |  32|   0|   32|          0|
    |m_63_V_27_fu_788         |  32|   0|   32|          0|
    |m_63_V_27_load_reg_6210  |  32|   0|   32|          0|
    |m_63_V_28_fu_792         |  32|   0|   32|          0|
    |m_63_V_28_load_reg_6219  |  32|   0|   32|          0|
    |m_63_V_29_fu_796         |  32|   0|   32|          0|
    |m_63_V_29_load_reg_6228  |  32|   0|   32|          0|
    |m_63_V_2_fu_688          |  32|   0|   32|          0|
    |m_63_V_2_load_reg_5985   |  32|   0|   32|          0|
    |m_63_V_30_fu_800         |  32|   0|   32|          0|
    |m_63_V_30_load_reg_6237  |  32|   0|   32|          0|
    |m_63_V_31_fu_804         |  32|   0|   32|          0|
    |m_63_V_31_load_reg_6246  |  32|   0|   32|          0|
    |m_63_V_32_fu_808         |  32|   0|   32|          0|
    |m_63_V_32_load_reg_6271  |  32|   0|   32|          0|
    |m_63_V_33_fu_812         |  32|   0|   32|          0|
    |m_63_V_33_load_reg_6295  |  32|   0|   32|          0|
    |m_63_V_34_fu_816         |  32|   0|   32|          0|
    |m_63_V_34_load_reg_6302  |  32|   0|   32|          0|
    |m_63_V_35_fu_820         |  32|   0|   32|          0|
    |m_63_V_35_load_reg_6309  |  32|   0|   32|          0|
    |m_63_V_36_fu_824         |  32|   0|   32|          0|
    |m_63_V_36_load_reg_6316  |  32|   0|   32|          0|
    |m_63_V_37_fu_828         |  32|   0|   32|          0|
    |m_63_V_37_load_reg_6323  |  32|   0|   32|          0|
    |m_63_V_38_fu_832         |  32|   0|   32|          0|
    |m_63_V_38_load_reg_6330  |  32|   0|   32|          0|
    |m_63_V_39_fu_836         |  32|   0|   32|          0|
    |m_63_V_39_load_reg_6337  |  32|   0|   32|          0|
    |m_63_V_3_fu_692          |  32|   0|   32|          0|
    |m_63_V_3_load_reg_5994   |  32|   0|   32|          0|
    |m_63_V_40_fu_840         |  32|   0|   32|          0|
    |m_63_V_40_load_reg_6344  |  32|   0|   32|          0|
    |m_63_V_41_fu_844         |  32|   0|   32|          0|
    |m_63_V_41_load_reg_6367  |  32|   0|   32|          0|
    |m_63_V_42_fu_848         |  32|   0|   32|          0|
    |m_63_V_42_load_reg_6373  |  32|   0|   32|          0|
    |m_63_V_43_fu_852         |  32|   0|   32|          0|
    |m_63_V_43_load_reg_6379  |  32|   0|   32|          0|
    |m_63_V_44_fu_856         |  32|   0|   32|          0|
    |m_63_V_44_load_reg_6385  |  32|   0|   32|          0|
    |m_63_V_45_fu_860         |  32|   0|   32|          0|
    |m_63_V_45_load_reg_6391  |  32|   0|   32|          0|
    |m_63_V_46_fu_864         |  32|   0|   32|          0|
    |m_63_V_47_fu_868         |  32|   0|   32|          0|
    |m_63_V_4_fu_696          |  32|   0|   32|          0|
    |m_63_V_4_load_reg_6003   |  32|   0|   32|          0|
    |m_63_V_5_fu_700          |  32|   0|   32|          0|
    |m_63_V_5_load_reg_6012   |  32|   0|   32|          0|
    |m_63_V_6_fu_704          |  32|   0|   32|          0|
    |m_63_V_6_load_reg_6021   |  32|   0|   32|          0|
    |m_63_V_7_fu_708          |  32|   0|   32|          0|
    |m_63_V_7_load_reg_6030   |  32|   0|   32|          0|
    |m_63_V_8_fu_712          |  32|   0|   32|          0|
    |m_63_V_8_load_reg_6039   |  32|   0|   32|          0|
    |m_63_V_9_fu_716          |  32|   0|   32|          0|
    |m_63_V_9_load_reg_6048   |  32|   0|   32|          0|
    |m_63_V_fu_680            |  32|   0|   32|          0|
    |m_63_V_load_reg_5967     |  32|   0|   32|          0|
    |m_V_load_1_reg_5507      |  32|   0|   32|          0|
    |m_V_load_reg_5498        |  32|   0|   32|          0|
    |p_01375_0_reg_2846       |   5|   0|    5|          0|
    |p_01375_1_reg_2858       |   7|   0|    7|          0|
    |p_01375_2_reg_2870       |   7|   0|    7|          0|
    |p_01859_0_reg_2916       |  32|   0|   32|          0|
    |p_01894_0_reg_2963       |  32|   0|   32|          0|
    |p_02150_0_reg_2974       |   7|   0|    7|          0|
    |p_03004_0_reg_2986       |   5|   0|    5|          0|
    |p_03004_1_reg_3052       |   7|   0|    7|          0|
    |p_03004_2_reg_3165       |   7|   0|    7|          0|
    |p_03491_0_reg_3214       |  32|   0|   32|          0|
    |p_03526_0_reg_3265       |  32|   0|   32|          0|
    |p_0689_0_reg_2835        |   7|   0|    7|          0|
    |phi_ln1503_reg_3064      |  32|   0|   32|          0|
    |ret_V_26_reg_6430        |  32|   0|   32|          0|
    |ret_V_46_reg_5550        |  32|   0|   32|          0|
    |rhs_V_30_reg_2939        |  32|   0|   32|          0|
    |rhs_V_31_reg_2951        |  32|   0|   32|          0|
    |rhs_V_32_reg_2892        |  32|   0|   32|          0|
    |rhs_V_33_reg_2904        |  32|   0|   32|          0|
    |rhs_V_34_reg_2998        |   8|   0|    8|          0|
    |rhs_V_35_reg_3252        |  32|   0|   32|          0|
    |rhs_V_36_reg_3188        |  32|   0|   32|          0|
    |rhs_V_37_reg_3201        |  32|   0|   32|          0|
    |rhs_V_reg_3239           |  32|   0|   32|          0|
    |t_0_reg_2824             |   2|   0|    2|          0|
    |t_reg_5350               |   2|   0|    2|          0|
    |trunc_ln1354_reg_6400    |   6|   0|    6|          0|
    |trunc_ln1356_reg_5355    |   1|   0|    1|          0|
    |trunc_ln215_1_reg_5482   |   6|   0|    6|          0|
    +-------------------------+----+----+-----+-----------+
    |Total                    |4364|   0| 4796|        432|
    +-------------------------+----+----+-----+-----------+



================================================================
== Interface
================================================================
* Summary: 
+-------------------+-----+-----+------------+--------------+--------------+
|     RTL Ports     | Dir | Bits|  Protocol  | Source Object|    C Type    |
+-------------------+-----+-----+------------+--------------+--------------+
|ap_clk             |  in |    1| ap_ctrl_hs |    sha256d   | return value |
|ap_rst             |  in |    1| ap_ctrl_hs |    sha256d   | return value |
|ap_start           |  in |    1| ap_ctrl_hs |    sha256d   | return value |
|ap_done            | out |    1| ap_ctrl_hs |    sha256d   | return value |
|ap_idle            | out |    1| ap_ctrl_hs |    sha256d   | return value |
|ap_ready           | out |    1| ap_ctrl_hs |    sha256d   | return value |
|input_0_V          |  in |    8|   ap_none  |   input_0_V  |    pointer   |
|input_1_V          |  in |    8|   ap_none  |   input_1_V  |    pointer   |
|input_2_V          |  in |    8|   ap_none  |   input_2_V  |    pointer   |
|input_3_V          |  in |    8|   ap_none  |   input_3_V  |    pointer   |
|input_4_V          |  in |    8|   ap_none  |   input_4_V  |    pointer   |
|input_5_V          |  in |    8|   ap_none  |   input_5_V  |    pointer   |
|input_6_V          |  in |    8|   ap_none  |   input_6_V  |    pointer   |
|input_7_V          |  in |    8|   ap_none  |   input_7_V  |    pointer   |
|input_8_V          |  in |    8|   ap_none  |   input_8_V  |    pointer   |
|input_9_V          |  in |    8|   ap_none  |   input_9_V  |    pointer   |
|input_10_V         |  in |    8|   ap_none  |  input_10_V  |    pointer   |
|input_11_V         |  in |    8|   ap_none  |  input_11_V  |    pointer   |
|input_12_V         |  in |    8|   ap_none  |  input_12_V  |    pointer   |
|input_13_V         |  in |    8|   ap_none  |  input_13_V  |    pointer   |
|input_14_V         |  in |    8|   ap_none  |  input_14_V  |    pointer   |
|input_15_V         |  in |    8|   ap_none  |  input_15_V  |    pointer   |
|input_16_V         |  in |    8|   ap_none  |  input_16_V  |    pointer   |
|input_17_V         |  in |    8|   ap_none  |  input_17_V  |    pointer   |
|input_18_V         |  in |    8|   ap_none  |  input_18_V  |    pointer   |
|input_19_V         |  in |    8|   ap_none  |  input_19_V  |    pointer   |
|input_20_V         |  in |    8|   ap_none  |  input_20_V  |    pointer   |
|input_21_V         |  in |    8|   ap_none  |  input_21_V  |    pointer   |
|input_22_V         |  in |    8|   ap_none  |  input_22_V  |    pointer   |
|input_23_V         |  in |    8|   ap_none  |  input_23_V  |    pointer   |
|input_24_V         |  in |    8|   ap_none  |  input_24_V  |    pointer   |
|input_25_V         |  in |    8|   ap_none  |  input_25_V  |    pointer   |
|input_26_V         |  in |    8|   ap_none  |  input_26_V  |    pointer   |
|input_27_V         |  in |    8|   ap_none  |  input_27_V  |    pointer   |
|input_28_V         |  in |    8|   ap_none  |  input_28_V  |    pointer   |
|input_29_V         |  in |    8|   ap_none  |  input_29_V  |    pointer   |
|input_30_V         |  in |    8|   ap_none  |  input_30_V  |    pointer   |
|input_31_V         |  in |    8|   ap_none  |  input_31_V  |    pointer   |
|input_32_V         |  in |    8|   ap_none  |  input_32_V  |    pointer   |
|input_33_V         |  in |    8|   ap_none  |  input_33_V  |    pointer   |
|input_34_V         |  in |    8|   ap_none  |  input_34_V  |    pointer   |
|input_35_V         |  in |    8|   ap_none  |  input_35_V  |    pointer   |
|input_36_V         |  in |    8|   ap_none  |  input_36_V  |    pointer   |
|input_37_V         |  in |    8|   ap_none  |  input_37_V  |    pointer   |
|input_38_V         |  in |    8|   ap_none  |  input_38_V  |    pointer   |
|input_39_V         |  in |    8|   ap_none  |  input_39_V  |    pointer   |
|input_40_V         |  in |    8|   ap_none  |  input_40_V  |    pointer   |
|input_41_V         |  in |    8|   ap_none  |  input_41_V  |    pointer   |
|input_42_V         |  in |    8|   ap_none  |  input_42_V  |    pointer   |
|input_43_V         |  in |    8|   ap_none  |  input_43_V  |    pointer   |
|input_44_V         |  in |    8|   ap_none  |  input_44_V  |    pointer   |
|input_45_V         |  in |    8|   ap_none  |  input_45_V  |    pointer   |
|input_46_V         |  in |    8|   ap_none  |  input_46_V  |    pointer   |
|input_47_V         |  in |    8|   ap_none  |  input_47_V  |    pointer   |
|input_48_V         |  in |    8|   ap_none  |  input_48_V  |    pointer   |
|input_49_V         |  in |    8|   ap_none  |  input_49_V  |    pointer   |
|input_50_V         |  in |    8|   ap_none  |  input_50_V  |    pointer   |
|input_51_V         |  in |    8|   ap_none  |  input_51_V  |    pointer   |
|input_52_V         |  in |    8|   ap_none  |  input_52_V  |    pointer   |
|input_53_V         |  in |    8|   ap_none  |  input_53_V  |    pointer   |
|input_54_V         |  in |    8|   ap_none  |  input_54_V  |    pointer   |
|input_55_V         |  in |    8|   ap_none  |  input_55_V  |    pointer   |
|input_56_V         |  in |    8|   ap_none  |  input_56_V  |    pointer   |
|input_57_V         |  in |    8|   ap_none  |  input_57_V  |    pointer   |
|input_58_V         |  in |    8|   ap_none  |  input_58_V  |    pointer   |
|input_59_V         |  in |    8|   ap_none  |  input_59_V  |    pointer   |
|input_60_V         |  in |    8|   ap_none  |  input_60_V  |    pointer   |
|input_61_V         |  in |    8|   ap_none  |  input_61_V  |    pointer   |
|input_62_V         |  in |    8|   ap_none  |  input_62_V  |    pointer   |
|input_63_V         |  in |    8|   ap_none  |  input_63_V  |    pointer   |
|input_64_V         |  in |    8|   ap_none  |  input_64_V  |    pointer   |
|input_65_V         |  in |    8|   ap_none  |  input_65_V  |    pointer   |
|input_66_V         |  in |    8|   ap_none  |  input_66_V  |    pointer   |
|input_67_V         |  in |    8|   ap_none  |  input_67_V  |    pointer   |
|input_68_V         |  in |    8|   ap_none  |  input_68_V  |    pointer   |
|input_69_V         |  in |    8|   ap_none  |  input_69_V  |    pointer   |
|input_70_V         |  in |    8|   ap_none  |  input_70_V  |    pointer   |
|input_71_V         |  in |    8|   ap_none  |  input_71_V  |    pointer   |
|input_72_V         |  in |    8|   ap_none  |  input_72_V  |    pointer   |
|input_73_V         |  in |    8|   ap_none  |  input_73_V  |    pointer   |
|input_74_V         |  in |    8|   ap_none  |  input_74_V  |    pointer   |
|input_75_V         |  in |    8|   ap_none  |  input_75_V  |    pointer   |
|input_76_V         |  in |    8|   ap_none  |  input_76_V  |    pointer   |
|input_77_V         |  in |    8|   ap_none  |  input_77_V  |    pointer   |
|input_78_V         |  in |    8|   ap_none  |  input_78_V  |    pointer   |
|input_79_V         |  in |    8|   ap_none  |  input_79_V  |    pointer   |
|output_0_V         | out |   32|   ap_vld   |  output_0_V  |    pointer   |
|output_0_V_ap_vld  | out |    1|   ap_vld   |  output_0_V  |    pointer   |
|output_1_V         | out |   32|   ap_vld   |  output_1_V  |    pointer   |
|output_1_V_ap_vld  | out |    1|   ap_vld   |  output_1_V  |    pointer   |
|output_2_V         | out |   32|   ap_vld   |  output_2_V  |    pointer   |
|output_2_V_ap_vld  | out |    1|   ap_vld   |  output_2_V  |    pointer   |
|output_3_V         | out |   32|   ap_vld   |  output_3_V  |    pointer   |
|output_3_V_ap_vld  | out |    1|   ap_vld   |  output_3_V  |    pointer   |
|output_4_V         | out |   32|   ap_vld   |  output_4_V  |    pointer   |
|output_4_V_ap_vld  | out |    1|   ap_vld   |  output_4_V  |    pointer   |
|output_5_V         | out |   32|   ap_vld   |  output_5_V  |    pointer   |
|output_5_V_ap_vld  | out |    1|   ap_vld   |  output_5_V  |    pointer   |
|output_6_V         | out |   32|   ap_vld   |  output_6_V  |    pointer   |
|output_6_V_ap_vld  | out |    1|   ap_vld   |  output_6_V  |    pointer   |
|output_7_V         | out |   32|   ap_vld   |  output_7_V  |    pointer   |
|output_7_V_ap_vld  | out |    1|   ap_vld   |  output_7_V  |    pointer   |
+-------------------+-----+-----+------------+--------------+--------------+

