#-----------------------------------------------------------
# xsim v2020.1 (64-bit)
# SW Build 2902540 on Wed May 27 19:54:49 MDT 2020
# IP Build 2902112 on Wed May 27 22:43:36 MDT 2020
# Start of session at: Wed Jul 31 15:26:08 2024
# Process ID: 26396
# Current directory: C:/comp4601/deliver/Vivado_HLS/fir_demo_stream/solution1/sim/verilog
# Command line: xsim.exe -mode tcl -source {xsim.dir/sha256d/xsim_script.tcl}
# Log file: C:/comp4601/deliver/Vivado_HLS/fir_demo_stream/solution1/sim/verilog/xsim.log
# Journal file: C:/comp4601/deliver/Vivado_HLS/fir_demo_stream/solution1/sim/verilog\xsim.jou
#-----------------------------------------------------------
source xsim.dir/sha256d/xsim_script.tcl
# xsim {sha256d} -autoloadwcfg -tclbatch {sha256d.tcl}
Vivado Simulator 2020.1
Time resolution is 1 ps
source sha256d.tcl
## run all
////////////////////////////////////////////////////////////////////////////////////
// Inter-Transaction Progress: Completed Transaction / Total Transaction
// Intra-Transaction Progress: Measured Latency / Latency Estimation * 100%
//
// RTL Simulation : "Inter-Transaction Progress" ["Intra-Transaction Progress"] @ "Simulation Time"
////////////////////////////////////////////////////////////////////////////////////
// RTL Simulation : 0 / 1 [0.00%] @ "125000"
// RTL Simulation : 1 / 1 [100.00%] @ "4565000"
////////////////////////////////////////////////////////////////////////////////////
$finish called at time : 4605 ns : File "C:/comp4601/deliver/Vivado_HLS/fir_demo_stream/solution1/sim/verilog/sha256d.autotb.v" Line 303
## quit
INFO: [Common 17-206] Exiting xsim at Wed Jul 31 15:26:12 2024...
